[2024-07-28T13:59:48.412-0500] {processor.py:161} INFO - Started process (PID=33146) to work on /Users/alexkim/Desktop/Projects/ETL_Projects/redditviz/venv/lib/python3.12/site-packages/airflow/example_dags/subdags/subdag.py
[2024-07-28T13:59:48.413-0500] {processor.py:830} INFO - Processing file /Users/alexkim/Desktop/Projects/ETL_Projects/redditviz/venv/lib/python3.12/site-packages/airflow/example_dags/subdags/subdag.py for tasks to queue
[2024-07-28T13:59:48.413-0500] {logging_mixin.py:188} INFO - [2024-07-28T13:59:48.413-0500] {dagbag.py:545} INFO - Filling up the DagBag from /Users/alexkim/Desktop/Projects/ETL_Projects/redditviz/venv/lib/python3.12/site-packages/airflow/example_dags/subdags/subdag.py
[2024-07-28T13:59:48.414-0500] {processor.py:842} WARNING - No viable dags retrieved from /Users/alexkim/Desktop/Projects/ETL_Projects/redditviz/venv/lib/python3.12/site-packages/airflow/example_dags/subdags/subdag.py
[2024-07-28T13:59:48.442-0500] {processor.py:183} INFO - Processing /Users/alexkim/Desktop/Projects/ETL_Projects/redditviz/venv/lib/python3.12/site-packages/airflow/example_dags/subdags/subdag.py took 0.030 seconds
[2024-07-28T14:01:18.319-0500] {processor.py:161} INFO - Started process (PID=33236) to work on /Users/alexkim/Desktop/Projects/ETL_Projects/redditviz/venv/lib/python3.12/site-packages/airflow/example_dags/subdags/subdag.py
[2024-07-28T14:01:18.319-0500] {processor.py:830} INFO - Processing file /Users/alexkim/Desktop/Projects/ETL_Projects/redditviz/venv/lib/python3.12/site-packages/airflow/example_dags/subdags/subdag.py for tasks to queue
[2024-07-28T14:01:18.320-0500] {logging_mixin.py:188} INFO - [2024-07-28T14:01:18.319-0500] {dagbag.py:545} INFO - Filling up the DagBag from /Users/alexkim/Desktop/Projects/ETL_Projects/redditviz/venv/lib/python3.12/site-packages/airflow/example_dags/subdags/subdag.py
[2024-07-28T14:01:18.320-0500] {processor.py:842} WARNING - No viable dags retrieved from /Users/alexkim/Desktop/Projects/ETL_Projects/redditviz/venv/lib/python3.12/site-packages/airflow/example_dags/subdags/subdag.py
[2024-07-28T14:01:18.345-0500] {processor.py:183} INFO - Processing /Users/alexkim/Desktop/Projects/ETL_Projects/redditviz/venv/lib/python3.12/site-packages/airflow/example_dags/subdags/subdag.py took 0.027 seconds
[2024-07-28T14:02:15.302-0500] {processor.py:161} INFO - Started process (PID=33288) to work on /Users/alexkim/Desktop/Projects/ETL_Projects/redditviz/venv/lib/python3.12/site-packages/airflow/example_dags/subdags/subdag.py
[2024-07-28T14:02:15.302-0500] {processor.py:830} INFO - Processing file /Users/alexkim/Desktop/Projects/ETL_Projects/redditviz/venv/lib/python3.12/site-packages/airflow/example_dags/subdags/subdag.py for tasks to queue
[2024-07-28T14:02:15.302-0500] {logging_mixin.py:188} INFO - [2024-07-28T14:02:15.302-0500] {dagbag.py:545} INFO - Filling up the DagBag from /Users/alexkim/Desktop/Projects/ETL_Projects/redditviz/venv/lib/python3.12/site-packages/airflow/example_dags/subdags/subdag.py
[2024-07-28T14:02:15.303-0500] {processor.py:842} WARNING - No viable dags retrieved from /Users/alexkim/Desktop/Projects/ETL_Projects/redditviz/venv/lib/python3.12/site-packages/airflow/example_dags/subdags/subdag.py
[2024-07-28T14:02:15.330-0500] {processor.py:183} INFO - Processing /Users/alexkim/Desktop/Projects/ETL_Projects/redditviz/venv/lib/python3.12/site-packages/airflow/example_dags/subdags/subdag.py took 0.030 seconds
[2024-07-28T14:03:03.546-0500] {processor.py:161} INFO - Started process (PID=33328) to work on /Users/alexkim/Desktop/Projects/ETL_Projects/redditviz/venv/lib/python3.12/site-packages/airflow/example_dags/subdags/subdag.py
[2024-07-28T14:03:03.547-0500] {processor.py:830} INFO - Processing file /Users/alexkim/Desktop/Projects/ETL_Projects/redditviz/venv/lib/python3.12/site-packages/airflow/example_dags/subdags/subdag.py for tasks to queue
[2024-07-28T14:03:03.547-0500] {logging_mixin.py:188} INFO - [2024-07-28T14:03:03.547-0500] {dagbag.py:545} INFO - Filling up the DagBag from /Users/alexkim/Desktop/Projects/ETL_Projects/redditviz/venv/lib/python3.12/site-packages/airflow/example_dags/subdags/subdag.py
[2024-07-28T14:03:03.548-0500] {processor.py:842} WARNING - No viable dags retrieved from /Users/alexkim/Desktop/Projects/ETL_Projects/redditviz/venv/lib/python3.12/site-packages/airflow/example_dags/subdags/subdag.py
[2024-07-28T14:03:03.573-0500] {processor.py:183} INFO - Processing /Users/alexkim/Desktop/Projects/ETL_Projects/redditviz/venv/lib/python3.12/site-packages/airflow/example_dags/subdags/subdag.py took 0.027 seconds
[2024-07-28T14:03:49.405-0500] {processor.py:161} INFO - Started process (PID=33371) to work on /Users/alexkim/Desktop/Projects/ETL_Projects/redditviz/venv/lib/python3.12/site-packages/airflow/example_dags/subdags/subdag.py
[2024-07-28T14:03:49.406-0500] {processor.py:830} INFO - Processing file /Users/alexkim/Desktop/Projects/ETL_Projects/redditviz/venv/lib/python3.12/site-packages/airflow/example_dags/subdags/subdag.py for tasks to queue
[2024-07-28T14:03:49.407-0500] {logging_mixin.py:188} INFO - [2024-07-28T14:03:49.406-0500] {dagbag.py:545} INFO - Filling up the DagBag from /Users/alexkim/Desktop/Projects/ETL_Projects/redditviz/venv/lib/python3.12/site-packages/airflow/example_dags/subdags/subdag.py
[2024-07-28T14:03:49.408-0500] {processor.py:842} WARNING - No viable dags retrieved from /Users/alexkim/Desktop/Projects/ETL_Projects/redditviz/venv/lib/python3.12/site-packages/airflow/example_dags/subdags/subdag.py
[2024-07-28T14:03:49.432-0500] {processor.py:183} INFO - Processing /Users/alexkim/Desktop/Projects/ETL_Projects/redditviz/venv/lib/python3.12/site-packages/airflow/example_dags/subdags/subdag.py took 0.028 seconds
[2024-07-28T14:04:41.676-0500] {processor.py:161} INFO - Started process (PID=33424) to work on /Users/alexkim/Desktop/Projects/ETL_Projects/redditviz/venv/lib/python3.12/site-packages/airflow/example_dags/subdags/subdag.py
[2024-07-28T14:04:41.677-0500] {processor.py:830} INFO - Processing file /Users/alexkim/Desktop/Projects/ETL_Projects/redditviz/venv/lib/python3.12/site-packages/airflow/example_dags/subdags/subdag.py for tasks to queue
[2024-07-28T14:04:41.677-0500] {logging_mixin.py:188} INFO - [2024-07-28T14:04:41.677-0500] {dagbag.py:545} INFO - Filling up the DagBag from /Users/alexkim/Desktop/Projects/ETL_Projects/redditviz/venv/lib/python3.12/site-packages/airflow/example_dags/subdags/subdag.py
[2024-07-28T14:04:41.678-0500] {processor.py:842} WARNING - No viable dags retrieved from /Users/alexkim/Desktop/Projects/ETL_Projects/redditviz/venv/lib/python3.12/site-packages/airflow/example_dags/subdags/subdag.py
[2024-07-28T14:04:41.703-0500] {processor.py:183} INFO - Processing /Users/alexkim/Desktop/Projects/ETL_Projects/redditviz/venv/lib/python3.12/site-packages/airflow/example_dags/subdags/subdag.py took 0.027 seconds
[2024-07-28T14:05:37.504-0500] {processor.py:161} INFO - Started process (PID=33498) to work on /Users/alexkim/Desktop/Projects/ETL_Projects/redditviz/venv/lib/python3.12/site-packages/airflow/example_dags/subdags/subdag.py
[2024-07-28T14:05:37.505-0500] {processor.py:830} INFO - Processing file /Users/alexkim/Desktop/Projects/ETL_Projects/redditviz/venv/lib/python3.12/site-packages/airflow/example_dags/subdags/subdag.py for tasks to queue
[2024-07-28T14:05:37.505-0500] {logging_mixin.py:188} INFO - [2024-07-28T14:05:37.505-0500] {dagbag.py:545} INFO - Filling up the DagBag from /Users/alexkim/Desktop/Projects/ETL_Projects/redditviz/venv/lib/python3.12/site-packages/airflow/example_dags/subdags/subdag.py
[2024-07-28T14:05:37.506-0500] {processor.py:842} WARNING - No viable dags retrieved from /Users/alexkim/Desktop/Projects/ETL_Projects/redditviz/venv/lib/python3.12/site-packages/airflow/example_dags/subdags/subdag.py
[2024-07-28T14:05:37.549-0500] {processor.py:183} INFO - Processing /Users/alexkim/Desktop/Projects/ETL_Projects/redditviz/venv/lib/python3.12/site-packages/airflow/example_dags/subdags/subdag.py took 0.046 seconds
[2024-07-28T14:06:35.295-0500] {processor.py:161} INFO - Started process (PID=33593) to work on /Users/alexkim/Desktop/Projects/ETL_Projects/redditviz/venv/lib/python3.12/site-packages/airflow/example_dags/subdags/subdag.py
[2024-07-28T14:06:35.296-0500] {processor.py:830} INFO - Processing file /Users/alexkim/Desktop/Projects/ETL_Projects/redditviz/venv/lib/python3.12/site-packages/airflow/example_dags/subdags/subdag.py for tasks to queue
[2024-07-28T14:06:35.296-0500] {logging_mixin.py:188} INFO - [2024-07-28T14:06:35.296-0500] {dagbag.py:545} INFO - Filling up the DagBag from /Users/alexkim/Desktop/Projects/ETL_Projects/redditviz/venv/lib/python3.12/site-packages/airflow/example_dags/subdags/subdag.py
[2024-07-28T14:06:35.297-0500] {processor.py:842} WARNING - No viable dags retrieved from /Users/alexkim/Desktop/Projects/ETL_Projects/redditviz/venv/lib/python3.12/site-packages/airflow/example_dags/subdags/subdag.py
[2024-07-28T14:06:35.322-0500] {processor.py:183} INFO - Processing /Users/alexkim/Desktop/Projects/ETL_Projects/redditviz/venv/lib/python3.12/site-packages/airflow/example_dags/subdags/subdag.py took 0.028 seconds
[2024-07-28T14:07:33.930-0500] {processor.py:161} INFO - Started process (PID=33693) to work on /Users/alexkim/Desktop/Projects/ETL_Projects/redditviz/venv/lib/python3.12/site-packages/airflow/example_dags/subdags/subdag.py
[2024-07-28T14:07:33.932-0500] {processor.py:830} INFO - Processing file /Users/alexkim/Desktop/Projects/ETL_Projects/redditviz/venv/lib/python3.12/site-packages/airflow/example_dags/subdags/subdag.py for tasks to queue
[2024-07-28T14:07:33.933-0500] {logging_mixin.py:188} INFO - [2024-07-28T14:07:33.932-0500] {dagbag.py:545} INFO - Filling up the DagBag from /Users/alexkim/Desktop/Projects/ETL_Projects/redditviz/venv/lib/python3.12/site-packages/airflow/example_dags/subdags/subdag.py
[2024-07-28T14:07:33.934-0500] {processor.py:842} WARNING - No viable dags retrieved from /Users/alexkim/Desktop/Projects/ETL_Projects/redditviz/venv/lib/python3.12/site-packages/airflow/example_dags/subdags/subdag.py
[2024-07-28T14:07:33.961-0500] {processor.py:183} INFO - Processing /Users/alexkim/Desktop/Projects/ETL_Projects/redditviz/venv/lib/python3.12/site-packages/airflow/example_dags/subdags/subdag.py took 0.032 seconds
[2024-07-28T14:08:36.350-0500] {processor.py:161} INFO - Started process (PID=33732) to work on /Users/alexkim/Desktop/Projects/ETL_Projects/redditviz/venv/lib/python3.12/site-packages/airflow/example_dags/subdags/subdag.py
[2024-07-28T14:08:36.350-0500] {processor.py:830} INFO - Processing file /Users/alexkim/Desktop/Projects/ETL_Projects/redditviz/venv/lib/python3.12/site-packages/airflow/example_dags/subdags/subdag.py for tasks to queue
[2024-07-28T14:08:36.350-0500] {logging_mixin.py:188} INFO - [2024-07-28T14:08:36.350-0500] {dagbag.py:545} INFO - Filling up the DagBag from /Users/alexkim/Desktop/Projects/ETL_Projects/redditviz/venv/lib/python3.12/site-packages/airflow/example_dags/subdags/subdag.py
[2024-07-28T14:08:36.351-0500] {processor.py:842} WARNING - No viable dags retrieved from /Users/alexkim/Desktop/Projects/ETL_Projects/redditviz/venv/lib/python3.12/site-packages/airflow/example_dags/subdags/subdag.py
[2024-07-28T14:08:36.376-0500] {processor.py:183} INFO - Processing /Users/alexkim/Desktop/Projects/ETL_Projects/redditviz/venv/lib/python3.12/site-packages/airflow/example_dags/subdags/subdag.py took 0.027 seconds
[2024-07-28T14:09:31.188-0500] {processor.py:161} INFO - Started process (PID=33818) to work on /Users/alexkim/Desktop/Projects/ETL_Projects/redditviz/venv/lib/python3.12/site-packages/airflow/example_dags/subdags/subdag.py
[2024-07-28T14:09:31.189-0500] {processor.py:830} INFO - Processing file /Users/alexkim/Desktop/Projects/ETL_Projects/redditviz/venv/lib/python3.12/site-packages/airflow/example_dags/subdags/subdag.py for tasks to queue
[2024-07-28T14:09:31.189-0500] {logging_mixin.py:188} INFO - [2024-07-28T14:09:31.189-0500] {dagbag.py:545} INFO - Filling up the DagBag from /Users/alexkim/Desktop/Projects/ETL_Projects/redditviz/venv/lib/python3.12/site-packages/airflow/example_dags/subdags/subdag.py
[2024-07-28T14:09:31.190-0500] {processor.py:842} WARNING - No viable dags retrieved from /Users/alexkim/Desktop/Projects/ETL_Projects/redditviz/venv/lib/python3.12/site-packages/airflow/example_dags/subdags/subdag.py
[2024-07-28T14:09:31.215-0500] {processor.py:183} INFO - Processing /Users/alexkim/Desktop/Projects/ETL_Projects/redditviz/venv/lib/python3.12/site-packages/airflow/example_dags/subdags/subdag.py took 0.028 seconds
[2024-07-28T14:10:31.739-0500] {processor.py:161} INFO - Started process (PID=33873) to work on /Users/alexkim/Desktop/Projects/ETL_Projects/redditviz/venv/lib/python3.12/site-packages/airflow/example_dags/subdags/subdag.py
[2024-07-28T14:10:31.739-0500] {processor.py:830} INFO - Processing file /Users/alexkim/Desktop/Projects/ETL_Projects/redditviz/venv/lib/python3.12/site-packages/airflow/example_dags/subdags/subdag.py for tasks to queue
[2024-07-28T14:10:31.740-0500] {logging_mixin.py:188} INFO - [2024-07-28T14:10:31.740-0500] {dagbag.py:545} INFO - Filling up the DagBag from /Users/alexkim/Desktop/Projects/ETL_Projects/redditviz/venv/lib/python3.12/site-packages/airflow/example_dags/subdags/subdag.py
[2024-07-28T14:10:31.741-0500] {processor.py:842} WARNING - No viable dags retrieved from /Users/alexkim/Desktop/Projects/ETL_Projects/redditviz/venv/lib/python3.12/site-packages/airflow/example_dags/subdags/subdag.py
[2024-07-28T14:10:31.765-0500] {processor.py:183} INFO - Processing /Users/alexkim/Desktop/Projects/ETL_Projects/redditviz/venv/lib/python3.12/site-packages/airflow/example_dags/subdags/subdag.py took 0.027 seconds
[2024-07-28T14:11:33.689-0500] {processor.py:161} INFO - Started process (PID=33928) to work on /Users/alexkim/Desktop/Projects/ETL_Projects/redditviz/venv/lib/python3.12/site-packages/airflow/example_dags/subdags/subdag.py
[2024-07-28T14:11:33.690-0500] {processor.py:830} INFO - Processing file /Users/alexkim/Desktop/Projects/ETL_Projects/redditviz/venv/lib/python3.12/site-packages/airflow/example_dags/subdags/subdag.py for tasks to queue
[2024-07-28T14:11:33.690-0500] {logging_mixin.py:188} INFO - [2024-07-28T14:11:33.690-0500] {dagbag.py:545} INFO - Filling up the DagBag from /Users/alexkim/Desktop/Projects/ETL_Projects/redditviz/venv/lib/python3.12/site-packages/airflow/example_dags/subdags/subdag.py
[2024-07-28T14:11:33.691-0500] {processor.py:842} WARNING - No viable dags retrieved from /Users/alexkim/Desktop/Projects/ETL_Projects/redditviz/venv/lib/python3.12/site-packages/airflow/example_dags/subdags/subdag.py
[2024-07-28T14:11:33.716-0500] {processor.py:183} INFO - Processing /Users/alexkim/Desktop/Projects/ETL_Projects/redditviz/venv/lib/python3.12/site-packages/airflow/example_dags/subdags/subdag.py took 0.028 seconds
[2024-07-28T14:12:31.365-0500] {processor.py:161} INFO - Started process (PID=33985) to work on /Users/alexkim/Desktop/Projects/ETL_Projects/redditviz/venv/lib/python3.12/site-packages/airflow/example_dags/subdags/subdag.py
[2024-07-28T14:12:31.366-0500] {processor.py:830} INFO - Processing file /Users/alexkim/Desktop/Projects/ETL_Projects/redditviz/venv/lib/python3.12/site-packages/airflow/example_dags/subdags/subdag.py for tasks to queue
[2024-07-28T14:12:31.366-0500] {logging_mixin.py:188} INFO - [2024-07-28T14:12:31.366-0500] {dagbag.py:545} INFO - Filling up the DagBag from /Users/alexkim/Desktop/Projects/ETL_Projects/redditviz/venv/lib/python3.12/site-packages/airflow/example_dags/subdags/subdag.py
[2024-07-28T14:12:31.367-0500] {processor.py:842} WARNING - No viable dags retrieved from /Users/alexkim/Desktop/Projects/ETL_Projects/redditviz/venv/lib/python3.12/site-packages/airflow/example_dags/subdags/subdag.py
[2024-07-28T14:12:31.397-0500] {processor.py:183} INFO - Processing /Users/alexkim/Desktop/Projects/ETL_Projects/redditviz/venv/lib/python3.12/site-packages/airflow/example_dags/subdags/subdag.py took 0.033 seconds
[2024-07-28T14:13:31.655-0500] {processor.py:161} INFO - Started process (PID=34067) to work on /Users/alexkim/Desktop/Projects/ETL_Projects/redditviz/venv/lib/python3.12/site-packages/airflow/example_dags/subdags/subdag.py
[2024-07-28T14:13:31.655-0500] {processor.py:830} INFO - Processing file /Users/alexkim/Desktop/Projects/ETL_Projects/redditviz/venv/lib/python3.12/site-packages/airflow/example_dags/subdags/subdag.py for tasks to queue
[2024-07-28T14:13:31.656-0500] {logging_mixin.py:188} INFO - [2024-07-28T14:13:31.655-0500] {dagbag.py:545} INFO - Filling up the DagBag from /Users/alexkim/Desktop/Projects/ETL_Projects/redditviz/venv/lib/python3.12/site-packages/airflow/example_dags/subdags/subdag.py
[2024-07-28T14:13:31.657-0500] {processor.py:842} WARNING - No viable dags retrieved from /Users/alexkim/Desktop/Projects/ETL_Projects/redditviz/venv/lib/python3.12/site-packages/airflow/example_dags/subdags/subdag.py
[2024-07-28T14:13:31.681-0500] {processor.py:183} INFO - Processing /Users/alexkim/Desktop/Projects/ETL_Projects/redditviz/venv/lib/python3.12/site-packages/airflow/example_dags/subdags/subdag.py took 0.027 seconds
[2024-07-28T14:14:32.381-0500] {processor.py:161} INFO - Started process (PID=34148) to work on /Users/alexkim/Desktop/Projects/ETL_Projects/redditviz/venv/lib/python3.12/site-packages/airflow/example_dags/subdags/subdag.py
[2024-07-28T14:14:32.382-0500] {processor.py:830} INFO - Processing file /Users/alexkim/Desktop/Projects/ETL_Projects/redditviz/venv/lib/python3.12/site-packages/airflow/example_dags/subdags/subdag.py for tasks to queue
[2024-07-28T14:14:32.382-0500] {logging_mixin.py:188} INFO - [2024-07-28T14:14:32.382-0500] {dagbag.py:545} INFO - Filling up the DagBag from /Users/alexkim/Desktop/Projects/ETL_Projects/redditviz/venv/lib/python3.12/site-packages/airflow/example_dags/subdags/subdag.py
[2024-07-28T14:14:32.383-0500] {processor.py:842} WARNING - No viable dags retrieved from /Users/alexkim/Desktop/Projects/ETL_Projects/redditviz/venv/lib/python3.12/site-packages/airflow/example_dags/subdags/subdag.py
[2024-07-28T14:14:32.408-0500] {processor.py:183} INFO - Processing /Users/alexkim/Desktop/Projects/ETL_Projects/redditviz/venv/lib/python3.12/site-packages/airflow/example_dags/subdags/subdag.py took 0.028 seconds
[2024-07-28T14:34:41.684-0500] {processor.py:161} INFO - Started process (PID=1479) to work on /Users/alexkim/Desktop/Projects/ETL_Projects/redditviz/venv/lib/python3.12/site-packages/airflow/example_dags/subdags/subdag.py
[2024-07-28T14:34:41.685-0500] {processor.py:830} INFO - Processing file /Users/alexkim/Desktop/Projects/ETL_Projects/redditviz/venv/lib/python3.12/site-packages/airflow/example_dags/subdags/subdag.py for tasks to queue
[2024-07-28T14:34:41.686-0500] {logging_mixin.py:188} INFO - [2024-07-28T14:34:41.686-0500] {dagbag.py:545} INFO - Filling up the DagBag from /Users/alexkim/Desktop/Projects/ETL_Projects/redditviz/venv/lib/python3.12/site-packages/airflow/example_dags/subdags/subdag.py
[2024-07-28T14:34:41.686-0500] {processor.py:842} WARNING - No viable dags retrieved from /Users/alexkim/Desktop/Projects/ETL_Projects/redditviz/venv/lib/python3.12/site-packages/airflow/example_dags/subdags/subdag.py
[2024-07-28T14:34:41.714-0500] {processor.py:183} INFO - Processing /Users/alexkim/Desktop/Projects/ETL_Projects/redditviz/venv/lib/python3.12/site-packages/airflow/example_dags/subdags/subdag.py took 0.031 seconds
