[2024-07-28T14:01:04.675-0500] {processor.py:161} INFO - Started process (PID=33226) to work on /Users/alexkim/Desktop/Projects/ETL_Projects/redditviz/venv/lib/python3.12/site-packages/airflow/example_dags/example_branch_operator_decorator.py
[2024-07-28T14:01:04.675-0500] {processor.py:830} INFO - Processing file /Users/alexkim/Desktop/Projects/ETL_Projects/redditviz/venv/lib/python3.12/site-packages/airflow/example_dags/example_branch_operator_decorator.py for tasks to queue
[2024-07-28T14:01:04.675-0500] {logging_mixin.py:188} INFO - [2024-07-28T14:01:04.675-0500] {dagbag.py:545} INFO - Filling up the DagBag from /Users/alexkim/Desktop/Projects/ETL_Projects/redditviz/venv/lib/python3.12/site-packages/airflow/example_dags/example_branch_operator_decorator.py
[2024-07-28T14:01:04.683-0500] {processor.py:842} WARNING - No viable dags retrieved from /Users/alexkim/Desktop/Projects/ETL_Projects/redditviz/venv/lib/python3.12/site-packages/airflow/example_dags/example_branch_operator_decorator.py
[2024-07-28T14:01:04.709-0500] {processor.py:183} INFO - Processing /Users/alexkim/Desktop/Projects/ETL_Projects/redditviz/venv/lib/python3.12/site-packages/airflow/example_dags/example_branch_operator_decorator.py took 0.035 seconds
[2024-07-28T14:02:51.183-0500] {processor.py:161} INFO - Started process (PID=33320) to work on /Users/alexkim/Desktop/Projects/ETL_Projects/redditviz/venv/lib/python3.12/site-packages/airflow/example_dags/example_branch_operator_decorator.py
[2024-07-28T14:02:51.183-0500] {processor.py:830} INFO - Processing file /Users/alexkim/Desktop/Projects/ETL_Projects/redditviz/venv/lib/python3.12/site-packages/airflow/example_dags/example_branch_operator_decorator.py for tasks to queue
[2024-07-28T14:02:51.184-0500] {logging_mixin.py:188} INFO - [2024-07-28T14:02:51.184-0500] {dagbag.py:545} INFO - Filling up the DagBag from /Users/alexkim/Desktop/Projects/ETL_Projects/redditviz/venv/lib/python3.12/site-packages/airflow/example_dags/example_branch_operator_decorator.py
[2024-07-28T14:02:51.190-0500] {processor.py:842} WARNING - No viable dags retrieved from /Users/alexkim/Desktop/Projects/ETL_Projects/redditviz/venv/lib/python3.12/site-packages/airflow/example_dags/example_branch_operator_decorator.py
[2024-07-28T14:02:51.213-0500] {processor.py:183} INFO - Processing /Users/alexkim/Desktop/Projects/ETL_Projects/redditviz/venv/lib/python3.12/site-packages/airflow/example_dags/example_branch_operator_decorator.py took 0.031 seconds
[2024-07-28T14:04:29.414-0500] {processor.py:161} INFO - Started process (PID=33413) to work on /Users/alexkim/Desktop/Projects/ETL_Projects/redditviz/venv/lib/python3.12/site-packages/airflow/example_dags/example_branch_operator_decorator.py
[2024-07-28T14:04:29.414-0500] {processor.py:830} INFO - Processing file /Users/alexkim/Desktop/Projects/ETL_Projects/redditviz/venv/lib/python3.12/site-packages/airflow/example_dags/example_branch_operator_decorator.py for tasks to queue
[2024-07-28T14:04:29.414-0500] {logging_mixin.py:188} INFO - [2024-07-28T14:04:29.414-0500] {dagbag.py:545} INFO - Filling up the DagBag from /Users/alexkim/Desktop/Projects/ETL_Projects/redditviz/venv/lib/python3.12/site-packages/airflow/example_dags/example_branch_operator_decorator.py
[2024-07-28T14:04:29.421-0500] {processor.py:842} WARNING - No viable dags retrieved from /Users/alexkim/Desktop/Projects/ETL_Projects/redditviz/venv/lib/python3.12/site-packages/airflow/example_dags/example_branch_operator_decorator.py
[2024-07-28T14:04:29.444-0500] {processor.py:183} INFO - Processing /Users/alexkim/Desktop/Projects/ETL_Projects/redditviz/venv/lib/python3.12/site-packages/airflow/example_dags/example_branch_operator_decorator.py took 0.031 seconds
[2024-07-28T14:06:21.321-0500] {processor.py:161} INFO - Started process (PID=33581) to work on /Users/alexkim/Desktop/Projects/ETL_Projects/redditviz/venv/lib/python3.12/site-packages/airflow/example_dags/example_branch_operator_decorator.py
[2024-07-28T14:06:21.322-0500] {processor.py:830} INFO - Processing file /Users/alexkim/Desktop/Projects/ETL_Projects/redditviz/venv/lib/python3.12/site-packages/airflow/example_dags/example_branch_operator_decorator.py for tasks to queue
[2024-07-28T14:06:21.322-0500] {logging_mixin.py:188} INFO - [2024-07-28T14:06:21.322-0500] {dagbag.py:545} INFO - Filling up the DagBag from /Users/alexkim/Desktop/Projects/ETL_Projects/redditviz/venv/lib/python3.12/site-packages/airflow/example_dags/example_branch_operator_decorator.py
[2024-07-28T14:06:21.332-0500] {processor.py:842} WARNING - No viable dags retrieved from /Users/alexkim/Desktop/Projects/ETL_Projects/redditviz/venv/lib/python3.12/site-packages/airflow/example_dags/example_branch_operator_decorator.py
[2024-07-28T14:06:21.359-0500] {processor.py:183} INFO - Processing /Users/alexkim/Desktop/Projects/ETL_Projects/redditviz/venv/lib/python3.12/site-packages/airflow/example_dags/example_branch_operator_decorator.py took 0.039 seconds
[2024-07-28T14:08:24.018-0500] {processor.py:161} INFO - Started process (PID=33723) to work on /Users/alexkim/Desktop/Projects/ETL_Projects/redditviz/venv/lib/python3.12/site-packages/airflow/example_dags/example_branch_operator_decorator.py
[2024-07-28T14:08:24.018-0500] {processor.py:830} INFO - Processing file /Users/alexkim/Desktop/Projects/ETL_Projects/redditviz/venv/lib/python3.12/site-packages/airflow/example_dags/example_branch_operator_decorator.py for tasks to queue
[2024-07-28T14:08:24.018-0500] {logging_mixin.py:188} INFO - [2024-07-28T14:08:24.018-0500] {dagbag.py:545} INFO - Filling up the DagBag from /Users/alexkim/Desktop/Projects/ETL_Projects/redditviz/venv/lib/python3.12/site-packages/airflow/example_dags/example_branch_operator_decorator.py
[2024-07-28T14:08:24.025-0500] {processor.py:842} WARNING - No viable dags retrieved from /Users/alexkim/Desktop/Projects/ETL_Projects/redditviz/venv/lib/python3.12/site-packages/airflow/example_dags/example_branch_operator_decorator.py
[2024-07-28T14:08:24.052-0500] {processor.py:183} INFO - Processing /Users/alexkim/Desktop/Projects/ETL_Projects/redditviz/venv/lib/python3.12/site-packages/airflow/example_dags/example_branch_operator_decorator.py took 0.035 seconds
[2024-07-28T14:10:16.370-0500] {processor.py:161} INFO - Started process (PID=33858) to work on /Users/alexkim/Desktop/Projects/ETL_Projects/redditviz/venv/lib/python3.12/site-packages/airflow/example_dags/example_branch_operator_decorator.py
[2024-07-28T14:10:16.372-0500] {processor.py:830} INFO - Processing file /Users/alexkim/Desktop/Projects/ETL_Projects/redditviz/venv/lib/python3.12/site-packages/airflow/example_dags/example_branch_operator_decorator.py for tasks to queue
[2024-07-28T14:10:16.372-0500] {logging_mixin.py:188} INFO - [2024-07-28T14:10:16.372-0500] {dagbag.py:545} INFO - Filling up the DagBag from /Users/alexkim/Desktop/Projects/ETL_Projects/redditviz/venv/lib/python3.12/site-packages/airflow/example_dags/example_branch_operator_decorator.py
[2024-07-28T14:10:16.379-0500] {processor.py:842} WARNING - No viable dags retrieved from /Users/alexkim/Desktop/Projects/ETL_Projects/redditviz/venv/lib/python3.12/site-packages/airflow/example_dags/example_branch_operator_decorator.py
[2024-07-28T14:10:16.403-0500] {processor.py:183} INFO - Processing /Users/alexkim/Desktop/Projects/ETL_Projects/redditviz/venv/lib/python3.12/site-packages/airflow/example_dags/example_branch_operator_decorator.py took 0.034 seconds
[2024-07-28T14:12:15.772-0500] {processor.py:161} INFO - Started process (PID=33971) to work on /Users/alexkim/Desktop/Projects/ETL_Projects/redditviz/venv/lib/python3.12/site-packages/airflow/example_dags/example_branch_operator_decorator.py
[2024-07-28T14:12:15.772-0500] {processor.py:830} INFO - Processing file /Users/alexkim/Desktop/Projects/ETL_Projects/redditviz/venv/lib/python3.12/site-packages/airflow/example_dags/example_branch_operator_decorator.py for tasks to queue
[2024-07-28T14:12:15.773-0500] {logging_mixin.py:188} INFO - [2024-07-28T14:12:15.773-0500] {dagbag.py:545} INFO - Filling up the DagBag from /Users/alexkim/Desktop/Projects/ETL_Projects/redditviz/venv/lib/python3.12/site-packages/airflow/example_dags/example_branch_operator_decorator.py
[2024-07-28T14:12:15.780-0500] {processor.py:842} WARNING - No viable dags retrieved from /Users/alexkim/Desktop/Projects/ETL_Projects/redditviz/venv/lib/python3.12/site-packages/airflow/example_dags/example_branch_operator_decorator.py
[2024-07-28T14:12:15.803-0500] {processor.py:183} INFO - Processing /Users/alexkim/Desktop/Projects/ETL_Projects/redditviz/venv/lib/python3.12/site-packages/airflow/example_dags/example_branch_operator_decorator.py took 0.032 seconds
[2024-07-28T14:14:18.458-0500] {processor.py:161} INFO - Started process (PID=34129) to work on /Users/alexkim/Desktop/Projects/ETL_Projects/redditviz/venv/lib/python3.12/site-packages/airflow/example_dags/example_branch_operator_decorator.py
[2024-07-28T14:14:18.458-0500] {processor.py:830} INFO - Processing file /Users/alexkim/Desktop/Projects/ETL_Projects/redditviz/venv/lib/python3.12/site-packages/airflow/example_dags/example_branch_operator_decorator.py for tasks to queue
[2024-07-28T14:14:18.459-0500] {logging_mixin.py:188} INFO - [2024-07-28T14:14:18.459-0500] {dagbag.py:545} INFO - Filling up the DagBag from /Users/alexkim/Desktop/Projects/ETL_Projects/redditviz/venv/lib/python3.12/site-packages/airflow/example_dags/example_branch_operator_decorator.py
[2024-07-28T14:14:18.466-0500] {processor.py:842} WARNING - No viable dags retrieved from /Users/alexkim/Desktop/Projects/ETL_Projects/redditviz/venv/lib/python3.12/site-packages/airflow/example_dags/example_branch_operator_decorator.py
[2024-07-28T14:14:18.490-0500] {processor.py:183} INFO - Processing /Users/alexkim/Desktop/Projects/ETL_Projects/redditviz/venv/lib/python3.12/site-packages/airflow/example_dags/example_branch_operator_decorator.py took 0.035 seconds
