[2024-07-28T14:01:11.402-0500] {processor.py:161} INFO - Started process (PID=33230) to work on /Users/alexkim/Desktop/Projects/ETL_Projects/redditviz/venv/lib/python3.12/site-packages/airflow/example_dags/example_branch_datetime_operator.py
[2024-07-28T14:01:11.402-0500] {processor.py:830} INFO - Processing file /Users/alexkim/Desktop/Projects/ETL_Projects/redditviz/venv/lib/python3.12/site-packages/airflow/example_dags/example_branch_datetime_operator.py for tasks to queue
[2024-07-28T14:01:11.402-0500] {logging_mixin.py:188} INFO - [2024-07-28T14:01:11.402-0500] {dagbag.py:545} INFO - Filling up the DagBag from /Users/alexkim/Desktop/Projects/ETL_Projects/redditviz/venv/lib/python3.12/site-packages/airflow/example_dags/example_branch_datetime_operator.py
[2024-07-28T14:01:11.406-0500] {processor.py:840} INFO - DAG(s) 'example_branch_datetime_operator_3', 'example_branch_datetime_operator_2', 'example_branch_datetime_operator' retrieved from /Users/alexkim/Desktop/Projects/ETL_Projects/redditviz/venv/lib/python3.12/site-packages/airflow/example_dags/example_branch_datetime_operator.py
[2024-07-28T14:01:11.464-0500] {logging_mixin.py:188} INFO - [2024-07-28T14:01:11.464-0500] {override.py:1858} INFO - Created Permission View: can read on DAG:example_branch_datetime_operator_3
[2024-07-28T14:01:11.466-0500] {logging_mixin.py:188} INFO - [2024-07-28T14:01:11.466-0500] {override.py:1858} INFO - Created Permission View: can edit on DAG:example_branch_datetime_operator_3
[2024-07-28T14:01:11.468-0500] {logging_mixin.py:188} INFO - [2024-07-28T14:01:11.468-0500] {override.py:1858} INFO - Created Permission View: can delete on DAG:example_branch_datetime_operator_3
[2024-07-28T14:01:11.473-0500] {logging_mixin.py:188} INFO - [2024-07-28T14:01:11.473-0500] {override.py:1858} INFO - Created Permission View: can read on DAG:example_branch_datetime_operator_2
[2024-07-28T14:01:11.475-0500] {logging_mixin.py:188} INFO - [2024-07-28T14:01:11.475-0500] {override.py:1858} INFO - Created Permission View: can edit on DAG:example_branch_datetime_operator_2
[2024-07-28T14:01:11.477-0500] {logging_mixin.py:188} INFO - [2024-07-28T14:01:11.477-0500] {override.py:1858} INFO - Created Permission View: can delete on DAG:example_branch_datetime_operator_2
[2024-07-28T14:01:11.480-0500] {logging_mixin.py:188} INFO - [2024-07-28T14:01:11.480-0500] {override.py:1858} INFO - Created Permission View: can read on DAG:example_branch_datetime_operator
[2024-07-28T14:01:11.481-0500] {logging_mixin.py:188} INFO - [2024-07-28T14:01:11.481-0500] {override.py:1858} INFO - Created Permission View: can edit on DAG:example_branch_datetime_operator
[2024-07-28T14:01:11.483-0500] {logging_mixin.py:188} INFO - [2024-07-28T14:01:11.483-0500] {override.py:1858} INFO - Created Permission View: can delete on DAG:example_branch_datetime_operator
[2024-07-28T14:01:11.483-0500] {logging_mixin.py:188} INFO - [2024-07-28T14:01:11.483-0500] {dag.py:3089} INFO - Sync 3 DAGs
[2024-07-28T14:01:11.486-0500] {logging_mixin.py:188} INFO - [2024-07-28T14:01:11.486-0500] {dag.py:3111} INFO - Creating ORM DAG for example_branch_datetime_operator
[2024-07-28T14:01:11.486-0500] {logging_mixin.py:188} INFO - [2024-07-28T14:01:11.486-0500] {dag.py:3111} INFO - Creating ORM DAG for example_branch_datetime_operator_2
[2024-07-28T14:01:11.486-0500] {logging_mixin.py:188} INFO - [2024-07-28T14:01:11.486-0500] {dag.py:3111} INFO - Creating ORM DAG for example_branch_datetime_operator_3
[2024-07-28T14:01:11.489-0500] {logging_mixin.py:188} INFO - [2024-07-28T14:01:11.489-0500] {dag.py:3947} INFO - Setting next_dagrun for example_branch_datetime_operator to 2024-07-27 00:00:00+00:00, run_after=2024-07-28 00:00:00+00:00
[2024-07-28T14:01:11.490-0500] {logging_mixin.py:188} INFO - [2024-07-28T14:01:11.489-0500] {dag.py:3947} INFO - Setting next_dagrun for example_branch_datetime_operator_2 to 2024-07-27 00:00:00+00:00, run_after=2024-07-28 00:00:00+00:00
[2024-07-28T14:01:11.490-0500] {logging_mixin.py:188} INFO - [2024-07-28T14:01:11.490-0500] {dag.py:3947} INFO - Setting next_dagrun for example_branch_datetime_operator_3 to 2024-07-27 00:00:00+00:00, run_after=2024-07-28 00:00:00+00:00
[2024-07-28T14:01:11.495-0500] {processor.py:183} INFO - Processing /Users/alexkim/Desktop/Projects/ETL_Projects/redditviz/venv/lib/python3.12/site-packages/airflow/example_dags/example_branch_datetime_operator.py took 0.094 seconds
[2024-07-28T14:02:57.919-0500] {processor.py:161} INFO - Started process (PID=33324) to work on /Users/alexkim/Desktop/Projects/ETL_Projects/redditviz/venv/lib/python3.12/site-packages/airflow/example_dags/example_branch_datetime_operator.py
[2024-07-28T14:02:57.920-0500] {processor.py:830} INFO - Processing file /Users/alexkim/Desktop/Projects/ETL_Projects/redditviz/venv/lib/python3.12/site-packages/airflow/example_dags/example_branch_datetime_operator.py for tasks to queue
[2024-07-28T14:02:57.920-0500] {logging_mixin.py:188} INFO - [2024-07-28T14:02:57.920-0500] {dagbag.py:545} INFO - Filling up the DagBag from /Users/alexkim/Desktop/Projects/ETL_Projects/redditviz/venv/lib/python3.12/site-packages/airflow/example_dags/example_branch_datetime_operator.py
[2024-07-28T14:02:57.924-0500] {processor.py:840} INFO - DAG(s) 'example_branch_datetime_operator_2', 'example_branch_datetime_operator', 'example_branch_datetime_operator_3' retrieved from /Users/alexkim/Desktop/Projects/ETL_Projects/redditviz/venv/lib/python3.12/site-packages/airflow/example_dags/example_branch_datetime_operator.py
[2024-07-28T14:02:57.956-0500] {logging_mixin.py:188} INFO - [2024-07-28T14:02:57.956-0500] {dag.py:3089} INFO - Sync 3 DAGs
[2024-07-28T14:02:57.962-0500] {logging_mixin.py:188} INFO - [2024-07-28T14:02:57.962-0500] {dag.py:3947} INFO - Setting next_dagrun for example_branch_datetime_operator to 2024-07-27 00:00:00+00:00, run_after=2024-07-28 00:00:00+00:00
[2024-07-28T14:02:57.963-0500] {logging_mixin.py:188} INFO - [2024-07-28T14:02:57.963-0500] {dag.py:3947} INFO - Setting next_dagrun for example_branch_datetime_operator_2 to 2024-07-27 00:00:00+00:00, run_after=2024-07-28 00:00:00+00:00
[2024-07-28T14:02:57.963-0500] {logging_mixin.py:188} INFO - [2024-07-28T14:02:57.963-0500] {dag.py:3947} INFO - Setting next_dagrun for example_branch_datetime_operator_3 to 2024-07-27 00:00:00+00:00, run_after=2024-07-28 00:00:00+00:00
[2024-07-28T14:02:57.969-0500] {processor.py:183} INFO - Processing /Users/alexkim/Desktop/Projects/ETL_Projects/redditviz/venv/lib/python3.12/site-packages/airflow/example_dags/example_branch_datetime_operator.py took 0.050 seconds
[2024-07-28T14:04:35.035-0500] {processor.py:161} INFO - Started process (PID=33419) to work on /Users/alexkim/Desktop/Projects/ETL_Projects/redditviz/venv/lib/python3.12/site-packages/airflow/example_dags/example_branch_datetime_operator.py
[2024-07-28T14:04:35.035-0500] {processor.py:830} INFO - Processing file /Users/alexkim/Desktop/Projects/ETL_Projects/redditviz/venv/lib/python3.12/site-packages/airflow/example_dags/example_branch_datetime_operator.py for tasks to queue
[2024-07-28T14:04:35.036-0500] {logging_mixin.py:188} INFO - [2024-07-28T14:04:35.035-0500] {dagbag.py:545} INFO - Filling up the DagBag from /Users/alexkim/Desktop/Projects/ETL_Projects/redditviz/venv/lib/python3.12/site-packages/airflow/example_dags/example_branch_datetime_operator.py
[2024-07-28T14:04:35.040-0500] {processor.py:840} INFO - DAG(s) 'example_branch_datetime_operator', 'example_branch_datetime_operator_2', 'example_branch_datetime_operator_3' retrieved from /Users/alexkim/Desktop/Projects/ETL_Projects/redditviz/venv/lib/python3.12/site-packages/airflow/example_dags/example_branch_datetime_operator.py
[2024-07-28T14:04:35.071-0500] {logging_mixin.py:188} INFO - [2024-07-28T14:04:35.071-0500] {dag.py:3089} INFO - Sync 3 DAGs
[2024-07-28T14:04:35.077-0500] {logging_mixin.py:188} INFO - [2024-07-28T14:04:35.077-0500] {dag.py:3947} INFO - Setting next_dagrun for example_branch_datetime_operator to 2024-07-27 00:00:00+00:00, run_after=2024-07-28 00:00:00+00:00
[2024-07-28T14:04:35.078-0500] {logging_mixin.py:188} INFO - [2024-07-28T14:04:35.078-0500] {dag.py:3947} INFO - Setting next_dagrun for example_branch_datetime_operator_2 to 2024-07-27 00:00:00+00:00, run_after=2024-07-28 00:00:00+00:00
[2024-07-28T14:04:35.079-0500] {logging_mixin.py:188} INFO - [2024-07-28T14:04:35.079-0500] {dag.py:3947} INFO - Setting next_dagrun for example_branch_datetime_operator_3 to 2024-07-27 00:00:00+00:00, run_after=2024-07-28 00:00:00+00:00
[2024-07-28T14:04:35.084-0500] {processor.py:183} INFO - Processing /Users/alexkim/Desktop/Projects/ETL_Projects/redditviz/venv/lib/python3.12/site-packages/airflow/example_dags/example_branch_datetime_operator.py took 0.050 seconds
[2024-07-28T14:06:28.273-0500] {processor.py:161} INFO - Started process (PID=33587) to work on /Users/alexkim/Desktop/Projects/ETL_Projects/redditviz/venv/lib/python3.12/site-packages/airflow/example_dags/example_branch_datetime_operator.py
[2024-07-28T14:06:28.273-0500] {processor.py:830} INFO - Processing file /Users/alexkim/Desktop/Projects/ETL_Projects/redditviz/venv/lib/python3.12/site-packages/airflow/example_dags/example_branch_datetime_operator.py for tasks to queue
[2024-07-28T14:06:28.274-0500] {logging_mixin.py:188} INFO - [2024-07-28T14:06:28.274-0500] {dagbag.py:545} INFO - Filling up the DagBag from /Users/alexkim/Desktop/Projects/ETL_Projects/redditviz/venv/lib/python3.12/site-packages/airflow/example_dags/example_branch_datetime_operator.py
[2024-07-28T14:06:28.278-0500] {processor.py:840} INFO - DAG(s) 'example_branch_datetime_operator_2', 'example_branch_datetime_operator', 'example_branch_datetime_operator_3' retrieved from /Users/alexkim/Desktop/Projects/ETL_Projects/redditviz/venv/lib/python3.12/site-packages/airflow/example_dags/example_branch_datetime_operator.py
[2024-07-28T14:06:28.314-0500] {logging_mixin.py:188} INFO - [2024-07-28T14:06:28.314-0500] {dag.py:3089} INFO - Sync 3 DAGs
[2024-07-28T14:06:28.321-0500] {logging_mixin.py:188} INFO - [2024-07-28T14:06:28.321-0500] {dag.py:3947} INFO - Setting next_dagrun for example_branch_datetime_operator to 2024-07-27 00:00:00+00:00, run_after=2024-07-28 00:00:00+00:00
[2024-07-28T14:06:28.322-0500] {logging_mixin.py:188} INFO - [2024-07-28T14:06:28.322-0500] {dag.py:3947} INFO - Setting next_dagrun for example_branch_datetime_operator_2 to 2024-07-27 00:00:00+00:00, run_after=2024-07-28 00:00:00+00:00
[2024-07-28T14:06:28.322-0500] {logging_mixin.py:188} INFO - [2024-07-28T14:06:28.322-0500] {dag.py:3947} INFO - Setting next_dagrun for example_branch_datetime_operator_3 to 2024-07-27 00:00:00+00:00, run_after=2024-07-28 00:00:00+00:00
[2024-07-28T14:06:28.328-0500] {processor.py:183} INFO - Processing /Users/alexkim/Desktop/Projects/ETL_Projects/redditviz/venv/lib/python3.12/site-packages/airflow/example_dags/example_branch_datetime_operator.py took 0.056 seconds
[2024-07-28T14:08:30.043-0500] {processor.py:161} INFO - Started process (PID=33728) to work on /Users/alexkim/Desktop/Projects/ETL_Projects/redditviz/venv/lib/python3.12/site-packages/airflow/example_dags/example_branch_datetime_operator.py
[2024-07-28T14:08:30.044-0500] {processor.py:830} INFO - Processing file /Users/alexkim/Desktop/Projects/ETL_Projects/redditviz/venv/lib/python3.12/site-packages/airflow/example_dags/example_branch_datetime_operator.py for tasks to queue
[2024-07-28T14:08:30.044-0500] {logging_mixin.py:188} INFO - [2024-07-28T14:08:30.044-0500] {dagbag.py:545} INFO - Filling up the DagBag from /Users/alexkim/Desktop/Projects/ETL_Projects/redditviz/venv/lib/python3.12/site-packages/airflow/example_dags/example_branch_datetime_operator.py
[2024-07-28T14:08:30.048-0500] {processor.py:840} INFO - DAG(s) 'example_branch_datetime_operator_2', 'example_branch_datetime_operator', 'example_branch_datetime_operator_3' retrieved from /Users/alexkim/Desktop/Projects/ETL_Projects/redditviz/venv/lib/python3.12/site-packages/airflow/example_dags/example_branch_datetime_operator.py
[2024-07-28T14:08:30.080-0500] {logging_mixin.py:188} INFO - [2024-07-28T14:08:30.079-0500] {dag.py:3089} INFO - Sync 3 DAGs
[2024-07-28T14:08:30.085-0500] {logging_mixin.py:188} INFO - [2024-07-28T14:08:30.085-0500] {dag.py:3947} INFO - Setting next_dagrun for example_branch_datetime_operator to 2024-07-27 00:00:00+00:00, run_after=2024-07-28 00:00:00+00:00
[2024-07-28T14:08:30.087-0500] {logging_mixin.py:188} INFO - [2024-07-28T14:08:30.087-0500] {dag.py:3947} INFO - Setting next_dagrun for example_branch_datetime_operator_2 to 2024-07-27 00:00:00+00:00, run_after=2024-07-28 00:00:00+00:00
[2024-07-28T14:08:30.087-0500] {logging_mixin.py:188} INFO - [2024-07-28T14:08:30.087-0500] {dag.py:3947} INFO - Setting next_dagrun for example_branch_datetime_operator_3 to 2024-07-27 00:00:00+00:00, run_after=2024-07-28 00:00:00+00:00
[2024-07-28T14:08:30.092-0500] {processor.py:183} INFO - Processing /Users/alexkim/Desktop/Projects/ETL_Projects/redditviz/venv/lib/python3.12/site-packages/airflow/example_dags/example_branch_datetime_operator.py took 0.050 seconds
[2024-07-28T14:10:23.276-0500] {processor.py:161} INFO - Started process (PID=33865) to work on /Users/alexkim/Desktop/Projects/ETL_Projects/redditviz/venv/lib/python3.12/site-packages/airflow/example_dags/example_branch_datetime_operator.py
[2024-07-28T14:10:23.277-0500] {processor.py:830} INFO - Processing file /Users/alexkim/Desktop/Projects/ETL_Projects/redditviz/venv/lib/python3.12/site-packages/airflow/example_dags/example_branch_datetime_operator.py for tasks to queue
[2024-07-28T14:10:23.277-0500] {logging_mixin.py:188} INFO - [2024-07-28T14:10:23.277-0500] {dagbag.py:545} INFO - Filling up the DagBag from /Users/alexkim/Desktop/Projects/ETL_Projects/redditviz/venv/lib/python3.12/site-packages/airflow/example_dags/example_branch_datetime_operator.py
[2024-07-28T14:10:23.281-0500] {processor.py:840} INFO - DAG(s) 'example_branch_datetime_operator', 'example_branch_datetime_operator_3', 'example_branch_datetime_operator_2' retrieved from /Users/alexkim/Desktop/Projects/ETL_Projects/redditviz/venv/lib/python3.12/site-packages/airflow/example_dags/example_branch_datetime_operator.py
[2024-07-28T14:10:23.314-0500] {logging_mixin.py:188} INFO - [2024-07-28T14:10:23.314-0500] {dag.py:3089} INFO - Sync 3 DAGs
[2024-07-28T14:10:23.320-0500] {logging_mixin.py:188} INFO - [2024-07-28T14:10:23.320-0500] {dag.py:3947} INFO - Setting next_dagrun for example_branch_datetime_operator to 2024-07-27 00:00:00+00:00, run_after=2024-07-28 00:00:00+00:00
[2024-07-28T14:10:23.321-0500] {logging_mixin.py:188} INFO - [2024-07-28T14:10:23.321-0500] {dag.py:3947} INFO - Setting next_dagrun for example_branch_datetime_operator_2 to 2024-07-27 00:00:00+00:00, run_after=2024-07-28 00:00:00+00:00
[2024-07-28T14:10:23.322-0500] {logging_mixin.py:188} INFO - [2024-07-28T14:10:23.322-0500] {dag.py:3947} INFO - Setting next_dagrun for example_branch_datetime_operator_3 to 2024-07-27 00:00:00+00:00, run_after=2024-07-28 00:00:00+00:00
[2024-07-28T14:10:23.327-0500] {processor.py:183} INFO - Processing /Users/alexkim/Desktop/Projects/ETL_Projects/redditviz/venv/lib/python3.12/site-packages/airflow/example_dags/example_branch_datetime_operator.py took 0.051 seconds
[2024-07-28T14:12:22.573-0500] {processor.py:161} INFO - Started process (PID=33976) to work on /Users/alexkim/Desktop/Projects/ETL_Projects/redditviz/venv/lib/python3.12/site-packages/airflow/example_dags/example_branch_datetime_operator.py
[2024-07-28T14:12:22.587-0500] {processor.py:830} INFO - Processing file /Users/alexkim/Desktop/Projects/ETL_Projects/redditviz/venv/lib/python3.12/site-packages/airflow/example_dags/example_branch_datetime_operator.py for tasks to queue
[2024-07-28T14:12:22.587-0500] {logging_mixin.py:188} INFO - [2024-07-28T14:12:22.587-0500] {dagbag.py:545} INFO - Filling up the DagBag from /Users/alexkim/Desktop/Projects/ETL_Projects/redditviz/venv/lib/python3.12/site-packages/airflow/example_dags/example_branch_datetime_operator.py
[2024-07-28T14:12:22.593-0500] {processor.py:840} INFO - DAG(s) 'example_branch_datetime_operator_3', 'example_branch_datetime_operator', 'example_branch_datetime_operator_2' retrieved from /Users/alexkim/Desktop/Projects/ETL_Projects/redditviz/venv/lib/python3.12/site-packages/airflow/example_dags/example_branch_datetime_operator.py
[2024-07-28T14:12:22.630-0500] {logging_mixin.py:188} INFO - [2024-07-28T14:12:22.630-0500] {dag.py:3089} INFO - Sync 3 DAGs
[2024-07-28T14:12:22.637-0500] {logging_mixin.py:188} INFO - [2024-07-28T14:12:22.637-0500] {dag.py:3947} INFO - Setting next_dagrun for example_branch_datetime_operator to 2024-07-27 00:00:00+00:00, run_after=2024-07-28 00:00:00+00:00
[2024-07-28T14:12:22.638-0500] {logging_mixin.py:188} INFO - [2024-07-28T14:12:22.638-0500] {dag.py:3947} INFO - Setting next_dagrun for example_branch_datetime_operator_2 to 2024-07-27 00:00:00+00:00, run_after=2024-07-28 00:00:00+00:00
[2024-07-28T14:12:22.639-0500] {logging_mixin.py:188} INFO - [2024-07-28T14:12:22.639-0500] {dag.py:3947} INFO - Setting next_dagrun for example_branch_datetime_operator_3 to 2024-07-27 00:00:00+00:00, run_after=2024-07-28 00:00:00+00:00
[2024-07-28T14:12:22.645-0500] {processor.py:183} INFO - Processing /Users/alexkim/Desktop/Projects/ETL_Projects/redditviz/venv/lib/python3.12/site-packages/airflow/example_dags/example_branch_datetime_operator.py took 0.073 seconds
[2024-07-28T14:14:25.548-0500] {processor.py:161} INFO - Started process (PID=34143) to work on /Users/alexkim/Desktop/Projects/ETL_Projects/redditviz/venv/lib/python3.12/site-packages/airflow/example_dags/example_branch_datetime_operator.py
[2024-07-28T14:14:25.548-0500] {processor.py:830} INFO - Processing file /Users/alexkim/Desktop/Projects/ETL_Projects/redditviz/venv/lib/python3.12/site-packages/airflow/example_dags/example_branch_datetime_operator.py for tasks to queue
[2024-07-28T14:14:25.548-0500] {logging_mixin.py:188} INFO - [2024-07-28T14:14:25.548-0500] {dagbag.py:545} INFO - Filling up the DagBag from /Users/alexkim/Desktop/Projects/ETL_Projects/redditviz/venv/lib/python3.12/site-packages/airflow/example_dags/example_branch_datetime_operator.py
[2024-07-28T14:14:25.553-0500] {processor.py:840} INFO - DAG(s) 'example_branch_datetime_operator_2', 'example_branch_datetime_operator_3', 'example_branch_datetime_operator' retrieved from /Users/alexkim/Desktop/Projects/ETL_Projects/redditviz/venv/lib/python3.12/site-packages/airflow/example_dags/example_branch_datetime_operator.py
[2024-07-28T14:14:25.585-0500] {logging_mixin.py:188} INFO - [2024-07-28T14:14:25.585-0500] {dag.py:3089} INFO - Sync 3 DAGs
[2024-07-28T14:14:25.591-0500] {logging_mixin.py:188} INFO - [2024-07-28T14:14:25.591-0500] {dag.py:3947} INFO - Setting next_dagrun for example_branch_datetime_operator to 2024-07-27 00:00:00+00:00, run_after=2024-07-28 00:00:00+00:00
[2024-07-28T14:14:25.592-0500] {logging_mixin.py:188} INFO - [2024-07-28T14:14:25.592-0500] {dag.py:3947} INFO - Setting next_dagrun for example_branch_datetime_operator_2 to 2024-07-27 00:00:00+00:00, run_after=2024-07-28 00:00:00+00:00
[2024-07-28T14:14:25.593-0500] {logging_mixin.py:188} INFO - [2024-07-28T14:14:25.593-0500] {dag.py:3947} INFO - Setting next_dagrun for example_branch_datetime_operator_3 to 2024-07-27 00:00:00+00:00, run_after=2024-07-28 00:00:00+00:00
[2024-07-28T14:14:25.598-0500] {processor.py:183} INFO - Processing /Users/alexkim/Desktop/Projects/ETL_Projects/redditviz/venv/lib/python3.12/site-packages/airflow/example_dags/example_branch_datetime_operator.py took 0.051 seconds
