[2024-07-28T14:00:53.168-0500] {processor.py:161} INFO - Started process (PID=33203) to work on /Users/alexkim/Desktop/Projects/ETL_Projects/redditviz/venv/lib/python3.12/site-packages/airflow/example_dags/example_dynamic_task_mapping.py
[2024-07-28T14:00:53.169-0500] {processor.py:830} INFO - Processing file /Users/alexkim/Desktop/Projects/ETL_Projects/redditviz/venv/lib/python3.12/site-packages/airflow/example_dags/example_dynamic_task_mapping.py for tasks to queue
[2024-07-28T14:00:53.169-0500] {logging_mixin.py:188} INFO - [2024-07-28T14:00:53.169-0500] {dagbag.py:545} INFO - Filling up the DagBag from /Users/alexkim/Desktop/Projects/ETL_Projects/redditviz/venv/lib/python3.12/site-packages/airflow/example_dags/example_dynamic_task_mapping.py
[2024-07-28T14:00:53.186-0500] {processor.py:840} INFO - DAG(s) 'example_dynamic_task_mapping' retrieved from /Users/alexkim/Desktop/Projects/ETL_Projects/redditviz/venv/lib/python3.12/site-packages/airflow/example_dags/example_dynamic_task_mapping.py
[2024-07-28T14:00:53.252-0500] {logging_mixin.py:188} INFO - [2024-07-28T14:00:53.252-0500] {override.py:1858} INFO - Created Permission View: can edit on DAG:example_dynamic_task_mapping
[2024-07-28T14:00:53.256-0500] {logging_mixin.py:188} INFO - [2024-07-28T14:00:53.256-0500] {override.py:1858} INFO - Created Permission View: can read on DAG:example_dynamic_task_mapping
[2024-07-28T14:00:53.258-0500] {logging_mixin.py:188} INFO - [2024-07-28T14:00:53.258-0500] {override.py:1858} INFO - Created Permission View: can delete on DAG:example_dynamic_task_mapping
[2024-07-28T14:00:53.258-0500] {logging_mixin.py:188} INFO - [2024-07-28T14:00:53.258-0500] {dag.py:3089} INFO - Sync 1 DAGs
[2024-07-28T14:00:53.262-0500] {logging_mixin.py:188} INFO - [2024-07-28T14:00:53.262-0500] {dag.py:3111} INFO - Creating ORM DAG for example_dynamic_task_mapping
[2024-07-28T14:00:53.265-0500] {logging_mixin.py:188} INFO - [2024-07-28T14:00:53.265-0500] {dag.py:3947} INFO - Setting next_dagrun for example_dynamic_task_mapping to 2022-03-04 00:00:00+00:00, run_after=2022-03-05 00:00:00+00:00
[2024-07-28T14:00:53.270-0500] {processor.py:183} INFO - Processing /Users/alexkim/Desktop/Projects/ETL_Projects/redditviz/venv/lib/python3.12/site-packages/airflow/example_dags/example_dynamic_task_mapping.py took 0.103 seconds
[2024-07-28T14:02:41.637-0500] {processor.py:161} INFO - Started process (PID=33313) to work on /Users/alexkim/Desktop/Projects/ETL_Projects/redditviz/venv/lib/python3.12/site-packages/airflow/example_dags/example_dynamic_task_mapping.py
[2024-07-28T14:02:41.638-0500] {processor.py:830} INFO - Processing file /Users/alexkim/Desktop/Projects/ETL_Projects/redditviz/venv/lib/python3.12/site-packages/airflow/example_dags/example_dynamic_task_mapping.py for tasks to queue
[2024-07-28T14:02:41.638-0500] {logging_mixin.py:188} INFO - [2024-07-28T14:02:41.638-0500] {dagbag.py:545} INFO - Filling up the DagBag from /Users/alexkim/Desktop/Projects/ETL_Projects/redditviz/venv/lib/python3.12/site-packages/airflow/example_dags/example_dynamic_task_mapping.py
[2024-07-28T14:02:41.650-0500] {processor.py:840} INFO - DAG(s) 'example_dynamic_task_mapping' retrieved from /Users/alexkim/Desktop/Projects/ETL_Projects/redditviz/venv/lib/python3.12/site-packages/airflow/example_dags/example_dynamic_task_mapping.py
[2024-07-28T14:02:41.679-0500] {logging_mixin.py:188} INFO - [2024-07-28T14:02:41.679-0500] {dag.py:3089} INFO - Sync 1 DAGs
[2024-07-28T14:02:41.684-0500] {logging_mixin.py:188} INFO - [2024-07-28T14:02:41.683-0500] {dag.py:3947} INFO - Setting next_dagrun for example_dynamic_task_mapping to 2022-03-04 00:00:00+00:00, run_after=2022-03-05 00:00:00+00:00
[2024-07-28T14:02:41.689-0500] {processor.py:183} INFO - Processing /Users/alexkim/Desktop/Projects/ETL_Projects/redditviz/venv/lib/python3.12/site-packages/airflow/example_dags/example_dynamic_task_mapping.py took 0.053 seconds
[2024-07-28T14:04:19.070-0500] {processor.py:161} INFO - Started process (PID=33407) to work on /Users/alexkim/Desktop/Projects/ETL_Projects/redditviz/venv/lib/python3.12/site-packages/airflow/example_dags/example_dynamic_task_mapping.py
[2024-07-28T14:04:19.071-0500] {processor.py:830} INFO - Processing file /Users/alexkim/Desktop/Projects/ETL_Projects/redditviz/venv/lib/python3.12/site-packages/airflow/example_dags/example_dynamic_task_mapping.py for tasks to queue
[2024-07-28T14:04:19.071-0500] {logging_mixin.py:188} INFO - [2024-07-28T14:04:19.071-0500] {dagbag.py:545} INFO - Filling up the DagBag from /Users/alexkim/Desktop/Projects/ETL_Projects/redditviz/venv/lib/python3.12/site-packages/airflow/example_dags/example_dynamic_task_mapping.py
[2024-07-28T14:04:19.083-0500] {processor.py:840} INFO - DAG(s) 'example_dynamic_task_mapping' retrieved from /Users/alexkim/Desktop/Projects/ETL_Projects/redditviz/venv/lib/python3.12/site-packages/airflow/example_dags/example_dynamic_task_mapping.py
[2024-07-28T14:04:19.113-0500] {logging_mixin.py:188} INFO - [2024-07-28T14:04:19.113-0500] {dag.py:3089} INFO - Sync 1 DAGs
[2024-07-28T14:04:19.118-0500] {logging_mixin.py:188} INFO - [2024-07-28T14:04:19.118-0500] {dag.py:3947} INFO - Setting next_dagrun for example_dynamic_task_mapping to 2022-03-04 00:00:00+00:00, run_after=2022-03-05 00:00:00+00:00
[2024-07-28T14:04:19.124-0500] {processor.py:183} INFO - Processing /Users/alexkim/Desktop/Projects/ETL_Projects/redditviz/venv/lib/python3.12/site-packages/airflow/example_dags/example_dynamic_task_mapping.py took 0.054 seconds
[2024-07-28T14:06:10.775-0500] {processor.py:161} INFO - Started process (PID=33574) to work on /Users/alexkim/Desktop/Projects/ETL_Projects/redditviz/venv/lib/python3.12/site-packages/airflow/example_dags/example_dynamic_task_mapping.py
[2024-07-28T14:06:10.780-0500] {processor.py:830} INFO - Processing file /Users/alexkim/Desktop/Projects/ETL_Projects/redditviz/venv/lib/python3.12/site-packages/airflow/example_dags/example_dynamic_task_mapping.py for tasks to queue
[2024-07-28T14:06:10.780-0500] {logging_mixin.py:188} INFO - [2024-07-28T14:06:10.780-0500] {dagbag.py:545} INFO - Filling up the DagBag from /Users/alexkim/Desktop/Projects/ETL_Projects/redditviz/venv/lib/python3.12/site-packages/airflow/example_dags/example_dynamic_task_mapping.py
[2024-07-28T14:06:10.793-0500] {processor.py:840} INFO - DAG(s) 'example_dynamic_task_mapping' retrieved from /Users/alexkim/Desktop/Projects/ETL_Projects/redditviz/venv/lib/python3.12/site-packages/airflow/example_dags/example_dynamic_task_mapping.py
[2024-07-28T14:06:10.826-0500] {logging_mixin.py:188} INFO - [2024-07-28T14:06:10.826-0500] {dag.py:3089} INFO - Sync 1 DAGs
[2024-07-28T14:06:10.832-0500] {logging_mixin.py:188} INFO - [2024-07-28T14:06:10.832-0500] {dag.py:3947} INFO - Setting next_dagrun for example_dynamic_task_mapping to 2022-03-04 00:00:00+00:00, run_after=2022-03-05 00:00:00+00:00
[2024-07-28T14:06:10.838-0500] {processor.py:183} INFO - Processing /Users/alexkim/Desktop/Projects/ETL_Projects/redditviz/venv/lib/python3.12/site-packages/airflow/example_dags/example_dynamic_task_mapping.py took 0.064 seconds
[2024-07-28T14:08:13.282-0500] {processor.py:161} INFO - Started process (PID=33716) to work on /Users/alexkim/Desktop/Projects/ETL_Projects/redditviz/venv/lib/python3.12/site-packages/airflow/example_dags/example_dynamic_task_mapping.py
[2024-07-28T14:08:13.282-0500] {processor.py:830} INFO - Processing file /Users/alexkim/Desktop/Projects/ETL_Projects/redditviz/venv/lib/python3.12/site-packages/airflow/example_dags/example_dynamic_task_mapping.py for tasks to queue
[2024-07-28T14:08:13.283-0500] {logging_mixin.py:188} INFO - [2024-07-28T14:08:13.283-0500] {dagbag.py:545} INFO - Filling up the DagBag from /Users/alexkim/Desktop/Projects/ETL_Projects/redditviz/venv/lib/python3.12/site-packages/airflow/example_dags/example_dynamic_task_mapping.py
[2024-07-28T14:08:13.295-0500] {processor.py:840} INFO - DAG(s) 'example_dynamic_task_mapping' retrieved from /Users/alexkim/Desktop/Projects/ETL_Projects/redditviz/venv/lib/python3.12/site-packages/airflow/example_dags/example_dynamic_task_mapping.py
[2024-07-28T14:08:13.323-0500] {logging_mixin.py:188} INFO - [2024-07-28T14:08:13.323-0500] {dag.py:3089} INFO - Sync 1 DAGs
[2024-07-28T14:08:13.328-0500] {logging_mixin.py:188} INFO - [2024-07-28T14:08:13.328-0500] {dag.py:3947} INFO - Setting next_dagrun for example_dynamic_task_mapping to 2022-03-04 00:00:00+00:00, run_after=2022-03-05 00:00:00+00:00
[2024-07-28T14:08:13.334-0500] {processor.py:183} INFO - Processing /Users/alexkim/Desktop/Projects/ETL_Projects/redditviz/venv/lib/python3.12/site-packages/airflow/example_dags/example_dynamic_task_mapping.py took 0.053 seconds
[2024-07-28T14:10:05.157-0500] {processor.py:161} INFO - Started process (PID=33849) to work on /Users/alexkim/Desktop/Projects/ETL_Projects/redditviz/venv/lib/python3.12/site-packages/airflow/example_dags/example_dynamic_task_mapping.py
[2024-07-28T14:10:05.157-0500] {processor.py:830} INFO - Processing file /Users/alexkim/Desktop/Projects/ETL_Projects/redditviz/venv/lib/python3.12/site-packages/airflow/example_dags/example_dynamic_task_mapping.py for tasks to queue
[2024-07-28T14:10:05.158-0500] {logging_mixin.py:188} INFO - [2024-07-28T14:10:05.157-0500] {dagbag.py:545} INFO - Filling up the DagBag from /Users/alexkim/Desktop/Projects/ETL_Projects/redditviz/venv/lib/python3.12/site-packages/airflow/example_dags/example_dynamic_task_mapping.py
[2024-07-28T14:10:05.170-0500] {processor.py:840} INFO - DAG(s) 'example_dynamic_task_mapping' retrieved from /Users/alexkim/Desktop/Projects/ETL_Projects/redditviz/venv/lib/python3.12/site-packages/airflow/example_dags/example_dynamic_task_mapping.py
[2024-07-28T14:10:05.201-0500] {logging_mixin.py:188} INFO - [2024-07-28T14:10:05.201-0500] {dag.py:3089} INFO - Sync 1 DAGs
[2024-07-28T14:10:05.207-0500] {logging_mixin.py:188} INFO - [2024-07-28T14:10:05.207-0500] {dag.py:3947} INFO - Setting next_dagrun for example_dynamic_task_mapping to 2022-03-04 00:00:00+00:00, run_after=2022-03-05 00:00:00+00:00
[2024-07-28T14:10:05.213-0500] {processor.py:183} INFO - Processing /Users/alexkim/Desktop/Projects/ETL_Projects/redditviz/venv/lib/python3.12/site-packages/airflow/example_dags/example_dynamic_task_mapping.py took 0.058 seconds
[2024-07-28T14:12:06.229-0500] {processor.py:161} INFO - Started process (PID=33965) to work on /Users/alexkim/Desktop/Projects/ETL_Projects/redditviz/venv/lib/python3.12/site-packages/airflow/example_dags/example_dynamic_task_mapping.py
[2024-07-28T14:12:06.230-0500] {processor.py:830} INFO - Processing file /Users/alexkim/Desktop/Projects/ETL_Projects/redditviz/venv/lib/python3.12/site-packages/airflow/example_dags/example_dynamic_task_mapping.py for tasks to queue
[2024-07-28T14:12:06.230-0500] {logging_mixin.py:188} INFO - [2024-07-28T14:12:06.230-0500] {dagbag.py:545} INFO - Filling up the DagBag from /Users/alexkim/Desktop/Projects/ETL_Projects/redditviz/venv/lib/python3.12/site-packages/airflow/example_dags/example_dynamic_task_mapping.py
[2024-07-28T14:12:06.242-0500] {processor.py:840} INFO - DAG(s) 'example_dynamic_task_mapping' retrieved from /Users/alexkim/Desktop/Projects/ETL_Projects/redditviz/venv/lib/python3.12/site-packages/airflow/example_dags/example_dynamic_task_mapping.py
[2024-07-28T14:12:06.271-0500] {logging_mixin.py:188} INFO - [2024-07-28T14:12:06.271-0500] {dag.py:3089} INFO - Sync 1 DAGs
[2024-07-28T14:12:06.276-0500] {logging_mixin.py:188} INFO - [2024-07-28T14:12:06.276-0500] {dag.py:3947} INFO - Setting next_dagrun for example_dynamic_task_mapping to 2022-03-04 00:00:00+00:00, run_after=2022-03-05 00:00:00+00:00
[2024-07-28T14:12:06.282-0500] {processor.py:183} INFO - Processing /Users/alexkim/Desktop/Projects/ETL_Projects/redditviz/venv/lib/python3.12/site-packages/airflow/example_dags/example_dynamic_task_mapping.py took 0.053 seconds
[2024-07-28T14:14:07.162-0500] {processor.py:161} INFO - Started process (PID=34109) to work on /Users/alexkim/Desktop/Projects/ETL_Projects/redditviz/venv/lib/python3.12/site-packages/airflow/example_dags/example_dynamic_task_mapping.py
[2024-07-28T14:14:07.163-0500] {processor.py:830} INFO - Processing file /Users/alexkim/Desktop/Projects/ETL_Projects/redditviz/venv/lib/python3.12/site-packages/airflow/example_dags/example_dynamic_task_mapping.py for tasks to queue
[2024-07-28T14:14:07.163-0500] {logging_mixin.py:188} INFO - [2024-07-28T14:14:07.163-0500] {dagbag.py:545} INFO - Filling up the DagBag from /Users/alexkim/Desktop/Projects/ETL_Projects/redditviz/venv/lib/python3.12/site-packages/airflow/example_dags/example_dynamic_task_mapping.py
[2024-07-28T14:14:07.184-0500] {processor.py:840} INFO - DAG(s) 'example_dynamic_task_mapping' retrieved from /Users/alexkim/Desktop/Projects/ETL_Projects/redditviz/venv/lib/python3.12/site-packages/airflow/example_dags/example_dynamic_task_mapping.py
[2024-07-28T14:14:07.223-0500] {logging_mixin.py:188} INFO - [2024-07-28T14:14:07.223-0500] {dag.py:3089} INFO - Sync 1 DAGs
[2024-07-28T14:14:07.230-0500] {logging_mixin.py:188} INFO - [2024-07-28T14:14:07.230-0500] {dag.py:3947} INFO - Setting next_dagrun for example_dynamic_task_mapping to 2022-03-04 00:00:00+00:00, run_after=2022-03-05 00:00:00+00:00
[2024-07-28T14:14:07.236-0500] {processor.py:183} INFO - Processing /Users/alexkim/Desktop/Projects/ETL_Projects/redditviz/venv/lib/python3.12/site-packages/airflow/example_dags/example_dynamic_task_mapping.py took 0.075 seconds
