[2024-07-28T14:00:35.646-0500] {processor.py:161} INFO - Started process (PID=33186) to work on /Users/alexkim/Desktop/Projects/ETL_Projects/redditviz/venv/lib/python3.12/site-packages/airflow/example_dags/example_python_decorator.py
[2024-07-28T14:00:35.646-0500] {processor.py:830} INFO - Processing file /Users/alexkim/Desktop/Projects/ETL_Projects/redditviz/venv/lib/python3.12/site-packages/airflow/example_dags/example_python_decorator.py for tasks to queue
[2024-07-28T14:00:35.646-0500] {logging_mixin.py:188} INFO - [2024-07-28T14:00:35.646-0500] {dagbag.py:545} INFO - Filling up the DagBag from /Users/alexkim/Desktop/Projects/ETL_Projects/redditviz/venv/lib/python3.12/site-packages/airflow/example_dags/example_python_decorator.py
[2024-07-28T14:00:35.659-0500] {logging_mixin.py:188} INFO - [2024-07-28T14:00:35.659-0500] {example_python_decorator.py:80} WARNING - The virtalenv_python example task requires virtualenv, please install it.
[2024-07-28T14:00:35.659-0500] {processor.py:840} INFO - DAG(s) 'example_python_decorator' retrieved from /Users/alexkim/Desktop/Projects/ETL_Projects/redditviz/venv/lib/python3.12/site-packages/airflow/example_dags/example_python_decorator.py
[2024-07-28T14:00:35.717-0500] {logging_mixin.py:188} INFO - [2024-07-28T14:00:35.717-0500] {override.py:1858} INFO - Created Permission View: can delete on DAG:example_python_decorator
[2024-07-28T14:00:35.720-0500] {logging_mixin.py:188} INFO - [2024-07-28T14:00:35.720-0500] {override.py:1858} INFO - Created Permission View: can edit on DAG:example_python_decorator
[2024-07-28T14:00:35.721-0500] {logging_mixin.py:188} INFO - [2024-07-28T14:00:35.721-0500] {override.py:1858} INFO - Created Permission View: can read on DAG:example_python_decorator
[2024-07-28T14:00:35.722-0500] {logging_mixin.py:188} INFO - [2024-07-28T14:00:35.721-0500] {dag.py:3089} INFO - Sync 1 DAGs
[2024-07-28T14:00:35.725-0500] {logging_mixin.py:188} INFO - [2024-07-28T14:00:35.725-0500] {dag.py:3111} INFO - Creating ORM DAG for example_python_decorator
[2024-07-28T14:00:35.725-0500] {logging_mixin.py:188} INFO - [2024-07-28T14:00:35.725-0500] {dag.py:3947} INFO - Setting next_dagrun for example_python_decorator to None, run_after=None
[2024-07-28T14:00:35.730-0500] {processor.py:183} INFO - Processing /Users/alexkim/Desktop/Projects/ETL_Projects/redditviz/venv/lib/python3.12/site-packages/airflow/example_dags/example_python_decorator.py took 0.086 seconds
[2024-07-28T14:02:03.294-0500] {processor.py:161} INFO - Started process (PID=33274) to work on /Users/alexkim/Desktop/Projects/ETL_Projects/redditviz/venv/lib/python3.12/site-packages/airflow/example_dags/example_python_decorator.py
[2024-07-28T14:02:03.294-0500] {processor.py:830} INFO - Processing file /Users/alexkim/Desktop/Projects/ETL_Projects/redditviz/venv/lib/python3.12/site-packages/airflow/example_dags/example_python_decorator.py for tasks to queue
[2024-07-28T14:02:03.294-0500] {logging_mixin.py:188} INFO - [2024-07-28T14:02:03.294-0500] {dagbag.py:545} INFO - Filling up the DagBag from /Users/alexkim/Desktop/Projects/ETL_Projects/redditviz/venv/lib/python3.12/site-packages/airflow/example_dags/example_python_decorator.py
[2024-07-28T14:02:03.306-0500] {logging_mixin.py:188} INFO - [2024-07-28T14:02:03.306-0500] {example_python_decorator.py:80} WARNING - The virtalenv_python example task requires virtualenv, please install it.
[2024-07-28T14:02:03.307-0500] {processor.py:840} INFO - DAG(s) 'example_python_decorator' retrieved from /Users/alexkim/Desktop/Projects/ETL_Projects/redditviz/venv/lib/python3.12/site-packages/airflow/example_dags/example_python_decorator.py
[2024-07-28T14:02:03.337-0500] {logging_mixin.py:188} INFO - [2024-07-28T14:02:03.337-0500] {dag.py:3089} INFO - Sync 1 DAGs
[2024-07-28T14:02:03.340-0500] {logging_mixin.py:188} INFO - [2024-07-28T14:02:03.340-0500] {dag.py:3947} INFO - Setting next_dagrun for example_python_decorator to None, run_after=None
[2024-07-28T14:02:03.345-0500] {processor.py:183} INFO - Processing /Users/alexkim/Desktop/Projects/ETL_Projects/redditviz/venv/lib/python3.12/site-packages/airflow/example_dags/example_python_decorator.py took 0.053 seconds
[2024-07-28T14:03:38.752-0500] {processor.py:161} INFO - Started process (PID=33362) to work on /Users/alexkim/Desktop/Projects/ETL_Projects/redditviz/venv/lib/python3.12/site-packages/airflow/example_dags/example_python_decorator.py
[2024-07-28T14:03:38.753-0500] {processor.py:830} INFO - Processing file /Users/alexkim/Desktop/Projects/ETL_Projects/redditviz/venv/lib/python3.12/site-packages/airflow/example_dags/example_python_decorator.py for tasks to queue
[2024-07-28T14:03:38.753-0500] {logging_mixin.py:188} INFO - [2024-07-28T14:03:38.753-0500] {dagbag.py:545} INFO - Filling up the DagBag from /Users/alexkim/Desktop/Projects/ETL_Projects/redditviz/venv/lib/python3.12/site-packages/airflow/example_dags/example_python_decorator.py
[2024-07-28T14:03:38.765-0500] {logging_mixin.py:188} INFO - [2024-07-28T14:03:38.765-0500] {example_python_decorator.py:80} WARNING - The virtalenv_python example task requires virtualenv, please install it.
[2024-07-28T14:03:38.766-0500] {processor.py:840} INFO - DAG(s) 'example_python_decorator' retrieved from /Users/alexkim/Desktop/Projects/ETL_Projects/redditviz/venv/lib/python3.12/site-packages/airflow/example_dags/example_python_decorator.py
[2024-07-28T14:03:38.795-0500] {logging_mixin.py:188} INFO - [2024-07-28T14:03:38.795-0500] {dag.py:3089} INFO - Sync 1 DAGs
[2024-07-28T14:03:38.798-0500] {logging_mixin.py:188} INFO - [2024-07-28T14:03:38.798-0500] {dag.py:3947} INFO - Setting next_dagrun for example_python_decorator to None, run_after=None
[2024-07-28T14:03:38.804-0500] {processor.py:183} INFO - Processing /Users/alexkim/Desktop/Projects/ETL_Projects/redditviz/venv/lib/python3.12/site-packages/airflow/example_dags/example_python_decorator.py took 0.052 seconds
[2024-07-28T14:05:25.098-0500] {processor.py:161} INFO - Started process (PID=33488) to work on /Users/alexkim/Desktop/Projects/ETL_Projects/redditviz/venv/lib/python3.12/site-packages/airflow/example_dags/example_python_decorator.py
[2024-07-28T14:05:25.100-0500] {processor.py:830} INFO - Processing file /Users/alexkim/Desktop/Projects/ETL_Projects/redditviz/venv/lib/python3.12/site-packages/airflow/example_dags/example_python_decorator.py for tasks to queue
[2024-07-28T14:05:25.100-0500] {logging_mixin.py:188} INFO - [2024-07-28T14:05:25.100-0500] {dagbag.py:545} INFO - Filling up the DagBag from /Users/alexkim/Desktop/Projects/ETL_Projects/redditviz/venv/lib/python3.12/site-packages/airflow/example_dags/example_python_decorator.py
[2024-07-28T14:05:25.120-0500] {logging_mixin.py:188} INFO - [2024-07-28T14:05:25.119-0500] {example_python_decorator.py:80} WARNING - The virtalenv_python example task requires virtualenv, please install it.
[2024-07-28T14:05:25.121-0500] {processor.py:840} INFO - DAG(s) 'example_python_decorator' retrieved from /Users/alexkim/Desktop/Projects/ETL_Projects/redditviz/venv/lib/python3.12/site-packages/airflow/example_dags/example_python_decorator.py
[2024-07-28T14:05:25.162-0500] {logging_mixin.py:188} INFO - [2024-07-28T14:05:25.162-0500] {dag.py:3089} INFO - Sync 1 DAGs
[2024-07-28T14:05:25.167-0500] {logging_mixin.py:188} INFO - [2024-07-28T14:05:25.167-0500] {dag.py:3947} INFO - Setting next_dagrun for example_python_decorator to None, run_after=None
[2024-07-28T14:05:25.173-0500] {processor.py:183} INFO - Processing /Users/alexkim/Desktop/Projects/ETL_Projects/redditviz/venv/lib/python3.12/site-packages/airflow/example_dags/example_python_decorator.py took 0.076 seconds
[2024-07-28T14:07:19.942-0500] {processor.py:161} INFO - Started process (PID=33665) to work on /Users/alexkim/Desktop/Projects/ETL_Projects/redditviz/venv/lib/python3.12/site-packages/airflow/example_dags/example_python_decorator.py
[2024-07-28T14:07:19.943-0500] {processor.py:830} INFO - Processing file /Users/alexkim/Desktop/Projects/ETL_Projects/redditviz/venv/lib/python3.12/site-packages/airflow/example_dags/example_python_decorator.py for tasks to queue
[2024-07-28T14:07:19.943-0500] {logging_mixin.py:188} INFO - [2024-07-28T14:07:19.943-0500] {dagbag.py:545} INFO - Filling up the DagBag from /Users/alexkim/Desktop/Projects/ETL_Projects/redditviz/venv/lib/python3.12/site-packages/airflow/example_dags/example_python_decorator.py
[2024-07-28T14:07:19.955-0500] {logging_mixin.py:188} INFO - [2024-07-28T14:07:19.955-0500] {example_python_decorator.py:80} WARNING - The virtalenv_python example task requires virtualenv, please install it.
[2024-07-28T14:07:19.956-0500] {processor.py:840} INFO - DAG(s) 'example_python_decorator' retrieved from /Users/alexkim/Desktop/Projects/ETL_Projects/redditviz/venv/lib/python3.12/site-packages/airflow/example_dags/example_python_decorator.py
[2024-07-28T14:07:19.986-0500] {logging_mixin.py:188} INFO - [2024-07-28T14:07:19.986-0500] {dag.py:3089} INFO - Sync 1 DAGs
[2024-07-28T14:07:19.989-0500] {logging_mixin.py:188} INFO - [2024-07-28T14:07:19.989-0500] {dag.py:3947} INFO - Setting next_dagrun for example_python_decorator to None, run_after=None
[2024-07-28T14:07:19.994-0500] {processor.py:183} INFO - Processing /Users/alexkim/Desktop/Projects/ETL_Projects/redditviz/venv/lib/python3.12/site-packages/airflow/example_dags/example_python_decorator.py took 0.053 seconds
[2024-07-28T14:09:17.584-0500] {processor.py:161} INFO - Started process (PID=33796) to work on /Users/alexkim/Desktop/Projects/ETL_Projects/redditviz/venv/lib/python3.12/site-packages/airflow/example_dags/example_python_decorator.py
[2024-07-28T14:09:17.584-0500] {processor.py:830} INFO - Processing file /Users/alexkim/Desktop/Projects/ETL_Projects/redditviz/venv/lib/python3.12/site-packages/airflow/example_dags/example_python_decorator.py for tasks to queue
[2024-07-28T14:09:17.584-0500] {logging_mixin.py:188} INFO - [2024-07-28T14:09:17.584-0500] {dagbag.py:545} INFO - Filling up the DagBag from /Users/alexkim/Desktop/Projects/ETL_Projects/redditviz/venv/lib/python3.12/site-packages/airflow/example_dags/example_python_decorator.py
[2024-07-28T14:09:17.597-0500] {logging_mixin.py:188} INFO - [2024-07-28T14:09:17.597-0500] {example_python_decorator.py:80} WARNING - The virtalenv_python example task requires virtualenv, please install it.
[2024-07-28T14:09:17.598-0500] {processor.py:840} INFO - DAG(s) 'example_python_decorator' retrieved from /Users/alexkim/Desktop/Projects/ETL_Projects/redditviz/venv/lib/python3.12/site-packages/airflow/example_dags/example_python_decorator.py
[2024-07-28T14:09:17.627-0500] {logging_mixin.py:188} INFO - [2024-07-28T14:09:17.627-0500] {dag.py:3089} INFO - Sync 1 DAGs
[2024-07-28T14:09:17.630-0500] {logging_mixin.py:188} INFO - [2024-07-28T14:09:17.630-0500] {dag.py:3947} INFO - Setting next_dagrun for example_python_decorator to None, run_after=None
[2024-07-28T14:09:17.636-0500] {processor.py:183} INFO - Processing /Users/alexkim/Desktop/Projects/ETL_Projects/redditviz/venv/lib/python3.12/site-packages/airflow/example_dags/example_python_decorator.py took 0.053 seconds
[2024-07-28T14:11:19.397-0500] {processor.py:161} INFO - Started process (PID=33920) to work on /Users/alexkim/Desktop/Projects/ETL_Projects/redditviz/venv/lib/python3.12/site-packages/airflow/example_dags/example_python_decorator.py
[2024-07-28T14:11:19.397-0500] {processor.py:830} INFO - Processing file /Users/alexkim/Desktop/Projects/ETL_Projects/redditviz/venv/lib/python3.12/site-packages/airflow/example_dags/example_python_decorator.py for tasks to queue
[2024-07-28T14:11:19.398-0500] {logging_mixin.py:188} INFO - [2024-07-28T14:11:19.398-0500] {dagbag.py:545} INFO - Filling up the DagBag from /Users/alexkim/Desktop/Projects/ETL_Projects/redditviz/venv/lib/python3.12/site-packages/airflow/example_dags/example_python_decorator.py
[2024-07-28T14:11:19.411-0500] {logging_mixin.py:188} INFO - [2024-07-28T14:11:19.410-0500] {example_python_decorator.py:80} WARNING - The virtalenv_python example task requires virtualenv, please install it.
[2024-07-28T14:11:19.411-0500] {processor.py:840} INFO - DAG(s) 'example_python_decorator' retrieved from /Users/alexkim/Desktop/Projects/ETL_Projects/redditviz/venv/lib/python3.12/site-packages/airflow/example_dags/example_python_decorator.py
[2024-07-28T14:11:19.444-0500] {logging_mixin.py:188} INFO - [2024-07-28T14:11:19.444-0500] {dag.py:3089} INFO - Sync 1 DAGs
[2024-07-28T14:11:19.447-0500] {logging_mixin.py:188} INFO - [2024-07-28T14:11:19.447-0500] {dag.py:3947} INFO - Setting next_dagrun for example_python_decorator to None, run_after=None
[2024-07-28T14:11:19.454-0500] {processor.py:183} INFO - Processing /Users/alexkim/Desktop/Projects/ETL_Projects/redditviz/venv/lib/python3.12/site-packages/airflow/example_dags/example_python_decorator.py took 0.058 seconds
[2024-07-28T14:13:16.936-0500] {processor.py:161} INFO - Started process (PID=34052) to work on /Users/alexkim/Desktop/Projects/ETL_Projects/redditviz/venv/lib/python3.12/site-packages/airflow/example_dags/example_python_decorator.py
[2024-07-28T14:13:16.941-0500] {processor.py:830} INFO - Processing file /Users/alexkim/Desktop/Projects/ETL_Projects/redditviz/venv/lib/python3.12/site-packages/airflow/example_dags/example_python_decorator.py for tasks to queue
[2024-07-28T14:13:16.941-0500] {logging_mixin.py:188} INFO - [2024-07-28T14:13:16.941-0500] {dagbag.py:545} INFO - Filling up the DagBag from /Users/alexkim/Desktop/Projects/ETL_Projects/redditviz/venv/lib/python3.12/site-packages/airflow/example_dags/example_python_decorator.py
[2024-07-28T14:13:16.954-0500] {logging_mixin.py:188} INFO - [2024-07-28T14:13:16.954-0500] {example_python_decorator.py:80} WARNING - The virtalenv_python example task requires virtualenv, please install it.
[2024-07-28T14:13:16.955-0500] {processor.py:840} INFO - DAG(s) 'example_python_decorator' retrieved from /Users/alexkim/Desktop/Projects/ETL_Projects/redditviz/venv/lib/python3.12/site-packages/airflow/example_dags/example_python_decorator.py
[2024-07-28T14:13:16.987-0500] {logging_mixin.py:188} INFO - [2024-07-28T14:13:16.987-0500] {dag.py:3089} INFO - Sync 1 DAGs
[2024-07-28T14:13:16.990-0500] {logging_mixin.py:188} INFO - [2024-07-28T14:13:16.990-0500] {dag.py:3947} INFO - Setting next_dagrun for example_python_decorator to None, run_after=None
[2024-07-28T14:13:16.996-0500] {processor.py:183} INFO - Processing /Users/alexkim/Desktop/Projects/ETL_Projects/redditviz/venv/lib/python3.12/site-packages/airflow/example_dags/example_python_decorator.py took 0.061 seconds
