[2024-07-28T14:01:13.161-0500] {processor.py:161} INFO - Started process (PID=33231) to work on /Users/alexkim/Desktop/Projects/ETL_Projects/redditviz/venv/lib/python3.12/site-packages/airflow/example_dags/example_bash_operator.py
[2024-07-28T14:01:13.161-0500] {processor.py:830} INFO - Processing file /Users/alexkim/Desktop/Projects/ETL_Projects/redditviz/venv/lib/python3.12/site-packages/airflow/example_dags/example_bash_operator.py for tasks to queue
[2024-07-28T14:01:13.161-0500] {logging_mixin.py:188} INFO - [2024-07-28T14:01:13.161-0500] {dagbag.py:545} INFO - Filling up the DagBag from /Users/alexkim/Desktop/Projects/ETL_Projects/redditviz/venv/lib/python3.12/site-packages/airflow/example_dags/example_bash_operator.py
[2024-07-28T14:01:13.166-0500] {processor.py:840} INFO - DAG(s) 'example_bash_operator' retrieved from /Users/alexkim/Desktop/Projects/ETL_Projects/redditviz/venv/lib/python3.12/site-packages/airflow/example_dags/example_bash_operator.py
[2024-07-28T14:01:13.227-0500] {logging_mixin.py:188} INFO - [2024-07-28T14:01:13.227-0500] {override.py:1858} INFO - Created Permission View: can read on DAG:example_bash_operator
[2024-07-28T14:01:13.229-0500] {logging_mixin.py:188} INFO - [2024-07-28T14:01:13.229-0500] {override.py:1858} INFO - Created Permission View: can edit on DAG:example_bash_operator
[2024-07-28T14:01:13.231-0500] {logging_mixin.py:188} INFO - [2024-07-28T14:01:13.231-0500] {override.py:1858} INFO - Created Permission View: can delete on DAG:example_bash_operator
[2024-07-28T14:01:13.231-0500] {logging_mixin.py:188} INFO - [2024-07-28T14:01:13.231-0500] {dag.py:3089} INFO - Sync 1 DAGs
[2024-07-28T14:01:13.234-0500] {logging_mixin.py:188} INFO - [2024-07-28T14:01:13.234-0500] {dag.py:3111} INFO - Creating ORM DAG for example_bash_operator
[2024-07-28T14:01:13.237-0500] {logging_mixin.py:188} INFO - [2024-07-28T14:01:13.237-0500] {dag.py:3947} INFO - Setting next_dagrun for example_bash_operator to 2024-07-27 00:00:00+00:00, run_after=2024-07-28 00:00:00+00:00
[2024-07-28T14:01:13.242-0500] {processor.py:183} INFO - Processing /Users/alexkim/Desktop/Projects/ETL_Projects/redditviz/venv/lib/python3.12/site-packages/airflow/example_dags/example_bash_operator.py took 0.082 seconds
[2024-07-28T14:02:59.585-0500] {processor.py:161} INFO - Started process (PID=33325) to work on /Users/alexkim/Desktop/Projects/ETL_Projects/redditviz/venv/lib/python3.12/site-packages/airflow/example_dags/example_bash_operator.py
[2024-07-28T14:02:59.586-0500] {processor.py:830} INFO - Processing file /Users/alexkim/Desktop/Projects/ETL_Projects/redditviz/venv/lib/python3.12/site-packages/airflow/example_dags/example_bash_operator.py for tasks to queue
[2024-07-28T14:02:59.586-0500] {logging_mixin.py:188} INFO - [2024-07-28T14:02:59.586-0500] {dagbag.py:545} INFO - Filling up the DagBag from /Users/alexkim/Desktop/Projects/ETL_Projects/redditviz/venv/lib/python3.12/site-packages/airflow/example_dags/example_bash_operator.py
[2024-07-28T14:02:59.591-0500] {processor.py:840} INFO - DAG(s) 'example_bash_operator' retrieved from /Users/alexkim/Desktop/Projects/ETL_Projects/redditviz/venv/lib/python3.12/site-packages/airflow/example_dags/example_bash_operator.py
[2024-07-28T14:02:59.622-0500] {logging_mixin.py:188} INFO - [2024-07-28T14:02:59.622-0500] {dag.py:3089} INFO - Sync 1 DAGs
[2024-07-28T14:02:59.628-0500] {logging_mixin.py:188} INFO - [2024-07-28T14:02:59.628-0500] {dag.py:3947} INFO - Setting next_dagrun for example_bash_operator to 2024-07-27 00:00:00+00:00, run_after=2024-07-28 00:00:00+00:00
[2024-07-28T14:02:59.634-0500] {processor.py:183} INFO - Processing /Users/alexkim/Desktop/Projects/ETL_Projects/redditviz/venv/lib/python3.12/site-packages/airflow/example_dags/example_bash_operator.py took 0.049 seconds
[2024-07-28T14:04:36.774-0500] {processor.py:161} INFO - Started process (PID=33420) to work on /Users/alexkim/Desktop/Projects/ETL_Projects/redditviz/venv/lib/python3.12/site-packages/airflow/example_dags/example_bash_operator.py
[2024-07-28T14:04:36.774-0500] {processor.py:830} INFO - Processing file /Users/alexkim/Desktop/Projects/ETL_Projects/redditviz/venv/lib/python3.12/site-packages/airflow/example_dags/example_bash_operator.py for tasks to queue
[2024-07-28T14:04:36.775-0500] {logging_mixin.py:188} INFO - [2024-07-28T14:04:36.774-0500] {dagbag.py:545} INFO - Filling up the DagBag from /Users/alexkim/Desktop/Projects/ETL_Projects/redditviz/venv/lib/python3.12/site-packages/airflow/example_dags/example_bash_operator.py
[2024-07-28T14:04:36.779-0500] {processor.py:840} INFO - DAG(s) 'example_bash_operator' retrieved from /Users/alexkim/Desktop/Projects/ETL_Projects/redditviz/venv/lib/python3.12/site-packages/airflow/example_dags/example_bash_operator.py
[2024-07-28T14:04:36.818-0500] {logging_mixin.py:188} INFO - [2024-07-28T14:04:36.818-0500] {dag.py:3089} INFO - Sync 1 DAGs
[2024-07-28T14:04:36.825-0500] {logging_mixin.py:188} INFO - [2024-07-28T14:04:36.825-0500] {dag.py:3947} INFO - Setting next_dagrun for example_bash_operator to 2024-07-27 00:00:00+00:00, run_after=2024-07-28 00:00:00+00:00
[2024-07-28T14:04:36.831-0500] {processor.py:183} INFO - Processing /Users/alexkim/Desktop/Projects/ETL_Projects/redditviz/venv/lib/python3.12/site-packages/airflow/example_dags/example_bash_operator.py took 0.058 seconds
[2024-07-28T14:06:29.979-0500] {processor.py:161} INFO - Started process (PID=33588) to work on /Users/alexkim/Desktop/Projects/ETL_Projects/redditviz/venv/lib/python3.12/site-packages/airflow/example_dags/example_bash_operator.py
[2024-07-28T14:06:29.980-0500] {processor.py:830} INFO - Processing file /Users/alexkim/Desktop/Projects/ETL_Projects/redditviz/venv/lib/python3.12/site-packages/airflow/example_dags/example_bash_operator.py for tasks to queue
[2024-07-28T14:06:29.980-0500] {logging_mixin.py:188} INFO - [2024-07-28T14:06:29.980-0500] {dagbag.py:545} INFO - Filling up the DagBag from /Users/alexkim/Desktop/Projects/ETL_Projects/redditviz/venv/lib/python3.12/site-packages/airflow/example_dags/example_bash_operator.py
[2024-07-28T14:06:29.985-0500] {processor.py:840} INFO - DAG(s) 'example_bash_operator' retrieved from /Users/alexkim/Desktop/Projects/ETL_Projects/redditviz/venv/lib/python3.12/site-packages/airflow/example_dags/example_bash_operator.py
[2024-07-28T14:06:30.018-0500] {logging_mixin.py:188} INFO - [2024-07-28T14:06:30.018-0500] {dag.py:3089} INFO - Sync 1 DAGs
[2024-07-28T14:06:30.023-0500] {logging_mixin.py:188} INFO - [2024-07-28T14:06:30.023-0500] {dag.py:3947} INFO - Setting next_dagrun for example_bash_operator to 2024-07-27 00:00:00+00:00, run_after=2024-07-28 00:00:00+00:00
[2024-07-28T14:06:30.029-0500] {processor.py:183} INFO - Processing /Users/alexkim/Desktop/Projects/ETL_Projects/redditviz/venv/lib/python3.12/site-packages/airflow/example_dags/example_bash_operator.py took 0.051 seconds
[2024-07-28T14:08:31.732-0500] {processor.py:161} INFO - Started process (PID=33729) to work on /Users/alexkim/Desktop/Projects/ETL_Projects/redditviz/venv/lib/python3.12/site-packages/airflow/example_dags/example_bash_operator.py
[2024-07-28T14:08:31.733-0500] {processor.py:830} INFO - Processing file /Users/alexkim/Desktop/Projects/ETL_Projects/redditviz/venv/lib/python3.12/site-packages/airflow/example_dags/example_bash_operator.py for tasks to queue
[2024-07-28T14:08:31.733-0500] {logging_mixin.py:188} INFO - [2024-07-28T14:08:31.733-0500] {dagbag.py:545} INFO - Filling up the DagBag from /Users/alexkim/Desktop/Projects/ETL_Projects/redditviz/venv/lib/python3.12/site-packages/airflow/example_dags/example_bash_operator.py
[2024-07-28T14:08:31.737-0500] {processor.py:840} INFO - DAG(s) 'example_bash_operator' retrieved from /Users/alexkim/Desktop/Projects/ETL_Projects/redditviz/venv/lib/python3.12/site-packages/airflow/example_dags/example_bash_operator.py
[2024-07-28T14:08:31.769-0500] {logging_mixin.py:188} INFO - [2024-07-28T14:08:31.769-0500] {dag.py:3089} INFO - Sync 1 DAGs
[2024-07-28T14:08:31.775-0500] {logging_mixin.py:188} INFO - [2024-07-28T14:08:31.775-0500] {dag.py:3947} INFO - Setting next_dagrun for example_bash_operator to 2024-07-27 00:00:00+00:00, run_after=2024-07-28 00:00:00+00:00
[2024-07-28T14:08:31.780-0500] {processor.py:183} INFO - Processing /Users/alexkim/Desktop/Projects/ETL_Projects/redditviz/venv/lib/python3.12/site-packages/airflow/example_dags/example_bash_operator.py took 0.049 seconds
[2024-07-28T14:10:25.241-0500] {processor.py:161} INFO - Started process (PID=33866) to work on /Users/alexkim/Desktop/Projects/ETL_Projects/redditviz/venv/lib/python3.12/site-packages/airflow/example_dags/example_bash_operator.py
[2024-07-28T14:10:25.242-0500] {processor.py:830} INFO - Processing file /Users/alexkim/Desktop/Projects/ETL_Projects/redditviz/venv/lib/python3.12/site-packages/airflow/example_dags/example_bash_operator.py for tasks to queue
[2024-07-28T14:10:25.242-0500] {logging_mixin.py:188} INFO - [2024-07-28T14:10:25.242-0500] {dagbag.py:545} INFO - Filling up the DagBag from /Users/alexkim/Desktop/Projects/ETL_Projects/redditviz/venv/lib/python3.12/site-packages/airflow/example_dags/example_bash_operator.py
[2024-07-28T14:10:25.247-0500] {processor.py:840} INFO - DAG(s) 'example_bash_operator' retrieved from /Users/alexkim/Desktop/Projects/ETL_Projects/redditviz/venv/lib/python3.12/site-packages/airflow/example_dags/example_bash_operator.py
[2024-07-28T14:10:25.284-0500] {logging_mixin.py:188} INFO - [2024-07-28T14:10:25.284-0500] {dag.py:3089} INFO - Sync 1 DAGs
[2024-07-28T14:10:25.290-0500] {logging_mixin.py:188} INFO - [2024-07-28T14:10:25.290-0500] {dag.py:3947} INFO - Setting next_dagrun for example_bash_operator to 2024-07-27 00:00:00+00:00, run_after=2024-07-28 00:00:00+00:00
[2024-07-28T14:10:25.297-0500] {processor.py:183} INFO - Processing /Users/alexkim/Desktop/Projects/ETL_Projects/redditviz/venv/lib/python3.12/site-packages/airflow/example_dags/example_bash_operator.py took 0.056 seconds
[2024-07-28T14:12:24.371-0500] {processor.py:161} INFO - Started process (PID=33977) to work on /Users/alexkim/Desktop/Projects/ETL_Projects/redditviz/venv/lib/python3.12/site-packages/airflow/example_dags/example_bash_operator.py
[2024-07-28T14:12:24.371-0500] {processor.py:830} INFO - Processing file /Users/alexkim/Desktop/Projects/ETL_Projects/redditviz/venv/lib/python3.12/site-packages/airflow/example_dags/example_bash_operator.py for tasks to queue
[2024-07-28T14:12:24.372-0500] {logging_mixin.py:188} INFO - [2024-07-28T14:12:24.371-0500] {dagbag.py:545} INFO - Filling up the DagBag from /Users/alexkim/Desktop/Projects/ETL_Projects/redditviz/venv/lib/python3.12/site-packages/airflow/example_dags/example_bash_operator.py
[2024-07-28T14:12:24.376-0500] {processor.py:840} INFO - DAG(s) 'example_bash_operator' retrieved from /Users/alexkim/Desktop/Projects/ETL_Projects/redditviz/venv/lib/python3.12/site-packages/airflow/example_dags/example_bash_operator.py
[2024-07-28T14:12:24.409-0500] {logging_mixin.py:188} INFO - [2024-07-28T14:12:24.408-0500] {dag.py:3089} INFO - Sync 1 DAGs
[2024-07-28T14:12:24.414-0500] {logging_mixin.py:188} INFO - [2024-07-28T14:12:24.414-0500] {dag.py:3947} INFO - Setting next_dagrun for example_bash_operator to 2024-07-27 00:00:00+00:00, run_after=2024-07-28 00:00:00+00:00
[2024-07-28T14:12:24.421-0500] {processor.py:183} INFO - Processing /Users/alexkim/Desktop/Projects/ETL_Projects/redditviz/venv/lib/python3.12/site-packages/airflow/example_dags/example_bash_operator.py took 0.051 seconds
[2024-07-28T14:14:27.325-0500] {processor.py:161} INFO - Started process (PID=34144) to work on /Users/alexkim/Desktop/Projects/ETL_Projects/redditviz/venv/lib/python3.12/site-packages/airflow/example_dags/example_bash_operator.py
[2024-07-28T14:14:27.326-0500] {processor.py:830} INFO - Processing file /Users/alexkim/Desktop/Projects/ETL_Projects/redditviz/venv/lib/python3.12/site-packages/airflow/example_dags/example_bash_operator.py for tasks to queue
[2024-07-28T14:14:27.326-0500] {logging_mixin.py:188} INFO - [2024-07-28T14:14:27.326-0500] {dagbag.py:545} INFO - Filling up the DagBag from /Users/alexkim/Desktop/Projects/ETL_Projects/redditviz/venv/lib/python3.12/site-packages/airflow/example_dags/example_bash_operator.py
[2024-07-28T14:14:27.331-0500] {processor.py:840} INFO - DAG(s) 'example_bash_operator' retrieved from /Users/alexkim/Desktop/Projects/ETL_Projects/redditviz/venv/lib/python3.12/site-packages/airflow/example_dags/example_bash_operator.py
[2024-07-28T14:14:27.368-0500] {logging_mixin.py:188} INFO - [2024-07-28T14:14:27.368-0500] {dag.py:3089} INFO - Sync 1 DAGs
[2024-07-28T14:14:27.375-0500] {logging_mixin.py:188} INFO - [2024-07-28T14:14:27.375-0500] {dag.py:3947} INFO - Setting next_dagrun for example_bash_operator to 2024-07-27 00:00:00+00:00, run_after=2024-07-28 00:00:00+00:00
[2024-07-28T14:14:27.382-0500] {processor.py:183} INFO - Processing /Users/alexkim/Desktop/Projects/ETL_Projects/redditviz/venv/lib/python3.12/site-packages/airflow/example_dags/example_bash_operator.py took 0.057 seconds
