[2024-07-28T14:01:01.030-0500] {processor.py:161} INFO - Started process (PID=33224) to work on /Users/alexkim/Desktop/Projects/ETL_Projects/redditviz/venv/lib/python3.12/site-packages/airflow/example_dags/example_complex.py
[2024-07-28T14:01:01.030-0500] {processor.py:830} INFO - Processing file /Users/alexkim/Desktop/Projects/ETL_Projects/redditviz/venv/lib/python3.12/site-packages/airflow/example_dags/example_complex.py for tasks to queue
[2024-07-28T14:01:01.031-0500] {logging_mixin.py:188} INFO - [2024-07-28T14:01:01.030-0500] {dagbag.py:545} INFO - Filling up the DagBag from /Users/alexkim/Desktop/Projects/ETL_Projects/redditviz/venv/lib/python3.12/site-packages/airflow/example_dags/example_complex.py
[2024-07-28T14:01:01.035-0500] {processor.py:840} INFO - DAG(s) 'example_complex' retrieved from /Users/alexkim/Desktop/Projects/ETL_Projects/redditviz/venv/lib/python3.12/site-packages/airflow/example_dags/example_complex.py
[2024-07-28T14:01:01.106-0500] {logging_mixin.py:188} INFO - [2024-07-28T14:01:01.106-0500] {override.py:1858} INFO - Created Permission View: can delete on DAG:example_complex
[2024-07-28T14:01:01.109-0500] {logging_mixin.py:188} INFO - [2024-07-28T14:01:01.109-0500] {override.py:1858} INFO - Created Permission View: can read on DAG:example_complex
[2024-07-28T14:01:01.111-0500] {logging_mixin.py:188} INFO - [2024-07-28T14:01:01.111-0500] {override.py:1858} INFO - Created Permission View: can edit on DAG:example_complex
[2024-07-28T14:01:01.111-0500] {logging_mixin.py:188} INFO - [2024-07-28T14:01:01.111-0500] {dag.py:3089} INFO - Sync 1 DAGs
[2024-07-28T14:01:01.117-0500] {logging_mixin.py:188} INFO - [2024-07-28T14:01:01.117-0500] {dag.py:3111} INFO - Creating ORM DAG for example_complex
[2024-07-28T14:01:01.118-0500] {logging_mixin.py:188} INFO - [2024-07-28T14:01:01.118-0500] {dag.py:3947} INFO - Setting next_dagrun for example_complex to None, run_after=None
[2024-07-28T14:01:01.131-0500] {processor.py:183} INFO - Processing /Users/alexkim/Desktop/Projects/ETL_Projects/redditviz/venv/lib/python3.12/site-packages/airflow/example_dags/example_complex.py took 0.103 seconds
[2024-07-28T14:02:47.526-0500] {processor.py:161} INFO - Started process (PID=33317) to work on /Users/alexkim/Desktop/Projects/ETL_Projects/redditviz/venv/lib/python3.12/site-packages/airflow/example_dags/example_complex.py
[2024-07-28T14:02:47.527-0500] {processor.py:830} INFO - Processing file /Users/alexkim/Desktop/Projects/ETL_Projects/redditviz/venv/lib/python3.12/site-packages/airflow/example_dags/example_complex.py for tasks to queue
[2024-07-28T14:02:47.527-0500] {logging_mixin.py:188} INFO - [2024-07-28T14:02:47.527-0500] {dagbag.py:545} INFO - Filling up the DagBag from /Users/alexkim/Desktop/Projects/ETL_Projects/redditviz/venv/lib/python3.12/site-packages/airflow/example_dags/example_complex.py
[2024-07-28T14:02:47.535-0500] {processor.py:840} INFO - DAG(s) 'example_complex' retrieved from /Users/alexkim/Desktop/Projects/ETL_Projects/redditviz/venv/lib/python3.12/site-packages/airflow/example_dags/example_complex.py
[2024-07-28T14:02:47.583-0500] {logging_mixin.py:188} INFO - [2024-07-28T14:02:47.582-0500] {dag.py:3089} INFO - Sync 1 DAGs
[2024-07-28T14:02:47.587-0500] {logging_mixin.py:188} INFO - [2024-07-28T14:02:47.587-0500] {dag.py:3947} INFO - Setting next_dagrun for example_complex to None, run_after=None
[2024-07-28T14:02:47.596-0500] {processor.py:183} INFO - Processing /Users/alexkim/Desktop/Projects/ETL_Projects/redditviz/venv/lib/python3.12/site-packages/airflow/example_dags/example_complex.py took 0.072 seconds
[2024-07-28T14:04:26.054-0500] {processor.py:161} INFO - Started process (PID=33411) to work on /Users/alexkim/Desktop/Projects/ETL_Projects/redditviz/venv/lib/python3.12/site-packages/airflow/example_dags/example_complex.py
[2024-07-28T14:04:26.054-0500] {processor.py:830} INFO - Processing file /Users/alexkim/Desktop/Projects/ETL_Projects/redditviz/venv/lib/python3.12/site-packages/airflow/example_dags/example_complex.py for tasks to queue
[2024-07-28T14:04:26.054-0500] {logging_mixin.py:188} INFO - [2024-07-28T14:04:26.054-0500] {dagbag.py:545} INFO - Filling up the DagBag from /Users/alexkim/Desktop/Projects/ETL_Projects/redditviz/venv/lib/python3.12/site-packages/airflow/example_dags/example_complex.py
[2024-07-28T14:04:26.058-0500] {processor.py:840} INFO - DAG(s) 'example_complex' retrieved from /Users/alexkim/Desktop/Projects/ETL_Projects/redditviz/venv/lib/python3.12/site-packages/airflow/example_dags/example_complex.py
[2024-07-28T14:04:26.094-0500] {logging_mixin.py:188} INFO - [2024-07-28T14:04:26.094-0500] {dag.py:3089} INFO - Sync 1 DAGs
[2024-07-28T14:04:26.097-0500] {logging_mixin.py:188} INFO - [2024-07-28T14:04:26.097-0500] {dag.py:3947} INFO - Setting next_dagrun for example_complex to None, run_after=None
[2024-07-28T14:04:26.103-0500] {processor.py:183} INFO - Processing /Users/alexkim/Desktop/Projects/ETL_Projects/redditviz/venv/lib/python3.12/site-packages/airflow/example_dags/example_complex.py took 0.050 seconds
[2024-07-28T14:06:17.818-0500] {processor.py:161} INFO - Started process (PID=33578) to work on /Users/alexkim/Desktop/Projects/ETL_Projects/redditviz/venv/lib/python3.12/site-packages/airflow/example_dags/example_complex.py
[2024-07-28T14:06:17.819-0500] {processor.py:830} INFO - Processing file /Users/alexkim/Desktop/Projects/ETL_Projects/redditviz/venv/lib/python3.12/site-packages/airflow/example_dags/example_complex.py for tasks to queue
[2024-07-28T14:06:17.819-0500] {logging_mixin.py:188} INFO - [2024-07-28T14:06:17.819-0500] {dagbag.py:545} INFO - Filling up the DagBag from /Users/alexkim/Desktop/Projects/ETL_Projects/redditviz/venv/lib/python3.12/site-packages/airflow/example_dags/example_complex.py
[2024-07-28T14:06:17.823-0500] {processor.py:840} INFO - DAG(s) 'example_complex' retrieved from /Users/alexkim/Desktop/Projects/ETL_Projects/redditviz/venv/lib/python3.12/site-packages/airflow/example_dags/example_complex.py
[2024-07-28T14:06:17.857-0500] {logging_mixin.py:188} INFO - [2024-07-28T14:06:17.857-0500] {dag.py:3089} INFO - Sync 1 DAGs
[2024-07-28T14:06:17.860-0500] {logging_mixin.py:188} INFO - [2024-07-28T14:06:17.860-0500] {dag.py:3947} INFO - Setting next_dagrun for example_complex to None, run_after=None
[2024-07-28T14:06:17.866-0500] {processor.py:183} INFO - Processing /Users/alexkim/Desktop/Projects/ETL_Projects/redditviz/venv/lib/python3.12/site-packages/airflow/example_dags/example_complex.py took 0.049 seconds
[2024-07-28T14:08:20.192-0500] {processor.py:161} INFO - Started process (PID=33721) to work on /Users/alexkim/Desktop/Projects/ETL_Projects/redditviz/venv/lib/python3.12/site-packages/airflow/example_dags/example_complex.py
[2024-07-28T14:08:20.192-0500] {processor.py:830} INFO - Processing file /Users/alexkim/Desktop/Projects/ETL_Projects/redditviz/venv/lib/python3.12/site-packages/airflow/example_dags/example_complex.py for tasks to queue
[2024-07-28T14:08:20.193-0500] {logging_mixin.py:188} INFO - [2024-07-28T14:08:20.193-0500] {dagbag.py:545} INFO - Filling up the DagBag from /Users/alexkim/Desktop/Projects/ETL_Projects/redditviz/venv/lib/python3.12/site-packages/airflow/example_dags/example_complex.py
[2024-07-28T14:08:20.197-0500] {processor.py:840} INFO - DAG(s) 'example_complex' retrieved from /Users/alexkim/Desktop/Projects/ETL_Projects/redditviz/venv/lib/python3.12/site-packages/airflow/example_dags/example_complex.py
[2024-07-28T14:08:20.235-0500] {logging_mixin.py:188} INFO - [2024-07-28T14:08:20.235-0500] {dag.py:3089} INFO - Sync 1 DAGs
[2024-07-28T14:08:20.239-0500] {logging_mixin.py:188} INFO - [2024-07-28T14:08:20.239-0500] {dag.py:3947} INFO - Setting next_dagrun for example_complex to None, run_after=None
[2024-07-28T14:08:20.245-0500] {processor.py:183} INFO - Processing /Users/alexkim/Desktop/Projects/ETL_Projects/redditviz/venv/lib/python3.12/site-packages/airflow/example_dags/example_complex.py took 0.054 seconds
[2024-07-28T14:10:12.780-0500] {processor.py:161} INFO - Started process (PID=33855) to work on /Users/alexkim/Desktop/Projects/ETL_Projects/redditviz/venv/lib/python3.12/site-packages/airflow/example_dags/example_complex.py
[2024-07-28T14:10:12.781-0500] {processor.py:830} INFO - Processing file /Users/alexkim/Desktop/Projects/ETL_Projects/redditviz/venv/lib/python3.12/site-packages/airflow/example_dags/example_complex.py for tasks to queue
[2024-07-28T14:10:12.781-0500] {logging_mixin.py:188} INFO - [2024-07-28T14:10:12.781-0500] {dagbag.py:545} INFO - Filling up the DagBag from /Users/alexkim/Desktop/Projects/ETL_Projects/redditviz/venv/lib/python3.12/site-packages/airflow/example_dags/example_complex.py
[2024-07-28T14:10:12.786-0500] {processor.py:840} INFO - DAG(s) 'example_complex' retrieved from /Users/alexkim/Desktop/Projects/ETL_Projects/redditviz/venv/lib/python3.12/site-packages/airflow/example_dags/example_complex.py
[2024-07-28T14:10:12.831-0500] {logging_mixin.py:188} INFO - [2024-07-28T14:10:12.831-0500] {dag.py:3089} INFO - Sync 1 DAGs
[2024-07-28T14:10:12.835-0500] {logging_mixin.py:188} INFO - [2024-07-28T14:10:12.835-0500] {dag.py:3947} INFO - Setting next_dagrun for example_complex to None, run_after=None
[2024-07-28T14:10:12.845-0500] {processor.py:183} INFO - Processing /Users/alexkim/Desktop/Projects/ETL_Projects/redditviz/venv/lib/python3.12/site-packages/airflow/example_dags/example_complex.py took 0.066 seconds
[2024-07-28T14:12:13.213-0500] {processor.py:161} INFO - Started process (PID=33969) to work on /Users/alexkim/Desktop/Projects/ETL_Projects/redditviz/venv/lib/python3.12/site-packages/airflow/example_dags/example_complex.py
[2024-07-28T14:12:13.214-0500] {processor.py:830} INFO - Processing file /Users/alexkim/Desktop/Projects/ETL_Projects/redditviz/venv/lib/python3.12/site-packages/airflow/example_dags/example_complex.py for tasks to queue
[2024-07-28T14:12:13.214-0500] {logging_mixin.py:188} INFO - [2024-07-28T14:12:13.214-0500] {dagbag.py:545} INFO - Filling up the DagBag from /Users/alexkim/Desktop/Projects/ETL_Projects/redditviz/venv/lib/python3.12/site-packages/airflow/example_dags/example_complex.py
[2024-07-28T14:12:13.218-0500] {processor.py:840} INFO - DAG(s) 'example_complex' retrieved from /Users/alexkim/Desktop/Projects/ETL_Projects/redditviz/venv/lib/python3.12/site-packages/airflow/example_dags/example_complex.py
[2024-07-28T14:12:13.252-0500] {logging_mixin.py:188} INFO - [2024-07-28T14:12:13.252-0500] {dag.py:3089} INFO - Sync 1 DAGs
[2024-07-28T14:12:13.256-0500] {logging_mixin.py:188} INFO - [2024-07-28T14:12:13.255-0500] {dag.py:3947} INFO - Setting next_dagrun for example_complex to None, run_after=None
[2024-07-28T14:12:13.261-0500] {processor.py:183} INFO - Processing /Users/alexkim/Desktop/Projects/ETL_Projects/redditviz/venv/lib/python3.12/site-packages/airflow/example_dags/example_complex.py took 0.049 seconds
[2024-07-28T14:14:14.857-0500] {processor.py:161} INFO - Started process (PID=34121) to work on /Users/alexkim/Desktop/Projects/ETL_Projects/redditviz/venv/lib/python3.12/site-packages/airflow/example_dags/example_complex.py
[2024-07-28T14:14:14.857-0500] {processor.py:830} INFO - Processing file /Users/alexkim/Desktop/Projects/ETL_Projects/redditviz/venv/lib/python3.12/site-packages/airflow/example_dags/example_complex.py for tasks to queue
[2024-07-28T14:14:14.857-0500] {logging_mixin.py:188} INFO - [2024-07-28T14:14:14.857-0500] {dagbag.py:545} INFO - Filling up the DagBag from /Users/alexkim/Desktop/Projects/ETL_Projects/redditviz/venv/lib/python3.12/site-packages/airflow/example_dags/example_complex.py
[2024-07-28T14:14:14.862-0500] {processor.py:840} INFO - DAG(s) 'example_complex' retrieved from /Users/alexkim/Desktop/Projects/ETL_Projects/redditviz/venv/lib/python3.12/site-packages/airflow/example_dags/example_complex.py
[2024-07-28T14:14:14.902-0500] {logging_mixin.py:188} INFO - [2024-07-28T14:14:14.902-0500] {dag.py:3089} INFO - Sync 1 DAGs
[2024-07-28T14:14:14.907-0500] {logging_mixin.py:188} INFO - [2024-07-28T14:14:14.907-0500] {dag.py:3947} INFO - Setting next_dagrun for example_complex to None, run_after=None
[2024-07-28T14:14:14.917-0500] {processor.py:183} INFO - Processing /Users/alexkim/Desktop/Projects/ETL_Projects/redditviz/venv/lib/python3.12/site-packages/airflow/example_dags/example_complex.py took 0.061 seconds
