[2024-07-28T14:00:28.130-0500] {processor.py:161} INFO - Started process (PID=33182) to work on /Users/alexkim/Desktop/Projects/ETL_Projects/redditviz/venv/lib/python3.12/site-packages/airflow/example_dags/example_setup_teardown.py
[2024-07-28T14:00:28.130-0500] {processor.py:830} INFO - Processing file /Users/alexkim/Desktop/Projects/ETL_Projects/redditviz/venv/lib/python3.12/site-packages/airflow/example_dags/example_setup_teardown.py for tasks to queue
[2024-07-28T14:00:28.130-0500] {logging_mixin.py:188} INFO - [2024-07-28T14:00:28.130-0500] {dagbag.py:545} INFO - Filling up the DagBag from /Users/alexkim/Desktop/Projects/ETL_Projects/redditviz/venv/lib/python3.12/site-packages/airflow/example_dags/example_setup_teardown.py
[2024-07-28T14:00:28.134-0500] {processor.py:840} INFO - DAG(s) 'example_setup_teardown' retrieved from /Users/alexkim/Desktop/Projects/ETL_Projects/redditviz/venv/lib/python3.12/site-packages/airflow/example_dags/example_setup_teardown.py
[2024-07-28T14:00:28.191-0500] {logging_mixin.py:188} INFO - [2024-07-28T14:00:28.191-0500] {override.py:1858} INFO - Created Permission View: can read on DAG:example_setup_teardown
[2024-07-28T14:00:28.193-0500] {logging_mixin.py:188} INFO - [2024-07-28T14:00:28.193-0500] {override.py:1858} INFO - Created Permission View: can edit on DAG:example_setup_teardown
[2024-07-28T14:00:28.195-0500] {logging_mixin.py:188} INFO - [2024-07-28T14:00:28.195-0500] {override.py:1858} INFO - Created Permission View: can delete on DAG:example_setup_teardown
[2024-07-28T14:00:28.195-0500] {logging_mixin.py:188} INFO - [2024-07-28T14:00:28.195-0500] {dag.py:3089} INFO - Sync 1 DAGs
[2024-07-28T14:00:28.198-0500] {logging_mixin.py:188} INFO - [2024-07-28T14:00:28.198-0500] {dag.py:3111} INFO - Creating ORM DAG for example_setup_teardown
[2024-07-28T14:00:28.200-0500] {logging_mixin.py:188} INFO - [2024-07-28T14:00:28.200-0500] {dag.py:3947} INFO - Setting next_dagrun for example_setup_teardown to 2024-07-27 00:00:00+00:00, run_after=2024-07-28 00:00:00+00:00
[2024-07-28T14:00:28.205-0500] {processor.py:183} INFO - Processing /Users/alexkim/Desktop/Projects/ETL_Projects/redditviz/venv/lib/python3.12/site-packages/airflow/example_dags/example_setup_teardown.py took 0.076 seconds
[2024-07-28T14:01:56.940-0500] {processor.py:161} INFO - Started process (PID=33270) to work on /Users/alexkim/Desktop/Projects/ETL_Projects/redditviz/venv/lib/python3.12/site-packages/airflow/example_dags/example_setup_teardown.py
[2024-07-28T14:01:56.941-0500] {processor.py:830} INFO - Processing file /Users/alexkim/Desktop/Projects/ETL_Projects/redditviz/venv/lib/python3.12/site-packages/airflow/example_dags/example_setup_teardown.py for tasks to queue
[2024-07-28T14:01:56.941-0500] {logging_mixin.py:188} INFO - [2024-07-28T14:01:56.941-0500] {dagbag.py:545} INFO - Filling up the DagBag from /Users/alexkim/Desktop/Projects/ETL_Projects/redditviz/venv/lib/python3.12/site-packages/airflow/example_dags/example_setup_teardown.py
[2024-07-28T14:01:56.947-0500] {processor.py:840} INFO - DAG(s) 'example_setup_teardown' retrieved from /Users/alexkim/Desktop/Projects/ETL_Projects/redditviz/venv/lib/python3.12/site-packages/airflow/example_dags/example_setup_teardown.py
[2024-07-28T14:01:56.984-0500] {logging_mixin.py:188} INFO - [2024-07-28T14:01:56.984-0500] {dag.py:3089} INFO - Sync 1 DAGs
[2024-07-28T14:01:56.990-0500] {logging_mixin.py:188} INFO - [2024-07-28T14:01:56.990-0500] {dag.py:3947} INFO - Setting next_dagrun for example_setup_teardown to 2024-07-27 00:00:00+00:00, run_after=2024-07-28 00:00:00+00:00
[2024-07-28T14:01:56.995-0500] {processor.py:183} INFO - Processing /Users/alexkim/Desktop/Projects/ETL_Projects/redditviz/venv/lib/python3.12/site-packages/airflow/example_dags/example_setup_teardown.py took 0.056 seconds
[2024-07-28T14:03:32.848-0500] {processor.py:161} INFO - Started process (PID=33357) to work on /Users/alexkim/Desktop/Projects/ETL_Projects/redditviz/venv/lib/python3.12/site-packages/airflow/example_dags/example_setup_teardown.py
[2024-07-28T14:03:32.849-0500] {processor.py:830} INFO - Processing file /Users/alexkim/Desktop/Projects/ETL_Projects/redditviz/venv/lib/python3.12/site-packages/airflow/example_dags/example_setup_teardown.py for tasks to queue
[2024-07-28T14:03:32.849-0500] {logging_mixin.py:188} INFO - [2024-07-28T14:03:32.849-0500] {dagbag.py:545} INFO - Filling up the DagBag from /Users/alexkim/Desktop/Projects/ETL_Projects/redditviz/venv/lib/python3.12/site-packages/airflow/example_dags/example_setup_teardown.py
[2024-07-28T14:03:32.856-0500] {processor.py:840} INFO - DAG(s) 'example_setup_teardown' retrieved from /Users/alexkim/Desktop/Projects/ETL_Projects/redditviz/venv/lib/python3.12/site-packages/airflow/example_dags/example_setup_teardown.py
[2024-07-28T14:03:32.889-0500] {logging_mixin.py:188} INFO - [2024-07-28T14:03:32.889-0500] {dag.py:3089} INFO - Sync 1 DAGs
[2024-07-28T14:03:32.894-0500] {logging_mixin.py:188} INFO - [2024-07-28T14:03:32.894-0500] {dag.py:3947} INFO - Setting next_dagrun for example_setup_teardown to 2024-07-27 00:00:00+00:00, run_after=2024-07-28 00:00:00+00:00
[2024-07-28T14:03:32.900-0500] {processor.py:183} INFO - Processing /Users/alexkim/Desktop/Projects/ETL_Projects/redditviz/venv/lib/python3.12/site-packages/airflow/example_dags/example_setup_teardown.py took 0.052 seconds
[2024-07-28T14:05:17.801-0500] {processor.py:161} INFO - Started process (PID=33478) to work on /Users/alexkim/Desktop/Projects/ETL_Projects/redditviz/venv/lib/python3.12/site-packages/airflow/example_dags/example_setup_teardown.py
[2024-07-28T14:05:17.802-0500] {processor.py:830} INFO - Processing file /Users/alexkim/Desktop/Projects/ETL_Projects/redditviz/venv/lib/python3.12/site-packages/airflow/example_dags/example_setup_teardown.py for tasks to queue
[2024-07-28T14:05:17.803-0500] {logging_mixin.py:188} INFO - [2024-07-28T14:05:17.803-0500] {dagbag.py:545} INFO - Filling up the DagBag from /Users/alexkim/Desktop/Projects/ETL_Projects/redditviz/venv/lib/python3.12/site-packages/airflow/example_dags/example_setup_teardown.py
[2024-07-28T14:05:17.806-0500] {processor.py:840} INFO - DAG(s) 'example_setup_teardown' retrieved from /Users/alexkim/Desktop/Projects/ETL_Projects/redditviz/venv/lib/python3.12/site-packages/airflow/example_dags/example_setup_teardown.py
[2024-07-28T14:05:17.839-0500] {logging_mixin.py:188} INFO - [2024-07-28T14:05:17.839-0500] {dag.py:3089} INFO - Sync 1 DAGs
[2024-07-28T14:05:17.844-0500] {logging_mixin.py:188} INFO - [2024-07-28T14:05:17.844-0500] {dag.py:3947} INFO - Setting next_dagrun for example_setup_teardown to 2024-07-27 00:00:00+00:00, run_after=2024-07-28 00:00:00+00:00
[2024-07-28T14:05:17.850-0500] {processor.py:183} INFO - Processing /Users/alexkim/Desktop/Projects/ETL_Projects/redditviz/venv/lib/python3.12/site-packages/airflow/example_dags/example_setup_teardown.py took 0.050 seconds
[2024-07-28T14:07:13.031-0500] {processor.py:161} INFO - Started process (PID=33656) to work on /Users/alexkim/Desktop/Projects/ETL_Projects/redditviz/venv/lib/python3.12/site-packages/airflow/example_dags/example_setup_teardown.py
[2024-07-28T14:07:13.031-0500] {processor.py:830} INFO - Processing file /Users/alexkim/Desktop/Projects/ETL_Projects/redditviz/venv/lib/python3.12/site-packages/airflow/example_dags/example_setup_teardown.py for tasks to queue
[2024-07-28T14:07:13.032-0500] {logging_mixin.py:188} INFO - [2024-07-28T14:07:13.031-0500] {dagbag.py:545} INFO - Filling up the DagBag from /Users/alexkim/Desktop/Projects/ETL_Projects/redditviz/venv/lib/python3.12/site-packages/airflow/example_dags/example_setup_teardown.py
[2024-07-28T14:07:13.034-0500] {processor.py:840} INFO - DAG(s) 'example_setup_teardown' retrieved from /Users/alexkim/Desktop/Projects/ETL_Projects/redditviz/venv/lib/python3.12/site-packages/airflow/example_dags/example_setup_teardown.py
[2024-07-28T14:07:13.065-0500] {logging_mixin.py:188} INFO - [2024-07-28T14:07:13.065-0500] {dag.py:3089} INFO - Sync 1 DAGs
[2024-07-28T14:07:13.070-0500] {logging_mixin.py:188} INFO - [2024-07-28T14:07:13.070-0500] {dag.py:3947} INFO - Setting next_dagrun for example_setup_teardown to 2024-07-27 00:00:00+00:00, run_after=2024-07-28 00:00:00+00:00
[2024-07-28T14:07:13.076-0500] {processor.py:183} INFO - Processing /Users/alexkim/Desktop/Projects/ETL_Projects/redditviz/venv/lib/python3.12/site-packages/airflow/example_dags/example_setup_teardown.py took 0.046 seconds
[2024-07-28T14:09:10.855-0500] {processor.py:161} INFO - Started process (PID=33769) to work on /Users/alexkim/Desktop/Projects/ETL_Projects/redditviz/venv/lib/python3.12/site-packages/airflow/example_dags/example_setup_teardown.py
[2024-07-28T14:09:10.855-0500] {processor.py:830} INFO - Processing file /Users/alexkim/Desktop/Projects/ETL_Projects/redditviz/venv/lib/python3.12/site-packages/airflow/example_dags/example_setup_teardown.py for tasks to queue
[2024-07-28T14:09:10.855-0500] {logging_mixin.py:188} INFO - [2024-07-28T14:09:10.855-0500] {dagbag.py:545} INFO - Filling up the DagBag from /Users/alexkim/Desktop/Projects/ETL_Projects/redditviz/venv/lib/python3.12/site-packages/airflow/example_dags/example_setup_teardown.py
[2024-07-28T14:09:10.858-0500] {processor.py:840} INFO - DAG(s) 'example_setup_teardown' retrieved from /Users/alexkim/Desktop/Projects/ETL_Projects/redditviz/venv/lib/python3.12/site-packages/airflow/example_dags/example_setup_teardown.py
[2024-07-28T14:09:10.888-0500] {logging_mixin.py:188} INFO - [2024-07-28T14:09:10.888-0500] {dag.py:3089} INFO - Sync 1 DAGs
[2024-07-28T14:09:10.894-0500] {logging_mixin.py:188} INFO - [2024-07-28T14:09:10.894-0500] {dag.py:3947} INFO - Setting next_dagrun for example_setup_teardown to 2024-07-27 00:00:00+00:00, run_after=2024-07-28 00:00:00+00:00
[2024-07-28T14:09:10.899-0500] {processor.py:183} INFO - Processing /Users/alexkim/Desktop/Projects/ETL_Projects/redditviz/venv/lib/python3.12/site-packages/airflow/example_dags/example_setup_teardown.py took 0.045 seconds
[2024-07-28T14:11:12.097-0500] {processor.py:161} INFO - Started process (PID=33911) to work on /Users/alexkim/Desktop/Projects/ETL_Projects/redditviz/venv/lib/python3.12/site-packages/airflow/example_dags/example_setup_teardown.py
[2024-07-28T14:11:12.098-0500] {processor.py:830} INFO - Processing file /Users/alexkim/Desktop/Projects/ETL_Projects/redditviz/venv/lib/python3.12/site-packages/airflow/example_dags/example_setup_teardown.py for tasks to queue
[2024-07-28T14:11:12.098-0500] {logging_mixin.py:188} INFO - [2024-07-28T14:11:12.098-0500] {dagbag.py:545} INFO - Filling up the DagBag from /Users/alexkim/Desktop/Projects/ETL_Projects/redditviz/venv/lib/python3.12/site-packages/airflow/example_dags/example_setup_teardown.py
[2024-07-28T14:11:12.101-0500] {processor.py:840} INFO - DAG(s) 'example_setup_teardown' retrieved from /Users/alexkim/Desktop/Projects/ETL_Projects/redditviz/venv/lib/python3.12/site-packages/airflow/example_dags/example_setup_teardown.py
[2024-07-28T14:11:12.131-0500] {logging_mixin.py:188} INFO - [2024-07-28T14:11:12.131-0500] {dag.py:3089} INFO - Sync 1 DAGs
[2024-07-28T14:11:12.137-0500] {logging_mixin.py:188} INFO - [2024-07-28T14:11:12.137-0500] {dag.py:3947} INFO - Setting next_dagrun for example_setup_teardown to 2024-07-27 00:00:00+00:00, run_after=2024-07-28 00:00:00+00:00
[2024-07-28T14:11:12.143-0500] {processor.py:183} INFO - Processing /Users/alexkim/Desktop/Projects/ETL_Projects/redditviz/venv/lib/python3.12/site-packages/airflow/example_dags/example_setup_teardown.py took 0.047 seconds
[2024-07-28T14:13:09.785-0500] {processor.py:161} INFO - Started process (PID=34037) to work on /Users/alexkim/Desktop/Projects/ETL_Projects/redditviz/venv/lib/python3.12/site-packages/airflow/example_dags/example_setup_teardown.py
[2024-07-28T14:13:09.786-0500] {processor.py:830} INFO - Processing file /Users/alexkim/Desktop/Projects/ETL_Projects/redditviz/venv/lib/python3.12/site-packages/airflow/example_dags/example_setup_teardown.py for tasks to queue
[2024-07-28T14:13:09.786-0500] {logging_mixin.py:188} INFO - [2024-07-28T14:13:09.786-0500] {dagbag.py:545} INFO - Filling up the DagBag from /Users/alexkim/Desktop/Projects/ETL_Projects/redditviz/venv/lib/python3.12/site-packages/airflow/example_dags/example_setup_teardown.py
[2024-07-28T14:13:09.789-0500] {processor.py:840} INFO - DAG(s) 'example_setup_teardown' retrieved from /Users/alexkim/Desktop/Projects/ETL_Projects/redditviz/venv/lib/python3.12/site-packages/airflow/example_dags/example_setup_teardown.py
[2024-07-28T14:13:09.819-0500] {logging_mixin.py:188} INFO - [2024-07-28T14:13:09.819-0500] {dag.py:3089} INFO - Sync 1 DAGs
[2024-07-28T14:13:09.824-0500] {logging_mixin.py:188} INFO - [2024-07-28T14:13:09.824-0500] {dag.py:3947} INFO - Setting next_dagrun for example_setup_teardown to 2024-07-27 00:00:00+00:00, run_after=2024-07-28 00:00:00+00:00
[2024-07-28T14:13:09.830-0500] {processor.py:183} INFO - Processing /Users/alexkim/Desktop/Projects/ETL_Projects/redditviz/venv/lib/python3.12/site-packages/airflow/example_dags/example_setup_teardown.py took 0.046 seconds
