[2024-07-28T14:00:40.638-0500] {processor.py:161} INFO - Started process (PID=33189) to work on /Users/alexkim/Desktop/Projects/ETL_Projects/redditviz/venv/lib/python3.12/site-packages/airflow/example_dags/example_params_trigger_ui.py
[2024-07-28T14:00:40.639-0500] {processor.py:830} INFO - Processing file /Users/alexkim/Desktop/Projects/ETL_Projects/redditviz/venv/lib/python3.12/site-packages/airflow/example_dags/example_params_trigger_ui.py for tasks to queue
[2024-07-28T14:00:40.639-0500] {logging_mixin.py:188} INFO - [2024-07-28T14:00:40.639-0500] {dagbag.py:545} INFO - Filling up the DagBag from /Users/alexkim/Desktop/Projects/ETL_Projects/redditviz/venv/lib/python3.12/site-packages/airflow/example_dags/example_params_trigger_ui.py
[2024-07-28T14:00:40.652-0500] {processor.py:840} INFO - DAG(s) 'example_params_trigger_ui' retrieved from /Users/alexkim/Desktop/Projects/ETL_Projects/redditviz/venv/lib/python3.12/site-packages/airflow/example_dags/example_params_trigger_ui.py
[2024-07-28T14:00:40.715-0500] {logging_mixin.py:188} INFO - [2024-07-28T14:00:40.715-0500] {override.py:1858} INFO - Created Permission View: can edit on DAG:example_params_trigger_ui
[2024-07-28T14:00:40.717-0500] {logging_mixin.py:188} INFO - [2024-07-28T14:00:40.717-0500] {override.py:1858} INFO - Created Permission View: can read on DAG:example_params_trigger_ui
[2024-07-28T14:00:40.719-0500] {logging_mixin.py:188} INFO - [2024-07-28T14:00:40.719-0500] {override.py:1858} INFO - Created Permission View: can delete on DAG:example_params_trigger_ui
[2024-07-28T14:00:40.719-0500] {logging_mixin.py:188} INFO - [2024-07-28T14:00:40.719-0500] {dag.py:3089} INFO - Sync 1 DAGs
[2024-07-28T14:00:40.723-0500] {logging_mixin.py:188} INFO - [2024-07-28T14:00:40.723-0500] {dag.py:3111} INFO - Creating ORM DAG for example_params_trigger_ui
[2024-07-28T14:00:40.723-0500] {logging_mixin.py:188} INFO - [2024-07-28T14:00:40.723-0500] {dag.py:3947} INFO - Setting next_dagrun for example_params_trigger_ui to None, run_after=None
[2024-07-28T14:00:40.728-0500] {processor.py:183} INFO - Processing /Users/alexkim/Desktop/Projects/ETL_Projects/redditviz/venv/lib/python3.12/site-packages/airflow/example_dags/example_params_trigger_ui.py took 0.091 seconds
[2024-07-28T14:02:07.960-0500] {processor.py:161} INFO - Started process (PID=33277) to work on /Users/alexkim/Desktop/Projects/ETL_Projects/redditviz/venv/lib/python3.12/site-packages/airflow/example_dags/example_params_trigger_ui.py
[2024-07-28T14:02:07.960-0500] {processor.py:830} INFO - Processing file /Users/alexkim/Desktop/Projects/ETL_Projects/redditviz/venv/lib/python3.12/site-packages/airflow/example_dags/example_params_trigger_ui.py for tasks to queue
[2024-07-28T14:02:07.960-0500] {logging_mixin.py:188} INFO - [2024-07-28T14:02:07.960-0500] {dagbag.py:545} INFO - Filling up the DagBag from /Users/alexkim/Desktop/Projects/ETL_Projects/redditviz/venv/lib/python3.12/site-packages/airflow/example_dags/example_params_trigger_ui.py
[2024-07-28T14:02:07.973-0500] {processor.py:840} INFO - DAG(s) 'example_params_trigger_ui' retrieved from /Users/alexkim/Desktop/Projects/ETL_Projects/redditviz/venv/lib/python3.12/site-packages/airflow/example_dags/example_params_trigger_ui.py
[2024-07-28T14:02:08.009-0500] {logging_mixin.py:188} INFO - [2024-07-28T14:02:08.009-0500] {dag.py:3089} INFO - Sync 1 DAGs
[2024-07-28T14:02:08.012-0500] {logging_mixin.py:188} INFO - [2024-07-28T14:02:08.012-0500] {dag.py:3947} INFO - Setting next_dagrun for example_params_trigger_ui to None, run_after=None
[2024-07-28T14:02:08.018-0500] {processor.py:183} INFO - Processing /Users/alexkim/Desktop/Projects/ETL_Projects/redditviz/venv/lib/python3.12/site-packages/airflow/example_dags/example_params_trigger_ui.py took 0.059 seconds
[2024-07-28T14:03:43.714-0500] {processor.py:161} INFO - Started process (PID=33365) to work on /Users/alexkim/Desktop/Projects/ETL_Projects/redditviz/venv/lib/python3.12/site-packages/airflow/example_dags/example_params_trigger_ui.py
[2024-07-28T14:03:43.715-0500] {processor.py:830} INFO - Processing file /Users/alexkim/Desktop/Projects/ETL_Projects/redditviz/venv/lib/python3.12/site-packages/airflow/example_dags/example_params_trigger_ui.py for tasks to queue
[2024-07-28T14:03:43.715-0500] {logging_mixin.py:188} INFO - [2024-07-28T14:03:43.715-0500] {dagbag.py:545} INFO - Filling up the DagBag from /Users/alexkim/Desktop/Projects/ETL_Projects/redditviz/venv/lib/python3.12/site-packages/airflow/example_dags/example_params_trigger_ui.py
[2024-07-28T14:03:43.729-0500] {processor.py:840} INFO - DAG(s) 'example_params_trigger_ui' retrieved from /Users/alexkim/Desktop/Projects/ETL_Projects/redditviz/venv/lib/python3.12/site-packages/airflow/example_dags/example_params_trigger_ui.py
[2024-07-28T14:03:43.764-0500] {logging_mixin.py:188} INFO - [2024-07-28T14:03:43.764-0500] {dag.py:3089} INFO - Sync 1 DAGs
[2024-07-28T14:03:43.767-0500] {logging_mixin.py:188} INFO - [2024-07-28T14:03:43.767-0500] {dag.py:3947} INFO - Setting next_dagrun for example_params_trigger_ui to None, run_after=None
[2024-07-28T14:03:43.773-0500] {processor.py:183} INFO - Processing /Users/alexkim/Desktop/Projects/ETL_Projects/redditviz/venv/lib/python3.12/site-packages/airflow/example_dags/example_params_trigger_ui.py took 0.060 seconds
[2024-07-28T14:05:28.955-0500] {processor.py:161} INFO - Started process (PID=33493) to work on /Users/alexkim/Desktop/Projects/ETL_Projects/redditviz/venv/lib/python3.12/site-packages/airflow/example_dags/example_params_trigger_ui.py
[2024-07-28T14:05:28.955-0500] {processor.py:830} INFO - Processing file /Users/alexkim/Desktop/Projects/ETL_Projects/redditviz/venv/lib/python3.12/site-packages/airflow/example_dags/example_params_trigger_ui.py for tasks to queue
[2024-07-28T14:05:28.956-0500] {logging_mixin.py:188} INFO - [2024-07-28T14:05:28.955-0500] {dagbag.py:545} INFO - Filling up the DagBag from /Users/alexkim/Desktop/Projects/ETL_Projects/redditviz/venv/lib/python3.12/site-packages/airflow/example_dags/example_params_trigger_ui.py
[2024-07-28T14:05:28.972-0500] {processor.py:840} INFO - DAG(s) 'example_params_trigger_ui' retrieved from /Users/alexkim/Desktop/Projects/ETL_Projects/redditviz/venv/lib/python3.12/site-packages/airflow/example_dags/example_params_trigger_ui.py
[2024-07-28T14:05:29.013-0500] {logging_mixin.py:188} INFO - [2024-07-28T14:05:29.013-0500] {dag.py:3089} INFO - Sync 1 DAGs
[2024-07-28T14:05:29.016-0500] {logging_mixin.py:188} INFO - [2024-07-28T14:05:29.016-0500] {dag.py:3947} INFO - Setting next_dagrun for example_params_trigger_ui to None, run_after=None
[2024-07-28T14:05:29.022-0500] {processor.py:183} INFO - Processing /Users/alexkim/Desktop/Projects/ETL_Projects/redditviz/venv/lib/python3.12/site-packages/airflow/example_dags/example_params_trigger_ui.py took 0.068 seconds
[2024-07-28T14:07:25.105-0500] {processor.py:161} INFO - Started process (PID=33678) to work on /Users/alexkim/Desktop/Projects/ETL_Projects/redditviz/venv/lib/python3.12/site-packages/airflow/example_dags/example_params_trigger_ui.py
[2024-07-28T14:07:25.105-0500] {processor.py:830} INFO - Processing file /Users/alexkim/Desktop/Projects/ETL_Projects/redditviz/venv/lib/python3.12/site-packages/airflow/example_dags/example_params_trigger_ui.py for tasks to queue
[2024-07-28T14:07:25.105-0500] {logging_mixin.py:188} INFO - [2024-07-28T14:07:25.105-0500] {dagbag.py:545} INFO - Filling up the DagBag from /Users/alexkim/Desktop/Projects/ETL_Projects/redditviz/venv/lib/python3.12/site-packages/airflow/example_dags/example_params_trigger_ui.py
[2024-07-28T14:07:25.119-0500] {processor.py:840} INFO - DAG(s) 'example_params_trigger_ui' retrieved from /Users/alexkim/Desktop/Projects/ETL_Projects/redditviz/venv/lib/python3.12/site-packages/airflow/example_dags/example_params_trigger_ui.py
[2024-07-28T14:07:25.158-0500] {logging_mixin.py:188} INFO - [2024-07-28T14:07:25.158-0500] {dag.py:3089} INFO - Sync 1 DAGs
[2024-07-28T14:07:25.161-0500] {logging_mixin.py:188} INFO - [2024-07-28T14:07:25.161-0500] {dag.py:3947} INFO - Setting next_dagrun for example_params_trigger_ui to None, run_after=None
[2024-07-28T14:07:25.168-0500] {processor.py:183} INFO - Processing /Users/alexkim/Desktop/Projects/ETL_Projects/redditviz/venv/lib/python3.12/site-packages/airflow/example_dags/example_params_trigger_ui.py took 0.064 seconds
[2024-07-28T14:09:22.756-0500] {processor.py:161} INFO - Started process (PID=33806) to work on /Users/alexkim/Desktop/Projects/ETL_Projects/redditviz/venv/lib/python3.12/site-packages/airflow/example_dags/example_params_trigger_ui.py
[2024-07-28T14:09:22.756-0500] {processor.py:830} INFO - Processing file /Users/alexkim/Desktop/Projects/ETL_Projects/redditviz/venv/lib/python3.12/site-packages/airflow/example_dags/example_params_trigger_ui.py for tasks to queue
[2024-07-28T14:09:22.756-0500] {logging_mixin.py:188} INFO - [2024-07-28T14:09:22.756-0500] {dagbag.py:545} INFO - Filling up the DagBag from /Users/alexkim/Desktop/Projects/ETL_Projects/redditviz/venv/lib/python3.12/site-packages/airflow/example_dags/example_params_trigger_ui.py
[2024-07-28T14:09:22.769-0500] {processor.py:840} INFO - DAG(s) 'example_params_trigger_ui' retrieved from /Users/alexkim/Desktop/Projects/ETL_Projects/redditviz/venv/lib/python3.12/site-packages/airflow/example_dags/example_params_trigger_ui.py
[2024-07-28T14:09:22.805-0500] {logging_mixin.py:188} INFO - [2024-07-28T14:09:22.804-0500] {dag.py:3089} INFO - Sync 1 DAGs
[2024-07-28T14:09:22.807-0500] {logging_mixin.py:188} INFO - [2024-07-28T14:09:22.807-0500] {dag.py:3947} INFO - Setting next_dagrun for example_params_trigger_ui to None, run_after=None
[2024-07-28T14:09:22.813-0500] {processor.py:183} INFO - Processing /Users/alexkim/Desktop/Projects/ETL_Projects/redditviz/venv/lib/python3.12/site-packages/airflow/example_dags/example_params_trigger_ui.py took 0.059 seconds
[2024-07-28T14:11:24.724-0500] {processor.py:161} INFO - Started process (PID=33923) to work on /Users/alexkim/Desktop/Projects/ETL_Projects/redditviz/venv/lib/python3.12/site-packages/airflow/example_dags/example_params_trigger_ui.py
[2024-07-28T14:11:24.725-0500] {processor.py:830} INFO - Processing file /Users/alexkim/Desktop/Projects/ETL_Projects/redditviz/venv/lib/python3.12/site-packages/airflow/example_dags/example_params_trigger_ui.py for tasks to queue
[2024-07-28T14:11:24.725-0500] {logging_mixin.py:188} INFO - [2024-07-28T14:11:24.725-0500] {dagbag.py:545} INFO - Filling up the DagBag from /Users/alexkim/Desktop/Projects/ETL_Projects/redditviz/venv/lib/python3.12/site-packages/airflow/example_dags/example_params_trigger_ui.py
[2024-07-28T14:11:24.744-0500] {processor.py:840} INFO - DAG(s) 'example_params_trigger_ui' retrieved from /Users/alexkim/Desktop/Projects/ETL_Projects/redditviz/venv/lib/python3.12/site-packages/airflow/example_dags/example_params_trigger_ui.py
[2024-07-28T14:11:24.786-0500] {logging_mixin.py:188} INFO - [2024-07-28T14:11:24.786-0500] {dag.py:3089} INFO - Sync 1 DAGs
[2024-07-28T14:11:24.790-0500] {logging_mixin.py:188} INFO - [2024-07-28T14:11:24.790-0500] {dag.py:3947} INFO - Setting next_dagrun for example_params_trigger_ui to None, run_after=None
[2024-07-28T14:11:24.796-0500] {processor.py:183} INFO - Processing /Users/alexkim/Desktop/Projects/ETL_Projects/redditviz/venv/lib/python3.12/site-packages/airflow/example_dags/example_params_trigger_ui.py took 0.073 seconds
[2024-07-28T14:13:22.219-0500] {processor.py:161} INFO - Started process (PID=34056) to work on /Users/alexkim/Desktop/Projects/ETL_Projects/redditviz/venv/lib/python3.12/site-packages/airflow/example_dags/example_params_trigger_ui.py
[2024-07-28T14:13:22.220-0500] {processor.py:830} INFO - Processing file /Users/alexkim/Desktop/Projects/ETL_Projects/redditviz/venv/lib/python3.12/site-packages/airflow/example_dags/example_params_trigger_ui.py for tasks to queue
[2024-07-28T14:13:22.220-0500] {logging_mixin.py:188} INFO - [2024-07-28T14:13:22.220-0500] {dagbag.py:545} INFO - Filling up the DagBag from /Users/alexkim/Desktop/Projects/ETL_Projects/redditviz/venv/lib/python3.12/site-packages/airflow/example_dags/example_params_trigger_ui.py
[2024-07-28T14:13:22.234-0500] {processor.py:840} INFO - DAG(s) 'example_params_trigger_ui' retrieved from /Users/alexkim/Desktop/Projects/ETL_Projects/redditviz/venv/lib/python3.12/site-packages/airflow/example_dags/example_params_trigger_ui.py
[2024-07-28T14:13:22.272-0500] {logging_mixin.py:188} INFO - [2024-07-28T14:13:22.272-0500] {dag.py:3089} INFO - Sync 1 DAGs
[2024-07-28T14:13:22.275-0500] {logging_mixin.py:188} INFO - [2024-07-28T14:13:22.275-0500] {dag.py:3947} INFO - Setting next_dagrun for example_params_trigger_ui to None, run_after=None
[2024-07-28T14:13:22.282-0500] {processor.py:183} INFO - Processing /Users/alexkim/Desktop/Projects/ETL_Projects/redditviz/venv/lib/python3.12/site-packages/airflow/example_dags/example_params_trigger_ui.py took 0.064 seconds
