[2024-07-28T14:00:16.573-0500] {processor.py:161} INFO - Started process (PID=33174) to work on /Users/alexkim/Desktop/Projects/ETL_Projects/redditviz/venv/lib/python3.12/site-packages/airflow/example_dags/example_task_group.py
[2024-07-28T14:00:16.574-0500] {processor.py:830} INFO - Processing file /Users/alexkim/Desktop/Projects/ETL_Projects/redditviz/venv/lib/python3.12/site-packages/airflow/example_dags/example_task_group.py for tasks to queue
[2024-07-28T14:00:16.574-0500] {logging_mixin.py:188} INFO - [2024-07-28T14:00:16.574-0500] {dagbag.py:545} INFO - Filling up the DagBag from /Users/alexkim/Desktop/Projects/ETL_Projects/redditviz/venv/lib/python3.12/site-packages/airflow/example_dags/example_task_group.py
[2024-07-28T14:00:16.577-0500] {processor.py:840} INFO - DAG(s) 'example_task_group' retrieved from /Users/alexkim/Desktop/Projects/ETL_Projects/redditviz/venv/lib/python3.12/site-packages/airflow/example_dags/example_task_group.py
[2024-07-28T14:00:16.637-0500] {logging_mixin.py:188} INFO - [2024-07-28T14:00:16.637-0500] {override.py:1858} INFO - Created Permission View: can read on DAG:example_task_group
[2024-07-28T14:00:16.640-0500] {logging_mixin.py:188} INFO - [2024-07-28T14:00:16.640-0500] {override.py:1858} INFO - Created Permission View: can edit on DAG:example_task_group
[2024-07-28T14:00:16.642-0500] {logging_mixin.py:188} INFO - [2024-07-28T14:00:16.641-0500] {override.py:1858} INFO - Created Permission View: can delete on DAG:example_task_group
[2024-07-28T14:00:16.642-0500] {logging_mixin.py:188} INFO - [2024-07-28T14:00:16.642-0500] {dag.py:3089} INFO - Sync 1 DAGs
[2024-07-28T14:00:16.645-0500] {logging_mixin.py:188} INFO - [2024-07-28T14:00:16.645-0500] {dag.py:3111} INFO - Creating ORM DAG for example_task_group
[2024-07-28T14:00:16.647-0500] {logging_mixin.py:188} INFO - [2024-07-28T14:00:16.647-0500] {dag.py:3947} INFO - Setting next_dagrun for example_task_group to 2024-07-27 00:00:00+00:00, run_after=2024-07-28 00:00:00+00:00
[2024-07-28T14:00:16.652-0500] {processor.py:183} INFO - Processing /Users/alexkim/Desktop/Projects/ETL_Projects/redditviz/venv/lib/python3.12/site-packages/airflow/example_dags/example_task_group.py took 0.080 seconds
[2024-07-28T14:01:46.964-0500] {processor.py:161} INFO - Started process (PID=33261) to work on /Users/alexkim/Desktop/Projects/ETL_Projects/redditviz/venv/lib/python3.12/site-packages/airflow/example_dags/example_task_group.py
[2024-07-28T14:01:46.964-0500] {processor.py:830} INFO - Processing file /Users/alexkim/Desktop/Projects/ETL_Projects/redditviz/venv/lib/python3.12/site-packages/airflow/example_dags/example_task_group.py for tasks to queue
[2024-07-28T14:01:46.964-0500] {logging_mixin.py:188} INFO - [2024-07-28T14:01:46.964-0500] {dagbag.py:545} INFO - Filling up the DagBag from /Users/alexkim/Desktop/Projects/ETL_Projects/redditviz/venv/lib/python3.12/site-packages/airflow/example_dags/example_task_group.py
[2024-07-28T14:01:46.967-0500] {processor.py:840} INFO - DAG(s) 'example_task_group' retrieved from /Users/alexkim/Desktop/Projects/ETL_Projects/redditviz/venv/lib/python3.12/site-packages/airflow/example_dags/example_task_group.py
[2024-07-28T14:01:46.998-0500] {logging_mixin.py:188} INFO - [2024-07-28T14:01:46.998-0500] {dag.py:3089} INFO - Sync 1 DAGs
[2024-07-28T14:01:47.003-0500] {logging_mixin.py:188} INFO - [2024-07-28T14:01:47.003-0500] {dag.py:3947} INFO - Setting next_dagrun for example_task_group to 2024-07-27 00:00:00+00:00, run_after=2024-07-28 00:00:00+00:00
[2024-07-28T14:01:47.009-0500] {processor.py:183} INFO - Processing /Users/alexkim/Desktop/Projects/ETL_Projects/redditviz/venv/lib/python3.12/site-packages/airflow/example_dags/example_task_group.py took 0.046 seconds
[2024-07-28T14:03:22.148-0500] {processor.py:161} INFO - Started process (PID=33348) to work on /Users/alexkim/Desktop/Projects/ETL_Projects/redditviz/venv/lib/python3.12/site-packages/airflow/example_dags/example_task_group.py
[2024-07-28T14:03:22.148-0500] {processor.py:830} INFO - Processing file /Users/alexkim/Desktop/Projects/ETL_Projects/redditviz/venv/lib/python3.12/site-packages/airflow/example_dags/example_task_group.py for tasks to queue
[2024-07-28T14:03:22.148-0500] {logging_mixin.py:188} INFO - [2024-07-28T14:03:22.148-0500] {dagbag.py:545} INFO - Filling up the DagBag from /Users/alexkim/Desktop/Projects/ETL_Projects/redditviz/venv/lib/python3.12/site-packages/airflow/example_dags/example_task_group.py
[2024-07-28T14:03:22.151-0500] {processor.py:840} INFO - DAG(s) 'example_task_group' retrieved from /Users/alexkim/Desktop/Projects/ETL_Projects/redditviz/venv/lib/python3.12/site-packages/airflow/example_dags/example_task_group.py
[2024-07-28T14:03:22.182-0500] {logging_mixin.py:188} INFO - [2024-07-28T14:03:22.182-0500] {dag.py:3089} INFO - Sync 1 DAGs
[2024-07-28T14:03:22.187-0500] {logging_mixin.py:188} INFO - [2024-07-28T14:03:22.187-0500] {dag.py:3947} INFO - Setting next_dagrun for example_task_group to 2024-07-27 00:00:00+00:00, run_after=2024-07-28 00:00:00+00:00
[2024-07-28T14:03:22.193-0500] {processor.py:183} INFO - Processing /Users/alexkim/Desktop/Projects/ETL_Projects/redditviz/venv/lib/python3.12/site-packages/airflow/example_dags/example_task_group.py took 0.046 seconds
[2024-07-28T14:05:06.433-0500] {processor.py:161} INFO - Started process (PID=33463) to work on /Users/alexkim/Desktop/Projects/ETL_Projects/redditviz/venv/lib/python3.12/site-packages/airflow/example_dags/example_task_group.py
[2024-07-28T14:05:06.434-0500] {processor.py:830} INFO - Processing file /Users/alexkim/Desktop/Projects/ETL_Projects/redditviz/venv/lib/python3.12/site-packages/airflow/example_dags/example_task_group.py for tasks to queue
[2024-07-28T14:05:06.434-0500] {logging_mixin.py:188} INFO - [2024-07-28T14:05:06.434-0500] {dagbag.py:545} INFO - Filling up the DagBag from /Users/alexkim/Desktop/Projects/ETL_Projects/redditviz/venv/lib/python3.12/site-packages/airflow/example_dags/example_task_group.py
[2024-07-28T14:05:06.440-0500] {processor.py:840} INFO - DAG(s) 'example_task_group' retrieved from /Users/alexkim/Desktop/Projects/ETL_Projects/redditviz/venv/lib/python3.12/site-packages/airflow/example_dags/example_task_group.py
[2024-07-28T14:05:06.485-0500] {logging_mixin.py:188} INFO - [2024-07-28T14:05:06.485-0500] {dag.py:3089} INFO - Sync 1 DAGs
[2024-07-28T14:05:06.493-0500] {logging_mixin.py:188} INFO - [2024-07-28T14:05:06.493-0500] {dag.py:3947} INFO - Setting next_dagrun for example_task_group to 2024-07-27 00:00:00+00:00, run_after=2024-07-28 00:00:00+00:00
[2024-07-28T14:05:06.500-0500] {processor.py:183} INFO - Processing /Users/alexkim/Desktop/Projects/ETL_Projects/redditviz/venv/lib/python3.12/site-packages/airflow/example_dags/example_task_group.py took 0.069 seconds
[2024-07-28T14:07:00.882-0500] {processor.py:161} INFO - Started process (PID=33634) to work on /Users/alexkim/Desktop/Projects/ETL_Projects/redditviz/venv/lib/python3.12/site-packages/airflow/example_dags/example_task_group.py
[2024-07-28T14:07:00.883-0500] {processor.py:830} INFO - Processing file /Users/alexkim/Desktop/Projects/ETL_Projects/redditviz/venv/lib/python3.12/site-packages/airflow/example_dags/example_task_group.py for tasks to queue
[2024-07-28T14:07:00.883-0500] {logging_mixin.py:188} INFO - [2024-07-28T14:07:00.883-0500] {dagbag.py:545} INFO - Filling up the DagBag from /Users/alexkim/Desktop/Projects/ETL_Projects/redditviz/venv/lib/python3.12/site-packages/airflow/example_dags/example_task_group.py
[2024-07-28T14:07:00.887-0500] {processor.py:840} INFO - DAG(s) 'example_task_group' retrieved from /Users/alexkim/Desktop/Projects/ETL_Projects/redditviz/venv/lib/python3.12/site-packages/airflow/example_dags/example_task_group.py
[2024-07-28T14:07:00.922-0500] {logging_mixin.py:188} INFO - [2024-07-28T14:07:00.922-0500] {dag.py:3089} INFO - Sync 1 DAGs
[2024-07-28T14:07:00.929-0500] {logging_mixin.py:188} INFO - [2024-07-28T14:07:00.929-0500] {dag.py:3947} INFO - Setting next_dagrun for example_task_group to 2024-07-27 00:00:00+00:00, run_after=2024-07-28 00:00:00+00:00
[2024-07-28T14:07:00.936-0500] {processor.py:183} INFO - Processing /Users/alexkim/Desktop/Projects/ETL_Projects/redditviz/venv/lib/python3.12/site-packages/airflow/example_dags/example_task_group.py took 0.055 seconds
[2024-07-28T14:08:04.817-0500] {processor.py:161} INFO - Started process (PID=33711) to work on /Users/alexkim/Desktop/Projects/ETL_Projects/redditviz/venv/lib/python3.12/site-packages/airflow/example_dags/example_task_group.py
[2024-07-28T14:08:04.818-0500] {processor.py:830} INFO - Processing file /Users/alexkim/Desktop/Projects/ETL_Projects/redditviz/venv/lib/python3.12/site-packages/airflow/example_dags/example_task_group.py for tasks to queue
[2024-07-28T14:08:04.818-0500] {logging_mixin.py:188} INFO - [2024-07-28T14:08:04.818-0500] {dagbag.py:545} INFO - Filling up the DagBag from /Users/alexkim/Desktop/Projects/ETL_Projects/redditviz/venv/lib/python3.12/site-packages/airflow/example_dags/example_task_group.py
[2024-07-28T14:08:04.821-0500] {processor.py:840} INFO - DAG(s) 'example_task_group' retrieved from /Users/alexkim/Desktop/Projects/ETL_Projects/redditviz/venv/lib/python3.12/site-packages/airflow/example_dags/example_task_group.py
[2024-07-28T14:08:04.851-0500] {logging_mixin.py:188} INFO - [2024-07-28T14:08:04.851-0500] {dag.py:3089} INFO - Sync 1 DAGs
[2024-07-28T14:08:04.857-0500] {logging_mixin.py:188} INFO - [2024-07-28T14:08:04.857-0500] {dag.py:3947} INFO - Setting next_dagrun for example_task_group to 2024-07-27 00:00:00+00:00, run_after=2024-07-28 00:00:00+00:00
[2024-07-28T14:08:04.862-0500] {processor.py:183} INFO - Processing /Users/alexkim/Desktop/Projects/ETL_Projects/redditviz/venv/lib/python3.12/site-packages/airflow/example_dags/example_task_group.py took 0.046 seconds
[2024-07-28T14:09:58.581-0500] {processor.py:161} INFO - Started process (PID=33838) to work on /Users/alexkim/Desktop/Projects/ETL_Projects/redditviz/venv/lib/python3.12/site-packages/airflow/example_dags/example_task_group.py
[2024-07-28T14:09:58.582-0500] {processor.py:830} INFO - Processing file /Users/alexkim/Desktop/Projects/ETL_Projects/redditviz/venv/lib/python3.12/site-packages/airflow/example_dags/example_task_group.py for tasks to queue
[2024-07-28T14:09:58.582-0500] {logging_mixin.py:188} INFO - [2024-07-28T14:09:58.582-0500] {dagbag.py:545} INFO - Filling up the DagBag from /Users/alexkim/Desktop/Projects/ETL_Projects/redditviz/venv/lib/python3.12/site-packages/airflow/example_dags/example_task_group.py
[2024-07-28T14:09:58.586-0500] {processor.py:840} INFO - DAG(s) 'example_task_group' retrieved from /Users/alexkim/Desktop/Projects/ETL_Projects/redditviz/venv/lib/python3.12/site-packages/airflow/example_dags/example_task_group.py
[2024-07-28T14:09:58.618-0500] {logging_mixin.py:188} INFO - [2024-07-28T14:09:58.618-0500] {dag.py:3089} INFO - Sync 1 DAGs
[2024-07-28T14:09:58.624-0500] {logging_mixin.py:188} INFO - [2024-07-28T14:09:58.623-0500] {dag.py:3947} INFO - Setting next_dagrun for example_task_group to 2024-07-27 00:00:00+00:00, run_after=2024-07-28 00:00:00+00:00
[2024-07-28T14:09:58.630-0500] {processor.py:183} INFO - Processing /Users/alexkim/Desktop/Projects/ETL_Projects/redditviz/venv/lib/python3.12/site-packages/airflow/example_dags/example_task_group.py took 0.049 seconds
[2024-07-28T14:10:59.625-0500] {processor.py:161} INFO - Started process (PID=33901) to work on /Users/alexkim/Desktop/Projects/ETL_Projects/redditviz/venv/lib/python3.12/site-packages/airflow/example_dags/example_task_group.py
[2024-07-28T14:10:59.626-0500] {processor.py:830} INFO - Processing file /Users/alexkim/Desktop/Projects/ETL_Projects/redditviz/venv/lib/python3.12/site-packages/airflow/example_dags/example_task_group.py for tasks to queue
[2024-07-28T14:10:59.626-0500] {logging_mixin.py:188} INFO - [2024-07-28T14:10:59.626-0500] {dagbag.py:545} INFO - Filling up the DagBag from /Users/alexkim/Desktop/Projects/ETL_Projects/redditviz/venv/lib/python3.12/site-packages/airflow/example_dags/example_task_group.py
[2024-07-28T14:10:59.629-0500] {processor.py:840} INFO - DAG(s) 'example_task_group' retrieved from /Users/alexkim/Desktop/Projects/ETL_Projects/redditviz/venv/lib/python3.12/site-packages/airflow/example_dags/example_task_group.py
[2024-07-28T14:10:59.660-0500] {logging_mixin.py:188} INFO - [2024-07-28T14:10:59.659-0500] {dag.py:3089} INFO - Sync 1 DAGs
[2024-07-28T14:10:59.665-0500] {logging_mixin.py:188} INFO - [2024-07-28T14:10:59.665-0500] {dag.py:3947} INFO - Setting next_dagrun for example_task_group to 2024-07-27 00:00:00+00:00, run_after=2024-07-28 00:00:00+00:00
[2024-07-28T14:10:59.670-0500] {processor.py:183} INFO - Processing /Users/alexkim/Desktop/Projects/ETL_Projects/redditviz/venv/lib/python3.12/site-packages/airflow/example_dags/example_task_group.py took 0.046 seconds
[2024-07-28T14:11:58.867-0500] {processor.py:161} INFO - Started process (PID=33960) to work on /Users/alexkim/Desktop/Projects/ETL_Projects/redditviz/venv/lib/python3.12/site-packages/airflow/example_dags/example_task_group.py
[2024-07-28T14:11:58.867-0500] {processor.py:830} INFO - Processing file /Users/alexkim/Desktop/Projects/ETL_Projects/redditviz/venv/lib/python3.12/site-packages/airflow/example_dags/example_task_group.py for tasks to queue
[2024-07-28T14:11:58.868-0500] {logging_mixin.py:188} INFO - [2024-07-28T14:11:58.867-0500] {dagbag.py:545} INFO - Filling up the DagBag from /Users/alexkim/Desktop/Projects/ETL_Projects/redditviz/venv/lib/python3.12/site-packages/airflow/example_dags/example_task_group.py
[2024-07-28T14:11:58.871-0500] {processor.py:840} INFO - DAG(s) 'example_task_group' retrieved from /Users/alexkim/Desktop/Projects/ETL_Projects/redditviz/venv/lib/python3.12/site-packages/airflow/example_dags/example_task_group.py
[2024-07-28T14:11:58.902-0500] {logging_mixin.py:188} INFO - [2024-07-28T14:11:58.902-0500] {dag.py:3089} INFO - Sync 1 DAGs
[2024-07-28T14:11:58.908-0500] {logging_mixin.py:188} INFO - [2024-07-28T14:11:58.908-0500] {dag.py:3947} INFO - Setting next_dagrun for example_task_group to 2024-07-27 00:00:00+00:00, run_after=2024-07-28 00:00:00+00:00
[2024-07-28T14:11:58.913-0500] {processor.py:183} INFO - Processing /Users/alexkim/Desktop/Projects/ETL_Projects/redditviz/venv/lib/python3.12/site-packages/airflow/example_dags/example_task_group.py took 0.047 seconds
[2024-07-28T14:13:57.440-0500] {processor.py:161} INFO - Started process (PID=34094) to work on /Users/alexkim/Desktop/Projects/ETL_Projects/redditviz/venv/lib/python3.12/site-packages/airflow/example_dags/example_task_group.py
[2024-07-28T14:13:57.440-0500] {processor.py:830} INFO - Processing file /Users/alexkim/Desktop/Projects/ETL_Projects/redditviz/venv/lib/python3.12/site-packages/airflow/example_dags/example_task_group.py for tasks to queue
[2024-07-28T14:13:57.441-0500] {logging_mixin.py:188} INFO - [2024-07-28T14:13:57.441-0500] {dagbag.py:545} INFO - Filling up the DagBag from /Users/alexkim/Desktop/Projects/ETL_Projects/redditviz/venv/lib/python3.12/site-packages/airflow/example_dags/example_task_group.py
[2024-07-28T14:13:57.444-0500] {processor.py:840} INFO - DAG(s) 'example_task_group' retrieved from /Users/alexkim/Desktop/Projects/ETL_Projects/redditviz/venv/lib/python3.12/site-packages/airflow/example_dags/example_task_group.py
[2024-07-28T14:13:57.479-0500] {logging_mixin.py:188} INFO - [2024-07-28T14:13:57.479-0500] {dag.py:3089} INFO - Sync 1 DAGs
[2024-07-28T14:13:57.486-0500] {logging_mixin.py:188} INFO - [2024-07-28T14:13:57.486-0500] {dag.py:3947} INFO - Setting next_dagrun for example_task_group to 2024-07-27 00:00:00+00:00, run_after=2024-07-28 00:00:00+00:00
[2024-07-28T14:13:57.492-0500] {processor.py:183} INFO - Processing /Users/alexkim/Desktop/Projects/ETL_Projects/redditviz/venv/lib/python3.12/site-packages/airflow/example_dags/example_task_group.py took 0.053 seconds
[2024-07-28T14:15:01.265-0500] {processor.py:161} INFO - Started process (PID=34182) to work on /Users/alexkim/Desktop/Projects/ETL_Projects/redditviz/venv/lib/python3.12/site-packages/airflow/example_dags/example_task_group.py
[2024-07-28T14:15:01.266-0500] {processor.py:830} INFO - Processing file /Users/alexkim/Desktop/Projects/ETL_Projects/redditviz/venv/lib/python3.12/site-packages/airflow/example_dags/example_task_group.py for tasks to queue
[2024-07-28T14:15:01.266-0500] {logging_mixin.py:188} INFO - [2024-07-28T14:15:01.266-0500] {dagbag.py:545} INFO - Filling up the DagBag from /Users/alexkim/Desktop/Projects/ETL_Projects/redditviz/venv/lib/python3.12/site-packages/airflow/example_dags/example_task_group.py
[2024-07-28T14:15:01.272-0500] {processor.py:840} INFO - DAG(s) 'example_task_group' retrieved from /Users/alexkim/Desktop/Projects/ETL_Projects/redditviz/venv/lib/python3.12/site-packages/airflow/example_dags/example_task_group.py
[2024-07-28T14:15:01.817-0500] {logging_mixin.py:188} INFO - [2024-07-28T14:15:01.816-0500] {dag.py:3089} INFO - Sync 1 DAGs
[2024-07-28T14:15:01.836-0500] {logging_mixin.py:188} INFO - [2024-07-28T14:15:01.836-0500] {dag.py:3947} INFO - Setting next_dagrun for example_task_group to 2024-07-27 00:00:00+00:00, run_after=2024-07-28 00:00:00+00:00
[2024-07-28T14:15:01.856-0500] {processor.py:183} INFO - Processing /Users/alexkim/Desktop/Projects/ETL_Projects/redditviz/venv/lib/python3.12/site-packages/airflow/example_dags/example_task_group.py took 0.592 seconds
[2024-07-28T14:35:06.558-0500] {processor.py:161} INFO - Started process (PID=1513) to work on /Users/alexkim/Desktop/Projects/ETL_Projects/redditviz/venv/lib/python3.12/site-packages/airflow/example_dags/example_task_group.py
[2024-07-28T14:35:06.559-0500] {processor.py:830} INFO - Processing file /Users/alexkim/Desktop/Projects/ETL_Projects/redditviz/venv/lib/python3.12/site-packages/airflow/example_dags/example_task_group.py for tasks to queue
[2024-07-28T14:35:06.559-0500] {logging_mixin.py:188} INFO - [2024-07-28T14:35:06.559-0500] {dagbag.py:545} INFO - Filling up the DagBag from /Users/alexkim/Desktop/Projects/ETL_Projects/redditviz/venv/lib/python3.12/site-packages/airflow/example_dags/example_task_group.py
[2024-07-28T14:35:06.564-0500] {processor.py:840} INFO - DAG(s) 'example_task_group' retrieved from /Users/alexkim/Desktop/Projects/ETL_Projects/redditviz/venv/lib/python3.12/site-packages/airflow/example_dags/example_task_group.py
[2024-07-28T14:35:06.641-0500] {logging_mixin.py:188} INFO - [2024-07-28T14:35:06.640-0500] {override.py:1858} INFO - Created Permission View: can read on DAG:example_task_group
[2024-07-28T14:35:06.644-0500] {logging_mixin.py:188} INFO - [2024-07-28T14:35:06.644-0500] {override.py:1858} INFO - Created Permission View: can edit on DAG:example_task_group
[2024-07-28T14:35:06.648-0500] {logging_mixin.py:188} INFO - [2024-07-28T14:35:06.648-0500] {override.py:1858} INFO - Created Permission View: can delete on DAG:example_task_group
[2024-07-28T14:35:06.648-0500] {logging_mixin.py:188} INFO - [2024-07-28T14:35:06.648-0500] {dag.py:3089} INFO - Sync 1 DAGs
[2024-07-28T14:35:06.651-0500] {logging_mixin.py:188} INFO - [2024-07-28T14:35:06.651-0500] {dag.py:3111} INFO - Creating ORM DAG for example_task_group
[2024-07-28T14:35:06.654-0500] {logging_mixin.py:188} INFO - [2024-07-28T14:35:06.654-0500] {dag.py:3947} INFO - Setting next_dagrun for example_task_group to 2024-07-27 00:00:00+00:00, run_after=2024-07-28 00:00:00+00:00
[2024-07-28T14:35:06.660-0500] {processor.py:183} INFO - Processing /Users/alexkim/Desktop/Projects/ETL_Projects/redditviz/venv/lib/python3.12/site-packages/airflow/example_dags/example_task_group.py took 0.103 seconds
