[2024-07-28T14:01:02.842-0500] {processor.py:161} INFO - Started process (PID=33225) to work on /Users/alexkim/Desktop/Projects/ETL_Projects/redditviz/venv/lib/python3.12/site-packages/airflow/example_dags/example_branch_python_dop_operator_3.py
[2024-07-28T14:01:02.842-0500] {processor.py:830} INFO - Processing file /Users/alexkim/Desktop/Projects/ETL_Projects/redditviz/venv/lib/python3.12/site-packages/airflow/example_dags/example_branch_python_dop_operator_3.py for tasks to queue
[2024-07-28T14:01:02.843-0500] {logging_mixin.py:188} INFO - [2024-07-28T14:01:02.843-0500] {dagbag.py:545} INFO - Filling up the DagBag from /Users/alexkim/Desktop/Projects/ETL_Projects/redditviz/venv/lib/python3.12/site-packages/airflow/example_dags/example_branch_python_dop_operator_3.py
[2024-07-28T14:01:02.857-0500] {processor.py:840} INFO - DAG(s) 'example_branch_dop_operator_v3' retrieved from /Users/alexkim/Desktop/Projects/ETL_Projects/redditviz/venv/lib/python3.12/site-packages/airflow/example_dags/example_branch_python_dop_operator_3.py
[2024-07-28T14:01:02.923-0500] {logging_mixin.py:188} INFO - [2024-07-28T14:01:02.922-0500] {override.py:1858} INFO - Created Permission View: can read on DAG:example_branch_dop_operator_v3
[2024-07-28T14:01:02.926-0500] {logging_mixin.py:188} INFO - [2024-07-28T14:01:02.926-0500] {override.py:1858} INFO - Created Permission View: can delete on DAG:example_branch_dop_operator_v3
[2024-07-28T14:01:02.928-0500] {logging_mixin.py:188} INFO - [2024-07-28T14:01:02.928-0500] {override.py:1858} INFO - Created Permission View: can edit on DAG:example_branch_dop_operator_v3
[2024-07-28T14:01:02.928-0500] {logging_mixin.py:188} INFO - [2024-07-28T14:01:02.928-0500] {dag.py:3089} INFO - Sync 1 DAGs
[2024-07-28T14:01:02.933-0500] {logging_mixin.py:188} INFO - [2024-07-28T14:01:02.933-0500] {dag.py:3111} INFO - Creating ORM DAG for example_branch_dop_operator_v3
[2024-07-28T14:01:02.937-0500] {logging_mixin.py:188} INFO - [2024-07-28T14:01:02.937-0500] {dag.py:3947} INFO - Setting next_dagrun for example_branch_dop_operator_v3 to 2024-07-28 19:00:00+00:00, run_after=2024-07-28 19:01:00+00:00
[2024-07-28T14:01:02.943-0500] {processor.py:183} INFO - Processing /Users/alexkim/Desktop/Projects/ETL_Projects/redditviz/venv/lib/python3.12/site-packages/airflow/example_dags/example_branch_python_dop_operator_3.py took 0.102 seconds
[2024-07-28T14:02:49.454-0500] {processor.py:161} INFO - Started process (PID=33319) to work on /Users/alexkim/Desktop/Projects/ETL_Projects/redditviz/venv/lib/python3.12/site-packages/airflow/example_dags/example_branch_python_dop_operator_3.py
[2024-07-28T14:02:49.455-0500] {processor.py:830} INFO - Processing file /Users/alexkim/Desktop/Projects/ETL_Projects/redditviz/venv/lib/python3.12/site-packages/airflow/example_dags/example_branch_python_dop_operator_3.py for tasks to queue
[2024-07-28T14:02:49.455-0500] {logging_mixin.py:188} INFO - [2024-07-28T14:02:49.455-0500] {dagbag.py:545} INFO - Filling up the DagBag from /Users/alexkim/Desktop/Projects/ETL_Projects/redditviz/venv/lib/python3.12/site-packages/airflow/example_dags/example_branch_python_dop_operator_3.py
[2024-07-28T14:02:49.469-0500] {processor.py:840} INFO - DAG(s) 'example_branch_dop_operator_v3' retrieved from /Users/alexkim/Desktop/Projects/ETL_Projects/redditviz/venv/lib/python3.12/site-packages/airflow/example_dags/example_branch_python_dop_operator_3.py
[2024-07-28T14:02:49.501-0500] {logging_mixin.py:188} INFO - [2024-07-28T14:02:49.501-0500] {dag.py:3089} INFO - Sync 1 DAGs
[2024-07-28T14:02:49.508-0500] {logging_mixin.py:188} INFO - [2024-07-28T14:02:49.508-0500] {dag.py:3947} INFO - Setting next_dagrun for example_branch_dop_operator_v3 to 2024-07-28 19:01:00+00:00, run_after=2024-07-28 19:02:00+00:00
[2024-07-28T14:02:49.514-0500] {processor.py:183} INFO - Processing /Users/alexkim/Desktop/Projects/ETL_Projects/redditviz/venv/lib/python3.12/site-packages/airflow/example_dags/example_branch_python_dop_operator_3.py took 0.061 seconds
[2024-07-28T14:04:27.751-0500] {processor.py:161} INFO - Started process (PID=33412) to work on /Users/alexkim/Desktop/Projects/ETL_Projects/redditviz/venv/lib/python3.12/site-packages/airflow/example_dags/example_branch_python_dop_operator_3.py
[2024-07-28T14:04:27.752-0500] {processor.py:830} INFO - Processing file /Users/alexkim/Desktop/Projects/ETL_Projects/redditviz/venv/lib/python3.12/site-packages/airflow/example_dags/example_branch_python_dop_operator_3.py for tasks to queue
[2024-07-28T14:04:27.752-0500] {logging_mixin.py:188} INFO - [2024-07-28T14:04:27.752-0500] {dagbag.py:545} INFO - Filling up the DagBag from /Users/alexkim/Desktop/Projects/ETL_Projects/redditviz/venv/lib/python3.12/site-packages/airflow/example_dags/example_branch_python_dop_operator_3.py
[2024-07-28T14:04:27.765-0500] {processor.py:840} INFO - DAG(s) 'example_branch_dop_operator_v3' retrieved from /Users/alexkim/Desktop/Projects/ETL_Projects/redditviz/venv/lib/python3.12/site-packages/airflow/example_dags/example_branch_python_dop_operator_3.py
[2024-07-28T14:04:27.793-0500] {logging_mixin.py:188} INFO - [2024-07-28T14:04:27.793-0500] {dag.py:3089} INFO - Sync 1 DAGs
[2024-07-28T14:04:27.800-0500] {logging_mixin.py:188} INFO - [2024-07-28T14:04:27.800-0500] {dag.py:3947} INFO - Setting next_dagrun for example_branch_dop_operator_v3 to 2024-07-28 19:03:00+00:00, run_after=2024-07-28 19:04:00+00:00
[2024-07-28T14:04:27.806-0500] {processor.py:183} INFO - Processing /Users/alexkim/Desktop/Projects/ETL_Projects/redditviz/venv/lib/python3.12/site-packages/airflow/example_dags/example_branch_python_dop_operator_3.py took 0.055 seconds
[2024-07-28T14:06:19.572-0500] {processor.py:161} INFO - Started process (PID=33580) to work on /Users/alexkim/Desktop/Projects/ETL_Projects/redditviz/venv/lib/python3.12/site-packages/airflow/example_dags/example_branch_python_dop_operator_3.py
[2024-07-28T14:06:19.573-0500] {processor.py:830} INFO - Processing file /Users/alexkim/Desktop/Projects/ETL_Projects/redditviz/venv/lib/python3.12/site-packages/airflow/example_dags/example_branch_python_dop_operator_3.py for tasks to queue
[2024-07-28T14:06:19.573-0500] {logging_mixin.py:188} INFO - [2024-07-28T14:06:19.573-0500] {dagbag.py:545} INFO - Filling up the DagBag from /Users/alexkim/Desktop/Projects/ETL_Projects/redditviz/venv/lib/python3.12/site-packages/airflow/example_dags/example_branch_python_dop_operator_3.py
[2024-07-28T14:06:19.591-0500] {processor.py:840} INFO - DAG(s) 'example_branch_dop_operator_v3' retrieved from /Users/alexkim/Desktop/Projects/ETL_Projects/redditviz/venv/lib/python3.12/site-packages/airflow/example_dags/example_branch_python_dop_operator_3.py
[2024-07-28T14:06:19.621-0500] {logging_mixin.py:188} INFO - [2024-07-28T14:06:19.621-0500] {dag.py:3089} INFO - Sync 1 DAGs
[2024-07-28T14:06:19.627-0500] {logging_mixin.py:188} INFO - [2024-07-28T14:06:19.627-0500] {dag.py:3947} INFO - Setting next_dagrun for example_branch_dop_operator_v3 to 2024-07-28 19:05:00+00:00, run_after=2024-07-28 19:06:00+00:00
[2024-07-28T14:06:19.633-0500] {processor.py:183} INFO - Processing /Users/alexkim/Desktop/Projects/ETL_Projects/redditviz/venv/lib/python3.12/site-packages/airflow/example_dags/example_branch_python_dop_operator_3.py took 0.061 seconds
[2024-07-28T14:08:22.478-0500] {processor.py:161} INFO - Started process (PID=33722) to work on /Users/alexkim/Desktop/Projects/ETL_Projects/redditviz/venv/lib/python3.12/site-packages/airflow/example_dags/example_branch_python_dop_operator_3.py
[2024-07-28T14:08:22.479-0500] {processor.py:830} INFO - Processing file /Users/alexkim/Desktop/Projects/ETL_Projects/redditviz/venv/lib/python3.12/site-packages/airflow/example_dags/example_branch_python_dop_operator_3.py for tasks to queue
[2024-07-28T14:08:22.479-0500] {logging_mixin.py:188} INFO - [2024-07-28T14:08:22.479-0500] {dagbag.py:545} INFO - Filling up the DagBag from /Users/alexkim/Desktop/Projects/ETL_Projects/redditviz/venv/lib/python3.12/site-packages/airflow/example_dags/example_branch_python_dop_operator_3.py
[2024-07-28T14:08:22.498-0500] {processor.py:840} INFO - DAG(s) 'example_branch_dop_operator_v3' retrieved from /Users/alexkim/Desktop/Projects/ETL_Projects/redditviz/venv/lib/python3.12/site-packages/airflow/example_dags/example_branch_python_dop_operator_3.py
[2024-07-28T14:08:22.541-0500] {logging_mixin.py:188} INFO - [2024-07-28T14:08:22.540-0500] {dag.py:3089} INFO - Sync 1 DAGs
[2024-07-28T14:08:22.559-0500] {logging_mixin.py:188} INFO - [2024-07-28T14:08:22.559-0500] {dag.py:3947} INFO - Setting next_dagrun for example_branch_dop_operator_v3 to 2024-07-28 19:07:00+00:00, run_after=2024-07-28 19:08:00+00:00
[2024-07-28T14:08:22.569-0500] {processor.py:183} INFO - Processing /Users/alexkim/Desktop/Projects/ETL_Projects/redditviz/venv/lib/python3.12/site-packages/airflow/example_dags/example_branch_python_dop_operator_3.py took 0.092 seconds
[2024-07-28T14:10:14.643-0500] {processor.py:161} INFO - Started process (PID=33856) to work on /Users/alexkim/Desktop/Projects/ETL_Projects/redditviz/venv/lib/python3.12/site-packages/airflow/example_dags/example_branch_python_dop_operator_3.py
[2024-07-28T14:10:14.643-0500] {processor.py:830} INFO - Processing file /Users/alexkim/Desktop/Projects/ETL_Projects/redditviz/venv/lib/python3.12/site-packages/airflow/example_dags/example_branch_python_dop_operator_3.py for tasks to queue
[2024-07-28T14:10:14.644-0500] {logging_mixin.py:188} INFO - [2024-07-28T14:10:14.643-0500] {dagbag.py:545} INFO - Filling up the DagBag from /Users/alexkim/Desktop/Projects/ETL_Projects/redditviz/venv/lib/python3.12/site-packages/airflow/example_dags/example_branch_python_dop_operator_3.py
[2024-07-28T14:10:14.658-0500] {processor.py:840} INFO - DAG(s) 'example_branch_dop_operator_v3' retrieved from /Users/alexkim/Desktop/Projects/ETL_Projects/redditviz/venv/lib/python3.12/site-packages/airflow/example_dags/example_branch_python_dop_operator_3.py
[2024-07-28T14:10:14.692-0500] {logging_mixin.py:188} INFO - [2024-07-28T14:10:14.692-0500] {dag.py:3089} INFO - Sync 1 DAGs
[2024-07-28T14:10:14.699-0500] {logging_mixin.py:188} INFO - [2024-07-28T14:10:14.699-0500] {dag.py:3947} INFO - Setting next_dagrun for example_branch_dop_operator_v3 to 2024-07-28 19:09:00+00:00, run_after=2024-07-28 19:10:00+00:00
[2024-07-28T14:10:14.705-0500] {processor.py:183} INFO - Processing /Users/alexkim/Desktop/Projects/ETL_Projects/redditviz/venv/lib/python3.12/site-packages/airflow/example_dags/example_branch_python_dop_operator_3.py took 0.063 seconds
[2024-07-28T14:12:14.924-0500] {processor.py:161} INFO - Started process (PID=33970) to work on /Users/alexkim/Desktop/Projects/ETL_Projects/redditviz/venv/lib/python3.12/site-packages/airflow/example_dags/example_branch_python_dop_operator_3.py
[2024-07-28T14:12:14.924-0500] {processor.py:830} INFO - Processing file /Users/alexkim/Desktop/Projects/ETL_Projects/redditviz/venv/lib/python3.12/site-packages/airflow/example_dags/example_branch_python_dop_operator_3.py for tasks to queue
[2024-07-28T14:12:14.925-0500] {logging_mixin.py:188} INFO - [2024-07-28T14:12:14.925-0500] {dagbag.py:545} INFO - Filling up the DagBag from /Users/alexkim/Desktop/Projects/ETL_Projects/redditviz/venv/lib/python3.12/site-packages/airflow/example_dags/example_branch_python_dop_operator_3.py
[2024-07-28T14:12:14.938-0500] {processor.py:840} INFO - DAG(s) 'example_branch_dop_operator_v3' retrieved from /Users/alexkim/Desktop/Projects/ETL_Projects/redditviz/venv/lib/python3.12/site-packages/airflow/example_dags/example_branch_python_dop_operator_3.py
[2024-07-28T14:12:14.967-0500] {logging_mixin.py:188} INFO - [2024-07-28T14:12:14.966-0500] {dag.py:3089} INFO - Sync 1 DAGs
[2024-07-28T14:12:14.973-0500] {logging_mixin.py:188} INFO - [2024-07-28T14:12:14.973-0500] {dag.py:3947} INFO - Setting next_dagrun for example_branch_dop_operator_v3 to 2024-07-28 19:11:00+00:00, run_after=2024-07-28 19:12:00+00:00
[2024-07-28T14:12:14.979-0500] {processor.py:183} INFO - Processing /Users/alexkim/Desktop/Projects/ETL_Projects/redditviz/venv/lib/python3.12/site-packages/airflow/example_dags/example_branch_python_dop_operator_3.py took 0.056 seconds
[2024-07-28T14:14:16.620-0500] {processor.py:161} INFO - Started process (PID=34126) to work on /Users/alexkim/Desktop/Projects/ETL_Projects/redditviz/venv/lib/python3.12/site-packages/airflow/example_dags/example_branch_python_dop_operator_3.py
[2024-07-28T14:14:16.621-0500] {processor.py:830} INFO - Processing file /Users/alexkim/Desktop/Projects/ETL_Projects/redditviz/venv/lib/python3.12/site-packages/airflow/example_dags/example_branch_python_dop_operator_3.py for tasks to queue
[2024-07-28T14:14:16.621-0500] {logging_mixin.py:188} INFO - [2024-07-28T14:14:16.621-0500] {dagbag.py:545} INFO - Filling up the DagBag from /Users/alexkim/Desktop/Projects/ETL_Projects/redditviz/venv/lib/python3.12/site-packages/airflow/example_dags/example_branch_python_dop_operator_3.py
[2024-07-28T14:14:16.636-0500] {processor.py:840} INFO - DAG(s) 'example_branch_dop_operator_v3' retrieved from /Users/alexkim/Desktop/Projects/ETL_Projects/redditviz/venv/lib/python3.12/site-packages/airflow/example_dags/example_branch_python_dop_operator_3.py
[2024-07-28T14:14:16.665-0500] {logging_mixin.py:188} INFO - [2024-07-28T14:14:16.665-0500] {dag.py:3089} INFO - Sync 1 DAGs
[2024-07-28T14:14:16.671-0500] {logging_mixin.py:188} INFO - [2024-07-28T14:14:16.671-0500] {dag.py:3947} INFO - Setting next_dagrun for example_branch_dop_operator_v3 to 2024-07-28 19:13:00+00:00, run_after=2024-07-28 19:14:00+00:00
[2024-07-28T14:14:16.677-0500] {processor.py:183} INFO - Processing /Users/alexkim/Desktop/Projects/ETL_Projects/redditviz/venv/lib/python3.12/site-packages/airflow/example_dags/example_branch_python_dop_operator_3.py took 0.058 seconds
