[2024-07-28T14:00:22.738-0500] {processor.py:161} INFO - Started process (PID=33179) to work on /Users/alexkim/Desktop/Projects/ETL_Projects/redditviz/venv/lib/python3.12/site-packages/airflow/example_dags/example_short_circuit_operator.py
[2024-07-28T14:00:22.738-0500] {processor.py:830} INFO - Processing file /Users/alexkim/Desktop/Projects/ETL_Projects/redditviz/venv/lib/python3.12/site-packages/airflow/example_dags/example_short_circuit_operator.py for tasks to queue
[2024-07-28T14:00:22.739-0500] {logging_mixin.py:188} INFO - [2024-07-28T14:00:22.739-0500] {dagbag.py:545} INFO - Filling up the DagBag from /Users/alexkim/Desktop/Projects/ETL_Projects/redditviz/venv/lib/python3.12/site-packages/airflow/example_dags/example_short_circuit_operator.py
[2024-07-28T14:00:22.747-0500] {processor.py:840} INFO - DAG(s) 'example_short_circuit_operator' retrieved from /Users/alexkim/Desktop/Projects/ETL_Projects/redditviz/venv/lib/python3.12/site-packages/airflow/example_dags/example_short_circuit_operator.py
[2024-07-28T14:00:22.804-0500] {logging_mixin.py:188} INFO - [2024-07-28T14:00:22.803-0500] {override.py:1858} INFO - Created Permission View: can read on DAG:example_short_circuit_operator
[2024-07-28T14:00:22.807-0500] {logging_mixin.py:188} INFO - [2024-07-28T14:00:22.806-0500] {override.py:1858} INFO - Created Permission View: can delete on DAG:example_short_circuit_operator
[2024-07-28T14:00:22.809-0500] {logging_mixin.py:188} INFO - [2024-07-28T14:00:22.808-0500] {override.py:1858} INFO - Created Permission View: can edit on DAG:example_short_circuit_operator
[2024-07-28T14:00:22.809-0500] {logging_mixin.py:188} INFO - [2024-07-28T14:00:22.809-0500] {dag.py:3089} INFO - Sync 1 DAGs
[2024-07-28T14:00:22.812-0500] {logging_mixin.py:188} INFO - [2024-07-28T14:00:22.812-0500] {dag.py:3111} INFO - Creating ORM DAG for example_short_circuit_operator
[2024-07-28T14:00:22.815-0500] {logging_mixin.py:188} INFO - [2024-07-28T14:00:22.815-0500] {dag.py:3947} INFO - Setting next_dagrun for example_short_circuit_operator to 2024-07-27 00:00:00+00:00, run_after=2024-07-28 00:00:00+00:00
[2024-07-28T14:00:22.820-0500] {processor.py:183} INFO - Processing /Users/alexkim/Desktop/Projects/ETL_Projects/redditviz/venv/lib/python3.12/site-packages/airflow/example_dags/example_short_circuit_operator.py took 0.082 seconds
[2024-07-28T14:01:52.659-0500] {processor.py:161} INFO - Started process (PID=33267) to work on /Users/alexkim/Desktop/Projects/ETL_Projects/redditviz/venv/lib/python3.12/site-packages/airflow/example_dags/example_short_circuit_operator.py
[2024-07-28T14:01:52.659-0500] {processor.py:830} INFO - Processing file /Users/alexkim/Desktop/Projects/ETL_Projects/redditviz/venv/lib/python3.12/site-packages/airflow/example_dags/example_short_circuit_operator.py for tasks to queue
[2024-07-28T14:01:52.660-0500] {logging_mixin.py:188} INFO - [2024-07-28T14:01:52.660-0500] {dagbag.py:545} INFO - Filling up the DagBag from /Users/alexkim/Desktop/Projects/ETL_Projects/redditviz/venv/lib/python3.12/site-packages/airflow/example_dags/example_short_circuit_operator.py
[2024-07-28T14:01:52.668-0500] {processor.py:840} INFO - DAG(s) 'example_short_circuit_operator' retrieved from /Users/alexkim/Desktop/Projects/ETL_Projects/redditviz/venv/lib/python3.12/site-packages/airflow/example_dags/example_short_circuit_operator.py
[2024-07-28T14:01:52.699-0500] {logging_mixin.py:188} INFO - [2024-07-28T14:01:52.698-0500] {dag.py:3089} INFO - Sync 1 DAGs
[2024-07-28T14:01:52.704-0500] {logging_mixin.py:188} INFO - [2024-07-28T14:01:52.703-0500] {dag.py:3947} INFO - Setting next_dagrun for example_short_circuit_operator to 2024-07-27 00:00:00+00:00, run_after=2024-07-28 00:00:00+00:00
[2024-07-28T14:01:52.709-0500] {processor.py:183} INFO - Processing /Users/alexkim/Desktop/Projects/ETL_Projects/redditviz/venv/lib/python3.12/site-packages/airflow/example_dags/example_short_circuit_operator.py took 0.051 seconds
[2024-07-28T14:03:28.100-0500] {processor.py:161} INFO - Started process (PID=33354) to work on /Users/alexkim/Desktop/Projects/ETL_Projects/redditviz/venv/lib/python3.12/site-packages/airflow/example_dags/example_short_circuit_operator.py
[2024-07-28T14:03:28.100-0500] {processor.py:830} INFO - Processing file /Users/alexkim/Desktop/Projects/ETL_Projects/redditviz/venv/lib/python3.12/site-packages/airflow/example_dags/example_short_circuit_operator.py for tasks to queue
[2024-07-28T14:03:28.101-0500] {logging_mixin.py:188} INFO - [2024-07-28T14:03:28.101-0500] {dagbag.py:545} INFO - Filling up the DagBag from /Users/alexkim/Desktop/Projects/ETL_Projects/redditviz/venv/lib/python3.12/site-packages/airflow/example_dags/example_short_circuit_operator.py
[2024-07-28T14:03:28.110-0500] {processor.py:840} INFO - DAG(s) 'example_short_circuit_operator' retrieved from /Users/alexkim/Desktop/Projects/ETL_Projects/redditviz/venv/lib/python3.12/site-packages/airflow/example_dags/example_short_circuit_operator.py
[2024-07-28T14:03:28.141-0500] {logging_mixin.py:188} INFO - [2024-07-28T14:03:28.140-0500] {dag.py:3089} INFO - Sync 1 DAGs
[2024-07-28T14:03:28.146-0500] {logging_mixin.py:188} INFO - [2024-07-28T14:03:28.146-0500] {dag.py:3947} INFO - Setting next_dagrun for example_short_circuit_operator to 2024-07-27 00:00:00+00:00, run_after=2024-07-28 00:00:00+00:00
[2024-07-28T14:03:28.151-0500] {processor.py:183} INFO - Processing /Users/alexkim/Desktop/Projects/ETL_Projects/redditviz/venv/lib/python3.12/site-packages/airflow/example_dags/example_short_circuit_operator.py took 0.052 seconds
[2024-07-28T14:05:12.991-0500] {processor.py:161} INFO - Started process (PID=33475) to work on /Users/alexkim/Desktop/Projects/ETL_Projects/redditviz/venv/lib/python3.12/site-packages/airflow/example_dags/example_short_circuit_operator.py
[2024-07-28T14:05:12.992-0500] {processor.py:830} INFO - Processing file /Users/alexkim/Desktop/Projects/ETL_Projects/redditviz/venv/lib/python3.12/site-packages/airflow/example_dags/example_short_circuit_operator.py for tasks to queue
[2024-07-28T14:05:12.992-0500] {logging_mixin.py:188} INFO - [2024-07-28T14:05:12.992-0500] {dagbag.py:545} INFO - Filling up the DagBag from /Users/alexkim/Desktop/Projects/ETL_Projects/redditviz/venv/lib/python3.12/site-packages/airflow/example_dags/example_short_circuit_operator.py
[2024-07-28T14:05:13.002-0500] {processor.py:840} INFO - DAG(s) 'example_short_circuit_operator' retrieved from /Users/alexkim/Desktop/Projects/ETL_Projects/redditviz/venv/lib/python3.12/site-packages/airflow/example_dags/example_short_circuit_operator.py
[2024-07-28T14:05:13.035-0500] {logging_mixin.py:188} INFO - [2024-07-28T14:05:13.035-0500] {dag.py:3089} INFO - Sync 1 DAGs
[2024-07-28T14:05:13.041-0500] {logging_mixin.py:188} INFO - [2024-07-28T14:05:13.041-0500] {dag.py:3947} INFO - Setting next_dagrun for example_short_circuit_operator to 2024-07-27 00:00:00+00:00, run_after=2024-07-28 00:00:00+00:00
[2024-07-28T14:05:13.047-0500] {processor.py:183} INFO - Processing /Users/alexkim/Desktop/Projects/ETL_Projects/redditviz/venv/lib/python3.12/site-packages/airflow/example_dags/example_short_circuit_operator.py took 0.057 seconds
[2024-07-28T14:07:07.816-0500] {processor.py:161} INFO - Started process (PID=33653) to work on /Users/alexkim/Desktop/Projects/ETL_Projects/redditviz/venv/lib/python3.12/site-packages/airflow/example_dags/example_short_circuit_operator.py
[2024-07-28T14:07:07.817-0500] {processor.py:830} INFO - Processing file /Users/alexkim/Desktop/Projects/ETL_Projects/redditviz/venv/lib/python3.12/site-packages/airflow/example_dags/example_short_circuit_operator.py for tasks to queue
[2024-07-28T14:07:07.817-0500] {logging_mixin.py:188} INFO - [2024-07-28T14:07:07.817-0500] {dagbag.py:545} INFO - Filling up the DagBag from /Users/alexkim/Desktop/Projects/ETL_Projects/redditviz/venv/lib/python3.12/site-packages/airflow/example_dags/example_short_circuit_operator.py
[2024-07-28T14:07:07.826-0500] {processor.py:840} INFO - DAG(s) 'example_short_circuit_operator' retrieved from /Users/alexkim/Desktop/Projects/ETL_Projects/redditviz/venv/lib/python3.12/site-packages/airflow/example_dags/example_short_circuit_operator.py
[2024-07-28T14:07:07.856-0500] {logging_mixin.py:188} INFO - [2024-07-28T14:07:07.856-0500] {dag.py:3089} INFO - Sync 1 DAGs
[2024-07-28T14:07:07.861-0500] {logging_mixin.py:188} INFO - [2024-07-28T14:07:07.861-0500] {dag.py:3947} INFO - Setting next_dagrun for example_short_circuit_operator to 2024-07-27 00:00:00+00:00, run_after=2024-07-28 00:00:00+00:00
[2024-07-28T14:07:07.866-0500] {processor.py:183} INFO - Processing /Users/alexkim/Desktop/Projects/ETL_Projects/redditviz/venv/lib/python3.12/site-packages/airflow/example_dags/example_short_circuit_operator.py took 0.051 seconds
[2024-07-28T14:09:05.795-0500] {processor.py:161} INFO - Started process (PID=33756) to work on /Users/alexkim/Desktop/Projects/ETL_Projects/redditviz/venv/lib/python3.12/site-packages/airflow/example_dags/example_short_circuit_operator.py
[2024-07-28T14:09:05.795-0500] {processor.py:830} INFO - Processing file /Users/alexkim/Desktop/Projects/ETL_Projects/redditviz/venv/lib/python3.12/site-packages/airflow/example_dags/example_short_circuit_operator.py for tasks to queue
[2024-07-28T14:09:05.795-0500] {logging_mixin.py:188} INFO - [2024-07-28T14:09:05.795-0500] {dagbag.py:545} INFO - Filling up the DagBag from /Users/alexkim/Desktop/Projects/ETL_Projects/redditviz/venv/lib/python3.12/site-packages/airflow/example_dags/example_short_circuit_operator.py
[2024-07-28T14:09:05.804-0500] {processor.py:840} INFO - DAG(s) 'example_short_circuit_operator' retrieved from /Users/alexkim/Desktop/Projects/ETL_Projects/redditviz/venv/lib/python3.12/site-packages/airflow/example_dags/example_short_circuit_operator.py
[2024-07-28T14:09:05.835-0500] {logging_mixin.py:188} INFO - [2024-07-28T14:09:05.834-0500] {dag.py:3089} INFO - Sync 1 DAGs
[2024-07-28T14:09:05.839-0500] {logging_mixin.py:188} INFO - [2024-07-28T14:09:05.839-0500] {dag.py:3947} INFO - Setting next_dagrun for example_short_circuit_operator to 2024-07-27 00:00:00+00:00, run_after=2024-07-28 00:00:00+00:00
[2024-07-28T14:09:05.845-0500] {processor.py:183} INFO - Processing /Users/alexkim/Desktop/Projects/ETL_Projects/redditviz/venv/lib/python3.12/site-packages/airflow/example_dags/example_short_circuit_operator.py took 0.052 seconds
[2024-07-28T14:11:07.090-0500] {processor.py:161} INFO - Started process (PID=33908) to work on /Users/alexkim/Desktop/Projects/ETL_Projects/redditviz/venv/lib/python3.12/site-packages/airflow/example_dags/example_short_circuit_operator.py
[2024-07-28T14:11:07.090-0500] {processor.py:830} INFO - Processing file /Users/alexkim/Desktop/Projects/ETL_Projects/redditviz/venv/lib/python3.12/site-packages/airflow/example_dags/example_short_circuit_operator.py for tasks to queue
[2024-07-28T14:11:07.091-0500] {logging_mixin.py:188} INFO - [2024-07-28T14:11:07.090-0500] {dagbag.py:545} INFO - Filling up the DagBag from /Users/alexkim/Desktop/Projects/ETL_Projects/redditviz/venv/lib/python3.12/site-packages/airflow/example_dags/example_short_circuit_operator.py
[2024-07-28T14:11:07.100-0500] {processor.py:840} INFO - DAG(s) 'example_short_circuit_operator' retrieved from /Users/alexkim/Desktop/Projects/ETL_Projects/redditviz/venv/lib/python3.12/site-packages/airflow/example_dags/example_short_circuit_operator.py
[2024-07-28T14:11:07.132-0500] {logging_mixin.py:188} INFO - [2024-07-28T14:11:07.131-0500] {dag.py:3089} INFO - Sync 1 DAGs
[2024-07-28T14:11:07.137-0500] {logging_mixin.py:188} INFO - [2024-07-28T14:11:07.137-0500] {dag.py:3947} INFO - Setting next_dagrun for example_short_circuit_operator to 2024-07-27 00:00:00+00:00, run_after=2024-07-28 00:00:00+00:00
[2024-07-28T14:11:07.143-0500] {processor.py:183} INFO - Processing /Users/alexkim/Desktop/Projects/ETL_Projects/redditviz/venv/lib/python3.12/site-packages/airflow/example_dags/example_short_circuit_operator.py took 0.054 seconds
[2024-07-28T14:13:04.572-0500] {processor.py:161} INFO - Started process (PID=34029) to work on /Users/alexkim/Desktop/Projects/ETL_Projects/redditviz/venv/lib/python3.12/site-packages/airflow/example_dags/example_short_circuit_operator.py
[2024-07-28T14:13:04.572-0500] {processor.py:830} INFO - Processing file /Users/alexkim/Desktop/Projects/ETL_Projects/redditviz/venv/lib/python3.12/site-packages/airflow/example_dags/example_short_circuit_operator.py for tasks to queue
[2024-07-28T14:13:04.573-0500] {logging_mixin.py:188} INFO - [2024-07-28T14:13:04.572-0500] {dagbag.py:545} INFO - Filling up the DagBag from /Users/alexkim/Desktop/Projects/ETL_Projects/redditviz/venv/lib/python3.12/site-packages/airflow/example_dags/example_short_circuit_operator.py
[2024-07-28T14:13:04.582-0500] {processor.py:840} INFO - DAG(s) 'example_short_circuit_operator' retrieved from /Users/alexkim/Desktop/Projects/ETL_Projects/redditviz/venv/lib/python3.12/site-packages/airflow/example_dags/example_short_circuit_operator.py
[2024-07-28T14:13:04.614-0500] {logging_mixin.py:188} INFO - [2024-07-28T14:13:04.614-0500] {dag.py:3089} INFO - Sync 1 DAGs
[2024-07-28T14:13:04.619-0500] {logging_mixin.py:188} INFO - [2024-07-28T14:13:04.619-0500] {dag.py:3947} INFO - Setting next_dagrun for example_short_circuit_operator to 2024-07-27 00:00:00+00:00, run_after=2024-07-28 00:00:00+00:00
[2024-07-28T14:13:04.625-0500] {processor.py:183} INFO - Processing /Users/alexkim/Desktop/Projects/ETL_Projects/redditviz/venv/lib/python3.12/site-packages/airflow/example_dags/example_short_circuit_operator.py took 0.054 seconds
