[2024-07-28T14:00:10.998-0500] {processor.py:161} INFO - Started process (PID=33171) to work on /Users/alexkim/Desktop/Projects/ETL_Projects/redditviz/venv/lib/python3.12/site-packages/airflow/example_dags/example_trigger_controller_dag.py
[2024-07-28T14:00:10.998-0500] {processor.py:830} INFO - Processing file /Users/alexkim/Desktop/Projects/ETL_Projects/redditviz/venv/lib/python3.12/site-packages/airflow/example_dags/example_trigger_controller_dag.py for tasks to queue
[2024-07-28T14:00:10.998-0500] {logging_mixin.py:188} INFO - [2024-07-28T14:00:10.998-0500] {dagbag.py:545} INFO - Filling up the DagBag from /Users/alexkim/Desktop/Projects/ETL_Projects/redditviz/venv/lib/python3.12/site-packages/airflow/example_dags/example_trigger_controller_dag.py
[2024-07-28T14:00:11.002-0500] {processor.py:840} INFO - DAG(s) 'example_trigger_controller_dag' retrieved from /Users/alexkim/Desktop/Projects/ETL_Projects/redditviz/venv/lib/python3.12/site-packages/airflow/example_dags/example_trigger_controller_dag.py
[2024-07-28T14:00:11.060-0500] {logging_mixin.py:188} INFO - [2024-07-28T14:00:11.060-0500] {override.py:1858} INFO - Created Permission View: can read on DAG:example_trigger_controller_dag
[2024-07-28T14:00:11.063-0500] {logging_mixin.py:188} INFO - [2024-07-28T14:00:11.063-0500] {override.py:1858} INFO - Created Permission View: can edit on DAG:example_trigger_controller_dag
[2024-07-28T14:00:11.064-0500] {logging_mixin.py:188} INFO - [2024-07-28T14:00:11.064-0500] {override.py:1858} INFO - Created Permission View: can delete on DAG:example_trigger_controller_dag
[2024-07-28T14:00:11.065-0500] {logging_mixin.py:188} INFO - [2024-07-28T14:00:11.065-0500] {dag.py:3089} INFO - Sync 1 DAGs
[2024-07-28T14:00:11.067-0500] {logging_mixin.py:188} INFO - [2024-07-28T14:00:11.067-0500] {dag.py:3111} INFO - Creating ORM DAG for example_trigger_controller_dag
[2024-07-28T14:00:11.070-0500] {logging_mixin.py:188} INFO - [2024-07-28T14:00:11.070-0500] {dag.py:3947} INFO - Setting next_dagrun for example_trigger_controller_dag to 2021-01-01 00:00:00+00:00, run_after=2021-01-01 00:00:00+00:00
[2024-07-28T14:00:11.075-0500] {processor.py:183} INFO - Processing /Users/alexkim/Desktop/Projects/ETL_Projects/redditviz/venv/lib/python3.12/site-packages/airflow/example_dags/example_trigger_controller_dag.py took 0.078 seconds
[2024-07-28T14:01:42.236-0500] {processor.py:161} INFO - Started process (PID=33256) to work on /Users/alexkim/Desktop/Projects/ETL_Projects/redditviz/venv/lib/python3.12/site-packages/airflow/example_dags/example_trigger_controller_dag.py
[2024-07-28T14:01:42.236-0500] {processor.py:830} INFO - Processing file /Users/alexkim/Desktop/Projects/ETL_Projects/redditviz/venv/lib/python3.12/site-packages/airflow/example_dags/example_trigger_controller_dag.py for tasks to queue
[2024-07-28T14:01:42.237-0500] {logging_mixin.py:188} INFO - [2024-07-28T14:01:42.236-0500] {dagbag.py:545} INFO - Filling up the DagBag from /Users/alexkim/Desktop/Projects/ETL_Projects/redditviz/venv/lib/python3.12/site-packages/airflow/example_dags/example_trigger_controller_dag.py
[2024-07-28T14:01:42.240-0500] {processor.py:840} INFO - DAG(s) 'example_trigger_controller_dag' retrieved from /Users/alexkim/Desktop/Projects/ETL_Projects/redditviz/venv/lib/python3.12/site-packages/airflow/example_dags/example_trigger_controller_dag.py
[2024-07-28T14:01:42.269-0500] {logging_mixin.py:188} INFO - [2024-07-28T14:01:42.268-0500] {dag.py:3089} INFO - Sync 1 DAGs
[2024-07-28T14:01:42.274-0500] {logging_mixin.py:188} INFO - [2024-07-28T14:01:42.274-0500] {dag.py:3947} INFO - Setting next_dagrun for example_trigger_controller_dag to 2021-01-01 00:00:00+00:00, run_after=2021-01-01 00:00:00+00:00
[2024-07-28T14:01:42.280-0500] {processor.py:183} INFO - Processing /Users/alexkim/Desktop/Projects/ETL_Projects/redditviz/venv/lib/python3.12/site-packages/airflow/example_dags/example_trigger_controller_dag.py took 0.045 seconds
[2024-07-28T14:02:35.217-0500] {processor.py:161} INFO - Started process (PID=33307) to work on /Users/alexkim/Desktop/Projects/ETL_Projects/redditviz/venv/lib/python3.12/site-packages/airflow/example_dags/example_trigger_controller_dag.py
[2024-07-28T14:02:35.218-0500] {processor.py:830} INFO - Processing file /Users/alexkim/Desktop/Projects/ETL_Projects/redditviz/venv/lib/python3.12/site-packages/airflow/example_dags/example_trigger_controller_dag.py for tasks to queue
[2024-07-28T14:02:35.219-0500] {logging_mixin.py:188} INFO - [2024-07-28T14:02:35.219-0500] {dagbag.py:545} INFO - Filling up the DagBag from /Users/alexkim/Desktop/Projects/ETL_Projects/redditviz/venv/lib/python3.12/site-packages/airflow/example_dags/example_trigger_controller_dag.py
[2024-07-28T14:02:35.222-0500] {processor.py:840} INFO - DAG(s) 'example_trigger_controller_dag' retrieved from /Users/alexkim/Desktop/Projects/ETL_Projects/redditviz/venv/lib/python3.12/site-packages/airflow/example_dags/example_trigger_controller_dag.py
[2024-07-28T14:02:35.250-0500] {logging_mixin.py:188} INFO - [2024-07-28T14:02:35.250-0500] {dag.py:3089} INFO - Sync 1 DAGs
[2024-07-28T14:02:35.256-0500] {logging_mixin.py:188} INFO - [2024-07-28T14:02:35.255-0500] {dag.py:3947} INFO - Setting next_dagrun for example_trigger_controller_dag to 2021-01-01 00:00:00+00:00, run_after=2021-01-01 00:00:00+00:00
[2024-07-28T14:02:35.266-0500] {processor.py:183} INFO - Processing /Users/alexkim/Desktop/Projects/ETL_Projects/redditviz/venv/lib/python3.12/site-packages/airflow/example_dags/example_trigger_controller_dag.py took 0.050 seconds
[2024-07-28T14:04:10.203-0500] {processor.py:161} INFO - Started process (PID=33398) to work on /Users/alexkim/Desktop/Projects/ETL_Projects/redditviz/venv/lib/python3.12/site-packages/airflow/example_dags/example_trigger_controller_dag.py
[2024-07-28T14:04:10.203-0500] {processor.py:830} INFO - Processing file /Users/alexkim/Desktop/Projects/ETL_Projects/redditviz/venv/lib/python3.12/site-packages/airflow/example_dags/example_trigger_controller_dag.py for tasks to queue
[2024-07-28T14:04:10.204-0500] {logging_mixin.py:188} INFO - [2024-07-28T14:04:10.204-0500] {dagbag.py:545} INFO - Filling up the DagBag from /Users/alexkim/Desktop/Projects/ETL_Projects/redditviz/venv/lib/python3.12/site-packages/airflow/example_dags/example_trigger_controller_dag.py
[2024-07-28T14:04:10.208-0500] {processor.py:840} INFO - DAG(s) 'example_trigger_controller_dag' retrieved from /Users/alexkim/Desktop/Projects/ETL_Projects/redditviz/venv/lib/python3.12/site-packages/airflow/example_dags/example_trigger_controller_dag.py
[2024-07-28T14:04:10.240-0500] {logging_mixin.py:188} INFO - [2024-07-28T14:04:10.240-0500] {dag.py:3089} INFO - Sync 1 DAGs
[2024-07-28T14:04:10.249-0500] {logging_mixin.py:188} INFO - [2024-07-28T14:04:10.249-0500] {dag.py:3947} INFO - Setting next_dagrun for example_trigger_controller_dag to 2021-01-01 00:00:00+00:00, run_after=2021-01-01 00:00:00+00:00
[2024-07-28T14:04:10.255-0500] {processor.py:183} INFO - Processing /Users/alexkim/Desktop/Projects/ETL_Projects/redditviz/venv/lib/python3.12/site-packages/airflow/example_dags/example_trigger_controller_dag.py took 0.053 seconds
[2024-07-28T14:05:58.599-0500] {processor.py:161} INFO - Started process (PID=33566) to work on /Users/alexkim/Desktop/Projects/ETL_Projects/redditviz/venv/lib/python3.12/site-packages/airflow/example_dags/example_trigger_controller_dag.py
[2024-07-28T14:05:58.600-0500] {processor.py:830} INFO - Processing file /Users/alexkim/Desktop/Projects/ETL_Projects/redditviz/venv/lib/python3.12/site-packages/airflow/example_dags/example_trigger_controller_dag.py for tasks to queue
[2024-07-28T14:05:58.600-0500] {logging_mixin.py:188} INFO - [2024-07-28T14:05:58.600-0500] {dagbag.py:545} INFO - Filling up the DagBag from /Users/alexkim/Desktop/Projects/ETL_Projects/redditviz/venv/lib/python3.12/site-packages/airflow/example_dags/example_trigger_controller_dag.py
[2024-07-28T14:05:58.604-0500] {processor.py:840} INFO - DAG(s) 'example_trigger_controller_dag' retrieved from /Users/alexkim/Desktop/Projects/ETL_Projects/redditviz/venv/lib/python3.12/site-packages/airflow/example_dags/example_trigger_controller_dag.py
[2024-07-28T14:05:58.632-0500] {logging_mixin.py:188} INFO - [2024-07-28T14:05:58.632-0500] {dag.py:3089} INFO - Sync 1 DAGs
[2024-07-28T14:05:58.637-0500] {logging_mixin.py:188} INFO - [2024-07-28T14:05:58.637-0500] {dag.py:3947} INFO - Setting next_dagrun for example_trigger_controller_dag to 2021-01-01 00:00:00+00:00, run_after=2021-01-01 00:00:00+00:00
[2024-07-28T14:05:58.643-0500] {processor.py:183} INFO - Processing /Users/alexkim/Desktop/Projects/ETL_Projects/redditviz/venv/lib/python3.12/site-packages/airflow/example_dags/example_trigger_controller_dag.py took 0.044 seconds
[2024-07-28T14:06:56.840-0500] {processor.py:161} INFO - Started process (PID=33629) to work on /Users/alexkim/Desktop/Projects/ETL_Projects/redditviz/venv/lib/python3.12/site-packages/airflow/example_dags/example_trigger_controller_dag.py
[2024-07-28T14:06:56.841-0500] {processor.py:830} INFO - Processing file /Users/alexkim/Desktop/Projects/ETL_Projects/redditviz/venv/lib/python3.12/site-packages/airflow/example_dags/example_trigger_controller_dag.py for tasks to queue
[2024-07-28T14:06:56.842-0500] {logging_mixin.py:188} INFO - [2024-07-28T14:06:56.842-0500] {dagbag.py:545} INFO - Filling up the DagBag from /Users/alexkim/Desktop/Projects/ETL_Projects/redditviz/venv/lib/python3.12/site-packages/airflow/example_dags/example_trigger_controller_dag.py
[2024-07-28T14:06:56.846-0500] {processor.py:840} INFO - DAG(s) 'example_trigger_controller_dag' retrieved from /Users/alexkim/Desktop/Projects/ETL_Projects/redditviz/venv/lib/python3.12/site-packages/airflow/example_dags/example_trigger_controller_dag.py
[2024-07-28T14:06:56.875-0500] {logging_mixin.py:188} INFO - [2024-07-28T14:06:56.874-0500] {dag.py:3089} INFO - Sync 1 DAGs
[2024-07-28T14:06:56.880-0500] {logging_mixin.py:188} INFO - [2024-07-28T14:06:56.880-0500] {dag.py:3947} INFO - Setting next_dagrun for example_trigger_controller_dag to 2021-01-01 00:00:00+00:00, run_after=2021-01-01 00:00:00+00:00
[2024-07-28T14:06:56.885-0500] {processor.py:183} INFO - Processing /Users/alexkim/Desktop/Projects/ETL_Projects/redditviz/venv/lib/python3.12/site-packages/airflow/example_dags/example_trigger_controller_dag.py took 0.046 seconds
[2024-07-28T14:07:59.701-0500] {processor.py:161} INFO - Started process (PID=33708) to work on /Users/alexkim/Desktop/Projects/ETL_Projects/redditviz/venv/lib/python3.12/site-packages/airflow/example_dags/example_trigger_controller_dag.py
[2024-07-28T14:07:59.701-0500] {processor.py:830} INFO - Processing file /Users/alexkim/Desktop/Projects/ETL_Projects/redditviz/venv/lib/python3.12/site-packages/airflow/example_dags/example_trigger_controller_dag.py for tasks to queue
[2024-07-28T14:07:59.702-0500] {logging_mixin.py:188} INFO - [2024-07-28T14:07:59.702-0500] {dagbag.py:545} INFO - Filling up the DagBag from /Users/alexkim/Desktop/Projects/ETL_Projects/redditviz/venv/lib/python3.12/site-packages/airflow/example_dags/example_trigger_controller_dag.py
[2024-07-28T14:07:59.706-0500] {processor.py:840} INFO - DAG(s) 'example_trigger_controller_dag' retrieved from /Users/alexkim/Desktop/Projects/ETL_Projects/redditviz/venv/lib/python3.12/site-packages/airflow/example_dags/example_trigger_controller_dag.py
[2024-07-28T14:07:59.737-0500] {logging_mixin.py:188} INFO - [2024-07-28T14:07:59.737-0500] {dag.py:3089} INFO - Sync 1 DAGs
[2024-07-28T14:07:59.743-0500] {logging_mixin.py:188} INFO - [2024-07-28T14:07:59.743-0500] {dag.py:3947} INFO - Setting next_dagrun for example_trigger_controller_dag to 2021-01-01 00:00:00+00:00, run_after=2021-01-01 00:00:00+00:00
[2024-07-28T14:07:59.748-0500] {processor.py:183} INFO - Processing /Users/alexkim/Desktop/Projects/ETL_Projects/redditviz/venv/lib/python3.12/site-packages/airflow/example_dags/example_trigger_controller_dag.py took 0.048 seconds
[2024-07-28T14:08:55.514-0500] {processor.py:161} INFO - Started process (PID=33747) to work on /Users/alexkim/Desktop/Projects/ETL_Projects/redditviz/venv/lib/python3.12/site-packages/airflow/example_dags/example_trigger_controller_dag.py
[2024-07-28T14:08:55.515-0500] {processor.py:830} INFO - Processing file /Users/alexkim/Desktop/Projects/ETL_Projects/redditviz/venv/lib/python3.12/site-packages/airflow/example_dags/example_trigger_controller_dag.py for tasks to queue
[2024-07-28T14:08:55.515-0500] {logging_mixin.py:188} INFO - [2024-07-28T14:08:55.515-0500] {dagbag.py:545} INFO - Filling up the DagBag from /Users/alexkim/Desktop/Projects/ETL_Projects/redditviz/venv/lib/python3.12/site-packages/airflow/example_dags/example_trigger_controller_dag.py
[2024-07-28T14:08:55.519-0500] {processor.py:840} INFO - DAG(s) 'example_trigger_controller_dag' retrieved from /Users/alexkim/Desktop/Projects/ETL_Projects/redditviz/venv/lib/python3.12/site-packages/airflow/example_dags/example_trigger_controller_dag.py
[2024-07-28T14:08:55.547-0500] {logging_mixin.py:188} INFO - [2024-07-28T14:08:55.547-0500] {dag.py:3089} INFO - Sync 1 DAGs
[2024-07-28T14:08:55.552-0500] {logging_mixin.py:188} INFO - [2024-07-28T14:08:55.552-0500] {dag.py:3947} INFO - Setting next_dagrun for example_trigger_controller_dag to 2021-01-01 00:00:00+00:00, run_after=2021-01-01 00:00:00+00:00
[2024-07-28T14:08:55.558-0500] {processor.py:183} INFO - Processing /Users/alexkim/Desktop/Projects/ETL_Projects/redditviz/venv/lib/python3.12/site-packages/airflow/example_dags/example_trigger_controller_dag.py took 0.044 seconds
[2024-07-28T14:09:53.673-0500] {processor.py:161} INFO - Started process (PID=33835) to work on /Users/alexkim/Desktop/Projects/ETL_Projects/redditviz/venv/lib/python3.12/site-packages/airflow/example_dags/example_trigger_controller_dag.py
[2024-07-28T14:09:53.674-0500] {processor.py:830} INFO - Processing file /Users/alexkim/Desktop/Projects/ETL_Projects/redditviz/venv/lib/python3.12/site-packages/airflow/example_dags/example_trigger_controller_dag.py for tasks to queue
[2024-07-28T14:09:53.675-0500] {logging_mixin.py:188} INFO - [2024-07-28T14:09:53.675-0500] {dagbag.py:545} INFO - Filling up the DagBag from /Users/alexkim/Desktop/Projects/ETL_Projects/redditviz/venv/lib/python3.12/site-packages/airflow/example_dags/example_trigger_controller_dag.py
[2024-07-28T14:09:53.678-0500] {processor.py:840} INFO - DAG(s) 'example_trigger_controller_dag' retrieved from /Users/alexkim/Desktop/Projects/ETL_Projects/redditviz/venv/lib/python3.12/site-packages/airflow/example_dags/example_trigger_controller_dag.py
[2024-07-28T14:09:53.706-0500] {logging_mixin.py:188} INFO - [2024-07-28T14:09:53.706-0500] {dag.py:3089} INFO - Sync 1 DAGs
[2024-07-28T14:09:53.711-0500] {logging_mixin.py:188} INFO - [2024-07-28T14:09:53.711-0500] {dag.py:3947} INFO - Setting next_dagrun for example_trigger_controller_dag to 2021-01-01 00:00:00+00:00, run_after=2021-01-01 00:00:00+00:00
[2024-07-28T14:09:53.717-0500] {processor.py:183} INFO - Processing /Users/alexkim/Desktop/Projects/ETL_Projects/redditviz/venv/lib/python3.12/site-packages/airflow/example_dags/example_trigger_controller_dag.py took 0.044 seconds
[2024-07-28T14:10:54.523-0500] {processor.py:161} INFO - Started process (PID=33892) to work on /Users/alexkim/Desktop/Projects/ETL_Projects/redditviz/venv/lib/python3.12/site-packages/airflow/example_dags/example_trigger_controller_dag.py
[2024-07-28T14:10:54.524-0500] {processor.py:830} INFO - Processing file /Users/alexkim/Desktop/Projects/ETL_Projects/redditviz/venv/lib/python3.12/site-packages/airflow/example_dags/example_trigger_controller_dag.py for tasks to queue
[2024-07-28T14:10:54.524-0500] {logging_mixin.py:188} INFO - [2024-07-28T14:10:54.524-0500] {dagbag.py:545} INFO - Filling up the DagBag from /Users/alexkim/Desktop/Projects/ETL_Projects/redditviz/venv/lib/python3.12/site-packages/airflow/example_dags/example_trigger_controller_dag.py
[2024-07-28T14:10:54.528-0500] {processor.py:840} INFO - DAG(s) 'example_trigger_controller_dag' retrieved from /Users/alexkim/Desktop/Projects/ETL_Projects/redditviz/venv/lib/python3.12/site-packages/airflow/example_dags/example_trigger_controller_dag.py
[2024-07-28T14:10:54.557-0500] {logging_mixin.py:188} INFO - [2024-07-28T14:10:54.557-0500] {dag.py:3089} INFO - Sync 1 DAGs
[2024-07-28T14:10:54.563-0500] {logging_mixin.py:188} INFO - [2024-07-28T14:10:54.563-0500] {dag.py:3947} INFO - Setting next_dagrun for example_trigger_controller_dag to 2021-01-01 00:00:00+00:00, run_after=2021-01-01 00:00:00+00:00
[2024-07-28T14:10:54.569-0500] {processor.py:183} INFO - Processing /Users/alexkim/Desktop/Projects/ETL_Projects/redditviz/venv/lib/python3.12/site-packages/airflow/example_dags/example_trigger_controller_dag.py took 0.047 seconds
[2024-07-28T14:11:54.408-0500] {processor.py:161} INFO - Started process (PID=33955) to work on /Users/alexkim/Desktop/Projects/ETL_Projects/redditviz/venv/lib/python3.12/site-packages/airflow/example_dags/example_trigger_controller_dag.py
[2024-07-28T14:11:54.409-0500] {processor.py:830} INFO - Processing file /Users/alexkim/Desktop/Projects/ETL_Projects/redditviz/venv/lib/python3.12/site-packages/airflow/example_dags/example_trigger_controller_dag.py for tasks to queue
[2024-07-28T14:11:54.409-0500] {logging_mixin.py:188} INFO - [2024-07-28T14:11:54.409-0500] {dagbag.py:545} INFO - Filling up the DagBag from /Users/alexkim/Desktop/Projects/ETL_Projects/redditviz/venv/lib/python3.12/site-packages/airflow/example_dags/example_trigger_controller_dag.py
[2024-07-28T14:11:54.413-0500] {processor.py:840} INFO - DAG(s) 'example_trigger_controller_dag' retrieved from /Users/alexkim/Desktop/Projects/ETL_Projects/redditviz/venv/lib/python3.12/site-packages/airflow/example_dags/example_trigger_controller_dag.py
[2024-07-28T14:11:54.443-0500] {logging_mixin.py:188} INFO - [2024-07-28T14:11:54.442-0500] {dag.py:3089} INFO - Sync 1 DAGs
[2024-07-28T14:11:54.448-0500] {logging_mixin.py:188} INFO - [2024-07-28T14:11:54.448-0500] {dag.py:3947} INFO - Setting next_dagrun for example_trigger_controller_dag to 2021-01-01 00:00:00+00:00, run_after=2021-01-01 00:00:00+00:00
[2024-07-28T14:11:54.454-0500] {processor.py:183} INFO - Processing /Users/alexkim/Desktop/Projects/ETL_Projects/redditviz/venv/lib/python3.12/site-packages/airflow/example_dags/example_trigger_controller_dag.py took 0.046 seconds
[2024-07-28T14:12:53.891-0500] {processor.py:161} INFO - Started process (PID=34012) to work on /Users/alexkim/Desktop/Projects/ETL_Projects/redditviz/venv/lib/python3.12/site-packages/airflow/example_dags/example_trigger_controller_dag.py
[2024-07-28T14:12:53.892-0500] {processor.py:830} INFO - Processing file /Users/alexkim/Desktop/Projects/ETL_Projects/redditviz/venv/lib/python3.12/site-packages/airflow/example_dags/example_trigger_controller_dag.py for tasks to queue
[2024-07-28T14:12:53.892-0500] {logging_mixin.py:188} INFO - [2024-07-28T14:12:53.892-0500] {dagbag.py:545} INFO - Filling up the DagBag from /Users/alexkim/Desktop/Projects/ETL_Projects/redditviz/venv/lib/python3.12/site-packages/airflow/example_dags/example_trigger_controller_dag.py
[2024-07-28T14:12:53.896-0500] {processor.py:840} INFO - DAG(s) 'example_trigger_controller_dag' retrieved from /Users/alexkim/Desktop/Projects/ETL_Projects/redditviz/venv/lib/python3.12/site-packages/airflow/example_dags/example_trigger_controller_dag.py
[2024-07-28T14:12:53.928-0500] {logging_mixin.py:188} INFO - [2024-07-28T14:12:53.928-0500] {dag.py:3089} INFO - Sync 1 DAGs
[2024-07-28T14:12:53.935-0500] {logging_mixin.py:188} INFO - [2024-07-28T14:12:53.935-0500] {dag.py:3947} INFO - Setting next_dagrun for example_trigger_controller_dag to 2021-01-01 00:00:00+00:00, run_after=2021-01-01 00:00:00+00:00
[2024-07-28T14:12:53.941-0500] {processor.py:183} INFO - Processing /Users/alexkim/Desktop/Projects/ETL_Projects/redditviz/venv/lib/python3.12/site-packages/airflow/example_dags/example_trigger_controller_dag.py took 0.051 seconds
[2024-07-28T14:13:53.098-0500] {processor.py:161} INFO - Started process (PID=34091) to work on /Users/alexkim/Desktop/Projects/ETL_Projects/redditviz/venv/lib/python3.12/site-packages/airflow/example_dags/example_trigger_controller_dag.py
[2024-07-28T14:13:53.098-0500] {processor.py:830} INFO - Processing file /Users/alexkim/Desktop/Projects/ETL_Projects/redditviz/venv/lib/python3.12/site-packages/airflow/example_dags/example_trigger_controller_dag.py for tasks to queue
[2024-07-28T14:13:53.099-0500] {logging_mixin.py:188} INFO - [2024-07-28T14:13:53.099-0500] {dagbag.py:545} INFO - Filling up the DagBag from /Users/alexkim/Desktop/Projects/ETL_Projects/redditviz/venv/lib/python3.12/site-packages/airflow/example_dags/example_trigger_controller_dag.py
[2024-07-28T14:13:53.103-0500] {processor.py:840} INFO - DAG(s) 'example_trigger_controller_dag' retrieved from /Users/alexkim/Desktop/Projects/ETL_Projects/redditviz/venv/lib/python3.12/site-packages/airflow/example_dags/example_trigger_controller_dag.py
[2024-07-28T14:13:53.135-0500] {logging_mixin.py:188} INFO - [2024-07-28T14:13:53.135-0500] {dag.py:3089} INFO - Sync 1 DAGs
[2024-07-28T14:13:53.141-0500] {logging_mixin.py:188} INFO - [2024-07-28T14:13:53.141-0500] {dag.py:3947} INFO - Setting next_dagrun for example_trigger_controller_dag to 2021-01-01 00:00:00+00:00, run_after=2021-01-01 00:00:00+00:00
[2024-07-28T14:13:53.147-0500] {processor.py:183} INFO - Processing /Users/alexkim/Desktop/Projects/ETL_Projects/redditviz/venv/lib/python3.12/site-packages/airflow/example_dags/example_trigger_controller_dag.py took 0.051 seconds
[2024-07-28T14:14:55.722-0500] {processor.py:161} INFO - Started process (PID=34173) to work on /Users/alexkim/Desktop/Projects/ETL_Projects/redditviz/venv/lib/python3.12/site-packages/airflow/example_dags/example_trigger_controller_dag.py
[2024-07-28T14:14:55.723-0500] {processor.py:830} INFO - Processing file /Users/alexkim/Desktop/Projects/ETL_Projects/redditviz/venv/lib/python3.12/site-packages/airflow/example_dags/example_trigger_controller_dag.py for tasks to queue
[2024-07-28T14:14:55.723-0500] {logging_mixin.py:188} INFO - [2024-07-28T14:14:55.723-0500] {dagbag.py:545} INFO - Filling up the DagBag from /Users/alexkim/Desktop/Projects/ETL_Projects/redditviz/venv/lib/python3.12/site-packages/airflow/example_dags/example_trigger_controller_dag.py
[2024-07-28T14:14:55.727-0500] {processor.py:840} INFO - DAG(s) 'example_trigger_controller_dag' retrieved from /Users/alexkim/Desktop/Projects/ETL_Projects/redditviz/venv/lib/python3.12/site-packages/airflow/example_dags/example_trigger_controller_dag.py
[2024-07-28T14:14:55.765-0500] {logging_mixin.py:188} INFO - [2024-07-28T14:14:55.765-0500] {dag.py:3089} INFO - Sync 1 DAGs
[2024-07-28T14:14:55.773-0500] {logging_mixin.py:188} INFO - [2024-07-28T14:14:55.773-0500] {dag.py:3947} INFO - Setting next_dagrun for example_trigger_controller_dag to 2021-01-01 00:00:00+00:00, run_after=2021-01-01 00:00:00+00:00
[2024-07-28T14:14:55.780-0500] {processor.py:183} INFO - Processing /Users/alexkim/Desktop/Projects/ETL_Projects/redditviz/venv/lib/python3.12/site-packages/airflow/example_dags/example_trigger_controller_dag.py took 0.059 seconds
[2024-07-28T14:35:01.064-0500] {processor.py:161} INFO - Started process (PID=1507) to work on /Users/alexkim/Desktop/Projects/ETL_Projects/redditviz/venv/lib/python3.12/site-packages/airflow/example_dags/example_trigger_controller_dag.py
[2024-07-28T14:35:01.065-0500] {processor.py:830} INFO - Processing file /Users/alexkim/Desktop/Projects/ETL_Projects/redditviz/venv/lib/python3.12/site-packages/airflow/example_dags/example_trigger_controller_dag.py for tasks to queue
[2024-07-28T14:35:01.065-0500] {logging_mixin.py:188} INFO - [2024-07-28T14:35:01.065-0500] {dagbag.py:545} INFO - Filling up the DagBag from /Users/alexkim/Desktop/Projects/ETL_Projects/redditviz/venv/lib/python3.12/site-packages/airflow/example_dags/example_trigger_controller_dag.py
[2024-07-28T14:35:01.069-0500] {processor.py:840} INFO - DAG(s) 'example_trigger_controller_dag' retrieved from /Users/alexkim/Desktop/Projects/ETL_Projects/redditviz/venv/lib/python3.12/site-packages/airflow/example_dags/example_trigger_controller_dag.py
[2024-07-28T14:35:01.134-0500] {logging_mixin.py:188} INFO - [2024-07-28T14:35:01.133-0500] {override.py:1858} INFO - Created Permission View: can read on DAG:example_trigger_controller_dag
[2024-07-28T14:35:01.136-0500] {logging_mixin.py:188} INFO - [2024-07-28T14:35:01.136-0500] {override.py:1858} INFO - Created Permission View: can edit on DAG:example_trigger_controller_dag
[2024-07-28T14:35:01.138-0500] {logging_mixin.py:188} INFO - [2024-07-28T14:35:01.138-0500] {override.py:1858} INFO - Created Permission View: can delete on DAG:example_trigger_controller_dag
[2024-07-28T14:35:01.138-0500] {logging_mixin.py:188} INFO - [2024-07-28T14:35:01.138-0500] {dag.py:3089} INFO - Sync 1 DAGs
[2024-07-28T14:35:01.142-0500] {logging_mixin.py:188} INFO - [2024-07-28T14:35:01.142-0500] {dag.py:3111} INFO - Creating ORM DAG for example_trigger_controller_dag
[2024-07-28T14:35:01.144-0500] {logging_mixin.py:188} INFO - [2024-07-28T14:35:01.144-0500] {dag.py:3947} INFO - Setting next_dagrun for example_trigger_controller_dag to 2021-01-01 00:00:00+00:00, run_after=2021-01-01 00:00:00+00:00
[2024-07-28T14:35:01.150-0500] {processor.py:183} INFO - Processing /Users/alexkim/Desktop/Projects/ETL_Projects/redditviz/venv/lib/python3.12/site-packages/airflow/example_dags/example_trigger_controller_dag.py took 0.087 seconds
