[2024-07-28T14:00:26.342-0500] {processor.py:161} INFO - Started process (PID=33181) to work on /Users/alexkim/Desktop/Projects/ETL_Projects/redditviz/venv/lib/python3.12/site-packages/airflow/example_dags/example_setup_teardown_taskflow.py
[2024-07-28T14:00:26.342-0500] {processor.py:830} INFO - Processing file /Users/alexkim/Desktop/Projects/ETL_Projects/redditviz/venv/lib/python3.12/site-packages/airflow/example_dags/example_setup_teardown_taskflow.py for tasks to queue
[2024-07-28T14:00:26.343-0500] {logging_mixin.py:188} INFO - [2024-07-28T14:00:26.343-0500] {dagbag.py:545} INFO - Filling up the DagBag from /Users/alexkim/Desktop/Projects/ETL_Projects/redditviz/venv/lib/python3.12/site-packages/airflow/example_dags/example_setup_teardown_taskflow.py
[2024-07-28T14:00:26.360-0500] {processor.py:840} INFO - DAG(s) 'example_setup_teardown_taskflow' retrieved from /Users/alexkim/Desktop/Projects/ETL_Projects/redditviz/venv/lib/python3.12/site-packages/airflow/example_dags/example_setup_teardown_taskflow.py
[2024-07-28T14:00:26.440-0500] {logging_mixin.py:188} INFO - [2024-07-28T14:00:26.439-0500] {override.py:1858} INFO - Created Permission View: can edit on DAG:example_setup_teardown_taskflow
[2024-07-28T14:00:26.442-0500] {logging_mixin.py:188} INFO - [2024-07-28T14:00:26.442-0500] {override.py:1858} INFO - Created Permission View: can read on DAG:example_setup_teardown_taskflow
[2024-07-28T14:00:26.444-0500] {logging_mixin.py:188} INFO - [2024-07-28T14:00:26.444-0500] {override.py:1858} INFO - Created Permission View: can delete on DAG:example_setup_teardown_taskflow
[2024-07-28T14:00:26.445-0500] {logging_mixin.py:188} INFO - [2024-07-28T14:00:26.444-0500] {dag.py:3089} INFO - Sync 1 DAGs
[2024-07-28T14:00:26.448-0500] {logging_mixin.py:188} INFO - [2024-07-28T14:00:26.448-0500] {dag.py:3111} INFO - Creating ORM DAG for example_setup_teardown_taskflow
[2024-07-28T14:00:26.451-0500] {logging_mixin.py:188} INFO - [2024-07-28T14:00:26.451-0500] {dag.py:3947} INFO - Setting next_dagrun for example_setup_teardown_taskflow to 2024-07-27 00:00:00+00:00, run_after=2024-07-28 00:00:00+00:00
[2024-07-28T14:00:26.457-0500] {processor.py:183} INFO - Processing /Users/alexkim/Desktop/Projects/ETL_Projects/redditviz/venv/lib/python3.12/site-packages/airflow/example_dags/example_setup_teardown_taskflow.py took 0.116 seconds
[2024-07-28T14:01:55.220-0500] {processor.py:161} INFO - Started process (PID=33269) to work on /Users/alexkim/Desktop/Projects/ETL_Projects/redditviz/venv/lib/python3.12/site-packages/airflow/example_dags/example_setup_teardown_taskflow.py
[2024-07-28T14:01:55.221-0500] {processor.py:830} INFO - Processing file /Users/alexkim/Desktop/Projects/ETL_Projects/redditviz/venv/lib/python3.12/site-packages/airflow/example_dags/example_setup_teardown_taskflow.py for tasks to queue
[2024-07-28T14:01:55.221-0500] {logging_mixin.py:188} INFO - [2024-07-28T14:01:55.221-0500] {dagbag.py:545} INFO - Filling up the DagBag from /Users/alexkim/Desktop/Projects/ETL_Projects/redditviz/venv/lib/python3.12/site-packages/airflow/example_dags/example_setup_teardown_taskflow.py
[2024-07-28T14:01:55.238-0500] {processor.py:840} INFO - DAG(s) 'example_setup_teardown_taskflow' retrieved from /Users/alexkim/Desktop/Projects/ETL_Projects/redditviz/venv/lib/python3.12/site-packages/airflow/example_dags/example_setup_teardown_taskflow.py
[2024-07-28T14:01:55.268-0500] {logging_mixin.py:188} INFO - [2024-07-28T14:01:55.267-0500] {dag.py:3089} INFO - Sync 1 DAGs
[2024-07-28T14:01:55.273-0500] {logging_mixin.py:188} INFO - [2024-07-28T14:01:55.272-0500] {dag.py:3947} INFO - Setting next_dagrun for example_setup_teardown_taskflow to 2024-07-27 00:00:00+00:00, run_after=2024-07-28 00:00:00+00:00
[2024-07-28T14:01:55.278-0500] {processor.py:183} INFO - Processing /Users/alexkim/Desktop/Projects/ETL_Projects/redditviz/venv/lib/python3.12/site-packages/airflow/example_dags/example_setup_teardown_taskflow.py took 0.058 seconds
[2024-07-28T14:03:31.170-0500] {processor.py:161} INFO - Started process (PID=33356) to work on /Users/alexkim/Desktop/Projects/ETL_Projects/redditviz/venv/lib/python3.12/site-packages/airflow/example_dags/example_setup_teardown_taskflow.py
[2024-07-28T14:03:31.170-0500] {processor.py:830} INFO - Processing file /Users/alexkim/Desktop/Projects/ETL_Projects/redditviz/venv/lib/python3.12/site-packages/airflow/example_dags/example_setup_teardown_taskflow.py for tasks to queue
[2024-07-28T14:03:31.170-0500] {logging_mixin.py:188} INFO - [2024-07-28T14:03:31.170-0500] {dagbag.py:545} INFO - Filling up the DagBag from /Users/alexkim/Desktop/Projects/ETL_Projects/redditviz/venv/lib/python3.12/site-packages/airflow/example_dags/example_setup_teardown_taskflow.py
[2024-07-28T14:03:31.183-0500] {processor.py:840} INFO - DAG(s) 'example_setup_teardown_taskflow' retrieved from /Users/alexkim/Desktop/Projects/ETL_Projects/redditviz/venv/lib/python3.12/site-packages/airflow/example_dags/example_setup_teardown_taskflow.py
[2024-07-28T14:03:31.213-0500] {logging_mixin.py:188} INFO - [2024-07-28T14:03:31.213-0500] {dag.py:3089} INFO - Sync 1 DAGs
[2024-07-28T14:03:31.218-0500] {logging_mixin.py:188} INFO - [2024-07-28T14:03:31.218-0500] {dag.py:3947} INFO - Setting next_dagrun for example_setup_teardown_taskflow to 2024-07-27 00:00:00+00:00, run_after=2024-07-28 00:00:00+00:00
[2024-07-28T14:03:31.224-0500] {processor.py:183} INFO - Processing /Users/alexkim/Desktop/Projects/ETL_Projects/redditviz/venv/lib/python3.12/site-packages/airflow/example_dags/example_setup_teardown_taskflow.py took 0.055 seconds
[2024-07-28T14:05:16.081-0500] {processor.py:161} INFO - Started process (PID=33477) to work on /Users/alexkim/Desktop/Projects/ETL_Projects/redditviz/venv/lib/python3.12/site-packages/airflow/example_dags/example_setup_teardown_taskflow.py
[2024-07-28T14:05:16.082-0500] {processor.py:830} INFO - Processing file /Users/alexkim/Desktop/Projects/ETL_Projects/redditviz/venv/lib/python3.12/site-packages/airflow/example_dags/example_setup_teardown_taskflow.py for tasks to queue
[2024-07-28T14:05:16.082-0500] {logging_mixin.py:188} INFO - [2024-07-28T14:05:16.082-0500] {dagbag.py:545} INFO - Filling up the DagBag from /Users/alexkim/Desktop/Projects/ETL_Projects/redditviz/venv/lib/python3.12/site-packages/airflow/example_dags/example_setup_teardown_taskflow.py
[2024-07-28T14:05:16.097-0500] {processor.py:840} INFO - DAG(s) 'example_setup_teardown_taskflow' retrieved from /Users/alexkim/Desktop/Projects/ETL_Projects/redditviz/venv/lib/python3.12/site-packages/airflow/example_dags/example_setup_teardown_taskflow.py
[2024-07-28T14:05:16.127-0500] {logging_mixin.py:188} INFO - [2024-07-28T14:05:16.126-0500] {dag.py:3089} INFO - Sync 1 DAGs
[2024-07-28T14:05:16.132-0500] {logging_mixin.py:188} INFO - [2024-07-28T14:05:16.131-0500] {dag.py:3947} INFO - Setting next_dagrun for example_setup_teardown_taskflow to 2024-07-27 00:00:00+00:00, run_after=2024-07-28 00:00:00+00:00
[2024-07-28T14:05:16.137-0500] {processor.py:183} INFO - Processing /Users/alexkim/Desktop/Projects/ETL_Projects/redditviz/venv/lib/python3.12/site-packages/airflow/example_dags/example_setup_teardown_taskflow.py took 0.056 seconds
[2024-07-28T14:07:11.348-0500] {processor.py:161} INFO - Started process (PID=33655) to work on /Users/alexkim/Desktop/Projects/ETL_Projects/redditviz/venv/lib/python3.12/site-packages/airflow/example_dags/example_setup_teardown_taskflow.py
[2024-07-28T14:07:11.349-0500] {processor.py:830} INFO - Processing file /Users/alexkim/Desktop/Projects/ETL_Projects/redditviz/venv/lib/python3.12/site-packages/airflow/example_dags/example_setup_teardown_taskflow.py for tasks to queue
[2024-07-28T14:07:11.349-0500] {logging_mixin.py:188} INFO - [2024-07-28T14:07:11.349-0500] {dagbag.py:545} INFO - Filling up the DagBag from /Users/alexkim/Desktop/Projects/ETL_Projects/redditviz/venv/lib/python3.12/site-packages/airflow/example_dags/example_setup_teardown_taskflow.py
[2024-07-28T14:07:11.361-0500] {processor.py:840} INFO - DAG(s) 'example_setup_teardown_taskflow' retrieved from /Users/alexkim/Desktop/Projects/ETL_Projects/redditviz/venv/lib/python3.12/site-packages/airflow/example_dags/example_setup_teardown_taskflow.py
[2024-07-28T14:07:11.391-0500] {logging_mixin.py:188} INFO - [2024-07-28T14:07:11.391-0500] {dag.py:3089} INFO - Sync 1 DAGs
[2024-07-28T14:07:11.396-0500] {logging_mixin.py:188} INFO - [2024-07-28T14:07:11.396-0500] {dag.py:3947} INFO - Setting next_dagrun for example_setup_teardown_taskflow to 2024-07-27 00:00:00+00:00, run_after=2024-07-28 00:00:00+00:00
[2024-07-28T14:07:11.402-0500] {processor.py:183} INFO - Processing /Users/alexkim/Desktop/Projects/ETL_Projects/redditviz/venv/lib/python3.12/site-packages/airflow/example_dags/example_setup_teardown_taskflow.py took 0.055 seconds
[2024-07-28T14:09:09.172-0500] {processor.py:161} INFO - Started process (PID=33766) to work on /Users/alexkim/Desktop/Projects/ETL_Projects/redditviz/venv/lib/python3.12/site-packages/airflow/example_dags/example_setup_teardown_taskflow.py
[2024-07-28T14:09:09.172-0500] {processor.py:830} INFO - Processing file /Users/alexkim/Desktop/Projects/ETL_Projects/redditviz/venv/lib/python3.12/site-packages/airflow/example_dags/example_setup_teardown_taskflow.py for tasks to queue
[2024-07-28T14:09:09.173-0500] {logging_mixin.py:188} INFO - [2024-07-28T14:09:09.173-0500] {dagbag.py:545} INFO - Filling up the DagBag from /Users/alexkim/Desktop/Projects/ETL_Projects/redditviz/venv/lib/python3.12/site-packages/airflow/example_dags/example_setup_teardown_taskflow.py
[2024-07-28T14:09:09.185-0500] {processor.py:840} INFO - DAG(s) 'example_setup_teardown_taskflow' retrieved from /Users/alexkim/Desktop/Projects/ETL_Projects/redditviz/venv/lib/python3.12/site-packages/airflow/example_dags/example_setup_teardown_taskflow.py
[2024-07-28T14:09:09.215-0500] {logging_mixin.py:188} INFO - [2024-07-28T14:09:09.215-0500] {dag.py:3089} INFO - Sync 1 DAGs
[2024-07-28T14:09:09.220-0500] {logging_mixin.py:188} INFO - [2024-07-28T14:09:09.220-0500] {dag.py:3947} INFO - Setting next_dagrun for example_setup_teardown_taskflow to 2024-07-27 00:00:00+00:00, run_after=2024-07-28 00:00:00+00:00
[2024-07-28T14:09:09.226-0500] {processor.py:183} INFO - Processing /Users/alexkim/Desktop/Projects/ETL_Projects/redditviz/venv/lib/python3.12/site-packages/airflow/example_dags/example_setup_teardown_taskflow.py took 0.055 seconds
[2024-07-28T14:11:10.589-0500] {processor.py:161} INFO - Started process (PID=33910) to work on /Users/alexkim/Desktop/Projects/ETL_Projects/redditviz/venv/lib/python3.12/site-packages/airflow/example_dags/example_setup_teardown_taskflow.py
[2024-07-28T14:11:10.590-0500] {processor.py:830} INFO - Processing file /Users/alexkim/Desktop/Projects/ETL_Projects/redditviz/venv/lib/python3.12/site-packages/airflow/example_dags/example_setup_teardown_taskflow.py for tasks to queue
[2024-07-28T14:11:10.590-0500] {logging_mixin.py:188} INFO - [2024-07-28T14:11:10.590-0500] {dagbag.py:545} INFO - Filling up the DagBag from /Users/alexkim/Desktop/Projects/ETL_Projects/redditviz/venv/lib/python3.12/site-packages/airflow/example_dags/example_setup_teardown_taskflow.py
[2024-07-28T14:11:10.609-0500] {processor.py:840} INFO - DAG(s) 'example_setup_teardown_taskflow' retrieved from /Users/alexkim/Desktop/Projects/ETL_Projects/redditviz/venv/lib/python3.12/site-packages/airflow/example_dags/example_setup_teardown_taskflow.py
[2024-07-28T14:11:10.645-0500] {logging_mixin.py:188} INFO - [2024-07-28T14:11:10.645-0500] {dag.py:3089} INFO - Sync 1 DAGs
[2024-07-28T14:11:10.651-0500] {logging_mixin.py:188} INFO - [2024-07-28T14:11:10.651-0500] {dag.py:3947} INFO - Setting next_dagrun for example_setup_teardown_taskflow to 2024-07-27 00:00:00+00:00, run_after=2024-07-28 00:00:00+00:00
[2024-07-28T14:11:10.659-0500] {processor.py:183} INFO - Processing /Users/alexkim/Desktop/Projects/ETL_Projects/redditviz/venv/lib/python3.12/site-packages/airflow/example_dags/example_setup_teardown_taskflow.py took 0.070 seconds
[2024-07-28T14:13:08.081-0500] {processor.py:161} INFO - Started process (PID=34036) to work on /Users/alexkim/Desktop/Projects/ETL_Projects/redditviz/venv/lib/python3.12/site-packages/airflow/example_dags/example_setup_teardown_taskflow.py
[2024-07-28T14:13:08.081-0500] {processor.py:830} INFO - Processing file /Users/alexkim/Desktop/Projects/ETL_Projects/redditviz/venv/lib/python3.12/site-packages/airflow/example_dags/example_setup_teardown_taskflow.py for tasks to queue
[2024-07-28T14:13:08.081-0500] {logging_mixin.py:188} INFO - [2024-07-28T14:13:08.081-0500] {dagbag.py:545} INFO - Filling up the DagBag from /Users/alexkim/Desktop/Projects/ETL_Projects/redditviz/venv/lib/python3.12/site-packages/airflow/example_dags/example_setup_teardown_taskflow.py
[2024-07-28T14:13:08.094-0500] {processor.py:840} INFO - DAG(s) 'example_setup_teardown_taskflow' retrieved from /Users/alexkim/Desktop/Projects/ETL_Projects/redditviz/venv/lib/python3.12/site-packages/airflow/example_dags/example_setup_teardown_taskflow.py
[2024-07-28T14:13:08.128-0500] {logging_mixin.py:188} INFO - [2024-07-28T14:13:08.128-0500] {dag.py:3089} INFO - Sync 1 DAGs
[2024-07-28T14:13:08.133-0500] {logging_mixin.py:188} INFO - [2024-07-28T14:13:08.133-0500] {dag.py:3947} INFO - Setting next_dagrun for example_setup_teardown_taskflow to 2024-07-27 00:00:00+00:00, run_after=2024-07-28 00:00:00+00:00
[2024-07-28T14:13:08.139-0500] {processor.py:183} INFO - Processing /Users/alexkim/Desktop/Projects/ETL_Projects/redditviz/venv/lib/python3.12/site-packages/airflow/example_dags/example_setup_teardown_taskflow.py took 0.059 seconds
