[2024-07-28T14:00:31.818-0500] {processor.py:161} INFO - Started process (PID=33184) to work on /Users/alexkim/Desktop/Projects/ETL_Projects/redditviz/venv/lib/python3.12/site-packages/airflow/example_dags/example_sensor_decorator.py
[2024-07-28T14:00:31.818-0500] {processor.py:830} INFO - Processing file /Users/alexkim/Desktop/Projects/ETL_Projects/redditviz/venv/lib/python3.12/site-packages/airflow/example_dags/example_sensor_decorator.py for tasks to queue
[2024-07-28T14:00:31.819-0500] {logging_mixin.py:188} INFO - [2024-07-28T14:00:31.819-0500] {dagbag.py:545} INFO - Filling up the DagBag from /Users/alexkim/Desktop/Projects/ETL_Projects/redditviz/venv/lib/python3.12/site-packages/airflow/example_dags/example_sensor_decorator.py
[2024-07-28T14:00:31.832-0500] {processor.py:840} INFO - DAG(s) 'example_sensor_decorator' retrieved from /Users/alexkim/Desktop/Projects/ETL_Projects/redditviz/venv/lib/python3.12/site-packages/airflow/example_dags/example_sensor_decorator.py
[2024-07-28T14:00:31.895-0500] {logging_mixin.py:188} INFO - [2024-07-28T14:00:31.895-0500] {override.py:1858} INFO - Created Permission View: can delete on DAG:example_sensor_decorator
[2024-07-28T14:00:31.897-0500] {logging_mixin.py:188} INFO - [2024-07-28T14:00:31.897-0500] {override.py:1858} INFO - Created Permission View: can read on DAG:example_sensor_decorator
[2024-07-28T14:00:31.899-0500] {logging_mixin.py:188} INFO - [2024-07-28T14:00:31.899-0500] {override.py:1858} INFO - Created Permission View: can edit on DAG:example_sensor_decorator
[2024-07-28T14:00:31.899-0500] {logging_mixin.py:188} INFO - [2024-07-28T14:00:31.899-0500] {dag.py:3089} INFO - Sync 1 DAGs
[2024-07-28T14:00:31.903-0500] {logging_mixin.py:188} INFO - [2024-07-28T14:00:31.903-0500] {dag.py:3111} INFO - Creating ORM DAG for example_sensor_decorator
[2024-07-28T14:00:31.903-0500] {logging_mixin.py:188} INFO - [2024-07-28T14:00:31.903-0500] {dag.py:3947} INFO - Setting next_dagrun for example_sensor_decorator to None, run_after=None
[2024-07-28T14:00:31.909-0500] {processor.py:183} INFO - Processing /Users/alexkim/Desktop/Projects/ETL_Projects/redditviz/venv/lib/python3.12/site-packages/airflow/example_dags/example_sensor_decorator.py took 0.092 seconds
[2024-07-28T14:02:00.651-0500] {processor.py:161} INFO - Started process (PID=33272) to work on /Users/alexkim/Desktop/Projects/ETL_Projects/redditviz/venv/lib/python3.12/site-packages/airflow/example_dags/example_sensor_decorator.py
[2024-07-28T14:02:00.651-0500] {processor.py:830} INFO - Processing file /Users/alexkim/Desktop/Projects/ETL_Projects/redditviz/venv/lib/python3.12/site-packages/airflow/example_dags/example_sensor_decorator.py for tasks to queue
[2024-07-28T14:02:00.652-0500] {logging_mixin.py:188} INFO - [2024-07-28T14:02:00.652-0500] {dagbag.py:545} INFO - Filling up the DagBag from /Users/alexkim/Desktop/Projects/ETL_Projects/redditviz/venv/lib/python3.12/site-packages/airflow/example_dags/example_sensor_decorator.py
[2024-07-28T14:02:00.664-0500] {processor.py:840} INFO - DAG(s) 'example_sensor_decorator' retrieved from /Users/alexkim/Desktop/Projects/ETL_Projects/redditviz/venv/lib/python3.12/site-packages/airflow/example_dags/example_sensor_decorator.py
[2024-07-28T14:02:00.696-0500] {logging_mixin.py:188} INFO - [2024-07-28T14:02:00.696-0500] {dag.py:3089} INFO - Sync 1 DAGs
[2024-07-28T14:02:00.699-0500] {logging_mixin.py:188} INFO - [2024-07-28T14:02:00.699-0500] {dag.py:3947} INFO - Setting next_dagrun for example_sensor_decorator to None, run_after=None
[2024-07-28T14:02:00.704-0500] {processor.py:183} INFO - Processing /Users/alexkim/Desktop/Projects/ETL_Projects/redditviz/venv/lib/python3.12/site-packages/airflow/example_dags/example_sensor_decorator.py took 0.054 seconds
[2024-07-28T14:03:36.244-0500] {processor.py:161} INFO - Started process (PID=33360) to work on /Users/alexkim/Desktop/Projects/ETL_Projects/redditviz/venv/lib/python3.12/site-packages/airflow/example_dags/example_sensor_decorator.py
[2024-07-28T14:03:36.244-0500] {processor.py:830} INFO - Processing file /Users/alexkim/Desktop/Projects/ETL_Projects/redditviz/venv/lib/python3.12/site-packages/airflow/example_dags/example_sensor_decorator.py for tasks to queue
[2024-07-28T14:03:36.245-0500] {logging_mixin.py:188} INFO - [2024-07-28T14:03:36.245-0500] {dagbag.py:545} INFO - Filling up the DagBag from /Users/alexkim/Desktop/Projects/ETL_Projects/redditviz/venv/lib/python3.12/site-packages/airflow/example_dags/example_sensor_decorator.py
[2024-07-28T14:03:36.257-0500] {processor.py:840} INFO - DAG(s) 'example_sensor_decorator' retrieved from /Users/alexkim/Desktop/Projects/ETL_Projects/redditviz/venv/lib/python3.12/site-packages/airflow/example_dags/example_sensor_decorator.py
[2024-07-28T14:03:36.288-0500] {logging_mixin.py:188} INFO - [2024-07-28T14:03:36.288-0500] {dag.py:3089} INFO - Sync 1 DAGs
[2024-07-28T14:03:36.291-0500] {logging_mixin.py:188} INFO - [2024-07-28T14:03:36.291-0500] {dag.py:3947} INFO - Setting next_dagrun for example_sensor_decorator to None, run_after=None
[2024-07-28T14:03:36.297-0500] {processor.py:183} INFO - Processing /Users/alexkim/Desktop/Projects/ETL_Projects/redditviz/venv/lib/python3.12/site-packages/airflow/example_dags/example_sensor_decorator.py took 0.054 seconds
[2024-07-28T14:05:21.384-0500] {processor.py:161} INFO - Started process (PID=33483) to work on /Users/alexkim/Desktop/Projects/ETL_Projects/redditviz/venv/lib/python3.12/site-packages/airflow/example_dags/example_sensor_decorator.py
[2024-07-28T14:05:21.384-0500] {processor.py:830} INFO - Processing file /Users/alexkim/Desktop/Projects/ETL_Projects/redditviz/venv/lib/python3.12/site-packages/airflow/example_dags/example_sensor_decorator.py for tasks to queue
[2024-07-28T14:05:21.384-0500] {logging_mixin.py:188} INFO - [2024-07-28T14:05:21.384-0500] {dagbag.py:545} INFO - Filling up the DagBag from /Users/alexkim/Desktop/Projects/ETL_Projects/redditviz/venv/lib/python3.12/site-packages/airflow/example_dags/example_sensor_decorator.py
[2024-07-28T14:05:21.397-0500] {processor.py:840} INFO - DAG(s) 'example_sensor_decorator' retrieved from /Users/alexkim/Desktop/Projects/ETL_Projects/redditviz/venv/lib/python3.12/site-packages/airflow/example_dags/example_sensor_decorator.py
[2024-07-28T14:05:21.432-0500] {logging_mixin.py:188} INFO - [2024-07-28T14:05:21.432-0500] {dag.py:3089} INFO - Sync 1 DAGs
[2024-07-28T14:05:21.435-0500] {logging_mixin.py:188} INFO - [2024-07-28T14:05:21.435-0500] {dag.py:3947} INFO - Setting next_dagrun for example_sensor_decorator to None, run_after=None
[2024-07-28T14:05:21.440-0500] {processor.py:183} INFO - Processing /Users/alexkim/Desktop/Projects/ETL_Projects/redditviz/venv/lib/python3.12/site-packages/airflow/example_dags/example_sensor_decorator.py took 0.058 seconds
[2024-07-28T14:07:16.552-0500] {processor.py:161} INFO - Started process (PID=33659) to work on /Users/alexkim/Desktop/Projects/ETL_Projects/redditviz/venv/lib/python3.12/site-packages/airflow/example_dags/example_sensor_decorator.py
[2024-07-28T14:07:16.553-0500] {processor.py:830} INFO - Processing file /Users/alexkim/Desktop/Projects/ETL_Projects/redditviz/venv/lib/python3.12/site-packages/airflow/example_dags/example_sensor_decorator.py for tasks to queue
[2024-07-28T14:07:16.553-0500] {logging_mixin.py:188} INFO - [2024-07-28T14:07:16.553-0500] {dagbag.py:545} INFO - Filling up the DagBag from /Users/alexkim/Desktop/Projects/ETL_Projects/redditviz/venv/lib/python3.12/site-packages/airflow/example_dags/example_sensor_decorator.py
[2024-07-28T14:07:16.566-0500] {processor.py:840} INFO - DAG(s) 'example_sensor_decorator' retrieved from /Users/alexkim/Desktop/Projects/ETL_Projects/redditviz/venv/lib/python3.12/site-packages/airflow/example_dags/example_sensor_decorator.py
[2024-07-28T14:07:16.600-0500] {logging_mixin.py:188} INFO - [2024-07-28T14:07:16.600-0500] {dag.py:3089} INFO - Sync 1 DAGs
[2024-07-28T14:07:16.603-0500] {logging_mixin.py:188} INFO - [2024-07-28T14:07:16.603-0500] {dag.py:3947} INFO - Setting next_dagrun for example_sensor_decorator to None, run_after=None
[2024-07-28T14:07:16.609-0500] {processor.py:183} INFO - Processing /Users/alexkim/Desktop/Projects/ETL_Projects/redditviz/venv/lib/python3.12/site-packages/airflow/example_dags/example_sensor_decorator.py took 0.057 seconds
[2024-07-28T14:09:14.229-0500] {processor.py:161} INFO - Started process (PID=33786) to work on /Users/alexkim/Desktop/Projects/ETL_Projects/redditviz/venv/lib/python3.12/site-packages/airflow/example_dags/example_sensor_decorator.py
[2024-07-28T14:09:14.230-0500] {processor.py:830} INFO - Processing file /Users/alexkim/Desktop/Projects/ETL_Projects/redditviz/venv/lib/python3.12/site-packages/airflow/example_dags/example_sensor_decorator.py for tasks to queue
[2024-07-28T14:09:14.230-0500] {logging_mixin.py:188} INFO - [2024-07-28T14:09:14.230-0500] {dagbag.py:545} INFO - Filling up the DagBag from /Users/alexkim/Desktop/Projects/ETL_Projects/redditviz/venv/lib/python3.12/site-packages/airflow/example_dags/example_sensor_decorator.py
[2024-07-28T14:09:14.242-0500] {processor.py:840} INFO - DAG(s) 'example_sensor_decorator' retrieved from /Users/alexkim/Desktop/Projects/ETL_Projects/redditviz/venv/lib/python3.12/site-packages/airflow/example_dags/example_sensor_decorator.py
[2024-07-28T14:09:14.273-0500] {logging_mixin.py:188} INFO - [2024-07-28T14:09:14.273-0500] {dag.py:3089} INFO - Sync 1 DAGs
[2024-07-28T14:09:14.276-0500] {logging_mixin.py:188} INFO - [2024-07-28T14:09:14.276-0500] {dag.py:3947} INFO - Setting next_dagrun for example_sensor_decorator to None, run_after=None
[2024-07-28T14:09:14.284-0500] {processor.py:183} INFO - Processing /Users/alexkim/Desktop/Projects/ETL_Projects/redditviz/venv/lib/python3.12/site-packages/airflow/example_dags/example_sensor_decorator.py took 0.055 seconds
[2024-07-28T14:11:15.900-0500] {processor.py:161} INFO - Started process (PID=33917) to work on /Users/alexkim/Desktop/Projects/ETL_Projects/redditviz/venv/lib/python3.12/site-packages/airflow/example_dags/example_sensor_decorator.py
[2024-07-28T14:11:15.901-0500] {processor.py:830} INFO - Processing file /Users/alexkim/Desktop/Projects/ETL_Projects/redditviz/venv/lib/python3.12/site-packages/airflow/example_dags/example_sensor_decorator.py for tasks to queue
[2024-07-28T14:11:15.901-0500] {logging_mixin.py:188} INFO - [2024-07-28T14:11:15.901-0500] {dagbag.py:545} INFO - Filling up the DagBag from /Users/alexkim/Desktop/Projects/ETL_Projects/redditviz/venv/lib/python3.12/site-packages/airflow/example_dags/example_sensor_decorator.py
[2024-07-28T14:11:15.915-0500] {processor.py:840} INFO - DAG(s) 'example_sensor_decorator' retrieved from /Users/alexkim/Desktop/Projects/ETL_Projects/redditviz/venv/lib/python3.12/site-packages/airflow/example_dags/example_sensor_decorator.py
[2024-07-28T14:11:15.949-0500] {logging_mixin.py:188} INFO - [2024-07-28T14:11:15.949-0500] {dag.py:3089} INFO - Sync 1 DAGs
[2024-07-28T14:11:15.952-0500] {logging_mixin.py:188} INFO - [2024-07-28T14:11:15.952-0500] {dag.py:3947} INFO - Setting next_dagrun for example_sensor_decorator to None, run_after=None
[2024-07-28T14:11:15.957-0500] {processor.py:183} INFO - Processing /Users/alexkim/Desktop/Projects/ETL_Projects/redditviz/venv/lib/python3.12/site-packages/airflow/example_dags/example_sensor_decorator.py took 0.058 seconds
[2024-07-28T14:13:13.352-0500] {processor.py:161} INFO - Started process (PID=34041) to work on /Users/alexkim/Desktop/Projects/ETL_Projects/redditviz/venv/lib/python3.12/site-packages/airflow/example_dags/example_sensor_decorator.py
[2024-07-28T14:13:13.355-0500] {processor.py:830} INFO - Processing file /Users/alexkim/Desktop/Projects/ETL_Projects/redditviz/venv/lib/python3.12/site-packages/airflow/example_dags/example_sensor_decorator.py for tasks to queue
[2024-07-28T14:13:13.356-0500] {logging_mixin.py:188} INFO - [2024-07-28T14:13:13.356-0500] {dagbag.py:545} INFO - Filling up the DagBag from /Users/alexkim/Desktop/Projects/ETL_Projects/redditviz/venv/lib/python3.12/site-packages/airflow/example_dags/example_sensor_decorator.py
[2024-07-28T14:13:13.372-0500] {processor.py:840} INFO - DAG(s) 'example_sensor_decorator' retrieved from /Users/alexkim/Desktop/Projects/ETL_Projects/redditviz/venv/lib/python3.12/site-packages/airflow/example_dags/example_sensor_decorator.py
[2024-07-28T14:13:13.408-0500] {logging_mixin.py:188} INFO - [2024-07-28T14:13:13.408-0500] {dag.py:3089} INFO - Sync 1 DAGs
[2024-07-28T14:13:13.412-0500] {logging_mixin.py:188} INFO - [2024-07-28T14:13:13.412-0500] {dag.py:3947} INFO - Setting next_dagrun for example_sensor_decorator to None, run_after=None
[2024-07-28T14:13:13.437-0500] {processor.py:183} INFO - Processing /Users/alexkim/Desktop/Projects/ETL_Projects/redditviz/venv/lib/python3.12/site-packages/airflow/example_dags/example_sensor_decorator.py took 0.087 seconds
