[2024-07-28T14:00:09.267-0500] {processor.py:161} INFO - Started process (PID=33170) to work on /Users/alexkim/Desktop/Projects/ETL_Projects/redditviz/venv/lib/python3.12/site-packages/airflow/example_dags/example_trigger_target_dag.py
[2024-07-28T14:00:09.267-0500] {processor.py:830} INFO - Processing file /Users/alexkim/Desktop/Projects/ETL_Projects/redditviz/venv/lib/python3.12/site-packages/airflow/example_dags/example_trigger_target_dag.py for tasks to queue
[2024-07-28T14:00:09.267-0500] {logging_mixin.py:188} INFO - [2024-07-28T14:00:09.267-0500] {dagbag.py:545} INFO - Filling up the DagBag from /Users/alexkim/Desktop/Projects/ETL_Projects/redditviz/venv/lib/python3.12/site-packages/airflow/example_dags/example_trigger_target_dag.py
[2024-07-28T14:00:09.281-0500] {processor.py:840} INFO - DAG(s) 'example_trigger_target_dag' retrieved from /Users/alexkim/Desktop/Projects/ETL_Projects/redditviz/venv/lib/python3.12/site-packages/airflow/example_dags/example_trigger_target_dag.py
[2024-07-28T14:00:09.343-0500] {logging_mixin.py:188} INFO - [2024-07-28T14:00:09.343-0500] {override.py:1858} INFO - Created Permission View: can read on DAG:example_trigger_target_dag
[2024-07-28T14:00:09.346-0500] {logging_mixin.py:188} INFO - [2024-07-28T14:00:09.346-0500] {override.py:1858} INFO - Created Permission View: can edit on DAG:example_trigger_target_dag
[2024-07-28T14:00:09.348-0500] {logging_mixin.py:188} INFO - [2024-07-28T14:00:09.348-0500] {override.py:1858} INFO - Created Permission View: can delete on DAG:example_trigger_target_dag
[2024-07-28T14:00:09.348-0500] {logging_mixin.py:188} INFO - [2024-07-28T14:00:09.348-0500] {dag.py:3089} INFO - Sync 1 DAGs
[2024-07-28T14:00:09.352-0500] {logging_mixin.py:188} INFO - [2024-07-28T14:00:09.352-0500] {dag.py:3111} INFO - Creating ORM DAG for example_trigger_target_dag
[2024-07-28T14:00:09.352-0500] {logging_mixin.py:188} INFO - [2024-07-28T14:00:09.352-0500] {dag.py:3947} INFO - Setting next_dagrun for example_trigger_target_dag to None, run_after=None
[2024-07-28T14:00:09.357-0500] {processor.py:183} INFO - Processing /Users/alexkim/Desktop/Projects/ETL_Projects/redditviz/venv/lib/python3.12/site-packages/airflow/example_dags/example_trigger_target_dag.py took 0.092 seconds
[2024-07-28T14:01:40.566-0500] {processor.py:161} INFO - Started process (PID=33254) to work on /Users/alexkim/Desktop/Projects/ETL_Projects/redditviz/venv/lib/python3.12/site-packages/airflow/example_dags/example_trigger_target_dag.py
[2024-07-28T14:01:40.567-0500] {processor.py:830} INFO - Processing file /Users/alexkim/Desktop/Projects/ETL_Projects/redditviz/venv/lib/python3.12/site-packages/airflow/example_dags/example_trigger_target_dag.py for tasks to queue
[2024-07-28T14:01:40.567-0500] {logging_mixin.py:188} INFO - [2024-07-28T14:01:40.567-0500] {dagbag.py:545} INFO - Filling up the DagBag from /Users/alexkim/Desktop/Projects/ETL_Projects/redditviz/venv/lib/python3.12/site-packages/airflow/example_dags/example_trigger_target_dag.py
[2024-07-28T14:01:40.579-0500] {processor.py:840} INFO - DAG(s) 'example_trigger_target_dag' retrieved from /Users/alexkim/Desktop/Projects/ETL_Projects/redditviz/venv/lib/python3.12/site-packages/airflow/example_dags/example_trigger_target_dag.py
[2024-07-28T14:01:40.611-0500] {logging_mixin.py:188} INFO - [2024-07-28T14:01:40.610-0500] {dag.py:3089} INFO - Sync 1 DAGs
[2024-07-28T14:01:40.614-0500] {logging_mixin.py:188} INFO - [2024-07-28T14:01:40.614-0500] {dag.py:3947} INFO - Setting next_dagrun for example_trigger_target_dag to None, run_after=None
[2024-07-28T14:01:40.620-0500] {processor.py:183} INFO - Processing /Users/alexkim/Desktop/Projects/ETL_Projects/redditviz/venv/lib/python3.12/site-packages/airflow/example_dags/example_trigger_target_dag.py took 0.054 seconds
[2024-07-28T14:02:34.517-0500] {processor.py:161} INFO - Started process (PID=33306) to work on /Users/alexkim/Desktop/Projects/ETL_Projects/redditviz/venv/lib/python3.12/site-packages/airflow/example_dags/example_trigger_target_dag.py
[2024-07-28T14:02:34.518-0500] {processor.py:830} INFO - Processing file /Users/alexkim/Desktop/Projects/ETL_Projects/redditviz/venv/lib/python3.12/site-packages/airflow/example_dags/example_trigger_target_dag.py for tasks to queue
[2024-07-28T14:02:34.518-0500] {logging_mixin.py:188} INFO - [2024-07-28T14:02:34.518-0500] {dagbag.py:545} INFO - Filling up the DagBag from /Users/alexkim/Desktop/Projects/ETL_Projects/redditviz/venv/lib/python3.12/site-packages/airflow/example_dags/example_trigger_target_dag.py
[2024-07-28T14:02:34.530-0500] {processor.py:840} INFO - DAG(s) 'example_trigger_target_dag' retrieved from /Users/alexkim/Desktop/Projects/ETL_Projects/redditviz/venv/lib/python3.12/site-packages/airflow/example_dags/example_trigger_target_dag.py
[2024-07-28T14:02:34.558-0500] {logging_mixin.py:188} INFO - [2024-07-28T14:02:34.558-0500] {dag.py:3089} INFO - Sync 1 DAGs
[2024-07-28T14:02:34.561-0500] {logging_mixin.py:188} INFO - [2024-07-28T14:02:34.561-0500] {dag.py:3947} INFO - Setting next_dagrun for example_trigger_target_dag to None, run_after=None
[2024-07-28T14:02:34.567-0500] {processor.py:183} INFO - Processing /Users/alexkim/Desktop/Projects/ETL_Projects/redditviz/venv/lib/python3.12/site-packages/airflow/example_dags/example_trigger_target_dag.py took 0.051 seconds
[2024-07-28T14:04:08.678-0500] {processor.py:161} INFO - Started process (PID=33396) to work on /Users/alexkim/Desktop/Projects/ETL_Projects/redditviz/venv/lib/python3.12/site-packages/airflow/example_dags/example_trigger_target_dag.py
[2024-07-28T14:04:08.678-0500] {processor.py:830} INFO - Processing file /Users/alexkim/Desktop/Projects/ETL_Projects/redditviz/venv/lib/python3.12/site-packages/airflow/example_dags/example_trigger_target_dag.py for tasks to queue
[2024-07-28T14:04:08.678-0500] {logging_mixin.py:188} INFO - [2024-07-28T14:04:08.678-0500] {dagbag.py:545} INFO - Filling up the DagBag from /Users/alexkim/Desktop/Projects/ETL_Projects/redditviz/venv/lib/python3.12/site-packages/airflow/example_dags/example_trigger_target_dag.py
[2024-07-28T14:04:08.690-0500] {processor.py:840} INFO - DAG(s) 'example_trigger_target_dag' retrieved from /Users/alexkim/Desktop/Projects/ETL_Projects/redditviz/venv/lib/python3.12/site-packages/airflow/example_dags/example_trigger_target_dag.py
[2024-07-28T14:04:08.719-0500] {logging_mixin.py:188} INFO - [2024-07-28T14:04:08.719-0500] {dag.py:3089} INFO - Sync 1 DAGs
[2024-07-28T14:04:08.722-0500] {logging_mixin.py:188} INFO - [2024-07-28T14:04:08.722-0500] {dag.py:3947} INFO - Setting next_dagrun for example_trigger_target_dag to None, run_after=None
[2024-07-28T14:04:08.728-0500] {processor.py:183} INFO - Processing /Users/alexkim/Desktop/Projects/ETL_Projects/redditviz/venv/lib/python3.12/site-packages/airflow/example_dags/example_trigger_target_dag.py took 0.051 seconds
[2024-07-28T14:05:00.362-0500] {processor.py:161} INFO - Started process (PID=33459) to work on /Users/alexkim/Desktop/Projects/ETL_Projects/redditviz/venv/lib/python3.12/site-packages/airflow/example_dags/example_trigger_target_dag.py
[2024-07-28T14:05:00.363-0500] {processor.py:830} INFO - Processing file /Users/alexkim/Desktop/Projects/ETL_Projects/redditviz/venv/lib/python3.12/site-packages/airflow/example_dags/example_trigger_target_dag.py for tasks to queue
[2024-07-28T14:05:00.363-0500] {logging_mixin.py:188} INFO - [2024-07-28T14:05:00.363-0500] {dagbag.py:545} INFO - Filling up the DagBag from /Users/alexkim/Desktop/Projects/ETL_Projects/redditviz/venv/lib/python3.12/site-packages/airflow/example_dags/example_trigger_target_dag.py
[2024-07-28T14:05:00.376-0500] {processor.py:840} INFO - DAG(s) 'example_trigger_target_dag' retrieved from /Users/alexkim/Desktop/Projects/ETL_Projects/redditviz/venv/lib/python3.12/site-packages/airflow/example_dags/example_trigger_target_dag.py
[2024-07-28T14:05:00.408-0500] {logging_mixin.py:188} INFO - [2024-07-28T14:05:00.408-0500] {dag.py:3089} INFO - Sync 1 DAGs
[2024-07-28T14:05:00.411-0500] {logging_mixin.py:188} INFO - [2024-07-28T14:05:00.411-0500] {dag.py:3947} INFO - Setting next_dagrun for example_trigger_target_dag to None, run_after=None
[2024-07-28T14:05:00.418-0500] {processor.py:183} INFO - Processing /Users/alexkim/Desktop/Projects/ETL_Projects/redditviz/venv/lib/python3.12/site-packages/airflow/example_dags/example_trigger_target_dag.py took 0.056 seconds
[2024-07-28T14:05:56.682-0500] {processor.py:161} INFO - Started process (PID=33565) to work on /Users/alexkim/Desktop/Projects/ETL_Projects/redditviz/venv/lib/python3.12/site-packages/airflow/example_dags/example_trigger_target_dag.py
[2024-07-28T14:05:56.683-0500] {processor.py:830} INFO - Processing file /Users/alexkim/Desktop/Projects/ETL_Projects/redditviz/venv/lib/python3.12/site-packages/airflow/example_dags/example_trigger_target_dag.py for tasks to queue
[2024-07-28T14:05:56.685-0500] {logging_mixin.py:188} INFO - [2024-07-28T14:05:56.685-0500] {dagbag.py:545} INFO - Filling up the DagBag from /Users/alexkim/Desktop/Projects/ETL_Projects/redditviz/venv/lib/python3.12/site-packages/airflow/example_dags/example_trigger_target_dag.py
[2024-07-28T14:05:56.708-0500] {processor.py:840} INFO - DAG(s) 'example_trigger_target_dag' retrieved from /Users/alexkim/Desktop/Projects/ETL_Projects/redditviz/venv/lib/python3.12/site-packages/airflow/example_dags/example_trigger_target_dag.py
[2024-07-28T14:05:56.746-0500] {logging_mixin.py:188} INFO - [2024-07-28T14:05:56.746-0500] {dag.py:3089} INFO - Sync 1 DAGs
[2024-07-28T14:05:56.757-0500] {logging_mixin.py:188} INFO - [2024-07-28T14:05:56.757-0500] {dag.py:3947} INFO - Setting next_dagrun for example_trigger_target_dag to None, run_after=None
[2024-07-28T14:05:56.766-0500] {processor.py:183} INFO - Processing /Users/alexkim/Desktop/Projects/ETL_Projects/redditviz/venv/lib/python3.12/site-packages/airflow/example_dags/example_trigger_target_dag.py took 0.086 seconds
[2024-07-28T14:06:55.155-0500] {processor.py:161} INFO - Started process (PID=33620) to work on /Users/alexkim/Desktop/Projects/ETL_Projects/redditviz/venv/lib/python3.12/site-packages/airflow/example_dags/example_trigger_target_dag.py
[2024-07-28T14:06:55.156-0500] {processor.py:830} INFO - Processing file /Users/alexkim/Desktop/Projects/ETL_Projects/redditviz/venv/lib/python3.12/site-packages/airflow/example_dags/example_trigger_target_dag.py for tasks to queue
[2024-07-28T14:06:55.156-0500] {logging_mixin.py:188} INFO - [2024-07-28T14:06:55.156-0500] {dagbag.py:545} INFO - Filling up the DagBag from /Users/alexkim/Desktop/Projects/ETL_Projects/redditviz/venv/lib/python3.12/site-packages/airflow/example_dags/example_trigger_target_dag.py
[2024-07-28T14:06:55.167-0500] {processor.py:840} INFO - DAG(s) 'example_trigger_target_dag' retrieved from /Users/alexkim/Desktop/Projects/ETL_Projects/redditviz/venv/lib/python3.12/site-packages/airflow/example_dags/example_trigger_target_dag.py
[2024-07-28T14:06:55.196-0500] {logging_mixin.py:188} INFO - [2024-07-28T14:06:55.196-0500] {dag.py:3089} INFO - Sync 1 DAGs
[2024-07-28T14:06:55.199-0500] {logging_mixin.py:188} INFO - [2024-07-28T14:06:55.199-0500] {dag.py:3947} INFO - Setting next_dagrun for example_trigger_target_dag to None, run_after=None
[2024-07-28T14:06:55.205-0500] {processor.py:183} INFO - Processing /Users/alexkim/Desktop/Projects/ETL_Projects/redditviz/venv/lib/python3.12/site-packages/airflow/example_dags/example_trigger_target_dag.py took 0.051 seconds
[2024-07-28T14:07:57.958-0500] {processor.py:161} INFO - Started process (PID=33707) to work on /Users/alexkim/Desktop/Projects/ETL_Projects/redditviz/venv/lib/python3.12/site-packages/airflow/example_dags/example_trigger_target_dag.py
[2024-07-28T14:07:57.958-0500] {processor.py:830} INFO - Processing file /Users/alexkim/Desktop/Projects/ETL_Projects/redditviz/venv/lib/python3.12/site-packages/airflow/example_dags/example_trigger_target_dag.py for tasks to queue
[2024-07-28T14:07:57.959-0500] {logging_mixin.py:188} INFO - [2024-07-28T14:07:57.958-0500] {dagbag.py:545} INFO - Filling up the DagBag from /Users/alexkim/Desktop/Projects/ETL_Projects/redditviz/venv/lib/python3.12/site-packages/airflow/example_dags/example_trigger_target_dag.py
[2024-07-28T14:07:57.973-0500] {processor.py:840} INFO - DAG(s) 'example_trigger_target_dag' retrieved from /Users/alexkim/Desktop/Projects/ETL_Projects/redditviz/venv/lib/python3.12/site-packages/airflow/example_dags/example_trigger_target_dag.py
[2024-07-28T14:07:58.009-0500] {logging_mixin.py:188} INFO - [2024-07-28T14:07:58.009-0500] {dag.py:3089} INFO - Sync 1 DAGs
[2024-07-28T14:07:58.013-0500] {logging_mixin.py:188} INFO - [2024-07-28T14:07:58.013-0500] {dag.py:3947} INFO - Setting next_dagrun for example_trigger_target_dag to None, run_after=None
[2024-07-28T14:07:58.020-0500] {processor.py:183} INFO - Processing /Users/alexkim/Desktop/Projects/ETL_Projects/redditviz/venv/lib/python3.12/site-packages/airflow/example_dags/example_trigger_target_dag.py took 0.063 seconds
[2024-07-28T14:08:54.792-0500] {processor.py:161} INFO - Started process (PID=33746) to work on /Users/alexkim/Desktop/Projects/ETL_Projects/redditviz/venv/lib/python3.12/site-packages/airflow/example_dags/example_trigger_target_dag.py
[2024-07-28T14:08:54.793-0500] {processor.py:830} INFO - Processing file /Users/alexkim/Desktop/Projects/ETL_Projects/redditviz/venv/lib/python3.12/site-packages/airflow/example_dags/example_trigger_target_dag.py for tasks to queue
[2024-07-28T14:08:54.793-0500] {logging_mixin.py:188} INFO - [2024-07-28T14:08:54.793-0500] {dagbag.py:545} INFO - Filling up the DagBag from /Users/alexkim/Desktop/Projects/ETL_Projects/redditviz/venv/lib/python3.12/site-packages/airflow/example_dags/example_trigger_target_dag.py
[2024-07-28T14:08:54.805-0500] {processor.py:840} INFO - DAG(s) 'example_trigger_target_dag' retrieved from /Users/alexkim/Desktop/Projects/ETL_Projects/redditviz/venv/lib/python3.12/site-packages/airflow/example_dags/example_trigger_target_dag.py
[2024-07-28T14:08:54.835-0500] {logging_mixin.py:188} INFO - [2024-07-28T14:08:54.835-0500] {dag.py:3089} INFO - Sync 1 DAGs
[2024-07-28T14:08:54.838-0500] {logging_mixin.py:188} INFO - [2024-07-28T14:08:54.838-0500] {dag.py:3947} INFO - Setting next_dagrun for example_trigger_target_dag to None, run_after=None
[2024-07-28T14:08:54.843-0500] {processor.py:183} INFO - Processing /Users/alexkim/Desktop/Projects/ETL_Projects/redditviz/venv/lib/python3.12/site-packages/airflow/example_dags/example_trigger_target_dag.py took 0.052 seconds
[2024-07-28T14:09:52.004-0500] {processor.py:161} INFO - Started process (PID=33834) to work on /Users/alexkim/Desktop/Projects/ETL_Projects/redditviz/venv/lib/python3.12/site-packages/airflow/example_dags/example_trigger_target_dag.py
[2024-07-28T14:09:52.006-0500] {processor.py:830} INFO - Processing file /Users/alexkim/Desktop/Projects/ETL_Projects/redditviz/venv/lib/python3.12/site-packages/airflow/example_dags/example_trigger_target_dag.py for tasks to queue
[2024-07-28T14:09:52.006-0500] {logging_mixin.py:188} INFO - [2024-07-28T14:09:52.006-0500] {dagbag.py:545} INFO - Filling up the DagBag from /Users/alexkim/Desktop/Projects/ETL_Projects/redditviz/venv/lib/python3.12/site-packages/airflow/example_dags/example_trigger_target_dag.py
[2024-07-28T14:09:52.017-0500] {processor.py:840} INFO - DAG(s) 'example_trigger_target_dag' retrieved from /Users/alexkim/Desktop/Projects/ETL_Projects/redditviz/venv/lib/python3.12/site-packages/airflow/example_dags/example_trigger_target_dag.py
[2024-07-28T14:09:52.046-0500] {logging_mixin.py:188} INFO - [2024-07-28T14:09:52.046-0500] {dag.py:3089} INFO - Sync 1 DAGs
[2024-07-28T14:09:52.049-0500] {logging_mixin.py:188} INFO - [2024-07-28T14:09:52.049-0500] {dag.py:3947} INFO - Setting next_dagrun for example_trigger_target_dag to None, run_after=None
[2024-07-28T14:09:52.055-0500] {processor.py:183} INFO - Processing /Users/alexkim/Desktop/Projects/ETL_Projects/redditviz/venv/lib/python3.12/site-packages/airflow/example_dags/example_trigger_target_dag.py took 0.051 seconds
[2024-07-28T14:10:52.718-0500] {processor.py:161} INFO - Started process (PID=33891) to work on /Users/alexkim/Desktop/Projects/ETL_Projects/redditviz/venv/lib/python3.12/site-packages/airflow/example_dags/example_trigger_target_dag.py
[2024-07-28T14:10:52.719-0500] {processor.py:830} INFO - Processing file /Users/alexkim/Desktop/Projects/ETL_Projects/redditviz/venv/lib/python3.12/site-packages/airflow/example_dags/example_trigger_target_dag.py for tasks to queue
[2024-07-28T14:10:52.719-0500] {logging_mixin.py:188} INFO - [2024-07-28T14:10:52.719-0500] {dagbag.py:545} INFO - Filling up the DagBag from /Users/alexkim/Desktop/Projects/ETL_Projects/redditviz/venv/lib/python3.12/site-packages/airflow/example_dags/example_trigger_target_dag.py
[2024-07-28T14:10:52.733-0500] {processor.py:840} INFO - DAG(s) 'example_trigger_target_dag' retrieved from /Users/alexkim/Desktop/Projects/ETL_Projects/redditviz/venv/lib/python3.12/site-packages/airflow/example_dags/example_trigger_target_dag.py
[2024-07-28T14:10:52.766-0500] {logging_mixin.py:188} INFO - [2024-07-28T14:10:52.766-0500] {dag.py:3089} INFO - Sync 1 DAGs
[2024-07-28T14:10:52.769-0500] {logging_mixin.py:188} INFO - [2024-07-28T14:10:52.769-0500] {dag.py:3947} INFO - Setting next_dagrun for example_trigger_target_dag to None, run_after=None
[2024-07-28T14:10:52.775-0500] {processor.py:183} INFO - Processing /Users/alexkim/Desktop/Projects/ETL_Projects/redditviz/venv/lib/python3.12/site-packages/airflow/example_dags/example_trigger_target_dag.py took 0.058 seconds
[2024-07-28T14:11:53.149-0500] {processor.py:161} INFO - Started process (PID=33953) to work on /Users/alexkim/Desktop/Projects/ETL_Projects/redditviz/venv/lib/python3.12/site-packages/airflow/example_dags/example_trigger_target_dag.py
[2024-07-28T14:11:53.149-0500] {processor.py:830} INFO - Processing file /Users/alexkim/Desktop/Projects/ETL_Projects/redditviz/venv/lib/python3.12/site-packages/airflow/example_dags/example_trigger_target_dag.py for tasks to queue
[2024-07-28T14:11:53.149-0500] {logging_mixin.py:188} INFO - [2024-07-28T14:11:53.149-0500] {dagbag.py:545} INFO - Filling up the DagBag from /Users/alexkim/Desktop/Projects/ETL_Projects/redditviz/venv/lib/python3.12/site-packages/airflow/example_dags/example_trigger_target_dag.py
[2024-07-28T14:11:53.162-0500] {processor.py:840} INFO - DAG(s) 'example_trigger_target_dag' retrieved from /Users/alexkim/Desktop/Projects/ETL_Projects/redditviz/venv/lib/python3.12/site-packages/airflow/example_dags/example_trigger_target_dag.py
[2024-07-28T14:11:53.191-0500] {logging_mixin.py:188} INFO - [2024-07-28T14:11:53.191-0500] {dag.py:3089} INFO - Sync 1 DAGs
[2024-07-28T14:11:53.194-0500] {logging_mixin.py:188} INFO - [2024-07-28T14:11:53.194-0500] {dag.py:3947} INFO - Setting next_dagrun for example_trigger_target_dag to None, run_after=None
[2024-07-28T14:11:53.200-0500] {processor.py:183} INFO - Processing /Users/alexkim/Desktop/Projects/ETL_Projects/redditviz/venv/lib/python3.12/site-packages/airflow/example_dags/example_trigger_target_dag.py took 0.052 seconds
[2024-07-28T14:12:52.342-0500] {processor.py:161} INFO - Started process (PID=34011) to work on /Users/alexkim/Desktop/Projects/ETL_Projects/redditviz/venv/lib/python3.12/site-packages/airflow/example_dags/example_trigger_target_dag.py
[2024-07-28T14:12:52.342-0500] {processor.py:830} INFO - Processing file /Users/alexkim/Desktop/Projects/ETL_Projects/redditviz/venv/lib/python3.12/site-packages/airflow/example_dags/example_trigger_target_dag.py for tasks to queue
[2024-07-28T14:12:52.342-0500] {logging_mixin.py:188} INFO - [2024-07-28T14:12:52.342-0500] {dagbag.py:545} INFO - Filling up the DagBag from /Users/alexkim/Desktop/Projects/ETL_Projects/redditviz/venv/lib/python3.12/site-packages/airflow/example_dags/example_trigger_target_dag.py
[2024-07-28T14:12:52.355-0500] {processor.py:840} INFO - DAG(s) 'example_trigger_target_dag' retrieved from /Users/alexkim/Desktop/Projects/ETL_Projects/redditviz/venv/lib/python3.12/site-packages/airflow/example_dags/example_trigger_target_dag.py
[2024-07-28T14:12:52.386-0500] {logging_mixin.py:188} INFO - [2024-07-28T14:12:52.386-0500] {dag.py:3089} INFO - Sync 1 DAGs
[2024-07-28T14:12:52.389-0500] {logging_mixin.py:188} INFO - [2024-07-28T14:12:52.389-0500] {dag.py:3947} INFO - Setting next_dagrun for example_trigger_target_dag to None, run_after=None
[2024-07-28T14:12:52.395-0500] {processor.py:183} INFO - Processing /Users/alexkim/Desktop/Projects/ETL_Projects/redditviz/venv/lib/python3.12/site-packages/airflow/example_dags/example_trigger_target_dag.py took 0.054 seconds
[2024-07-28T14:13:51.260-0500] {processor.py:161} INFO - Started process (PID=34090) to work on /Users/alexkim/Desktop/Projects/ETL_Projects/redditviz/venv/lib/python3.12/site-packages/airflow/example_dags/example_trigger_target_dag.py
[2024-07-28T14:13:51.261-0500] {processor.py:830} INFO - Processing file /Users/alexkim/Desktop/Projects/ETL_Projects/redditviz/venv/lib/python3.12/site-packages/airflow/example_dags/example_trigger_target_dag.py for tasks to queue
[2024-07-28T14:13:51.261-0500] {logging_mixin.py:188} INFO - [2024-07-28T14:13:51.261-0500] {dagbag.py:545} INFO - Filling up the DagBag from /Users/alexkim/Desktop/Projects/ETL_Projects/redditviz/venv/lib/python3.12/site-packages/airflow/example_dags/example_trigger_target_dag.py
[2024-07-28T14:13:51.279-0500] {processor.py:840} INFO - DAG(s) 'example_trigger_target_dag' retrieved from /Users/alexkim/Desktop/Projects/ETL_Projects/redditviz/venv/lib/python3.12/site-packages/airflow/example_dags/example_trigger_target_dag.py
[2024-07-28T14:13:51.328-0500] {logging_mixin.py:188} INFO - [2024-07-28T14:13:51.328-0500] {dag.py:3089} INFO - Sync 1 DAGs
[2024-07-28T14:13:51.338-0500] {logging_mixin.py:188} INFO - [2024-07-28T14:13:51.337-0500] {dag.py:3947} INFO - Setting next_dagrun for example_trigger_target_dag to None, run_after=None
[2024-07-28T14:13:51.351-0500] {processor.py:183} INFO - Processing /Users/alexkim/Desktop/Projects/ETL_Projects/redditviz/venv/lib/python3.12/site-packages/airflow/example_dags/example_trigger_target_dag.py took 0.091 seconds
[2024-07-28T14:14:54.757-0500] {processor.py:161} INFO - Started process (PID=34171) to work on /Users/alexkim/Desktop/Projects/ETL_Projects/redditviz/venv/lib/python3.12/site-packages/airflow/example_dags/example_trigger_target_dag.py
[2024-07-28T14:14:54.758-0500] {processor.py:830} INFO - Processing file /Users/alexkim/Desktop/Projects/ETL_Projects/redditviz/venv/lib/python3.12/site-packages/airflow/example_dags/example_trigger_target_dag.py for tasks to queue
[2024-07-28T14:14:54.758-0500] {logging_mixin.py:188} INFO - [2024-07-28T14:14:54.758-0500] {dagbag.py:545} INFO - Filling up the DagBag from /Users/alexkim/Desktop/Projects/ETL_Projects/redditviz/venv/lib/python3.12/site-packages/airflow/example_dags/example_trigger_target_dag.py
[2024-07-28T14:14:54.772-0500] {processor.py:840} INFO - DAG(s) 'example_trigger_target_dag' retrieved from /Users/alexkim/Desktop/Projects/ETL_Projects/redditviz/venv/lib/python3.12/site-packages/airflow/example_dags/example_trigger_target_dag.py
[2024-07-28T14:14:54.808-0500] {logging_mixin.py:188} INFO - [2024-07-28T14:14:54.808-0500] {dag.py:3089} INFO - Sync 1 DAGs
[2024-07-28T14:14:54.812-0500] {logging_mixin.py:188} INFO - [2024-07-28T14:14:54.812-0500] {dag.py:3947} INFO - Setting next_dagrun for example_trigger_target_dag to None, run_after=None
[2024-07-28T14:14:54.819-0500] {processor.py:183} INFO - Processing /Users/alexkim/Desktop/Projects/ETL_Projects/redditviz/venv/lib/python3.12/site-packages/airflow/example_dags/example_trigger_target_dag.py took 0.063 seconds
[2024-07-28T14:34:59.574-0500] {processor.py:161} INFO - Started process (PID=1506) to work on /Users/alexkim/Desktop/Projects/ETL_Projects/redditviz/venv/lib/python3.12/site-packages/airflow/example_dags/example_trigger_target_dag.py
[2024-07-28T14:34:59.575-0500] {processor.py:830} INFO - Processing file /Users/alexkim/Desktop/Projects/ETL_Projects/redditviz/venv/lib/python3.12/site-packages/airflow/example_dags/example_trigger_target_dag.py for tasks to queue
[2024-07-28T14:34:59.575-0500] {logging_mixin.py:188} INFO - [2024-07-28T14:34:59.575-0500] {dagbag.py:545} INFO - Filling up the DagBag from /Users/alexkim/Desktop/Projects/ETL_Projects/redditviz/venv/lib/python3.12/site-packages/airflow/example_dags/example_trigger_target_dag.py
[2024-07-28T14:34:59.588-0500] {processor.py:840} INFO - DAG(s) 'example_trigger_target_dag' retrieved from /Users/alexkim/Desktop/Projects/ETL_Projects/redditviz/venv/lib/python3.12/site-packages/airflow/example_dags/example_trigger_target_dag.py
[2024-07-28T14:34:59.653-0500] {logging_mixin.py:188} INFO - [2024-07-28T14:34:59.653-0500] {override.py:1858} INFO - Created Permission View: can delete on DAG:example_trigger_target_dag
[2024-07-28T14:34:59.656-0500] {logging_mixin.py:188} INFO - [2024-07-28T14:34:59.656-0500] {override.py:1858} INFO - Created Permission View: can read on DAG:example_trigger_target_dag
[2024-07-28T14:34:59.658-0500] {logging_mixin.py:188} INFO - [2024-07-28T14:34:59.658-0500] {override.py:1858} INFO - Created Permission View: can edit on DAG:example_trigger_target_dag
[2024-07-28T14:34:59.658-0500] {logging_mixin.py:188} INFO - [2024-07-28T14:34:59.658-0500] {dag.py:3089} INFO - Sync 1 DAGs
[2024-07-28T14:34:59.662-0500] {logging_mixin.py:188} INFO - [2024-07-28T14:34:59.662-0500] {dag.py:3111} INFO - Creating ORM DAG for example_trigger_target_dag
[2024-07-28T14:34:59.662-0500] {logging_mixin.py:188} INFO - [2024-07-28T14:34:59.662-0500] {dag.py:3947} INFO - Setting next_dagrun for example_trigger_target_dag to None, run_after=None
[2024-07-28T14:34:59.668-0500] {processor.py:183} INFO - Processing /Users/alexkim/Desktop/Projects/ETL_Projects/redditviz/venv/lib/python3.12/site-packages/airflow/example_dags/example_trigger_target_dag.py took 0.095 seconds
