[2024-07-28T14:00:17.513-0500] {processor.py:161} INFO - Started process (PID=33175) to work on /Users/alexkim/Desktop/Projects/ETL_Projects/redditviz/venv/lib/python3.12/site-packages/airflow/example_dags/example_subdag_operator.py
[2024-07-28T14:00:17.513-0500] {processor.py:830} INFO - Processing file /Users/alexkim/Desktop/Projects/ETL_Projects/redditviz/venv/lib/python3.12/site-packages/airflow/example_dags/example_subdag_operator.py for tasks to queue
[2024-07-28T14:00:17.513-0500] {logging_mixin.py:188} INFO - [2024-07-28T14:00:17.513-0500] {dagbag.py:545} INFO - Filling up the DagBag from /Users/alexkim/Desktop/Projects/ETL_Projects/redditviz/venv/lib/python3.12/site-packages/airflow/example_dags/example_subdag_operator.py
[2024-07-28T14:00:17.548-0500] {processor.py:840} INFO - DAG(s) 'example_subdag_operator.section-1', 'example_subdag_operator.section-2', 'example_subdag_operator' retrieved from /Users/alexkim/Desktop/Projects/ETL_Projects/redditviz/venv/lib/python3.12/site-packages/airflow/example_dags/example_subdag_operator.py
[2024-07-28T14:00:17.594-0500] {logging_mixin.py:188} INFO - [2024-07-28T14:00:17.593-0500] {override.py:1858} INFO - Created Permission View: can delete on DAG:example_subdag_operator
[2024-07-28T14:00:17.596-0500] {logging_mixin.py:188} INFO - [2024-07-28T14:00:17.596-0500] {override.py:1858} INFO - Created Permission View: can edit on DAG:example_subdag_operator
[2024-07-28T14:00:17.598-0500] {logging_mixin.py:188} INFO - [2024-07-28T14:00:17.598-0500] {override.py:1858} INFO - Created Permission View: can read on DAG:example_subdag_operator
[2024-07-28T14:00:17.599-0500] {logging_mixin.py:188} INFO - [2024-07-28T14:00:17.598-0500] {dag.py:3089} INFO - Sync 3 DAGs
[2024-07-28T14:00:17.602-0500] {logging_mixin.py:188} INFO - [2024-07-28T14:00:17.602-0500] {dag.py:3111} INFO - Creating ORM DAG for example_subdag_operator.section-1
[2024-07-28T14:00:17.602-0500] {logging_mixin.py:188} INFO - [2024-07-28T14:00:17.602-0500] {dag.py:3111} INFO - Creating ORM DAG for example_subdag_operator
[2024-07-28T14:00:17.602-0500] {logging_mixin.py:188} INFO - [2024-07-28T14:00:17.602-0500] {dag.py:3111} INFO - Creating ORM DAG for example_subdag_operator.section-2
[2024-07-28T14:00:17.605-0500] {logging_mixin.py:188} INFO - [2024-07-28T14:00:17.605-0500] {dag.py:3947} INFO - Setting next_dagrun for example_subdag_operator to 2022-01-01 00:00:00+00:00, run_after=2022-01-01 00:00:00+00:00
[2024-07-28T14:00:17.605-0500] {logging_mixin.py:188} INFO - [2024-07-28T14:00:17.605-0500] {dag.py:3947} INFO - Setting next_dagrun for example_subdag_operator.section-1 to None, run_after=None
[2024-07-28T14:00:17.605-0500] {logging_mixin.py:188} INFO - [2024-07-28T14:00:17.605-0500] {dag.py:3947} INFO - Setting next_dagrun for example_subdag_operator.section-2 to None, run_after=None
[2024-07-28T14:00:17.607-0500] {logging_mixin.py:188} INFO - [2024-07-28T14:00:17.607-0500] {dag.py:3089} INFO - Sync 2 DAGs
[2024-07-28T14:00:17.609-0500] {logging_mixin.py:188} INFO - [2024-07-28T14:00:17.608-0500] {dag.py:3947} INFO - Setting next_dagrun for example_subdag_operator.section-1 to None, run_after=None
[2024-07-28T14:00:17.609-0500] {logging_mixin.py:188} INFO - [2024-07-28T14:00:17.609-0500] {dag.py:3947} INFO - Setting next_dagrun for example_subdag_operator.section-2 to None, run_after=None
[2024-07-28T14:00:17.613-0500] {processor.py:183} INFO - Processing /Users/alexkim/Desktop/Projects/ETL_Projects/redditviz/venv/lib/python3.12/site-packages/airflow/example_dags/example_subdag_operator.py took 0.101 seconds
[2024-07-28T14:01:47.882-0500] {processor.py:161} INFO - Started process (PID=33263) to work on /Users/alexkim/Desktop/Projects/ETL_Projects/redditviz/venv/lib/python3.12/site-packages/airflow/example_dags/example_subdag_operator.py
[2024-07-28T14:01:47.883-0500] {processor.py:830} INFO - Processing file /Users/alexkim/Desktop/Projects/ETL_Projects/redditviz/venv/lib/python3.12/site-packages/airflow/example_dags/example_subdag_operator.py for tasks to queue
[2024-07-28T14:01:47.883-0500] {logging_mixin.py:188} INFO - [2024-07-28T14:01:47.883-0500] {dagbag.py:545} INFO - Filling up the DagBag from /Users/alexkim/Desktop/Projects/ETL_Projects/redditviz/venv/lib/python3.12/site-packages/airflow/example_dags/example_subdag_operator.py
[2024-07-28T14:01:47.912-0500] {processor.py:840} INFO - DAG(s) 'example_subdag_operator.section-1', 'example_subdag_operator.section-2', 'example_subdag_operator' retrieved from /Users/alexkim/Desktop/Projects/ETL_Projects/redditviz/venv/lib/python3.12/site-packages/airflow/example_dags/example_subdag_operator.py
[2024-07-28T14:01:47.923-0500] {logging_mixin.py:188} INFO - [2024-07-28T14:01:47.923-0500] {dag.py:3089} INFO - Sync 3 DAGs
[2024-07-28T14:01:47.929-0500] {logging_mixin.py:188} INFO - [2024-07-28T14:01:47.929-0500] {dag.py:3947} INFO - Setting next_dagrun for example_subdag_operator to 2022-01-01 00:00:00+00:00, run_after=2022-01-01 00:00:00+00:00
[2024-07-28T14:01:47.930-0500] {logging_mixin.py:188} INFO - [2024-07-28T14:01:47.930-0500] {dag.py:3947} INFO - Setting next_dagrun for example_subdag_operator.section-1 to None, run_after=None
[2024-07-28T14:01:47.930-0500] {logging_mixin.py:188} INFO - [2024-07-28T14:01:47.930-0500] {dag.py:3947} INFO - Setting next_dagrun for example_subdag_operator.section-2 to None, run_after=None
[2024-07-28T14:01:47.933-0500] {logging_mixin.py:188} INFO - [2024-07-28T14:01:47.932-0500] {dag.py:3089} INFO - Sync 2 DAGs
[2024-07-28T14:01:47.934-0500] {logging_mixin.py:188} INFO - [2024-07-28T14:01:47.934-0500] {dag.py:3947} INFO - Setting next_dagrun for example_subdag_operator.section-1 to None, run_after=None
[2024-07-28T14:01:47.934-0500] {logging_mixin.py:188} INFO - [2024-07-28T14:01:47.934-0500] {dag.py:3947} INFO - Setting next_dagrun for example_subdag_operator.section-2 to None, run_after=None
[2024-07-28T14:01:47.938-0500] {processor.py:183} INFO - Processing /Users/alexkim/Desktop/Projects/ETL_Projects/redditviz/venv/lib/python3.12/site-packages/airflow/example_dags/example_subdag_operator.py took 0.057 seconds
[2024-07-28T14:03:23.814-0500] {processor.py:161} INFO - Started process (PID=33349) to work on /Users/alexkim/Desktop/Projects/ETL_Projects/redditviz/venv/lib/python3.12/site-packages/airflow/example_dags/example_subdag_operator.py
[2024-07-28T14:03:23.815-0500] {processor.py:830} INFO - Processing file /Users/alexkim/Desktop/Projects/ETL_Projects/redditviz/venv/lib/python3.12/site-packages/airflow/example_dags/example_subdag_operator.py for tasks to queue
[2024-07-28T14:03:23.815-0500] {logging_mixin.py:188} INFO - [2024-07-28T14:03:23.815-0500] {dagbag.py:545} INFO - Filling up the DagBag from /Users/alexkim/Desktop/Projects/ETL_Projects/redditviz/venv/lib/python3.12/site-packages/airflow/example_dags/example_subdag_operator.py
[2024-07-28T14:03:23.843-0500] {processor.py:840} INFO - DAG(s) 'example_subdag_operator.section-1', 'example_subdag_operator.section-2', 'example_subdag_operator' retrieved from /Users/alexkim/Desktop/Projects/ETL_Projects/redditviz/venv/lib/python3.12/site-packages/airflow/example_dags/example_subdag_operator.py
[2024-07-28T14:03:23.855-0500] {logging_mixin.py:188} INFO - [2024-07-28T14:03:23.854-0500] {dag.py:3089} INFO - Sync 3 DAGs
[2024-07-28T14:03:23.860-0500] {logging_mixin.py:188} INFO - [2024-07-28T14:03:23.860-0500] {dag.py:3947} INFO - Setting next_dagrun for example_subdag_operator to 2022-01-01 00:00:00+00:00, run_after=2022-01-01 00:00:00+00:00
[2024-07-28T14:03:23.861-0500] {logging_mixin.py:188} INFO - [2024-07-28T14:03:23.861-0500] {dag.py:3947} INFO - Setting next_dagrun for example_subdag_operator.section-1 to None, run_after=None
[2024-07-28T14:03:23.861-0500] {logging_mixin.py:188} INFO - [2024-07-28T14:03:23.861-0500] {dag.py:3947} INFO - Setting next_dagrun for example_subdag_operator.section-2 to None, run_after=None
[2024-07-28T14:03:23.863-0500] {logging_mixin.py:188} INFO - [2024-07-28T14:03:23.863-0500] {dag.py:3089} INFO - Sync 2 DAGs
[2024-07-28T14:03:23.864-0500] {logging_mixin.py:188} INFO - [2024-07-28T14:03:23.864-0500] {dag.py:3947} INFO - Setting next_dagrun for example_subdag_operator.section-1 to None, run_after=None
[2024-07-28T14:03:23.864-0500] {logging_mixin.py:188} INFO - [2024-07-28T14:03:23.864-0500] {dag.py:3947} INFO - Setting next_dagrun for example_subdag_operator.section-2 to None, run_after=None
[2024-07-28T14:03:23.868-0500] {processor.py:183} INFO - Processing /Users/alexkim/Desktop/Projects/ETL_Projects/redditviz/venv/lib/python3.12/site-packages/airflow/example_dags/example_subdag_operator.py took 0.054 seconds
[2024-07-28T14:05:09.091-0500] {processor.py:161} INFO - Started process (PID=33466) to work on /Users/alexkim/Desktop/Projects/ETL_Projects/redditviz/venv/lib/python3.12/site-packages/airflow/example_dags/example_subdag_operator.py
[2024-07-28T14:05:09.092-0500] {processor.py:830} INFO - Processing file /Users/alexkim/Desktop/Projects/ETL_Projects/redditviz/venv/lib/python3.12/site-packages/airflow/example_dags/example_subdag_operator.py for tasks to queue
[2024-07-28T14:05:09.092-0500] {logging_mixin.py:188} INFO - [2024-07-28T14:05:09.092-0500] {dagbag.py:545} INFO - Filling up the DagBag from /Users/alexkim/Desktop/Projects/ETL_Projects/redditviz/venv/lib/python3.12/site-packages/airflow/example_dags/example_subdag_operator.py
[2024-07-28T14:05:09.125-0500] {processor.py:840} INFO - DAG(s) 'example_subdag_operator.section-1', 'example_subdag_operator.section-2', 'example_subdag_operator' retrieved from /Users/alexkim/Desktop/Projects/ETL_Projects/redditviz/venv/lib/python3.12/site-packages/airflow/example_dags/example_subdag_operator.py
[2024-07-28T14:05:09.139-0500] {logging_mixin.py:188} INFO - [2024-07-28T14:05:09.139-0500] {dag.py:3089} INFO - Sync 3 DAGs
[2024-07-28T14:05:09.146-0500] {logging_mixin.py:188} INFO - [2024-07-28T14:05:09.146-0500] {dag.py:3947} INFO - Setting next_dagrun for example_subdag_operator to 2022-01-01 00:00:00+00:00, run_after=2022-01-01 00:00:00+00:00
[2024-07-28T14:05:09.147-0500] {logging_mixin.py:188} INFO - [2024-07-28T14:05:09.147-0500] {dag.py:3947} INFO - Setting next_dagrun for example_subdag_operator.section-1 to None, run_after=None
[2024-07-28T14:05:09.147-0500] {logging_mixin.py:188} INFO - [2024-07-28T14:05:09.147-0500] {dag.py:3947} INFO - Setting next_dagrun for example_subdag_operator.section-2 to None, run_after=None
[2024-07-28T14:05:09.149-0500] {logging_mixin.py:188} INFO - [2024-07-28T14:05:09.149-0500] {dag.py:3089} INFO - Sync 2 DAGs
[2024-07-28T14:05:09.151-0500] {logging_mixin.py:188} INFO - [2024-07-28T14:05:09.151-0500] {dag.py:3947} INFO - Setting next_dagrun for example_subdag_operator.section-1 to None, run_after=None
[2024-07-28T14:05:09.151-0500] {logging_mixin.py:188} INFO - [2024-07-28T14:05:09.151-0500] {dag.py:3947} INFO - Setting next_dagrun for example_subdag_operator.section-2 to None, run_after=None
[2024-07-28T14:05:09.157-0500] {processor.py:183} INFO - Processing /Users/alexkim/Desktop/Projects/ETL_Projects/redditviz/venv/lib/python3.12/site-packages/airflow/example_dags/example_subdag_operator.py took 0.066 seconds
[2024-07-28T14:07:02.756-0500] {processor.py:161} INFO - Started process (PID=33638) to work on /Users/alexkim/Desktop/Projects/ETL_Projects/redditviz/venv/lib/python3.12/site-packages/airflow/example_dags/example_subdag_operator.py
[2024-07-28T14:07:02.757-0500] {processor.py:830} INFO - Processing file /Users/alexkim/Desktop/Projects/ETL_Projects/redditviz/venv/lib/python3.12/site-packages/airflow/example_dags/example_subdag_operator.py for tasks to queue
[2024-07-28T14:07:02.757-0500] {logging_mixin.py:188} INFO - [2024-07-28T14:07:02.757-0500] {dagbag.py:545} INFO - Filling up the DagBag from /Users/alexkim/Desktop/Projects/ETL_Projects/redditviz/venv/lib/python3.12/site-packages/airflow/example_dags/example_subdag_operator.py
[2024-07-28T14:07:02.786-0500] {processor.py:840} INFO - DAG(s) 'example_subdag_operator.section-1', 'example_subdag_operator.section-2', 'example_subdag_operator' retrieved from /Users/alexkim/Desktop/Projects/ETL_Projects/redditviz/venv/lib/python3.12/site-packages/airflow/example_dags/example_subdag_operator.py
[2024-07-28T14:07:02.797-0500] {logging_mixin.py:188} INFO - [2024-07-28T14:07:02.797-0500] {dag.py:3089} INFO - Sync 3 DAGs
[2024-07-28T14:07:02.803-0500] {logging_mixin.py:188} INFO - [2024-07-28T14:07:02.803-0500] {dag.py:3947} INFO - Setting next_dagrun for example_subdag_operator to 2022-01-01 00:00:00+00:00, run_after=2022-01-01 00:00:00+00:00
[2024-07-28T14:07:02.804-0500] {logging_mixin.py:188} INFO - [2024-07-28T14:07:02.804-0500] {dag.py:3947} INFO - Setting next_dagrun for example_subdag_operator.section-1 to None, run_after=None
[2024-07-28T14:07:02.804-0500] {logging_mixin.py:188} INFO - [2024-07-28T14:07:02.804-0500] {dag.py:3947} INFO - Setting next_dagrun for example_subdag_operator.section-2 to None, run_after=None
[2024-07-28T14:07:02.806-0500] {logging_mixin.py:188} INFO - [2024-07-28T14:07:02.805-0500] {dag.py:3089} INFO - Sync 2 DAGs
[2024-07-28T14:07:02.807-0500] {logging_mixin.py:188} INFO - [2024-07-28T14:07:02.807-0500] {dag.py:3947} INFO - Setting next_dagrun for example_subdag_operator.section-1 to None, run_after=None
[2024-07-28T14:07:02.807-0500] {logging_mixin.py:188} INFO - [2024-07-28T14:07:02.807-0500] {dag.py:3947} INFO - Setting next_dagrun for example_subdag_operator.section-2 to None, run_after=None
[2024-07-28T14:07:02.811-0500] {processor.py:183} INFO - Processing /Users/alexkim/Desktop/Projects/ETL_Projects/redditviz/venv/lib/python3.12/site-packages/airflow/example_dags/example_subdag_operator.py took 0.055 seconds
[2024-07-28T14:09:00.562-0500] {processor.py:161} INFO - Started process (PID=33751) to work on /Users/alexkim/Desktop/Projects/ETL_Projects/redditviz/venv/lib/python3.12/site-packages/airflow/example_dags/example_subdag_operator.py
[2024-07-28T14:09:00.562-0500] {processor.py:830} INFO - Processing file /Users/alexkim/Desktop/Projects/ETL_Projects/redditviz/venv/lib/python3.12/site-packages/airflow/example_dags/example_subdag_operator.py for tasks to queue
[2024-07-28T14:09:00.562-0500] {logging_mixin.py:188} INFO - [2024-07-28T14:09:00.562-0500] {dagbag.py:545} INFO - Filling up the DagBag from /Users/alexkim/Desktop/Projects/ETL_Projects/redditviz/venv/lib/python3.12/site-packages/airflow/example_dags/example_subdag_operator.py
[2024-07-28T14:09:00.591-0500] {processor.py:840} INFO - DAG(s) 'example_subdag_operator.section-1', 'example_subdag_operator.section-2', 'example_subdag_operator' retrieved from /Users/alexkim/Desktop/Projects/ETL_Projects/redditviz/venv/lib/python3.12/site-packages/airflow/example_dags/example_subdag_operator.py
[2024-07-28T14:09:00.603-0500] {logging_mixin.py:188} INFO - [2024-07-28T14:09:00.603-0500] {dag.py:3089} INFO - Sync 3 DAGs
[2024-07-28T14:09:00.608-0500] {logging_mixin.py:188} INFO - [2024-07-28T14:09:00.608-0500] {dag.py:3947} INFO - Setting next_dagrun for example_subdag_operator to 2022-01-01 00:00:00+00:00, run_after=2022-01-01 00:00:00+00:00
[2024-07-28T14:09:00.609-0500] {logging_mixin.py:188} INFO - [2024-07-28T14:09:00.609-0500] {dag.py:3947} INFO - Setting next_dagrun for example_subdag_operator.section-1 to None, run_after=None
[2024-07-28T14:09:00.609-0500] {logging_mixin.py:188} INFO - [2024-07-28T14:09:00.609-0500] {dag.py:3947} INFO - Setting next_dagrun for example_subdag_operator.section-2 to None, run_after=None
[2024-07-28T14:09:00.611-0500] {logging_mixin.py:188} INFO - [2024-07-28T14:09:00.611-0500] {dag.py:3089} INFO - Sync 2 DAGs
[2024-07-28T14:09:00.612-0500] {logging_mixin.py:188} INFO - [2024-07-28T14:09:00.612-0500] {dag.py:3947} INFO - Setting next_dagrun for example_subdag_operator.section-1 to None, run_after=None
[2024-07-28T14:09:00.612-0500] {logging_mixin.py:188} INFO - [2024-07-28T14:09:00.612-0500] {dag.py:3947} INFO - Setting next_dagrun for example_subdag_operator.section-2 to None, run_after=None
[2024-07-28T14:09:00.616-0500] {processor.py:183} INFO - Processing /Users/alexkim/Desktop/Projects/ETL_Projects/redditviz/venv/lib/python3.12/site-packages/airflow/example_dags/example_subdag_operator.py took 0.055 seconds
[2024-07-28T14:11:01.340-0500] {processor.py:161} INFO - Started process (PID=33902) to work on /Users/alexkim/Desktop/Projects/ETL_Projects/redditviz/venv/lib/python3.12/site-packages/airflow/example_dags/example_subdag_operator.py
[2024-07-28T14:11:01.341-0500] {processor.py:830} INFO - Processing file /Users/alexkim/Desktop/Projects/ETL_Projects/redditviz/venv/lib/python3.12/site-packages/airflow/example_dags/example_subdag_operator.py for tasks to queue
[2024-07-28T14:11:01.341-0500] {logging_mixin.py:188} INFO - [2024-07-28T14:11:01.341-0500] {dagbag.py:545} INFO - Filling up the DagBag from /Users/alexkim/Desktop/Projects/ETL_Projects/redditviz/venv/lib/python3.12/site-packages/airflow/example_dags/example_subdag_operator.py
[2024-07-28T14:11:01.372-0500] {processor.py:840} INFO - DAG(s) 'example_subdag_operator.section-1', 'example_subdag_operator.section-2', 'example_subdag_operator' retrieved from /Users/alexkim/Desktop/Projects/ETL_Projects/redditviz/venv/lib/python3.12/site-packages/airflow/example_dags/example_subdag_operator.py
[2024-07-28T14:11:01.384-0500] {logging_mixin.py:188} INFO - [2024-07-28T14:11:01.384-0500] {dag.py:3089} INFO - Sync 3 DAGs
[2024-07-28T14:11:01.390-0500] {logging_mixin.py:188} INFO - [2024-07-28T14:11:01.390-0500] {dag.py:3947} INFO - Setting next_dagrun for example_subdag_operator to 2022-01-01 00:00:00+00:00, run_after=2022-01-01 00:00:00+00:00
[2024-07-28T14:11:01.391-0500] {logging_mixin.py:188} INFO - [2024-07-28T14:11:01.391-0500] {dag.py:3947} INFO - Setting next_dagrun for example_subdag_operator.section-1 to None, run_after=None
[2024-07-28T14:11:01.391-0500] {logging_mixin.py:188} INFO - [2024-07-28T14:11:01.391-0500] {dag.py:3947} INFO - Setting next_dagrun for example_subdag_operator.section-2 to None, run_after=None
[2024-07-28T14:11:01.393-0500] {logging_mixin.py:188} INFO - [2024-07-28T14:11:01.392-0500] {dag.py:3089} INFO - Sync 2 DAGs
[2024-07-28T14:11:01.394-0500] {logging_mixin.py:188} INFO - [2024-07-28T14:11:01.394-0500] {dag.py:3947} INFO - Setting next_dagrun for example_subdag_operator.section-1 to None, run_after=None
[2024-07-28T14:11:01.394-0500] {logging_mixin.py:188} INFO - [2024-07-28T14:11:01.394-0500] {dag.py:3947} INFO - Setting next_dagrun for example_subdag_operator.section-2 to None, run_after=None
[2024-07-28T14:11:01.398-0500] {processor.py:183} INFO - Processing /Users/alexkim/Desktop/Projects/ETL_Projects/redditviz/venv/lib/python3.12/site-packages/airflow/example_dags/example_subdag_operator.py took 0.058 seconds
[2024-07-28T14:12:59.302-0500] {processor.py:161} INFO - Started process (PID=34024) to work on /Users/alexkim/Desktop/Projects/ETL_Projects/redditviz/venv/lib/python3.12/site-packages/airflow/example_dags/example_subdag_operator.py
[2024-07-28T14:12:59.302-0500] {processor.py:830} INFO - Processing file /Users/alexkim/Desktop/Projects/ETL_Projects/redditviz/venv/lib/python3.12/site-packages/airflow/example_dags/example_subdag_operator.py for tasks to queue
[2024-07-28T14:12:59.302-0500] {logging_mixin.py:188} INFO - [2024-07-28T14:12:59.302-0500] {dagbag.py:545} INFO - Filling up the DagBag from /Users/alexkim/Desktop/Projects/ETL_Projects/redditviz/venv/lib/python3.12/site-packages/airflow/example_dags/example_subdag_operator.py
[2024-07-28T14:12:59.332-0500] {processor.py:840} INFO - DAG(s) 'example_subdag_operator.section-1', 'example_subdag_operator.section-2', 'example_subdag_operator' retrieved from /Users/alexkim/Desktop/Projects/ETL_Projects/redditviz/venv/lib/python3.12/site-packages/airflow/example_dags/example_subdag_operator.py
[2024-07-28T14:12:59.344-0500] {logging_mixin.py:188} INFO - [2024-07-28T14:12:59.344-0500] {dag.py:3089} INFO - Sync 3 DAGs
[2024-07-28T14:12:59.350-0500] {logging_mixin.py:188} INFO - [2024-07-28T14:12:59.350-0500] {dag.py:3947} INFO - Setting next_dagrun for example_subdag_operator to 2022-01-01 00:00:00+00:00, run_after=2022-01-01 00:00:00+00:00
[2024-07-28T14:12:59.351-0500] {logging_mixin.py:188} INFO - [2024-07-28T14:12:59.351-0500] {dag.py:3947} INFO - Setting next_dagrun for example_subdag_operator.section-1 to None, run_after=None
[2024-07-28T14:12:59.352-0500] {logging_mixin.py:188} INFO - [2024-07-28T14:12:59.352-0500] {dag.py:3947} INFO - Setting next_dagrun for example_subdag_operator.section-2 to None, run_after=None
[2024-07-28T14:12:59.353-0500] {logging_mixin.py:188} INFO - [2024-07-28T14:12:59.353-0500] {dag.py:3089} INFO - Sync 2 DAGs
[2024-07-28T14:12:59.355-0500] {logging_mixin.py:188} INFO - [2024-07-28T14:12:59.355-0500] {dag.py:3947} INFO - Setting next_dagrun for example_subdag_operator.section-1 to None, run_after=None
[2024-07-28T14:12:59.355-0500] {logging_mixin.py:188} INFO - [2024-07-28T14:12:59.355-0500] {dag.py:3947} INFO - Setting next_dagrun for example_subdag_operator.section-2 to None, run_after=None
[2024-07-28T14:12:59.359-0500] {processor.py:183} INFO - Processing /Users/alexkim/Desktop/Projects/ETL_Projects/redditviz/venv/lib/python3.12/site-packages/airflow/example_dags/example_subdag_operator.py took 0.058 seconds
[2024-07-28T14:15:02.829-0500] {processor.py:161} INFO - Started process (PID=34183) to work on /Users/alexkim/Desktop/Projects/ETL_Projects/redditviz/venv/lib/python3.12/site-packages/airflow/example_dags/example_subdag_operator.py
[2024-07-28T14:15:02.829-0500] {processor.py:830} INFO - Processing file /Users/alexkim/Desktop/Projects/ETL_Projects/redditviz/venv/lib/python3.12/site-packages/airflow/example_dags/example_subdag_operator.py for tasks to queue
[2024-07-28T14:15:02.829-0500] {logging_mixin.py:188} INFO - [2024-07-28T14:15:02.829-0500] {dagbag.py:545} INFO - Filling up the DagBag from /Users/alexkim/Desktop/Projects/ETL_Projects/redditviz/venv/lib/python3.12/site-packages/airflow/example_dags/example_subdag_operator.py
[2024-07-28T14:15:02.859-0500] {processor.py:840} INFO - DAG(s) 'example_subdag_operator.section-1', 'example_subdag_operator.section-2', 'example_subdag_operator' retrieved from /Users/alexkim/Desktop/Projects/ETL_Projects/redditviz/venv/lib/python3.12/site-packages/airflow/example_dags/example_subdag_operator.py
[2024-07-28T14:15:02.871-0500] {logging_mixin.py:188} INFO - [2024-07-28T14:15:02.871-0500] {dag.py:3089} INFO - Sync 3 DAGs
[2024-07-28T14:15:02.876-0500] {logging_mixin.py:188} INFO - [2024-07-28T14:15:02.876-0500] {dag.py:3947} INFO - Setting next_dagrun for example_subdag_operator to 2022-01-01 00:00:00+00:00, run_after=2022-01-01 00:00:00+00:00
[2024-07-28T14:15:02.877-0500] {logging_mixin.py:188} INFO - [2024-07-28T14:15:02.877-0500] {dag.py:3947} INFO - Setting next_dagrun for example_subdag_operator.section-1 to None, run_after=None
[2024-07-28T14:15:02.877-0500] {logging_mixin.py:188} INFO - [2024-07-28T14:15:02.877-0500] {dag.py:3947} INFO - Setting next_dagrun for example_subdag_operator.section-2 to None, run_after=None
[2024-07-28T14:15:02.879-0500] {logging_mixin.py:188} INFO - [2024-07-28T14:15:02.879-0500] {dag.py:3089} INFO - Sync 2 DAGs
[2024-07-28T14:15:02.880-0500] {logging_mixin.py:188} INFO - [2024-07-28T14:15:02.880-0500] {dag.py:3947} INFO - Setting next_dagrun for example_subdag_operator.section-1 to None, run_after=None
[2024-07-28T14:15:02.880-0500] {logging_mixin.py:188} INFO - [2024-07-28T14:15:02.880-0500] {dag.py:3947} INFO - Setting next_dagrun for example_subdag_operator.section-2 to None, run_after=None
[2024-07-28T14:15:02.884-0500] {processor.py:183} INFO - Processing /Users/alexkim/Desktop/Projects/ETL_Projects/redditviz/venv/lib/python3.12/site-packages/airflow/example_dags/example_subdag_operator.py took 0.056 seconds
[2024-07-28T14:35:08.402-0500] {processor.py:161} INFO - Started process (PID=1514) to work on /Users/alexkim/Desktop/Projects/ETL_Projects/redditviz/venv/lib/python3.12/site-packages/airflow/example_dags/example_subdag_operator.py
[2024-07-28T14:35:08.403-0500] {processor.py:830} INFO - Processing file /Users/alexkim/Desktop/Projects/ETL_Projects/redditviz/venv/lib/python3.12/site-packages/airflow/example_dags/example_subdag_operator.py for tasks to queue
[2024-07-28T14:35:08.403-0500] {logging_mixin.py:188} INFO - [2024-07-28T14:35:08.403-0500] {dagbag.py:545} INFO - Filling up the DagBag from /Users/alexkim/Desktop/Projects/ETL_Projects/redditviz/venv/lib/python3.12/site-packages/airflow/example_dags/example_subdag_operator.py
[2024-07-28T14:35:08.434-0500] {processor.py:840} INFO - DAG(s) 'example_subdag_operator.section-1', 'example_subdag_operator.section-2', 'example_subdag_operator' retrieved from /Users/alexkim/Desktop/Projects/ETL_Projects/redditviz/venv/lib/python3.12/site-packages/airflow/example_dags/example_subdag_operator.py
[2024-07-28T14:35:08.476-0500] {logging_mixin.py:188} INFO - [2024-07-28T14:35:08.476-0500] {override.py:1858} INFO - Created Permission View: can delete on DAG:example_subdag_operator
[2024-07-28T14:35:08.479-0500] {logging_mixin.py:188} INFO - [2024-07-28T14:35:08.479-0500] {override.py:1858} INFO - Created Permission View: can read on DAG:example_subdag_operator
[2024-07-28T14:35:08.481-0500] {logging_mixin.py:188} INFO - [2024-07-28T14:35:08.481-0500] {override.py:1858} INFO - Created Permission View: can edit on DAG:example_subdag_operator
[2024-07-28T14:35:08.481-0500] {logging_mixin.py:188} INFO - [2024-07-28T14:35:08.481-0500] {dag.py:3089} INFO - Sync 3 DAGs
[2024-07-28T14:35:08.485-0500] {logging_mixin.py:188} INFO - [2024-07-28T14:35:08.485-0500] {dag.py:3111} INFO - Creating ORM DAG for example_subdag_operator
[2024-07-28T14:35:08.485-0500] {logging_mixin.py:188} INFO - [2024-07-28T14:35:08.485-0500] {dag.py:3111} INFO - Creating ORM DAG for example_subdag_operator.section-2
[2024-07-28T14:35:08.485-0500] {logging_mixin.py:188} INFO - [2024-07-28T14:35:08.485-0500] {dag.py:3111} INFO - Creating ORM DAG for example_subdag_operator.section-1
[2024-07-28T14:35:08.487-0500] {logging_mixin.py:188} INFO - [2024-07-28T14:35:08.487-0500] {dag.py:3947} INFO - Setting next_dagrun for example_subdag_operator to 2022-01-01 00:00:00+00:00, run_after=2022-01-01 00:00:00+00:00
[2024-07-28T14:35:08.488-0500] {logging_mixin.py:188} INFO - [2024-07-28T14:35:08.488-0500] {dag.py:3947} INFO - Setting next_dagrun for example_subdag_operator.section-1 to None, run_after=None
[2024-07-28T14:35:08.488-0500] {logging_mixin.py:188} INFO - [2024-07-28T14:35:08.488-0500] {dag.py:3947} INFO - Setting next_dagrun for example_subdag_operator.section-2 to None, run_after=None
[2024-07-28T14:35:08.490-0500] {logging_mixin.py:188} INFO - [2024-07-28T14:35:08.490-0500] {dag.py:3089} INFO - Sync 2 DAGs
[2024-07-28T14:35:08.491-0500] {logging_mixin.py:188} INFO - [2024-07-28T14:35:08.491-0500] {dag.py:3947} INFO - Setting next_dagrun for example_subdag_operator.section-1 to None, run_after=None
[2024-07-28T14:35:08.492-0500] {logging_mixin.py:188} INFO - [2024-07-28T14:35:08.492-0500] {dag.py:3947} INFO - Setting next_dagrun for example_subdag_operator.section-2 to None, run_after=None
[2024-07-28T14:35:08.496-0500] {processor.py:183} INFO - Processing /Users/alexkim/Desktop/Projects/ETL_Projects/redditviz/venv/lib/python3.12/site-packages/airflow/example_dags/example_subdag_operator.py took 0.095 seconds
