[2024-07-28T14:00:57.202-0500] {processor.py:161} INFO - Started process (PID=33209) to work on /Users/alexkim/Desktop/Projects/ETL_Projects/redditviz/venv/lib/python3.12/site-packages/airflow/example_dags/example_datasets.py
[2024-07-28T14:00:57.202-0500] {processor.py:830} INFO - Processing file /Users/alexkim/Desktop/Projects/ETL_Projects/redditviz/venv/lib/python3.12/site-packages/airflow/example_dags/example_datasets.py for tasks to queue
[2024-07-28T14:00:57.203-0500] {logging_mixin.py:188} INFO - [2024-07-28T14:00:57.203-0500] {dagbag.py:545} INFO - Filling up the DagBag from /Users/alexkim/Desktop/Projects/ETL_Projects/redditviz/venv/lib/python3.12/site-packages/airflow/example_dags/example_datasets.py
[2024-07-28T14:00:57.226-0500] {processor.py:840} INFO - DAG(s) 'dataset_produces_2', 'conditional_dataset_and_time_based_timetable', 'consume_1_or_2_with_dataset_expressions', 'consume_1_or_both_2_and_3_with_dataset_expressions', 'dataset_consumes_1_never_scheduled', 'dataset_consumes_1_and_2', 'consume_1_and_2_with_dataset_expressions', 'dataset_produces_1', 'dataset_consumes_1', 'dataset_consumes_unknown_never_scheduled' retrieved from /Users/alexkim/Desktop/Projects/ETL_Projects/redditviz/venv/lib/python3.12/site-packages/airflow/example_dags/example_datasets.py
[2024-07-28T14:00:57.293-0500] {logging_mixin.py:188} INFO - [2024-07-28T14:00:57.293-0500] {override.py:1858} INFO - Created Permission View: can delete on DAG:dataset_produces_2
[2024-07-28T14:00:57.296-0500] {logging_mixin.py:188} INFO - [2024-07-28T14:00:57.296-0500] {override.py:1858} INFO - Created Permission View: can read on DAG:dataset_produces_2
[2024-07-28T14:00:57.298-0500] {logging_mixin.py:188} INFO - [2024-07-28T14:00:57.298-0500] {override.py:1858} INFO - Created Permission View: can edit on DAG:dataset_produces_2
[2024-07-28T14:00:57.302-0500] {logging_mixin.py:188} INFO - [2024-07-28T14:00:57.302-0500] {override.py:1858} INFO - Created Permission View: can delete on DAG:conditional_dataset_and_time_based_timetable
[2024-07-28T14:00:57.304-0500] {logging_mixin.py:188} INFO - [2024-07-28T14:00:57.304-0500] {override.py:1858} INFO - Created Permission View: can read on DAG:conditional_dataset_and_time_based_timetable
[2024-07-28T14:00:57.306-0500] {logging_mixin.py:188} INFO - [2024-07-28T14:00:57.306-0500] {override.py:1858} INFO - Created Permission View: can edit on DAG:conditional_dataset_and_time_based_timetable
[2024-07-28T14:00:57.310-0500] {logging_mixin.py:188} INFO - [2024-07-28T14:00:57.310-0500] {override.py:1858} INFO - Created Permission View: can delete on DAG:consume_1_or_2_with_dataset_expressions
[2024-07-28T14:00:57.311-0500] {logging_mixin.py:188} INFO - [2024-07-28T14:00:57.311-0500] {override.py:1858} INFO - Created Permission View: can read on DAG:consume_1_or_2_with_dataset_expressions
[2024-07-28T14:00:57.313-0500] {logging_mixin.py:188} INFO - [2024-07-28T14:00:57.313-0500] {override.py:1858} INFO - Created Permission View: can edit on DAG:consume_1_or_2_with_dataset_expressions
[2024-07-28T14:00:57.317-0500] {logging_mixin.py:188} INFO - [2024-07-28T14:00:57.317-0500] {override.py:1858} INFO - Created Permission View: can delete on DAG:consume_1_or_both_2_and_3_with_dataset_expressions
[2024-07-28T14:00:57.319-0500] {logging_mixin.py:188} INFO - [2024-07-28T14:00:57.318-0500] {override.py:1858} INFO - Created Permission View: can read on DAG:consume_1_or_both_2_and_3_with_dataset_expressions
[2024-07-28T14:00:57.320-0500] {logging_mixin.py:188} INFO - [2024-07-28T14:00:57.320-0500] {override.py:1858} INFO - Created Permission View: can edit on DAG:consume_1_or_both_2_and_3_with_dataset_expressions
[2024-07-28T14:00:57.323-0500] {logging_mixin.py:188} INFO - [2024-07-28T14:00:57.323-0500] {override.py:1858} INFO - Created Permission View: can delete on DAG:dataset_consumes_1_never_scheduled
[2024-07-28T14:00:57.325-0500] {logging_mixin.py:188} INFO - [2024-07-28T14:00:57.325-0500] {override.py:1858} INFO - Created Permission View: can read on DAG:dataset_consumes_1_never_scheduled
[2024-07-28T14:00:57.327-0500] {logging_mixin.py:188} INFO - [2024-07-28T14:00:57.327-0500] {override.py:1858} INFO - Created Permission View: can edit on DAG:dataset_consumes_1_never_scheduled
[2024-07-28T14:00:57.330-0500] {logging_mixin.py:188} INFO - [2024-07-28T14:00:57.330-0500] {override.py:1858} INFO - Created Permission View: can delete on DAG:dataset_consumes_1_and_2
[2024-07-28T14:00:57.332-0500] {logging_mixin.py:188} INFO - [2024-07-28T14:00:57.332-0500] {override.py:1858} INFO - Created Permission View: can read on DAG:dataset_consumes_1_and_2
[2024-07-28T14:00:57.333-0500] {logging_mixin.py:188} INFO - [2024-07-28T14:00:57.333-0500] {override.py:1858} INFO - Created Permission View: can edit on DAG:dataset_consumes_1_and_2
[2024-07-28T14:00:57.337-0500] {logging_mixin.py:188} INFO - [2024-07-28T14:00:57.337-0500] {override.py:1858} INFO - Created Permission View: can delete on DAG:consume_1_and_2_with_dataset_expressions
[2024-07-28T14:00:57.338-0500] {logging_mixin.py:188} INFO - [2024-07-28T14:00:57.338-0500] {override.py:1858} INFO - Created Permission View: can read on DAG:consume_1_and_2_with_dataset_expressions
[2024-07-28T14:00:57.340-0500] {logging_mixin.py:188} INFO - [2024-07-28T14:00:57.340-0500] {override.py:1858} INFO - Created Permission View: can edit on DAG:consume_1_and_2_with_dataset_expressions
[2024-07-28T14:00:57.343-0500] {logging_mixin.py:188} INFO - [2024-07-28T14:00:57.343-0500] {override.py:1858} INFO - Created Permission View: can delete on DAG:dataset_produces_1
[2024-07-28T14:00:57.345-0500] {logging_mixin.py:188} INFO - [2024-07-28T14:00:57.345-0500] {override.py:1858} INFO - Created Permission View: can read on DAG:dataset_produces_1
[2024-07-28T14:00:57.346-0500] {logging_mixin.py:188} INFO - [2024-07-28T14:00:57.346-0500] {override.py:1858} INFO - Created Permission View: can edit on DAG:dataset_produces_1
[2024-07-28T14:00:57.350-0500] {logging_mixin.py:188} INFO - [2024-07-28T14:00:57.350-0500] {override.py:1858} INFO - Created Permission View: can delete on DAG:dataset_consumes_1
[2024-07-28T14:00:57.351-0500] {logging_mixin.py:188} INFO - [2024-07-28T14:00:57.351-0500] {override.py:1858} INFO - Created Permission View: can read on DAG:dataset_consumes_1
[2024-07-28T14:00:57.353-0500] {logging_mixin.py:188} INFO - [2024-07-28T14:00:57.353-0500] {override.py:1858} INFO - Created Permission View: can edit on DAG:dataset_consumes_1
[2024-07-28T14:00:57.357-0500] {logging_mixin.py:188} INFO - [2024-07-28T14:00:57.356-0500] {override.py:1858} INFO - Created Permission View: can delete on DAG:dataset_consumes_unknown_never_scheduled
[2024-07-28T14:00:57.358-0500] {logging_mixin.py:188} INFO - [2024-07-28T14:00:57.358-0500] {override.py:1858} INFO - Created Permission View: can read on DAG:dataset_consumes_unknown_never_scheduled
[2024-07-28T14:00:57.360-0500] {logging_mixin.py:188} INFO - [2024-07-28T14:00:57.360-0500] {override.py:1858} INFO - Created Permission View: can edit on DAG:dataset_consumes_unknown_never_scheduled
[2024-07-28T14:00:57.360-0500] {logging_mixin.py:188} INFO - [2024-07-28T14:00:57.360-0500] {dag.py:3089} INFO - Sync 10 DAGs
[2024-07-28T14:00:57.364-0500] {logging_mixin.py:188} INFO - [2024-07-28T14:00:57.364-0500] {dag.py:3111} INFO - Creating ORM DAG for consume_1_or_2_with_dataset_expressions
[2024-07-28T14:00:57.364-0500] {logging_mixin.py:188} INFO - [2024-07-28T14:00:57.364-0500] {dag.py:3111} INFO - Creating ORM DAG for consume_1_and_2_with_dataset_expressions
[2024-07-28T14:00:57.364-0500] {logging_mixin.py:188} INFO - [2024-07-28T14:00:57.364-0500] {dag.py:3111} INFO - Creating ORM DAG for dataset_produces_1
[2024-07-28T14:00:57.364-0500] {logging_mixin.py:188} INFO - [2024-07-28T14:00:57.364-0500] {dag.py:3111} INFO - Creating ORM DAG for dataset_consumes_1
[2024-07-28T14:00:57.364-0500] {logging_mixin.py:188} INFO - [2024-07-28T14:00:57.364-0500] {dag.py:3111} INFO - Creating ORM DAG for dataset_consumes_unknown_never_scheduled
[2024-07-28T14:00:57.365-0500] {logging_mixin.py:188} INFO - [2024-07-28T14:00:57.364-0500] {dag.py:3111} INFO - Creating ORM DAG for conditional_dataset_and_time_based_timetable
[2024-07-28T14:00:57.365-0500] {logging_mixin.py:188} INFO - [2024-07-28T14:00:57.365-0500] {dag.py:3111} INFO - Creating ORM DAG for consume_1_or_both_2_and_3_with_dataset_expressions
[2024-07-28T14:00:57.365-0500] {logging_mixin.py:188} INFO - [2024-07-28T14:00:57.365-0500] {dag.py:3111} INFO - Creating ORM DAG for dataset_consumes_1_and_2
[2024-07-28T14:00:57.365-0500] {logging_mixin.py:188} INFO - [2024-07-28T14:00:57.365-0500] {dag.py:3111} INFO - Creating ORM DAG for dataset_produces_2
[2024-07-28T14:00:57.365-0500] {logging_mixin.py:188} INFO - [2024-07-28T14:00:57.365-0500] {dag.py:3111} INFO - Creating ORM DAG for dataset_consumes_1_never_scheduled
[2024-07-28T14:00:57.368-0500] {logging_mixin.py:188} INFO - [2024-07-28T14:00:57.368-0500] {dag.py:3947} INFO - Setting next_dagrun for conditional_dataset_and_time_based_timetable to 2024-07-24 01:00:00+00:00, run_after=2024-07-24 01:00:00+00:00
[2024-07-28T14:00:57.368-0500] {logging_mixin.py:188} INFO - [2024-07-28T14:00:57.368-0500] {dag.py:3947} INFO - Setting next_dagrun for consume_1_and_2_with_dataset_expressions to None, run_after=None
[2024-07-28T14:00:57.368-0500] {logging_mixin.py:188} INFO - [2024-07-28T14:00:57.368-0500] {dag.py:3947} INFO - Setting next_dagrun for consume_1_or_2_with_dataset_expressions to None, run_after=None
[2024-07-28T14:00:57.368-0500] {logging_mixin.py:188} INFO - [2024-07-28T14:00:57.368-0500] {dag.py:3947} INFO - Setting next_dagrun for consume_1_or_both_2_and_3_with_dataset_expressions to None, run_after=None
[2024-07-28T14:00:57.369-0500] {logging_mixin.py:188} INFO - [2024-07-28T14:00:57.369-0500] {dag.py:3947} INFO - Setting next_dagrun for dataset_consumes_1 to None, run_after=None
[2024-07-28T14:00:57.369-0500] {logging_mixin.py:188} INFO - [2024-07-28T14:00:57.369-0500] {dag.py:3947} INFO - Setting next_dagrun for dataset_consumes_1_and_2 to None, run_after=None
[2024-07-28T14:00:57.369-0500] {logging_mixin.py:188} INFO - [2024-07-28T14:00:57.369-0500] {dag.py:3947} INFO - Setting next_dagrun for dataset_consumes_1_never_scheduled to None, run_after=None
[2024-07-28T14:00:57.369-0500] {logging_mixin.py:188} INFO - [2024-07-28T14:00:57.369-0500] {dag.py:3947} INFO - Setting next_dagrun for dataset_consumes_unknown_never_scheduled to None, run_after=None
[2024-07-28T14:00:57.369-0500] {logging_mixin.py:188} INFO - [2024-07-28T14:00:57.369-0500] {dag.py:3947} INFO - Setting next_dagrun for dataset_produces_1 to 2024-07-27 00:00:00+00:00, run_after=2024-07-28 00:00:00+00:00
[2024-07-28T14:00:57.370-0500] {logging_mixin.py:188} INFO - [2024-07-28T14:00:57.370-0500] {dag.py:3947} INFO - Setting next_dagrun for dataset_produces_2 to None, run_after=None
[2024-07-28T14:00:57.382-0500] {processor.py:183} INFO - Processing /Users/alexkim/Desktop/Projects/ETL_Projects/redditviz/venv/lib/python3.12/site-packages/airflow/example_dags/example_datasets.py took 0.181 seconds
[2024-07-28T14:02:43.986-0500] {processor.py:161} INFO - Started process (PID=33315) to work on /Users/alexkim/Desktop/Projects/ETL_Projects/redditviz/venv/lib/python3.12/site-packages/airflow/example_dags/example_datasets.py
[2024-07-28T14:02:43.987-0500] {processor.py:830} INFO - Processing file /Users/alexkim/Desktop/Projects/ETL_Projects/redditviz/venv/lib/python3.12/site-packages/airflow/example_dags/example_datasets.py for tasks to queue
[2024-07-28T14:02:43.987-0500] {logging_mixin.py:188} INFO - [2024-07-28T14:02:43.987-0500] {dagbag.py:545} INFO - Filling up the DagBag from /Users/alexkim/Desktop/Projects/ETL_Projects/redditviz/venv/lib/python3.12/site-packages/airflow/example_dags/example_datasets.py
[2024-07-28T14:02:44.008-0500] {processor.py:840} INFO - DAG(s) 'dataset_consumes_1_never_scheduled', 'dataset_consumes_unknown_never_scheduled', 'dataset_produces_2', 'consume_1_or_both_2_and_3_with_dataset_expressions', 'dataset_consumes_1', 'conditional_dataset_and_time_based_timetable', 'dataset_produces_1', 'dataset_consumes_1_and_2', 'consume_1_and_2_with_dataset_expressions', 'consume_1_or_2_with_dataset_expressions' retrieved from /Users/alexkim/Desktop/Projects/ETL_Projects/redditviz/venv/lib/python3.12/site-packages/airflow/example_dags/example_datasets.py
[2024-07-28T14:02:44.046-0500] {logging_mixin.py:188} INFO - [2024-07-28T14:02:44.046-0500] {dag.py:3089} INFO - Sync 10 DAGs
[2024-07-28T14:02:44.052-0500] {logging_mixin.py:188} INFO - [2024-07-28T14:02:44.052-0500] {dag.py:3947} INFO - Setting next_dagrun for conditional_dataset_and_time_based_timetable to 2024-07-24 01:00:00+00:00, run_after=2024-07-24 01:00:00+00:00
[2024-07-28T14:02:44.053-0500] {logging_mixin.py:188} INFO - [2024-07-28T14:02:44.053-0500] {dag.py:3947} INFO - Setting next_dagrun for consume_1_and_2_with_dataset_expressions to None, run_after=None
[2024-07-28T14:02:44.054-0500] {logging_mixin.py:188} INFO - [2024-07-28T14:02:44.053-0500] {dag.py:3947} INFO - Setting next_dagrun for consume_1_or_2_with_dataset_expressions to None, run_after=None
[2024-07-28T14:02:44.054-0500] {logging_mixin.py:188} INFO - [2024-07-28T14:02:44.054-0500] {dag.py:3947} INFO - Setting next_dagrun for consume_1_or_both_2_and_3_with_dataset_expressions to None, run_after=None
[2024-07-28T14:02:44.054-0500] {logging_mixin.py:188} INFO - [2024-07-28T14:02:44.054-0500] {dag.py:3947} INFO - Setting next_dagrun for dataset_consumes_1 to None, run_after=None
[2024-07-28T14:02:44.054-0500] {logging_mixin.py:188} INFO - [2024-07-28T14:02:44.054-0500] {dag.py:3947} INFO - Setting next_dagrun for dataset_consumes_1_and_2 to None, run_after=None
[2024-07-28T14:02:44.054-0500] {logging_mixin.py:188} INFO - [2024-07-28T14:02:44.054-0500] {dag.py:3947} INFO - Setting next_dagrun for dataset_consumes_1_never_scheduled to None, run_after=None
[2024-07-28T14:02:44.055-0500] {logging_mixin.py:188} INFO - [2024-07-28T14:02:44.055-0500] {dag.py:3947} INFO - Setting next_dagrun for dataset_consumes_unknown_never_scheduled to None, run_after=None
[2024-07-28T14:02:44.055-0500] {logging_mixin.py:188} INFO - [2024-07-28T14:02:44.055-0500] {dag.py:3947} INFO - Setting next_dagrun for dataset_produces_1 to 2024-07-27 00:00:00+00:00, run_after=2024-07-28 00:00:00+00:00
[2024-07-28T14:02:44.055-0500] {logging_mixin.py:188} INFO - [2024-07-28T14:02:44.055-0500] {dag.py:3947} INFO - Setting next_dagrun for dataset_produces_2 to None, run_after=None
[2024-07-28T14:02:44.064-0500] {processor.py:183} INFO - Processing /Users/alexkim/Desktop/Projects/ETL_Projects/redditviz/venv/lib/python3.12/site-packages/airflow/example_dags/example_datasets.py took 0.078 seconds
[2024-07-28T14:04:22.543-0500] {processor.py:161} INFO - Started process (PID=33409) to work on /Users/alexkim/Desktop/Projects/ETL_Projects/redditviz/venv/lib/python3.12/site-packages/airflow/example_dags/example_datasets.py
[2024-07-28T14:04:22.544-0500] {processor.py:830} INFO - Processing file /Users/alexkim/Desktop/Projects/ETL_Projects/redditviz/venv/lib/python3.12/site-packages/airflow/example_dags/example_datasets.py for tasks to queue
[2024-07-28T14:04:22.544-0500] {logging_mixin.py:188} INFO - [2024-07-28T14:04:22.544-0500] {dagbag.py:545} INFO - Filling up the DagBag from /Users/alexkim/Desktop/Projects/ETL_Projects/redditviz/venv/lib/python3.12/site-packages/airflow/example_dags/example_datasets.py
[2024-07-28T14:04:22.566-0500] {processor.py:840} INFO - DAG(s) 'consume_1_or_2_with_dataset_expressions', 'dataset_produces_1', 'dataset_consumes_unknown_never_scheduled', 'dataset_consumes_1_and_2', 'dataset_consumes_1_never_scheduled', 'dataset_consumes_1', 'consume_1_and_2_with_dataset_expressions', 'consume_1_or_both_2_and_3_with_dataset_expressions', 'dataset_produces_2', 'conditional_dataset_and_time_based_timetable' retrieved from /Users/alexkim/Desktop/Projects/ETL_Projects/redditviz/venv/lib/python3.12/site-packages/airflow/example_dags/example_datasets.py
[2024-07-28T14:04:22.604-0500] {logging_mixin.py:188} INFO - [2024-07-28T14:04:22.604-0500] {dag.py:3089} INFO - Sync 10 DAGs
[2024-07-28T14:04:22.610-0500] {logging_mixin.py:188} INFO - [2024-07-28T14:04:22.610-0500] {dag.py:3947} INFO - Setting next_dagrun for conditional_dataset_and_time_based_timetable to 2024-07-24 01:00:00+00:00, run_after=2024-07-24 01:00:00+00:00
[2024-07-28T14:04:22.612-0500] {logging_mixin.py:188} INFO - [2024-07-28T14:04:22.612-0500] {dag.py:3947} INFO - Setting next_dagrun for consume_1_and_2_with_dataset_expressions to None, run_after=None
[2024-07-28T14:04:22.612-0500] {logging_mixin.py:188} INFO - [2024-07-28T14:04:22.612-0500] {dag.py:3947} INFO - Setting next_dagrun for consume_1_or_2_with_dataset_expressions to None, run_after=None
[2024-07-28T14:04:22.613-0500] {logging_mixin.py:188} INFO - [2024-07-28T14:04:22.613-0500] {dag.py:3947} INFO - Setting next_dagrun for consume_1_or_both_2_and_3_with_dataset_expressions to None, run_after=None
[2024-07-28T14:04:22.613-0500] {logging_mixin.py:188} INFO - [2024-07-28T14:04:22.613-0500] {dag.py:3947} INFO - Setting next_dagrun for dataset_consumes_1 to None, run_after=None
[2024-07-28T14:04:22.613-0500] {logging_mixin.py:188} INFO - [2024-07-28T14:04:22.613-0500] {dag.py:3947} INFO - Setting next_dagrun for dataset_consumes_1_and_2 to None, run_after=None
[2024-07-28T14:04:22.613-0500] {logging_mixin.py:188} INFO - [2024-07-28T14:04:22.613-0500] {dag.py:3947} INFO - Setting next_dagrun for dataset_consumes_1_never_scheduled to None, run_after=None
[2024-07-28T14:04:22.613-0500] {logging_mixin.py:188} INFO - [2024-07-28T14:04:22.613-0500] {dag.py:3947} INFO - Setting next_dagrun for dataset_consumes_unknown_never_scheduled to None, run_after=None
[2024-07-28T14:04:22.614-0500] {logging_mixin.py:188} INFO - [2024-07-28T14:04:22.614-0500] {dag.py:3947} INFO - Setting next_dagrun for dataset_produces_1 to 2024-07-27 00:00:00+00:00, run_after=2024-07-28 00:00:00+00:00
[2024-07-28T14:04:22.614-0500] {logging_mixin.py:188} INFO - [2024-07-28T14:04:22.614-0500] {dag.py:3947} INFO - Setting next_dagrun for dataset_produces_2 to None, run_after=None
[2024-07-28T14:04:22.622-0500] {processor.py:183} INFO - Processing /Users/alexkim/Desktop/Projects/ETL_Projects/redditviz/venv/lib/python3.12/site-packages/airflow/example_dags/example_datasets.py took 0.080 seconds
[2024-07-28T14:06:14.220-0500] {processor.py:161} INFO - Started process (PID=33576) to work on /Users/alexkim/Desktop/Projects/ETL_Projects/redditviz/venv/lib/python3.12/site-packages/airflow/example_dags/example_datasets.py
[2024-07-28T14:06:14.221-0500] {processor.py:830} INFO - Processing file /Users/alexkim/Desktop/Projects/ETL_Projects/redditviz/venv/lib/python3.12/site-packages/airflow/example_dags/example_datasets.py for tasks to queue
[2024-07-28T14:06:14.221-0500] {logging_mixin.py:188} INFO - [2024-07-28T14:06:14.221-0500] {dagbag.py:545} INFO - Filling up the DagBag from /Users/alexkim/Desktop/Projects/ETL_Projects/redditviz/venv/lib/python3.12/site-packages/airflow/example_dags/example_datasets.py
[2024-07-28T14:06:14.243-0500] {processor.py:840} INFO - DAG(s) 'consume_1_and_2_with_dataset_expressions', 'consume_1_or_2_with_dataset_expressions', 'dataset_consumes_1_and_2', 'dataset_consumes_1_never_scheduled', 'dataset_consumes_1', 'dataset_consumes_unknown_never_scheduled', 'dataset_produces_2', 'conditional_dataset_and_time_based_timetable', 'consume_1_or_both_2_and_3_with_dataset_expressions', 'dataset_produces_1' retrieved from /Users/alexkim/Desktop/Projects/ETL_Projects/redditviz/venv/lib/python3.12/site-packages/airflow/example_dags/example_datasets.py
[2024-07-28T14:06:14.294-0500] {logging_mixin.py:188} INFO - [2024-07-28T14:06:14.294-0500] {dag.py:3089} INFO - Sync 10 DAGs
[2024-07-28T14:06:14.300-0500] {logging_mixin.py:188} INFO - [2024-07-28T14:06:14.300-0500] {dag.py:3947} INFO - Setting next_dagrun for conditional_dataset_and_time_based_timetable to 2024-07-24 01:00:00+00:00, run_after=2024-07-24 01:00:00+00:00
[2024-07-28T14:06:14.301-0500] {logging_mixin.py:188} INFO - [2024-07-28T14:06:14.301-0500] {dag.py:3947} INFO - Setting next_dagrun for consume_1_and_2_with_dataset_expressions to None, run_after=None
[2024-07-28T14:06:14.301-0500] {logging_mixin.py:188} INFO - [2024-07-28T14:06:14.301-0500] {dag.py:3947} INFO - Setting next_dagrun for consume_1_or_2_with_dataset_expressions to None, run_after=None
[2024-07-28T14:06:14.302-0500] {logging_mixin.py:188} INFO - [2024-07-28T14:06:14.302-0500] {dag.py:3947} INFO - Setting next_dagrun for consume_1_or_both_2_and_3_with_dataset_expressions to None, run_after=None
[2024-07-28T14:06:14.302-0500] {logging_mixin.py:188} INFO - [2024-07-28T14:06:14.302-0500] {dag.py:3947} INFO - Setting next_dagrun for dataset_consumes_1 to None, run_after=None
[2024-07-28T14:06:14.302-0500] {logging_mixin.py:188} INFO - [2024-07-28T14:06:14.302-0500] {dag.py:3947} INFO - Setting next_dagrun for dataset_consumes_1_and_2 to None, run_after=None
[2024-07-28T14:06:14.302-0500] {logging_mixin.py:188} INFO - [2024-07-28T14:06:14.302-0500] {dag.py:3947} INFO - Setting next_dagrun for dataset_consumes_1_never_scheduled to None, run_after=None
[2024-07-28T14:06:14.303-0500] {logging_mixin.py:188} INFO - [2024-07-28T14:06:14.303-0500] {dag.py:3947} INFO - Setting next_dagrun for dataset_consumes_unknown_never_scheduled to None, run_after=None
[2024-07-28T14:06:14.303-0500] {logging_mixin.py:188} INFO - [2024-07-28T14:06:14.303-0500] {dag.py:3947} INFO - Setting next_dagrun for dataset_produces_1 to 2024-07-27 00:00:00+00:00, run_after=2024-07-28 00:00:00+00:00
[2024-07-28T14:06:14.303-0500] {logging_mixin.py:188} INFO - [2024-07-28T14:06:14.303-0500] {dag.py:3947} INFO - Setting next_dagrun for dataset_produces_2 to None, run_after=None
[2024-07-28T14:06:14.312-0500] {processor.py:183} INFO - Processing /Users/alexkim/Desktop/Projects/ETL_Projects/redditviz/venv/lib/python3.12/site-packages/airflow/example_dags/example_datasets.py took 0.093 seconds
[2024-07-28T14:08:16.662-0500] {processor.py:161} INFO - Started process (PID=33718) to work on /Users/alexkim/Desktop/Projects/ETL_Projects/redditviz/venv/lib/python3.12/site-packages/airflow/example_dags/example_datasets.py
[2024-07-28T14:08:16.662-0500] {processor.py:830} INFO - Processing file /Users/alexkim/Desktop/Projects/ETL_Projects/redditviz/venv/lib/python3.12/site-packages/airflow/example_dags/example_datasets.py for tasks to queue
[2024-07-28T14:08:16.663-0500] {logging_mixin.py:188} INFO - [2024-07-28T14:08:16.662-0500] {dagbag.py:545} INFO - Filling up the DagBag from /Users/alexkim/Desktop/Projects/ETL_Projects/redditviz/venv/lib/python3.12/site-packages/airflow/example_dags/example_datasets.py
[2024-07-28T14:08:16.683-0500] {processor.py:840} INFO - DAG(s) 'consume_1_and_2_with_dataset_expressions', 'consume_1_or_2_with_dataset_expressions', 'dataset_produces_1', 'conditional_dataset_and_time_based_timetable', 'dataset_consumes_unknown_never_scheduled', 'consume_1_or_both_2_and_3_with_dataset_expressions', 'dataset_produces_2', 'dataset_consumes_1_and_2', 'dataset_consumes_1_never_scheduled', 'dataset_consumes_1' retrieved from /Users/alexkim/Desktop/Projects/ETL_Projects/redditviz/venv/lib/python3.12/site-packages/airflow/example_dags/example_datasets.py
[2024-07-28T14:08:16.720-0500] {logging_mixin.py:188} INFO - [2024-07-28T14:08:16.720-0500] {dag.py:3089} INFO - Sync 10 DAGs
[2024-07-28T14:08:16.725-0500] {logging_mixin.py:188} INFO - [2024-07-28T14:08:16.725-0500] {dag.py:3947} INFO - Setting next_dagrun for conditional_dataset_and_time_based_timetable to 2024-07-24 01:00:00+00:00, run_after=2024-07-24 01:00:00+00:00
[2024-07-28T14:08:16.726-0500] {logging_mixin.py:188} INFO - [2024-07-28T14:08:16.726-0500] {dag.py:3947} INFO - Setting next_dagrun for consume_1_and_2_with_dataset_expressions to None, run_after=None
[2024-07-28T14:08:16.727-0500] {logging_mixin.py:188} INFO - [2024-07-28T14:08:16.727-0500] {dag.py:3947} INFO - Setting next_dagrun for consume_1_or_2_with_dataset_expressions to None, run_after=None
[2024-07-28T14:08:16.727-0500] {logging_mixin.py:188} INFO - [2024-07-28T14:08:16.727-0500] {dag.py:3947} INFO - Setting next_dagrun for consume_1_or_both_2_and_3_with_dataset_expressions to None, run_after=None
[2024-07-28T14:08:16.727-0500] {logging_mixin.py:188} INFO - [2024-07-28T14:08:16.727-0500] {dag.py:3947} INFO - Setting next_dagrun for dataset_consumes_1 to None, run_after=None
[2024-07-28T14:08:16.727-0500] {logging_mixin.py:188} INFO - [2024-07-28T14:08:16.727-0500] {dag.py:3947} INFO - Setting next_dagrun for dataset_consumes_1_and_2 to None, run_after=None
[2024-07-28T14:08:16.728-0500] {logging_mixin.py:188} INFO - [2024-07-28T14:08:16.728-0500] {dag.py:3947} INFO - Setting next_dagrun for dataset_consumes_1_never_scheduled to None, run_after=None
[2024-07-28T14:08:16.728-0500] {logging_mixin.py:188} INFO - [2024-07-28T14:08:16.728-0500] {dag.py:3947} INFO - Setting next_dagrun for dataset_consumes_unknown_never_scheduled to None, run_after=None
[2024-07-28T14:08:16.728-0500] {logging_mixin.py:188} INFO - [2024-07-28T14:08:16.728-0500] {dag.py:3947} INFO - Setting next_dagrun for dataset_produces_1 to 2024-07-27 00:00:00+00:00, run_after=2024-07-28 00:00:00+00:00
[2024-07-28T14:08:16.729-0500] {logging_mixin.py:188} INFO - [2024-07-28T14:08:16.729-0500] {dag.py:3947} INFO - Setting next_dagrun for dataset_produces_2 to None, run_after=None
[2024-07-28T14:08:16.737-0500] {processor.py:183} INFO - Processing /Users/alexkim/Desktop/Projects/ETL_Projects/redditviz/venv/lib/python3.12/site-packages/airflow/example_dags/example_datasets.py took 0.076 seconds
[2024-07-28T14:10:08.908-0500] {processor.py:161} INFO - Started process (PID=33853) to work on /Users/alexkim/Desktop/Projects/ETL_Projects/redditviz/venv/lib/python3.12/site-packages/airflow/example_dags/example_datasets.py
[2024-07-28T14:10:08.908-0500] {processor.py:830} INFO - Processing file /Users/alexkim/Desktop/Projects/ETL_Projects/redditviz/venv/lib/python3.12/site-packages/airflow/example_dags/example_datasets.py for tasks to queue
[2024-07-28T14:10:08.908-0500] {logging_mixin.py:188} INFO - [2024-07-28T14:10:08.908-0500] {dagbag.py:545} INFO - Filling up the DagBag from /Users/alexkim/Desktop/Projects/ETL_Projects/redditviz/venv/lib/python3.12/site-packages/airflow/example_dags/example_datasets.py
[2024-07-28T14:10:08.930-0500] {processor.py:840} INFO - DAG(s) 'conditional_dataset_and_time_based_timetable', 'consume_1_or_2_with_dataset_expressions', 'dataset_produces_1', 'dataset_consumes_unknown_never_scheduled', 'dataset_consumes_1_never_scheduled', 'dataset_produces_2', 'dataset_consumes_1_and_2', 'consume_1_or_both_2_and_3_with_dataset_expressions', 'consume_1_and_2_with_dataset_expressions', 'dataset_consumes_1' retrieved from /Users/alexkim/Desktop/Projects/ETL_Projects/redditviz/venv/lib/python3.12/site-packages/airflow/example_dags/example_datasets.py
[2024-07-28T14:10:08.966-0500] {logging_mixin.py:188} INFO - [2024-07-28T14:10:08.966-0500] {dag.py:3089} INFO - Sync 10 DAGs
[2024-07-28T14:10:08.972-0500] {logging_mixin.py:188} INFO - [2024-07-28T14:10:08.972-0500] {dag.py:3947} INFO - Setting next_dagrun for conditional_dataset_and_time_based_timetable to 2024-07-24 01:00:00+00:00, run_after=2024-07-24 01:00:00+00:00
[2024-07-28T14:10:08.975-0500] {logging_mixin.py:188} INFO - [2024-07-28T14:10:08.975-0500] {dag.py:3947} INFO - Setting next_dagrun for consume_1_and_2_with_dataset_expressions to None, run_after=None
[2024-07-28T14:10:08.976-0500] {logging_mixin.py:188} INFO - [2024-07-28T14:10:08.975-0500] {dag.py:3947} INFO - Setting next_dagrun for consume_1_or_2_with_dataset_expressions to None, run_after=None
[2024-07-28T14:10:08.976-0500] {logging_mixin.py:188} INFO - [2024-07-28T14:10:08.976-0500] {dag.py:3947} INFO - Setting next_dagrun for consume_1_or_both_2_and_3_with_dataset_expressions to None, run_after=None
[2024-07-28T14:10:08.976-0500] {logging_mixin.py:188} INFO - [2024-07-28T14:10:08.976-0500] {dag.py:3947} INFO - Setting next_dagrun for dataset_consumes_1 to None, run_after=None
[2024-07-28T14:10:08.976-0500] {logging_mixin.py:188} INFO - [2024-07-28T14:10:08.976-0500] {dag.py:3947} INFO - Setting next_dagrun for dataset_consumes_1_and_2 to None, run_after=None
[2024-07-28T14:10:08.976-0500] {logging_mixin.py:188} INFO - [2024-07-28T14:10:08.976-0500] {dag.py:3947} INFO - Setting next_dagrun for dataset_consumes_1_never_scheduled to None, run_after=None
[2024-07-28T14:10:08.977-0500] {logging_mixin.py:188} INFO - [2024-07-28T14:10:08.977-0500] {dag.py:3947} INFO - Setting next_dagrun for dataset_consumes_unknown_never_scheduled to None, run_after=None
[2024-07-28T14:10:08.977-0500] {logging_mixin.py:188} INFO - [2024-07-28T14:10:08.977-0500] {dag.py:3947} INFO - Setting next_dagrun for dataset_produces_1 to 2024-07-27 00:00:00+00:00, run_after=2024-07-28 00:00:00+00:00
[2024-07-28T14:10:08.977-0500] {logging_mixin.py:188} INFO - [2024-07-28T14:10:08.977-0500] {dag.py:3947} INFO - Setting next_dagrun for dataset_produces_2 to None, run_after=None
[2024-07-28T14:10:08.985-0500] {processor.py:183} INFO - Processing /Users/alexkim/Desktop/Projects/ETL_Projects/redditviz/venv/lib/python3.12/site-packages/airflow/example_dags/example_datasets.py took 0.079 seconds
[2024-07-28T14:12:09.612-0500] {processor.py:161} INFO - Started process (PID=33967) to work on /Users/alexkim/Desktop/Projects/ETL_Projects/redditviz/venv/lib/python3.12/site-packages/airflow/example_dags/example_datasets.py
[2024-07-28T14:12:09.612-0500] {processor.py:830} INFO - Processing file /Users/alexkim/Desktop/Projects/ETL_Projects/redditviz/venv/lib/python3.12/site-packages/airflow/example_dags/example_datasets.py for tasks to queue
[2024-07-28T14:12:09.613-0500] {logging_mixin.py:188} INFO - [2024-07-28T14:12:09.612-0500] {dagbag.py:545} INFO - Filling up the DagBag from /Users/alexkim/Desktop/Projects/ETL_Projects/redditviz/venv/lib/python3.12/site-packages/airflow/example_dags/example_datasets.py
[2024-07-28T14:12:09.634-0500] {processor.py:840} INFO - DAG(s) 'dataset_consumes_1_and_2', 'conditional_dataset_and_time_based_timetable', 'consume_1_or_both_2_and_3_with_dataset_expressions', 'dataset_consumes_1_never_scheduled', 'consume_1_or_2_with_dataset_expressions', 'dataset_consumes_unknown_never_scheduled', 'dataset_produces_2', 'dataset_produces_1', 'consume_1_and_2_with_dataset_expressions', 'dataset_consumes_1' retrieved from /Users/alexkim/Desktop/Projects/ETL_Projects/redditviz/venv/lib/python3.12/site-packages/airflow/example_dags/example_datasets.py
[2024-07-28T14:12:09.670-0500] {logging_mixin.py:188} INFO - [2024-07-28T14:12:09.670-0500] {dag.py:3089} INFO - Sync 10 DAGs
[2024-07-28T14:12:09.676-0500] {logging_mixin.py:188} INFO - [2024-07-28T14:12:09.676-0500] {dag.py:3947} INFO - Setting next_dagrun for conditional_dataset_and_time_based_timetable to 2024-07-24 01:00:00+00:00, run_after=2024-07-24 01:00:00+00:00
[2024-07-28T14:12:09.677-0500] {logging_mixin.py:188} INFO - [2024-07-28T14:12:09.677-0500] {dag.py:3947} INFO - Setting next_dagrun for consume_1_and_2_with_dataset_expressions to None, run_after=None
[2024-07-28T14:12:09.677-0500] {logging_mixin.py:188} INFO - [2024-07-28T14:12:09.677-0500] {dag.py:3947} INFO - Setting next_dagrun for consume_1_or_2_with_dataset_expressions to None, run_after=None
[2024-07-28T14:12:09.678-0500] {logging_mixin.py:188} INFO - [2024-07-28T14:12:09.678-0500] {dag.py:3947} INFO - Setting next_dagrun for consume_1_or_both_2_and_3_with_dataset_expressions to None, run_after=None
[2024-07-28T14:12:09.678-0500] {logging_mixin.py:188} INFO - [2024-07-28T14:12:09.678-0500] {dag.py:3947} INFO - Setting next_dagrun for dataset_consumes_1 to None, run_after=None
[2024-07-28T14:12:09.678-0500] {logging_mixin.py:188} INFO - [2024-07-28T14:12:09.678-0500] {dag.py:3947} INFO - Setting next_dagrun for dataset_consumes_1_and_2 to None, run_after=None
[2024-07-28T14:12:09.678-0500] {logging_mixin.py:188} INFO - [2024-07-28T14:12:09.678-0500] {dag.py:3947} INFO - Setting next_dagrun for dataset_consumes_1_never_scheduled to None, run_after=None
[2024-07-28T14:12:09.678-0500] {logging_mixin.py:188} INFO - [2024-07-28T14:12:09.678-0500] {dag.py:3947} INFO - Setting next_dagrun for dataset_consumes_unknown_never_scheduled to None, run_after=None
[2024-07-28T14:12:09.679-0500] {logging_mixin.py:188} INFO - [2024-07-28T14:12:09.679-0500] {dag.py:3947} INFO - Setting next_dagrun for dataset_produces_1 to 2024-07-27 00:00:00+00:00, run_after=2024-07-28 00:00:00+00:00
[2024-07-28T14:12:09.679-0500] {logging_mixin.py:188} INFO - [2024-07-28T14:12:09.679-0500] {dag.py:3947} INFO - Setting next_dagrun for dataset_produces_2 to None, run_after=None
[2024-07-28T14:12:09.687-0500] {processor.py:183} INFO - Processing /Users/alexkim/Desktop/Projects/ETL_Projects/redditviz/venv/lib/python3.12/site-packages/airflow/example_dags/example_datasets.py took 0.076 seconds
[2024-07-28T14:14:10.938-0500] {processor.py:161} INFO - Started process (PID=34114) to work on /Users/alexkim/Desktop/Projects/ETL_Projects/redditviz/venv/lib/python3.12/site-packages/airflow/example_dags/example_datasets.py
[2024-07-28T14:14:10.939-0500] {processor.py:830} INFO - Processing file /Users/alexkim/Desktop/Projects/ETL_Projects/redditviz/venv/lib/python3.12/site-packages/airflow/example_dags/example_datasets.py for tasks to queue
[2024-07-28T14:14:10.939-0500] {logging_mixin.py:188} INFO - [2024-07-28T14:14:10.939-0500] {dagbag.py:545} INFO - Filling up the DagBag from /Users/alexkim/Desktop/Projects/ETL_Projects/redditviz/venv/lib/python3.12/site-packages/airflow/example_dags/example_datasets.py
[2024-07-28T14:14:10.964-0500] {processor.py:840} INFO - DAG(s) 'dataset_produces_1', 'conditional_dataset_and_time_based_timetable', 'dataset_consumes_unknown_never_scheduled', 'dataset_produces_2', 'consume_1_or_2_with_dataset_expressions', 'dataset_consumes_1', 'dataset_consumes_1_never_scheduled', 'consume_1_or_both_2_and_3_with_dataset_expressions', 'consume_1_and_2_with_dataset_expressions', 'dataset_consumes_1_and_2' retrieved from /Users/alexkim/Desktop/Projects/ETL_Projects/redditviz/venv/lib/python3.12/site-packages/airflow/example_dags/example_datasets.py
[2024-07-28T14:14:11.006-0500] {logging_mixin.py:188} INFO - [2024-07-28T14:14:11.006-0500] {dag.py:3089} INFO - Sync 10 DAGs
[2024-07-28T14:14:11.013-0500] {logging_mixin.py:188} INFO - [2024-07-28T14:14:11.013-0500] {dag.py:3947} INFO - Setting next_dagrun for conditional_dataset_and_time_based_timetable to 2024-07-24 01:00:00+00:00, run_after=2024-07-24 01:00:00+00:00
[2024-07-28T14:14:11.014-0500] {logging_mixin.py:188} INFO - [2024-07-28T14:14:11.014-0500] {dag.py:3947} INFO - Setting next_dagrun for consume_1_and_2_with_dataset_expressions to None, run_after=None
[2024-07-28T14:14:11.014-0500] {logging_mixin.py:188} INFO - [2024-07-28T14:14:11.014-0500] {dag.py:3947} INFO - Setting next_dagrun for consume_1_or_2_with_dataset_expressions to None, run_after=None
[2024-07-28T14:14:11.015-0500] {logging_mixin.py:188} INFO - [2024-07-28T14:14:11.015-0500] {dag.py:3947} INFO - Setting next_dagrun for consume_1_or_both_2_and_3_with_dataset_expressions to None, run_after=None
[2024-07-28T14:14:11.015-0500] {logging_mixin.py:188} INFO - [2024-07-28T14:14:11.015-0500] {dag.py:3947} INFO - Setting next_dagrun for dataset_consumes_1 to None, run_after=None
[2024-07-28T14:14:11.015-0500] {logging_mixin.py:188} INFO - [2024-07-28T14:14:11.015-0500] {dag.py:3947} INFO - Setting next_dagrun for dataset_consumes_1_and_2 to None, run_after=None
[2024-07-28T14:14:11.016-0500] {logging_mixin.py:188} INFO - [2024-07-28T14:14:11.015-0500] {dag.py:3947} INFO - Setting next_dagrun for dataset_consumes_1_never_scheduled to None, run_after=None
[2024-07-28T14:14:11.016-0500] {logging_mixin.py:188} INFO - [2024-07-28T14:14:11.016-0500] {dag.py:3947} INFO - Setting next_dagrun for dataset_consumes_unknown_never_scheduled to None, run_after=None
[2024-07-28T14:14:11.016-0500] {logging_mixin.py:188} INFO - [2024-07-28T14:14:11.016-0500] {dag.py:3947} INFO - Setting next_dagrun for dataset_produces_1 to 2024-07-27 00:00:00+00:00, run_after=2024-07-28 00:00:00+00:00
[2024-07-28T14:14:11.017-0500] {logging_mixin.py:188} INFO - [2024-07-28T14:14:11.017-0500] {dag.py:3947} INFO - Setting next_dagrun for dataset_produces_2 to None, run_after=None
[2024-07-28T14:14:11.026-0500] {processor.py:183} INFO - Processing /Users/alexkim/Desktop/Projects/ETL_Projects/redditviz/venv/lib/python3.12/site-packages/airflow/example_dags/example_datasets.py took 0.089 seconds
