[2024-07-28T14:00:18.649-0500] {processor.py:161} INFO - Started process (PID=33177) to work on /Users/alexkim/Desktop/Projects/ETL_Projects/redditviz/venv/lib/python3.12/site-packages/airflow/example_dags/example_sla_dag.py
[2024-07-28T14:00:18.649-0500] {processor.py:830} INFO - Processing file /Users/alexkim/Desktop/Projects/ETL_Projects/redditviz/venv/lib/python3.12/site-packages/airflow/example_dags/example_sla_dag.py for tasks to queue
[2024-07-28T14:00:18.650-0500] {logging_mixin.py:188} INFO - [2024-07-28T14:00:18.650-0500] {dagbag.py:545} INFO - Filling up the DagBag from /Users/alexkim/Desktop/Projects/ETL_Projects/redditviz/venv/lib/python3.12/site-packages/airflow/example_dags/example_sla_dag.py
[2024-07-28T14:00:18.662-0500] {processor.py:840} INFO - DAG(s) 'example_sla_dag' retrieved from /Users/alexkim/Desktop/Projects/ETL_Projects/redditviz/venv/lib/python3.12/site-packages/airflow/example_dags/example_sla_dag.py
[2024-07-28T14:00:18.720-0500] {logging_mixin.py:188} INFO - [2024-07-28T14:00:18.720-0500] {override.py:1858} INFO - Created Permission View: can edit on DAG:example_sla_dag
[2024-07-28T14:00:18.723-0500] {logging_mixin.py:188} INFO - [2024-07-28T14:00:18.723-0500] {override.py:1858} INFO - Created Permission View: can read on DAG:example_sla_dag
[2024-07-28T14:00:18.727-0500] {logging_mixin.py:188} INFO - [2024-07-28T14:00:18.726-0500] {override.py:1858} INFO - Created Permission View: can delete on DAG:example_sla_dag
[2024-07-28T14:00:18.727-0500] {logging_mixin.py:188} INFO - [2024-07-28T14:00:18.727-0500] {dag.py:3089} INFO - Sync 1 DAGs
[2024-07-28T14:00:18.731-0500] {logging_mixin.py:188} INFO - [2024-07-28T14:00:18.730-0500] {dag.py:3111} INFO - Creating ORM DAG for example_sla_dag
[2024-07-28T14:00:18.736-0500] {logging_mixin.py:188} INFO - [2024-07-28T14:00:18.736-0500] {dag.py:3947} INFO - Setting next_dagrun for example_sla_dag to 2024-07-28 18:58:00+00:00, run_after=2024-07-28 19:00:00+00:00
[2024-07-28T14:00:18.742-0500] {processor.py:183} INFO - Processing /Users/alexkim/Desktop/Projects/ETL_Projects/redditviz/venv/lib/python3.12/site-packages/airflow/example_dags/example_sla_dag.py took 0.093 seconds
[2024-07-28T14:01:49.324-0500] {processor.py:161} INFO - Started process (PID=33264) to work on /Users/alexkim/Desktop/Projects/ETL_Projects/redditviz/venv/lib/python3.12/site-packages/airflow/example_dags/example_sla_dag.py
[2024-07-28T14:01:49.325-0500] {processor.py:830} INFO - Processing file /Users/alexkim/Desktop/Projects/ETL_Projects/redditviz/venv/lib/python3.12/site-packages/airflow/example_dags/example_sla_dag.py for tasks to queue
[2024-07-28T14:01:49.325-0500] {logging_mixin.py:188} INFO - [2024-07-28T14:01:49.325-0500] {dagbag.py:545} INFO - Filling up the DagBag from /Users/alexkim/Desktop/Projects/ETL_Projects/redditviz/venv/lib/python3.12/site-packages/airflow/example_dags/example_sla_dag.py
[2024-07-28T14:01:49.337-0500] {processor.py:840} INFO - DAG(s) 'example_sla_dag' retrieved from /Users/alexkim/Desktop/Projects/ETL_Projects/redditviz/venv/lib/python3.12/site-packages/airflow/example_dags/example_sla_dag.py
[2024-07-28T14:01:49.366-0500] {logging_mixin.py:188} INFO - [2024-07-28T14:01:49.366-0500] {dag.py:3089} INFO - Sync 1 DAGs
[2024-07-28T14:01:49.372-0500] {logging_mixin.py:188} INFO - [2024-07-28T14:01:49.372-0500] {dag.py:3947} INFO - Setting next_dagrun for example_sla_dag to 2024-07-28 18:58:00+00:00, run_after=2024-07-28 19:00:00+00:00
[2024-07-28T14:01:49.377-0500] {processor.py:183} INFO - Processing /Users/alexkim/Desktop/Projects/ETL_Projects/redditviz/venv/lib/python3.12/site-packages/airflow/example_dags/example_sla_dag.py took 0.054 seconds
[2024-07-28T14:03:25.497-0500] {processor.py:161} INFO - Started process (PID=33350) to work on /Users/alexkim/Desktop/Projects/ETL_Projects/redditviz/venv/lib/python3.12/site-packages/airflow/example_dags/example_sla_dag.py
[2024-07-28T14:03:25.498-0500] {processor.py:830} INFO - Processing file /Users/alexkim/Desktop/Projects/ETL_Projects/redditviz/venv/lib/python3.12/site-packages/airflow/example_dags/example_sla_dag.py for tasks to queue
[2024-07-28T14:03:25.498-0500] {logging_mixin.py:188} INFO - [2024-07-28T14:03:25.498-0500] {dagbag.py:545} INFO - Filling up the DagBag from /Users/alexkim/Desktop/Projects/ETL_Projects/redditviz/venv/lib/python3.12/site-packages/airflow/example_dags/example_sla_dag.py
[2024-07-28T14:03:25.510-0500] {processor.py:840} INFO - DAG(s) 'example_sla_dag' retrieved from /Users/alexkim/Desktop/Projects/ETL_Projects/redditviz/venv/lib/python3.12/site-packages/airflow/example_dags/example_sla_dag.py
[2024-07-28T14:03:25.545-0500] {logging_mixin.py:188} INFO - [2024-07-28T14:03:25.545-0500] {dag.py:3089} INFO - Sync 1 DAGs
[2024-07-28T14:03:25.553-0500] {logging_mixin.py:188} INFO - [2024-07-28T14:03:25.553-0500] {dag.py:3947} INFO - Setting next_dagrun for example_sla_dag to 2024-07-28 19:00:00+00:00, run_after=2024-07-28 19:02:00+00:00
[2024-07-28T14:03:25.560-0500] {processor.py:183} INFO - Processing /Users/alexkim/Desktop/Projects/ETL_Projects/redditviz/venv/lib/python3.12/site-packages/airflow/example_dags/example_sla_dag.py took 0.063 seconds
[2024-07-28T14:05:10.319-0500] {processor.py:161} INFO - Started process (PID=33470) to work on /Users/alexkim/Desktop/Projects/ETL_Projects/redditviz/venv/lib/python3.12/site-packages/airflow/example_dags/example_sla_dag.py
[2024-07-28T14:05:10.320-0500] {processor.py:830} INFO - Processing file /Users/alexkim/Desktop/Projects/ETL_Projects/redditviz/venv/lib/python3.12/site-packages/airflow/example_dags/example_sla_dag.py for tasks to queue
[2024-07-28T14:05:10.320-0500] {logging_mixin.py:188} INFO - [2024-07-28T14:05:10.320-0500] {dagbag.py:545} INFO - Filling up the DagBag from /Users/alexkim/Desktop/Projects/ETL_Projects/redditviz/venv/lib/python3.12/site-packages/airflow/example_dags/example_sla_dag.py
[2024-07-28T14:05:10.335-0500] {processor.py:840} INFO - DAG(s) 'example_sla_dag' retrieved from /Users/alexkim/Desktop/Projects/ETL_Projects/redditviz/venv/lib/python3.12/site-packages/airflow/example_dags/example_sla_dag.py
[2024-07-28T14:05:10.368-0500] {logging_mixin.py:188} INFO - [2024-07-28T14:05:10.368-0500] {dag.py:3089} INFO - Sync 1 DAGs
[2024-07-28T14:05:10.375-0500] {logging_mixin.py:188} INFO - [2024-07-28T14:05:10.375-0500] {dag.py:3947} INFO - Setting next_dagrun for example_sla_dag to 2024-07-28 19:02:00+00:00, run_after=2024-07-28 19:04:00+00:00
[2024-07-28T14:05:10.382-0500] {processor.py:183} INFO - Processing /Users/alexkim/Desktop/Projects/ETL_Projects/redditviz/venv/lib/python3.12/site-packages/airflow/example_dags/example_sla_dag.py took 0.064 seconds
[2024-07-28T14:07:04.428-0500] {processor.py:161} INFO - Started process (PID=33647) to work on /Users/alexkim/Desktop/Projects/ETL_Projects/redditviz/venv/lib/python3.12/site-packages/airflow/example_dags/example_sla_dag.py
[2024-07-28T14:07:04.428-0500] {processor.py:830} INFO - Processing file /Users/alexkim/Desktop/Projects/ETL_Projects/redditviz/venv/lib/python3.12/site-packages/airflow/example_dags/example_sla_dag.py for tasks to queue
[2024-07-28T14:07:04.428-0500] {logging_mixin.py:188} INFO - [2024-07-28T14:07:04.428-0500] {dagbag.py:545} INFO - Filling up the DagBag from /Users/alexkim/Desktop/Projects/ETL_Projects/redditviz/venv/lib/python3.12/site-packages/airflow/example_dags/example_sla_dag.py
[2024-07-28T14:07:04.441-0500] {processor.py:840} INFO - DAG(s) 'example_sla_dag' retrieved from /Users/alexkim/Desktop/Projects/ETL_Projects/redditviz/venv/lib/python3.12/site-packages/airflow/example_dags/example_sla_dag.py
[2024-07-28T14:07:04.470-0500] {logging_mixin.py:188} INFO - [2024-07-28T14:07:04.470-0500] {dag.py:3089} INFO - Sync 1 DAGs
[2024-07-28T14:07:04.476-0500] {logging_mixin.py:188} INFO - [2024-07-28T14:07:04.476-0500] {dag.py:3947} INFO - Setting next_dagrun for example_sla_dag to 2024-07-28 19:04:00+00:00, run_after=2024-07-28 19:06:00+00:00
[2024-07-28T14:07:04.481-0500] {processor.py:183} INFO - Processing /Users/alexkim/Desktop/Projects/ETL_Projects/redditviz/venv/lib/python3.12/site-packages/airflow/example_dags/example_sla_dag.py took 0.054 seconds
[2024-07-28T14:09:02.304-0500] {processor.py:161} INFO - Started process (PID=33754) to work on /Users/alexkim/Desktop/Projects/ETL_Projects/redditviz/venv/lib/python3.12/site-packages/airflow/example_dags/example_sla_dag.py
[2024-07-28T14:09:02.305-0500] {processor.py:830} INFO - Processing file /Users/alexkim/Desktop/Projects/ETL_Projects/redditviz/venv/lib/python3.12/site-packages/airflow/example_dags/example_sla_dag.py for tasks to queue
[2024-07-28T14:09:02.305-0500] {logging_mixin.py:188} INFO - [2024-07-28T14:09:02.305-0500] {dagbag.py:545} INFO - Filling up the DagBag from /Users/alexkim/Desktop/Projects/ETL_Projects/redditviz/venv/lib/python3.12/site-packages/airflow/example_dags/example_sla_dag.py
[2024-07-28T14:09:02.321-0500] {processor.py:840} INFO - DAG(s) 'example_sla_dag' retrieved from /Users/alexkim/Desktop/Projects/ETL_Projects/redditviz/venv/lib/python3.12/site-packages/airflow/example_dags/example_sla_dag.py
[2024-07-28T14:09:02.357-0500] {logging_mixin.py:188} INFO - [2024-07-28T14:09:02.357-0500] {dag.py:3089} INFO - Sync 1 DAGs
[2024-07-28T14:09:02.363-0500] {logging_mixin.py:188} INFO - [2024-07-28T14:09:02.363-0500] {dag.py:3947} INFO - Setting next_dagrun for example_sla_dag to 2024-07-28 19:06:00+00:00, run_after=2024-07-28 19:08:00+00:00
[2024-07-28T14:09:02.369-0500] {processor.py:183} INFO - Processing /Users/alexkim/Desktop/Projects/ETL_Projects/redditviz/venv/lib/python3.12/site-packages/airflow/example_dags/example_sla_dag.py took 0.066 seconds
[2024-07-28T14:11:03.105-0500] {processor.py:161} INFO - Started process (PID=33904) to work on /Users/alexkim/Desktop/Projects/ETL_Projects/redditviz/venv/lib/python3.12/site-packages/airflow/example_dags/example_sla_dag.py
[2024-07-28T14:11:03.106-0500] {processor.py:830} INFO - Processing file /Users/alexkim/Desktop/Projects/ETL_Projects/redditviz/venv/lib/python3.12/site-packages/airflow/example_dags/example_sla_dag.py for tasks to queue
[2024-07-28T14:11:03.106-0500] {logging_mixin.py:188} INFO - [2024-07-28T14:11:03.106-0500] {dagbag.py:545} INFO - Filling up the DagBag from /Users/alexkim/Desktop/Projects/ETL_Projects/redditviz/venv/lib/python3.12/site-packages/airflow/example_dags/example_sla_dag.py
[2024-07-28T14:11:03.119-0500] {processor.py:840} INFO - DAG(s) 'example_sla_dag' retrieved from /Users/alexkim/Desktop/Projects/ETL_Projects/redditviz/venv/lib/python3.12/site-packages/airflow/example_dags/example_sla_dag.py
[2024-07-28T14:11:03.148-0500] {logging_mixin.py:188} INFO - [2024-07-28T14:11:03.148-0500] {dag.py:3089} INFO - Sync 1 DAGs
[2024-07-28T14:11:03.154-0500] {logging_mixin.py:188} INFO - [2024-07-28T14:11:03.154-0500] {dag.py:3947} INFO - Setting next_dagrun for example_sla_dag to 2024-07-28 19:08:00+00:00, run_after=2024-07-28 19:10:00+00:00
[2024-07-28T14:11:03.160-0500] {processor.py:183} INFO - Processing /Users/alexkim/Desktop/Projects/ETL_Projects/redditviz/venv/lib/python3.12/site-packages/airflow/example_dags/example_sla_dag.py took 0.055 seconds
[2024-07-28T14:13:01.083-0500] {processor.py:161} INFO - Started process (PID=34025) to work on /Users/alexkim/Desktop/Projects/ETL_Projects/redditviz/venv/lib/python3.12/site-packages/airflow/example_dags/example_sla_dag.py
[2024-07-28T14:13:01.084-0500] {processor.py:830} INFO - Processing file /Users/alexkim/Desktop/Projects/ETL_Projects/redditviz/venv/lib/python3.12/site-packages/airflow/example_dags/example_sla_dag.py for tasks to queue
[2024-07-28T14:13:01.084-0500] {logging_mixin.py:188} INFO - [2024-07-28T14:13:01.084-0500] {dagbag.py:545} INFO - Filling up the DagBag from /Users/alexkim/Desktop/Projects/ETL_Projects/redditviz/venv/lib/python3.12/site-packages/airflow/example_dags/example_sla_dag.py
[2024-07-28T14:13:01.099-0500] {processor.py:840} INFO - DAG(s) 'example_sla_dag' retrieved from /Users/alexkim/Desktop/Projects/ETL_Projects/redditviz/venv/lib/python3.12/site-packages/airflow/example_dags/example_sla_dag.py
[2024-07-28T14:13:01.152-0500] {logging_mixin.py:188} INFO - [2024-07-28T14:13:01.152-0500] {dag.py:3089} INFO - Sync 1 DAGs
[2024-07-28T14:13:01.159-0500] {logging_mixin.py:188} INFO - [2024-07-28T14:13:01.159-0500] {dag.py:3947} INFO - Setting next_dagrun for example_sla_dag to 2024-07-28 19:10:00+00:00, run_after=2024-07-28 19:12:00+00:00
[2024-07-28T14:13:01.166-0500] {processor.py:183} INFO - Processing /Users/alexkim/Desktop/Projects/ETL_Projects/redditviz/venv/lib/python3.12/site-packages/airflow/example_dags/example_sla_dag.py took 0.084 seconds
[2024-07-28T14:15:04.009-0500] {processor.py:161} INFO - Started process (PID=34184) to work on /Users/alexkim/Desktop/Projects/ETL_Projects/redditviz/venv/lib/python3.12/site-packages/airflow/example_dags/example_sla_dag.py
[2024-07-28T14:15:04.009-0500] {processor.py:830} INFO - Processing file /Users/alexkim/Desktop/Projects/ETL_Projects/redditviz/venv/lib/python3.12/site-packages/airflow/example_dags/example_sla_dag.py for tasks to queue
[2024-07-28T14:15:04.010-0500] {logging_mixin.py:188} INFO - [2024-07-28T14:15:04.010-0500] {dagbag.py:545} INFO - Filling up the DagBag from /Users/alexkim/Desktop/Projects/ETL_Projects/redditviz/venv/lib/python3.12/site-packages/airflow/example_dags/example_sla_dag.py
[2024-07-28T14:15:04.024-0500] {processor.py:840} INFO - DAG(s) 'example_sla_dag' retrieved from /Users/alexkim/Desktop/Projects/ETL_Projects/redditviz/venv/lib/python3.12/site-packages/airflow/example_dags/example_sla_dag.py
[2024-07-28T14:15:04.059-0500] {logging_mixin.py:188} INFO - [2024-07-28T14:15:04.058-0500] {dag.py:3089} INFO - Sync 1 DAGs
[2024-07-28T14:15:04.065-0500] {logging_mixin.py:188} INFO - [2024-07-28T14:15:04.065-0500] {dag.py:3947} INFO - Setting next_dagrun for example_sla_dag to 2024-07-28 19:12:00+00:00, run_after=2024-07-28 19:14:00+00:00
[2024-07-28T14:15:04.071-0500] {processor.py:183} INFO - Processing /Users/alexkim/Desktop/Projects/ETL_Projects/redditviz/venv/lib/python3.12/site-packages/airflow/example_dags/example_sla_dag.py took 0.063 seconds
[2024-07-28T14:35:09.816-0500] {processor.py:161} INFO - Started process (PID=1515) to work on /Users/alexkim/Desktop/Projects/ETL_Projects/redditviz/venv/lib/python3.12/site-packages/airflow/example_dags/example_sla_dag.py
[2024-07-28T14:35:09.817-0500] {processor.py:830} INFO - Processing file /Users/alexkim/Desktop/Projects/ETL_Projects/redditviz/venv/lib/python3.12/site-packages/airflow/example_dags/example_sla_dag.py for tasks to queue
[2024-07-28T14:35:09.817-0500] {logging_mixin.py:188} INFO - [2024-07-28T14:35:09.817-0500] {dagbag.py:545} INFO - Filling up the DagBag from /Users/alexkim/Desktop/Projects/ETL_Projects/redditviz/venv/lib/python3.12/site-packages/airflow/example_dags/example_sla_dag.py
[2024-07-28T14:35:09.831-0500] {processor.py:840} INFO - DAG(s) 'example_sla_dag' retrieved from /Users/alexkim/Desktop/Projects/ETL_Projects/redditviz/venv/lib/python3.12/site-packages/airflow/example_dags/example_sla_dag.py
[2024-07-28T14:35:09.894-0500] {logging_mixin.py:188} INFO - [2024-07-28T14:35:09.893-0500] {override.py:1858} INFO - Created Permission View: can delete on DAG:example_sla_dag
[2024-07-28T14:35:09.896-0500] {logging_mixin.py:188} INFO - [2024-07-28T14:35:09.896-0500] {override.py:1858} INFO - Created Permission View: can read on DAG:example_sla_dag
[2024-07-28T14:35:09.898-0500] {logging_mixin.py:188} INFO - [2024-07-28T14:35:09.898-0500] {override.py:1858} INFO - Created Permission View: can edit on DAG:example_sla_dag
[2024-07-28T14:35:09.898-0500] {logging_mixin.py:188} INFO - [2024-07-28T14:35:09.898-0500] {dag.py:3089} INFO - Sync 1 DAGs
[2024-07-28T14:35:09.902-0500] {logging_mixin.py:188} INFO - [2024-07-28T14:35:09.902-0500] {dag.py:3111} INFO - Creating ORM DAG for example_sla_dag
[2024-07-28T14:35:09.906-0500] {logging_mixin.py:188} INFO - [2024-07-28T14:35:09.906-0500] {dag.py:3947} INFO - Setting next_dagrun for example_sla_dag to 2024-07-28 19:32:00+00:00, run_after=2024-07-28 19:34:00+00:00
[2024-07-28T14:35:09.911-0500] {processor.py:183} INFO - Processing /Users/alexkim/Desktop/Projects/ETL_Projects/redditviz/venv/lib/python3.12/site-packages/airflow/example_dags/example_sla_dag.py took 0.096 seconds
