[2024-07-28T14:01:09.687-0500] {processor.py:161} INFO - Started process (PID=33229) to work on /Users/alexkim/Desktop/Projects/ETL_Projects/redditviz/venv/lib/python3.12/site-packages/airflow/example_dags/example_branch_day_of_week_operator.py
[2024-07-28T14:01:09.687-0500] {processor.py:830} INFO - Processing file /Users/alexkim/Desktop/Projects/ETL_Projects/redditviz/venv/lib/python3.12/site-packages/airflow/example_dags/example_branch_day_of_week_operator.py for tasks to queue
[2024-07-28T14:01:09.687-0500] {logging_mixin.py:188} INFO - [2024-07-28T14:01:09.687-0500] {dagbag.py:545} INFO - Filling up the DagBag from /Users/alexkim/Desktop/Projects/ETL_Projects/redditviz/venv/lib/python3.12/site-packages/airflow/example_dags/example_branch_day_of_week_operator.py
[2024-07-28T14:01:09.691-0500] {processor.py:840} INFO - DAG(s) 'example_weekday_branch_operator' retrieved from /Users/alexkim/Desktop/Projects/ETL_Projects/redditviz/venv/lib/python3.12/site-packages/airflow/example_dags/example_branch_day_of_week_operator.py
[2024-07-28T14:01:09.748-0500] {logging_mixin.py:188} INFO - [2024-07-28T14:01:09.748-0500] {override.py:1858} INFO - Created Permission View: can edit on DAG:example_weekday_branch_operator
[2024-07-28T14:01:09.751-0500] {logging_mixin.py:188} INFO - [2024-07-28T14:01:09.751-0500] {override.py:1858} INFO - Created Permission View: can delete on DAG:example_weekday_branch_operator
[2024-07-28T14:01:09.753-0500] {logging_mixin.py:188} INFO - [2024-07-28T14:01:09.752-0500] {override.py:1858} INFO - Created Permission View: can read on DAG:example_weekday_branch_operator
[2024-07-28T14:01:09.753-0500] {logging_mixin.py:188} INFO - [2024-07-28T14:01:09.753-0500] {dag.py:3089} INFO - Sync 1 DAGs
[2024-07-28T14:01:09.756-0500] {logging_mixin.py:188} INFO - [2024-07-28T14:01:09.756-0500] {dag.py:3111} INFO - Creating ORM DAG for example_weekday_branch_operator
[2024-07-28T14:01:09.758-0500] {logging_mixin.py:188} INFO - [2024-07-28T14:01:09.758-0500] {dag.py:3947} INFO - Setting next_dagrun for example_weekday_branch_operator to 2024-07-27 00:00:00+00:00, run_after=2024-07-28 00:00:00+00:00
[2024-07-28T14:01:09.764-0500] {processor.py:183} INFO - Processing /Users/alexkim/Desktop/Projects/ETL_Projects/redditviz/venv/lib/python3.12/site-packages/airflow/example_dags/example_branch_day_of_week_operator.py took 0.078 seconds
[2024-07-28T14:02:56.205-0500] {processor.py:161} INFO - Started process (PID=33323) to work on /Users/alexkim/Desktop/Projects/ETL_Projects/redditviz/venv/lib/python3.12/site-packages/airflow/example_dags/example_branch_day_of_week_operator.py
[2024-07-28T14:02:56.205-0500] {processor.py:830} INFO - Processing file /Users/alexkim/Desktop/Projects/ETL_Projects/redditviz/venv/lib/python3.12/site-packages/airflow/example_dags/example_branch_day_of_week_operator.py for tasks to queue
[2024-07-28T14:02:56.206-0500] {logging_mixin.py:188} INFO - [2024-07-28T14:02:56.206-0500] {dagbag.py:545} INFO - Filling up the DagBag from /Users/alexkim/Desktop/Projects/ETL_Projects/redditviz/venv/lib/python3.12/site-packages/airflow/example_dags/example_branch_day_of_week_operator.py
[2024-07-28T14:02:56.210-0500] {processor.py:840} INFO - DAG(s) 'example_weekday_branch_operator' retrieved from /Users/alexkim/Desktop/Projects/ETL_Projects/redditviz/venv/lib/python3.12/site-packages/airflow/example_dags/example_branch_day_of_week_operator.py
[2024-07-28T14:02:56.240-0500] {logging_mixin.py:188} INFO - [2024-07-28T14:02:56.239-0500] {dag.py:3089} INFO - Sync 1 DAGs
[2024-07-28T14:02:56.245-0500] {logging_mixin.py:188} INFO - [2024-07-28T14:02:56.245-0500] {dag.py:3947} INFO - Setting next_dagrun for example_weekday_branch_operator to 2024-07-27 00:00:00+00:00, run_after=2024-07-28 00:00:00+00:00
[2024-07-28T14:02:56.251-0500] {processor.py:183} INFO - Processing /Users/alexkim/Desktop/Projects/ETL_Projects/redditviz/venv/lib/python3.12/site-packages/airflow/example_dags/example_branch_day_of_week_operator.py took 0.047 seconds
[2024-07-28T14:04:33.377-0500] {processor.py:161} INFO - Started process (PID=33417) to work on /Users/alexkim/Desktop/Projects/ETL_Projects/redditviz/venv/lib/python3.12/site-packages/airflow/example_dags/example_branch_day_of_week_operator.py
[2024-07-28T14:04:33.378-0500] {processor.py:830} INFO - Processing file /Users/alexkim/Desktop/Projects/ETL_Projects/redditviz/venv/lib/python3.12/site-packages/airflow/example_dags/example_branch_day_of_week_operator.py for tasks to queue
[2024-07-28T14:04:33.378-0500] {logging_mixin.py:188} INFO - [2024-07-28T14:04:33.378-0500] {dagbag.py:545} INFO - Filling up the DagBag from /Users/alexkim/Desktop/Projects/ETL_Projects/redditviz/venv/lib/python3.12/site-packages/airflow/example_dags/example_branch_day_of_week_operator.py
[2024-07-28T14:04:33.382-0500] {processor.py:840} INFO - DAG(s) 'example_weekday_branch_operator' retrieved from /Users/alexkim/Desktop/Projects/ETL_Projects/redditviz/venv/lib/python3.12/site-packages/airflow/example_dags/example_branch_day_of_week_operator.py
[2024-07-28T14:04:33.412-0500] {logging_mixin.py:188} INFO - [2024-07-28T14:04:33.412-0500] {dag.py:3089} INFO - Sync 1 DAGs
[2024-07-28T14:04:33.418-0500] {logging_mixin.py:188} INFO - [2024-07-28T14:04:33.417-0500] {dag.py:3947} INFO - Setting next_dagrun for example_weekday_branch_operator to 2024-07-27 00:00:00+00:00, run_after=2024-07-28 00:00:00+00:00
[2024-07-28T14:04:33.423-0500] {processor.py:183} INFO - Processing /Users/alexkim/Desktop/Projects/ETL_Projects/redditviz/venv/lib/python3.12/site-packages/airflow/example_dags/example_branch_day_of_week_operator.py took 0.047 seconds
[2024-07-28T14:06:26.826-0500] {processor.py:161} INFO - Started process (PID=33585) to work on /Users/alexkim/Desktop/Projects/ETL_Projects/redditviz/venv/lib/python3.12/site-packages/airflow/example_dags/example_branch_day_of_week_operator.py
[2024-07-28T14:06:26.827-0500] {processor.py:830} INFO - Processing file /Users/alexkim/Desktop/Projects/ETL_Projects/redditviz/venv/lib/python3.12/site-packages/airflow/example_dags/example_branch_day_of_week_operator.py for tasks to queue
[2024-07-28T14:06:26.827-0500] {logging_mixin.py:188} INFO - [2024-07-28T14:06:26.827-0500] {dagbag.py:545} INFO - Filling up the DagBag from /Users/alexkim/Desktop/Projects/ETL_Projects/redditviz/venv/lib/python3.12/site-packages/airflow/example_dags/example_branch_day_of_week_operator.py
[2024-07-28T14:06:26.832-0500] {processor.py:840} INFO - DAG(s) 'example_weekday_branch_operator' retrieved from /Users/alexkim/Desktop/Projects/ETL_Projects/redditviz/venv/lib/python3.12/site-packages/airflow/example_dags/example_branch_day_of_week_operator.py
[2024-07-28T14:06:26.876-0500] {logging_mixin.py:188} INFO - [2024-07-28T14:06:26.876-0500] {dag.py:3089} INFO - Sync 1 DAGs
[2024-07-28T14:06:26.883-0500] {logging_mixin.py:188} INFO - [2024-07-28T14:06:26.883-0500] {dag.py:3947} INFO - Setting next_dagrun for example_weekday_branch_operator to 2024-07-27 00:00:00+00:00, run_after=2024-07-28 00:00:00+00:00
[2024-07-28T14:06:26.891-0500] {processor.py:183} INFO - Processing /Users/alexkim/Desktop/Projects/ETL_Projects/redditviz/venv/lib/python3.12/site-packages/airflow/example_dags/example_branch_day_of_week_operator.py took 0.066 seconds
[2024-07-28T14:08:28.309-0500] {processor.py:161} INFO - Started process (PID=33727) to work on /Users/alexkim/Desktop/Projects/ETL_Projects/redditviz/venv/lib/python3.12/site-packages/airflow/example_dags/example_branch_day_of_week_operator.py
[2024-07-28T14:08:28.310-0500] {processor.py:830} INFO - Processing file /Users/alexkim/Desktop/Projects/ETL_Projects/redditviz/venv/lib/python3.12/site-packages/airflow/example_dags/example_branch_day_of_week_operator.py for tasks to queue
[2024-07-28T14:08:28.310-0500] {logging_mixin.py:188} INFO - [2024-07-28T14:08:28.310-0500] {dagbag.py:545} INFO - Filling up the DagBag from /Users/alexkim/Desktop/Projects/ETL_Projects/redditviz/venv/lib/python3.12/site-packages/airflow/example_dags/example_branch_day_of_week_operator.py
[2024-07-28T14:08:28.314-0500] {processor.py:840} INFO - DAG(s) 'example_weekday_branch_operator' retrieved from /Users/alexkim/Desktop/Projects/ETL_Projects/redditviz/venv/lib/python3.12/site-packages/airflow/example_dags/example_branch_day_of_week_operator.py
[2024-07-28T14:08:28.345-0500] {logging_mixin.py:188} INFO - [2024-07-28T14:08:28.345-0500] {dag.py:3089} INFO - Sync 1 DAGs
[2024-07-28T14:08:28.351-0500] {logging_mixin.py:188} INFO - [2024-07-28T14:08:28.351-0500] {dag.py:3947} INFO - Setting next_dagrun for example_weekday_branch_operator to 2024-07-27 00:00:00+00:00, run_after=2024-07-28 00:00:00+00:00
[2024-07-28T14:08:28.357-0500] {processor.py:183} INFO - Processing /Users/alexkim/Desktop/Projects/ETL_Projects/redditviz/venv/lib/python3.12/site-packages/airflow/example_dags/example_branch_day_of_week_operator.py took 0.048 seconds
[2024-07-28T14:10:21.567-0500] {processor.py:161} INFO - Started process (PID=33864) to work on /Users/alexkim/Desktop/Projects/ETL_Projects/redditviz/venv/lib/python3.12/site-packages/airflow/example_dags/example_branch_day_of_week_operator.py
[2024-07-28T14:10:21.568-0500] {processor.py:830} INFO - Processing file /Users/alexkim/Desktop/Projects/ETL_Projects/redditviz/venv/lib/python3.12/site-packages/airflow/example_dags/example_branch_day_of_week_operator.py for tasks to queue
[2024-07-28T14:10:21.568-0500] {logging_mixin.py:188} INFO - [2024-07-28T14:10:21.568-0500] {dagbag.py:545} INFO - Filling up the DagBag from /Users/alexkim/Desktop/Projects/ETL_Projects/redditviz/venv/lib/python3.12/site-packages/airflow/example_dags/example_branch_day_of_week_operator.py
[2024-07-28T14:10:21.573-0500] {processor.py:840} INFO - DAG(s) 'example_weekday_branch_operator' retrieved from /Users/alexkim/Desktop/Projects/ETL_Projects/redditviz/venv/lib/python3.12/site-packages/airflow/example_dags/example_branch_day_of_week_operator.py
[2024-07-28T14:10:21.607-0500] {logging_mixin.py:188} INFO - [2024-07-28T14:10:21.607-0500] {dag.py:3089} INFO - Sync 1 DAGs
[2024-07-28T14:10:21.614-0500] {logging_mixin.py:188} INFO - [2024-07-28T14:10:21.614-0500] {dag.py:3947} INFO - Setting next_dagrun for example_weekday_branch_operator to 2024-07-27 00:00:00+00:00, run_after=2024-07-28 00:00:00+00:00
[2024-07-28T14:10:21.620-0500] {processor.py:183} INFO - Processing /Users/alexkim/Desktop/Projects/ETL_Projects/redditviz/venv/lib/python3.12/site-packages/airflow/example_dags/example_branch_day_of_week_operator.py took 0.054 seconds
[2024-07-28T14:12:20.845-0500] {processor.py:161} INFO - Started process (PID=33975) to work on /Users/alexkim/Desktop/Projects/ETL_Projects/redditviz/venv/lib/python3.12/site-packages/airflow/example_dags/example_branch_day_of_week_operator.py
[2024-07-28T14:12:20.848-0500] {processor.py:830} INFO - Processing file /Users/alexkim/Desktop/Projects/ETL_Projects/redditviz/venv/lib/python3.12/site-packages/airflow/example_dags/example_branch_day_of_week_operator.py for tasks to queue
[2024-07-28T14:12:20.848-0500] {logging_mixin.py:188} INFO - [2024-07-28T14:12:20.848-0500] {dagbag.py:545} INFO - Filling up the DagBag from /Users/alexkim/Desktop/Projects/ETL_Projects/redditviz/venv/lib/python3.12/site-packages/airflow/example_dags/example_branch_day_of_week_operator.py
[2024-07-28T14:12:20.852-0500] {processor.py:840} INFO - DAG(s) 'example_weekday_branch_operator' retrieved from /Users/alexkim/Desktop/Projects/ETL_Projects/redditviz/venv/lib/python3.12/site-packages/airflow/example_dags/example_branch_day_of_week_operator.py
[2024-07-28T14:12:20.884-0500] {logging_mixin.py:188} INFO - [2024-07-28T14:12:20.884-0500] {dag.py:3089} INFO - Sync 1 DAGs
[2024-07-28T14:12:20.890-0500] {logging_mixin.py:188} INFO - [2024-07-28T14:12:20.890-0500] {dag.py:3947} INFO - Setting next_dagrun for example_weekday_branch_operator to 2024-07-27 00:00:00+00:00, run_after=2024-07-28 00:00:00+00:00
[2024-07-28T14:12:20.896-0500] {processor.py:183} INFO - Processing /Users/alexkim/Desktop/Projects/ETL_Projects/redditviz/venv/lib/python3.12/site-packages/airflow/example_dags/example_branch_day_of_week_operator.py took 0.051 seconds
[2024-07-28T14:14:23.843-0500] {processor.py:161} INFO - Started process (PID=34141) to work on /Users/alexkim/Desktop/Projects/ETL_Projects/redditviz/venv/lib/python3.12/site-packages/airflow/example_dags/example_branch_day_of_week_operator.py
[2024-07-28T14:14:23.843-0500] {processor.py:830} INFO - Processing file /Users/alexkim/Desktop/Projects/ETL_Projects/redditviz/venv/lib/python3.12/site-packages/airflow/example_dags/example_branch_day_of_week_operator.py for tasks to queue
[2024-07-28T14:14:23.844-0500] {logging_mixin.py:188} INFO - [2024-07-28T14:14:23.844-0500] {dagbag.py:545} INFO - Filling up the DagBag from /Users/alexkim/Desktop/Projects/ETL_Projects/redditviz/venv/lib/python3.12/site-packages/airflow/example_dags/example_branch_day_of_week_operator.py
[2024-07-28T14:14:23.848-0500] {processor.py:840} INFO - DAG(s) 'example_weekday_branch_operator' retrieved from /Users/alexkim/Desktop/Projects/ETL_Projects/redditviz/venv/lib/python3.12/site-packages/airflow/example_dags/example_branch_day_of_week_operator.py
[2024-07-28T14:14:23.880-0500] {logging_mixin.py:188} INFO - [2024-07-28T14:14:23.880-0500] {dag.py:3089} INFO - Sync 1 DAGs
[2024-07-28T14:14:23.886-0500] {logging_mixin.py:188} INFO - [2024-07-28T14:14:23.886-0500] {dag.py:3947} INFO - Setting next_dagrun for example_weekday_branch_operator to 2024-07-27 00:00:00+00:00, run_after=2024-07-28 00:00:00+00:00
[2024-07-28T14:14:23.893-0500] {processor.py:183} INFO - Processing /Users/alexkim/Desktop/Projects/ETL_Projects/redditviz/venv/lib/python3.12/site-packages/airflow/example_dags/example_branch_day_of_week_operator.py took 0.051 seconds
