[2024-07-28T14:00:59.022-0500] {processor.py:161} INFO - Started process (PID=33212) to work on /Users/alexkim/Desktop/Projects/ETL_Projects/redditviz/venv/lib/python3.12/site-packages/airflow/example_dags/example_dag_decorator.py
[2024-07-28T14:00:59.023-0500] {processor.py:830} INFO - Processing file /Users/alexkim/Desktop/Projects/ETL_Projects/redditviz/venv/lib/python3.12/site-packages/airflow/example_dags/example_dag_decorator.py for tasks to queue
[2024-07-28T14:00:59.023-0500] {logging_mixin.py:188} INFO - [2024-07-28T14:00:59.023-0500] {dagbag.py:545} INFO - Filling up the DagBag from /Users/alexkim/Desktop/Projects/ETL_Projects/redditviz/venv/lib/python3.12/site-packages/airflow/example_dags/example_dag_decorator.py
[2024-07-28T14:00:59.104-0500] {processor.py:840} INFO - DAG(s) 'example_dag_decorator' retrieved from /Users/alexkim/Desktop/Projects/ETL_Projects/redditviz/venv/lib/python3.12/site-packages/airflow/example_dags/example_dag_decorator.py
[2024-07-28T14:00:59.164-0500] {logging_mixin.py:188} INFO - [2024-07-28T14:00:59.163-0500] {override.py:1858} INFO - Created Permission View: can read on DAG:example_dag_decorator
[2024-07-28T14:00:59.166-0500] {logging_mixin.py:188} INFO - [2024-07-28T14:00:59.166-0500] {override.py:1858} INFO - Created Permission View: can delete on DAG:example_dag_decorator
[2024-07-28T14:00:59.168-0500] {logging_mixin.py:188} INFO - [2024-07-28T14:00:59.168-0500] {override.py:1858} INFO - Created Permission View: can edit on DAG:example_dag_decorator
[2024-07-28T14:00:59.168-0500] {logging_mixin.py:188} INFO - [2024-07-28T14:00:59.168-0500] {dag.py:3089} INFO - Sync 1 DAGs
[2024-07-28T14:00:59.203-0500] {logging_mixin.py:188} INFO - [2024-07-28T14:00:59.203-0500] {dag.py:3111} INFO - Creating ORM DAG for example_dag_decorator
[2024-07-28T14:00:59.203-0500] {logging_mixin.py:188} INFO - [2024-07-28T14:00:59.203-0500] {dag.py:3947} INFO - Setting next_dagrun for example_dag_decorator to None, run_after=None
[2024-07-28T14:00:59.212-0500] {processor.py:183} INFO - Processing /Users/alexkim/Desktop/Projects/ETL_Projects/redditviz/venv/lib/python3.12/site-packages/airflow/example_dags/example_dag_decorator.py took 0.191 seconds
[2024-07-28T14:02:45.710-0500] {processor.py:161} INFO - Started process (PID=33316) to work on /Users/alexkim/Desktop/Projects/ETL_Projects/redditviz/venv/lib/python3.12/site-packages/airflow/example_dags/example_dag_decorator.py
[2024-07-28T14:02:45.711-0500] {processor.py:830} INFO - Processing file /Users/alexkim/Desktop/Projects/ETL_Projects/redditviz/venv/lib/python3.12/site-packages/airflow/example_dags/example_dag_decorator.py for tasks to queue
[2024-07-28T14:02:45.711-0500] {logging_mixin.py:188} INFO - [2024-07-28T14:02:45.711-0500] {dagbag.py:545} INFO - Filling up the DagBag from /Users/alexkim/Desktop/Projects/ETL_Projects/redditviz/venv/lib/python3.12/site-packages/airflow/example_dags/example_dag_decorator.py
[2024-07-28T14:02:45.783-0500] {processor.py:840} INFO - DAG(s) 'example_dag_decorator' retrieved from /Users/alexkim/Desktop/Projects/ETL_Projects/redditviz/venv/lib/python3.12/site-packages/airflow/example_dags/example_dag_decorator.py
[2024-07-28T14:02:45.846-0500] {logging_mixin.py:188} INFO - [2024-07-28T14:02:45.846-0500] {dag.py:3089} INFO - Sync 1 DAGs
[2024-07-28T14:02:45.871-0500] {logging_mixin.py:188} INFO - [2024-07-28T14:02:45.871-0500] {dag.py:3947} INFO - Setting next_dagrun for example_dag_decorator to None, run_after=None
[2024-07-28T14:02:45.877-0500] {processor.py:183} INFO - Processing /Users/alexkim/Desktop/Projects/ETL_Projects/redditviz/venv/lib/python3.12/site-packages/airflow/example_dags/example_dag_decorator.py took 0.168 seconds
[2024-07-28T14:04:24.233-0500] {processor.py:161} INFO - Started process (PID=33410) to work on /Users/alexkim/Desktop/Projects/ETL_Projects/redditviz/venv/lib/python3.12/site-packages/airflow/example_dags/example_dag_decorator.py
[2024-07-28T14:04:24.233-0500] {processor.py:830} INFO - Processing file /Users/alexkim/Desktop/Projects/ETL_Projects/redditviz/venv/lib/python3.12/site-packages/airflow/example_dags/example_dag_decorator.py for tasks to queue
[2024-07-28T14:04:24.233-0500] {logging_mixin.py:188} INFO - [2024-07-28T14:04:24.233-0500] {dagbag.py:545} INFO - Filling up the DagBag from /Users/alexkim/Desktop/Projects/ETL_Projects/redditviz/venv/lib/python3.12/site-packages/airflow/example_dags/example_dag_decorator.py
[2024-07-28T14:04:24.314-0500] {processor.py:840} INFO - DAG(s) 'example_dag_decorator' retrieved from /Users/alexkim/Desktop/Projects/ETL_Projects/redditviz/venv/lib/python3.12/site-packages/airflow/example_dags/example_dag_decorator.py
[2024-07-28T14:04:24.381-0500] {logging_mixin.py:188} INFO - [2024-07-28T14:04:24.381-0500] {dag.py:3089} INFO - Sync 1 DAGs
[2024-07-28T14:04:24.406-0500] {logging_mixin.py:188} INFO - [2024-07-28T14:04:24.406-0500] {dag.py:3947} INFO - Setting next_dagrun for example_dag_decorator to None, run_after=None
[2024-07-28T14:04:24.412-0500] {processor.py:183} INFO - Processing /Users/alexkim/Desktop/Projects/ETL_Projects/redditviz/venv/lib/python3.12/site-packages/airflow/example_dags/example_dag_decorator.py took 0.180 seconds
[2024-07-28T14:06:15.958-0500] {processor.py:161} INFO - Started process (PID=33577) to work on /Users/alexkim/Desktop/Projects/ETL_Projects/redditviz/venv/lib/python3.12/site-packages/airflow/example_dags/example_dag_decorator.py
[2024-07-28T14:06:15.958-0500] {processor.py:830} INFO - Processing file /Users/alexkim/Desktop/Projects/ETL_Projects/redditviz/venv/lib/python3.12/site-packages/airflow/example_dags/example_dag_decorator.py for tasks to queue
[2024-07-28T14:06:15.958-0500] {logging_mixin.py:188} INFO - [2024-07-28T14:06:15.958-0500] {dagbag.py:545} INFO - Filling up the DagBag from /Users/alexkim/Desktop/Projects/ETL_Projects/redditviz/venv/lib/python3.12/site-packages/airflow/example_dags/example_dag_decorator.py
[2024-07-28T14:06:16.035-0500] {processor.py:840} INFO - DAG(s) 'example_dag_decorator' retrieved from /Users/alexkim/Desktop/Projects/ETL_Projects/redditviz/venv/lib/python3.12/site-packages/airflow/example_dags/example_dag_decorator.py
[2024-07-28T14:06:16.103-0500] {logging_mixin.py:188} INFO - [2024-07-28T14:06:16.103-0500] {dag.py:3089} INFO - Sync 1 DAGs
[2024-07-28T14:06:16.130-0500] {logging_mixin.py:188} INFO - [2024-07-28T14:06:16.130-0500] {dag.py:3947} INFO - Setting next_dagrun for example_dag_decorator to None, run_after=None
[2024-07-28T14:06:16.136-0500] {processor.py:183} INFO - Processing /Users/alexkim/Desktop/Projects/ETL_Projects/redditviz/venv/lib/python3.12/site-packages/airflow/example_dags/example_dag_decorator.py took 0.180 seconds
[2024-07-28T14:08:18.359-0500] {processor.py:161} INFO - Started process (PID=33720) to work on /Users/alexkim/Desktop/Projects/ETL_Projects/redditviz/venv/lib/python3.12/site-packages/airflow/example_dags/example_dag_decorator.py
[2024-07-28T14:08:18.360-0500] {processor.py:830} INFO - Processing file /Users/alexkim/Desktop/Projects/ETL_Projects/redditviz/venv/lib/python3.12/site-packages/airflow/example_dags/example_dag_decorator.py for tasks to queue
[2024-07-28T14:08:18.360-0500] {logging_mixin.py:188} INFO - [2024-07-28T14:08:18.360-0500] {dagbag.py:545} INFO - Filling up the DagBag from /Users/alexkim/Desktop/Projects/ETL_Projects/redditviz/venv/lib/python3.12/site-packages/airflow/example_dags/example_dag_decorator.py
[2024-07-28T14:08:18.433-0500] {processor.py:840} INFO - DAG(s) 'example_dag_decorator' retrieved from /Users/alexkim/Desktop/Projects/ETL_Projects/redditviz/venv/lib/python3.12/site-packages/airflow/example_dags/example_dag_decorator.py
[2024-07-28T14:08:18.497-0500] {logging_mixin.py:188} INFO - [2024-07-28T14:08:18.497-0500] {dag.py:3089} INFO - Sync 1 DAGs
[2024-07-28T14:08:18.522-0500] {logging_mixin.py:188} INFO - [2024-07-28T14:08:18.522-0500] {dag.py:3947} INFO - Setting next_dagrun for example_dag_decorator to None, run_after=None
[2024-07-28T14:08:18.528-0500] {processor.py:183} INFO - Processing /Users/alexkim/Desktop/Projects/ETL_Projects/redditviz/venv/lib/python3.12/site-packages/airflow/example_dags/example_dag_decorator.py took 0.170 seconds
[2024-07-28T14:10:10.753-0500] {processor.py:161} INFO - Started process (PID=33854) to work on /Users/alexkim/Desktop/Projects/ETL_Projects/redditviz/venv/lib/python3.12/site-packages/airflow/example_dags/example_dag_decorator.py
[2024-07-28T14:10:10.754-0500] {processor.py:830} INFO - Processing file /Users/alexkim/Desktop/Projects/ETL_Projects/redditviz/venv/lib/python3.12/site-packages/airflow/example_dags/example_dag_decorator.py for tasks to queue
[2024-07-28T14:10:10.754-0500] {logging_mixin.py:188} INFO - [2024-07-28T14:10:10.754-0500] {dagbag.py:545} INFO - Filling up the DagBag from /Users/alexkim/Desktop/Projects/ETL_Projects/redditviz/venv/lib/python3.12/site-packages/airflow/example_dags/example_dag_decorator.py
[2024-07-28T14:10:10.836-0500] {processor.py:840} INFO - DAG(s) 'example_dag_decorator' retrieved from /Users/alexkim/Desktop/Projects/ETL_Projects/redditviz/venv/lib/python3.12/site-packages/airflow/example_dags/example_dag_decorator.py
[2024-07-28T14:10:10.911-0500] {logging_mixin.py:188} INFO - [2024-07-28T14:10:10.911-0500] {dag.py:3089} INFO - Sync 1 DAGs
[2024-07-28T14:10:10.942-0500] {logging_mixin.py:188} INFO - [2024-07-28T14:10:10.942-0500] {dag.py:3947} INFO - Setting next_dagrun for example_dag_decorator to None, run_after=None
[2024-07-28T14:10:10.950-0500] {processor.py:183} INFO - Processing /Users/alexkim/Desktop/Projects/ETL_Projects/redditviz/venv/lib/python3.12/site-packages/airflow/example_dags/example_dag_decorator.py took 0.198 seconds
[2024-07-28T14:12:11.353-0500] {processor.py:161} INFO - Started process (PID=33968) to work on /Users/alexkim/Desktop/Projects/ETL_Projects/redditviz/venv/lib/python3.12/site-packages/airflow/example_dags/example_dag_decorator.py
[2024-07-28T14:12:11.354-0500] {processor.py:830} INFO - Processing file /Users/alexkim/Desktop/Projects/ETL_Projects/redditviz/venv/lib/python3.12/site-packages/airflow/example_dags/example_dag_decorator.py for tasks to queue
[2024-07-28T14:12:11.354-0500] {logging_mixin.py:188} INFO - [2024-07-28T14:12:11.354-0500] {dagbag.py:545} INFO - Filling up the DagBag from /Users/alexkim/Desktop/Projects/ETL_Projects/redditviz/venv/lib/python3.12/site-packages/airflow/example_dags/example_dag_decorator.py
[2024-07-28T14:12:11.433-0500] {processor.py:840} INFO - DAG(s) 'example_dag_decorator' retrieved from /Users/alexkim/Desktop/Projects/ETL_Projects/redditviz/venv/lib/python3.12/site-packages/airflow/example_dags/example_dag_decorator.py
[2024-07-28T14:12:11.499-0500] {logging_mixin.py:188} INFO - [2024-07-28T14:12:11.499-0500] {dag.py:3089} INFO - Sync 1 DAGs
[2024-07-28T14:12:11.525-0500] {logging_mixin.py:188} INFO - [2024-07-28T14:12:11.525-0500] {dag.py:3947} INFO - Setting next_dagrun for example_dag_decorator to None, run_after=None
[2024-07-28T14:12:11.531-0500] {processor.py:183} INFO - Processing /Users/alexkim/Desktop/Projects/ETL_Projects/redditviz/venv/lib/python3.12/site-packages/airflow/example_dags/example_dag_decorator.py took 0.180 seconds
[2024-07-28T14:14:12.805-0500] {processor.py:161} INFO - Started process (PID=34116) to work on /Users/alexkim/Desktop/Projects/ETL_Projects/redditviz/venv/lib/python3.12/site-packages/airflow/example_dags/example_dag_decorator.py
[2024-07-28T14:14:12.806-0500] {processor.py:830} INFO - Processing file /Users/alexkim/Desktop/Projects/ETL_Projects/redditviz/venv/lib/python3.12/site-packages/airflow/example_dags/example_dag_decorator.py for tasks to queue
[2024-07-28T14:14:12.806-0500] {logging_mixin.py:188} INFO - [2024-07-28T14:14:12.806-0500] {dagbag.py:545} INFO - Filling up the DagBag from /Users/alexkim/Desktop/Projects/ETL_Projects/redditviz/venv/lib/python3.12/site-packages/airflow/example_dags/example_dag_decorator.py
[2024-07-28T14:14:12.893-0500] {processor.py:840} INFO - DAG(s) 'example_dag_decorator' retrieved from /Users/alexkim/Desktop/Projects/ETL_Projects/redditviz/venv/lib/python3.12/site-packages/airflow/example_dags/example_dag_decorator.py
[2024-07-28T14:14:12.972-0500] {logging_mixin.py:188} INFO - [2024-07-28T14:14:12.972-0500] {dag.py:3089} INFO - Sync 1 DAGs
[2024-07-28T14:14:13.006-0500] {logging_mixin.py:188} INFO - [2024-07-28T14:14:13.006-0500] {dag.py:3947} INFO - Setting next_dagrun for example_dag_decorator to None, run_after=None
[2024-07-28T14:14:13.013-0500] {processor.py:183} INFO - Processing /Users/alexkim/Desktop/Projects/ETL_Projects/redditviz/venv/lib/python3.12/site-packages/airflow/example_dags/example_dag_decorator.py took 0.209 seconds
