[2024-07-28T14:00:38.886-0500] {processor.py:161} INFO - Started process (PID=33188) to work on /Users/alexkim/Desktop/Projects/ETL_Projects/redditviz/venv/lib/python3.12/site-packages/airflow/example_dags/example_params_ui_tutorial.py
[2024-07-28T14:00:38.887-0500] {processor.py:830} INFO - Processing file /Users/alexkim/Desktop/Projects/ETL_Projects/redditviz/venv/lib/python3.12/site-packages/airflow/example_dags/example_params_ui_tutorial.py for tasks to queue
[2024-07-28T14:00:38.887-0500] {logging_mixin.py:188} INFO - [2024-07-28T14:00:38.887-0500] {dagbag.py:545} INFO - Filling up the DagBag from /Users/alexkim/Desktop/Projects/ETL_Projects/redditviz/venv/lib/python3.12/site-packages/airflow/example_dags/example_params_ui_tutorial.py
[2024-07-28T14:00:38.905-0500] {processor.py:840} INFO - DAG(s) 'example_params_ui_tutorial' retrieved from /Users/alexkim/Desktop/Projects/ETL_Projects/redditviz/venv/lib/python3.12/site-packages/airflow/example_dags/example_params_ui_tutorial.py
[2024-07-28T14:00:38.982-0500] {logging_mixin.py:188} INFO - [2024-07-28T14:00:38.982-0500] {override.py:1858} INFO - Created Permission View: can edit on DAG:example_params_ui_tutorial
[2024-07-28T14:00:38.989-0500] {logging_mixin.py:188} INFO - [2024-07-28T14:00:38.989-0500] {override.py:1858} INFO - Created Permission View: can read on DAG:example_params_ui_tutorial
[2024-07-28T14:00:38.991-0500] {logging_mixin.py:188} INFO - [2024-07-28T14:00:38.991-0500] {override.py:1858} INFO - Created Permission View: can delete on DAG:example_params_ui_tutorial
[2024-07-28T14:00:38.991-0500] {logging_mixin.py:188} INFO - [2024-07-28T14:00:38.991-0500] {dag.py:3089} INFO - Sync 1 DAGs
[2024-07-28T14:00:38.995-0500] {logging_mixin.py:188} INFO - [2024-07-28T14:00:38.995-0500] {dag.py:3111} INFO - Creating ORM DAG for example_params_ui_tutorial
[2024-07-28T14:00:38.995-0500] {logging_mixin.py:188} INFO - [2024-07-28T14:00:38.995-0500] {dag.py:3947} INFO - Setting next_dagrun for example_params_ui_tutorial to None, run_after=None
[2024-07-28T14:00:39.001-0500] {processor.py:183} INFO - Processing /Users/alexkim/Desktop/Projects/ETL_Projects/redditviz/venv/lib/python3.12/site-packages/airflow/example_dags/example_params_ui_tutorial.py took 0.116 seconds
[2024-07-28T14:02:06.296-0500] {processor.py:161} INFO - Started process (PID=33276) to work on /Users/alexkim/Desktop/Projects/ETL_Projects/redditviz/venv/lib/python3.12/site-packages/airflow/example_dags/example_params_ui_tutorial.py
[2024-07-28T14:02:06.297-0500] {processor.py:830} INFO - Processing file /Users/alexkim/Desktop/Projects/ETL_Projects/redditviz/venv/lib/python3.12/site-packages/airflow/example_dags/example_params_ui_tutorial.py for tasks to queue
[2024-07-28T14:02:06.297-0500] {logging_mixin.py:188} INFO - [2024-07-28T14:02:06.297-0500] {dagbag.py:545} INFO - Filling up the DagBag from /Users/alexkim/Desktop/Projects/ETL_Projects/redditviz/venv/lib/python3.12/site-packages/airflow/example_dags/example_params_ui_tutorial.py
[2024-07-28T14:02:06.310-0500] {processor.py:840} INFO - DAG(s) 'example_params_ui_tutorial' retrieved from /Users/alexkim/Desktop/Projects/ETL_Projects/redditviz/venv/lib/python3.12/site-packages/airflow/example_dags/example_params_ui_tutorial.py
[2024-07-28T14:02:06.347-0500] {logging_mixin.py:188} INFO - [2024-07-28T14:02:06.346-0500] {dag.py:3089} INFO - Sync 1 DAGs
[2024-07-28T14:02:06.349-0500] {logging_mixin.py:188} INFO - [2024-07-28T14:02:06.349-0500] {dag.py:3947} INFO - Setting next_dagrun for example_params_ui_tutorial to None, run_after=None
[2024-07-28T14:02:06.355-0500] {processor.py:183} INFO - Processing /Users/alexkim/Desktop/Projects/ETL_Projects/redditviz/venv/lib/python3.12/site-packages/airflow/example_dags/example_params_ui_tutorial.py took 0.060 seconds
[2024-07-28T14:03:41.939-0500] {processor.py:161} INFO - Started process (PID=33364) to work on /Users/alexkim/Desktop/Projects/ETL_Projects/redditviz/venv/lib/python3.12/site-packages/airflow/example_dags/example_params_ui_tutorial.py
[2024-07-28T14:03:41.942-0500] {processor.py:830} INFO - Processing file /Users/alexkim/Desktop/Projects/ETL_Projects/redditviz/venv/lib/python3.12/site-packages/airflow/example_dags/example_params_ui_tutorial.py for tasks to queue
[2024-07-28T14:03:41.943-0500] {logging_mixin.py:188} INFO - [2024-07-28T14:03:41.943-0500] {dagbag.py:545} INFO - Filling up the DagBag from /Users/alexkim/Desktop/Projects/ETL_Projects/redditviz/venv/lib/python3.12/site-packages/airflow/example_dags/example_params_ui_tutorial.py
[2024-07-28T14:03:41.963-0500] {processor.py:840} INFO - DAG(s) 'example_params_ui_tutorial' retrieved from /Users/alexkim/Desktop/Projects/ETL_Projects/redditviz/venv/lib/python3.12/site-packages/airflow/example_dags/example_params_ui_tutorial.py
[2024-07-28T14:03:42.000-0500] {logging_mixin.py:188} INFO - [2024-07-28T14:03:42.000-0500] {dag.py:3089} INFO - Sync 1 DAGs
[2024-07-28T14:03:42.003-0500] {logging_mixin.py:188} INFO - [2024-07-28T14:03:42.003-0500] {dag.py:3947} INFO - Setting next_dagrun for example_params_ui_tutorial to None, run_after=None
[2024-07-28T14:03:42.008-0500] {processor.py:183} INFO - Processing /Users/alexkim/Desktop/Projects/ETL_Projects/redditviz/venv/lib/python3.12/site-packages/airflow/example_dags/example_params_ui_tutorial.py took 0.070 seconds
[2024-07-28T14:05:27.230-0500] {processor.py:161} INFO - Started process (PID=33491) to work on /Users/alexkim/Desktop/Projects/ETL_Projects/redditviz/venv/lib/python3.12/site-packages/airflow/example_dags/example_params_ui_tutorial.py
[2024-07-28T14:05:27.230-0500] {processor.py:830} INFO - Processing file /Users/alexkim/Desktop/Projects/ETL_Projects/redditviz/venv/lib/python3.12/site-packages/airflow/example_dags/example_params_ui_tutorial.py for tasks to queue
[2024-07-28T14:05:27.231-0500] {logging_mixin.py:188} INFO - [2024-07-28T14:05:27.231-0500] {dagbag.py:545} INFO - Filling up the DagBag from /Users/alexkim/Desktop/Projects/ETL_Projects/redditviz/venv/lib/python3.12/site-packages/airflow/example_dags/example_params_ui_tutorial.py
[2024-07-28T14:05:27.243-0500] {processor.py:840} INFO - DAG(s) 'example_params_ui_tutorial' retrieved from /Users/alexkim/Desktop/Projects/ETL_Projects/redditviz/venv/lib/python3.12/site-packages/airflow/example_dags/example_params_ui_tutorial.py
[2024-07-28T14:05:27.280-0500] {logging_mixin.py:188} INFO - [2024-07-28T14:05:27.280-0500] {dag.py:3089} INFO - Sync 1 DAGs
[2024-07-28T14:05:27.283-0500] {logging_mixin.py:188} INFO - [2024-07-28T14:05:27.283-0500] {dag.py:3947} INFO - Setting next_dagrun for example_params_ui_tutorial to None, run_after=None
[2024-07-28T14:05:27.288-0500] {processor.py:183} INFO - Processing /Users/alexkim/Desktop/Projects/ETL_Projects/redditviz/venv/lib/python3.12/site-packages/airflow/example_dags/example_params_ui_tutorial.py took 0.059 seconds
[2024-07-28T14:07:23.344-0500] {processor.py:161} INFO - Started process (PID=33677) to work on /Users/alexkim/Desktop/Projects/ETL_Projects/redditviz/venv/lib/python3.12/site-packages/airflow/example_dags/example_params_ui_tutorial.py
[2024-07-28T14:07:23.345-0500] {processor.py:830} INFO - Processing file /Users/alexkim/Desktop/Projects/ETL_Projects/redditviz/venv/lib/python3.12/site-packages/airflow/example_dags/example_params_ui_tutorial.py for tasks to queue
[2024-07-28T14:07:23.345-0500] {logging_mixin.py:188} INFO - [2024-07-28T14:07:23.345-0500] {dagbag.py:545} INFO - Filling up the DagBag from /Users/alexkim/Desktop/Projects/ETL_Projects/redditviz/venv/lib/python3.12/site-packages/airflow/example_dags/example_params_ui_tutorial.py
[2024-07-28T14:07:23.357-0500] {processor.py:840} INFO - DAG(s) 'example_params_ui_tutorial' retrieved from /Users/alexkim/Desktop/Projects/ETL_Projects/redditviz/venv/lib/python3.12/site-packages/airflow/example_dags/example_params_ui_tutorial.py
[2024-07-28T14:07:23.395-0500] {logging_mixin.py:188} INFO - [2024-07-28T14:07:23.395-0500] {dag.py:3089} INFO - Sync 1 DAGs
[2024-07-28T14:07:23.398-0500] {logging_mixin.py:188} INFO - [2024-07-28T14:07:23.398-0500] {dag.py:3947} INFO - Setting next_dagrun for example_params_ui_tutorial to None, run_after=None
[2024-07-28T14:07:23.404-0500] {processor.py:183} INFO - Processing /Users/alexkim/Desktop/Projects/ETL_Projects/redditviz/venv/lib/python3.12/site-packages/airflow/example_dags/example_params_ui_tutorial.py took 0.060 seconds
[2024-07-28T14:09:21.000-0500] {processor.py:161} INFO - Started process (PID=33803) to work on /Users/alexkim/Desktop/Projects/ETL_Projects/redditviz/venv/lib/python3.12/site-packages/airflow/example_dags/example_params_ui_tutorial.py
[2024-07-28T14:09:21.001-0500] {processor.py:830} INFO - Processing file /Users/alexkim/Desktop/Projects/ETL_Projects/redditviz/venv/lib/python3.12/site-packages/airflow/example_dags/example_params_ui_tutorial.py for tasks to queue
[2024-07-28T14:09:21.001-0500] {logging_mixin.py:188} INFO - [2024-07-28T14:09:21.001-0500] {dagbag.py:545} INFO - Filling up the DagBag from /Users/alexkim/Desktop/Projects/ETL_Projects/redditviz/venv/lib/python3.12/site-packages/airflow/example_dags/example_params_ui_tutorial.py
[2024-07-28T14:09:21.014-0500] {processor.py:840} INFO - DAG(s) 'example_params_ui_tutorial' retrieved from /Users/alexkim/Desktop/Projects/ETL_Projects/redditviz/venv/lib/python3.12/site-packages/airflow/example_dags/example_params_ui_tutorial.py
[2024-07-28T14:09:21.050-0500] {logging_mixin.py:188} INFO - [2024-07-28T14:09:21.050-0500] {dag.py:3089} INFO - Sync 1 DAGs
[2024-07-28T14:09:21.053-0500] {logging_mixin.py:188} INFO - [2024-07-28T14:09:21.053-0500] {dag.py:3947} INFO - Setting next_dagrun for example_params_ui_tutorial to None, run_after=None
[2024-07-28T14:09:21.059-0500] {processor.py:183} INFO - Processing /Users/alexkim/Desktop/Projects/ETL_Projects/redditviz/venv/lib/python3.12/site-packages/airflow/example_dags/example_params_ui_tutorial.py took 0.060 seconds
[2024-07-28T14:11:22.905-0500] {processor.py:161} INFO - Started process (PID=33922) to work on /Users/alexkim/Desktop/Projects/ETL_Projects/redditviz/venv/lib/python3.12/site-packages/airflow/example_dags/example_params_ui_tutorial.py
[2024-07-28T14:11:22.906-0500] {processor.py:830} INFO - Processing file /Users/alexkim/Desktop/Projects/ETL_Projects/redditviz/venv/lib/python3.12/site-packages/airflow/example_dags/example_params_ui_tutorial.py for tasks to queue
[2024-07-28T14:11:22.906-0500] {logging_mixin.py:188} INFO - [2024-07-28T14:11:22.906-0500] {dagbag.py:545} INFO - Filling up the DagBag from /Users/alexkim/Desktop/Projects/ETL_Projects/redditviz/venv/lib/python3.12/site-packages/airflow/example_dags/example_params_ui_tutorial.py
[2024-07-28T14:11:22.920-0500] {processor.py:840} INFO - DAG(s) 'example_params_ui_tutorial' retrieved from /Users/alexkim/Desktop/Projects/ETL_Projects/redditviz/venv/lib/python3.12/site-packages/airflow/example_dags/example_params_ui_tutorial.py
[2024-07-28T14:11:22.961-0500] {logging_mixin.py:188} INFO - [2024-07-28T14:11:22.960-0500] {dag.py:3089} INFO - Sync 1 DAGs
[2024-07-28T14:11:22.964-0500] {logging_mixin.py:188} INFO - [2024-07-28T14:11:22.964-0500] {dag.py:3947} INFO - Setting next_dagrun for example_params_ui_tutorial to None, run_after=None
[2024-07-28T14:11:22.970-0500] {processor.py:183} INFO - Processing /Users/alexkim/Desktop/Projects/ETL_Projects/redditviz/venv/lib/python3.12/site-packages/airflow/example_dags/example_params_ui_tutorial.py took 0.066 seconds
[2024-07-28T14:13:20.462-0500] {processor.py:161} INFO - Started process (PID=34055) to work on /Users/alexkim/Desktop/Projects/ETL_Projects/redditviz/venv/lib/python3.12/site-packages/airflow/example_dags/example_params_ui_tutorial.py
[2024-07-28T14:13:20.463-0500] {processor.py:830} INFO - Processing file /Users/alexkim/Desktop/Projects/ETL_Projects/redditviz/venv/lib/python3.12/site-packages/airflow/example_dags/example_params_ui_tutorial.py for tasks to queue
[2024-07-28T14:13:20.463-0500] {logging_mixin.py:188} INFO - [2024-07-28T14:13:20.463-0500] {dagbag.py:545} INFO - Filling up the DagBag from /Users/alexkim/Desktop/Projects/ETL_Projects/redditviz/venv/lib/python3.12/site-packages/airflow/example_dags/example_params_ui_tutorial.py
[2024-07-28T14:13:20.476-0500] {processor.py:840} INFO - DAG(s) 'example_params_ui_tutorial' retrieved from /Users/alexkim/Desktop/Projects/ETL_Projects/redditviz/venv/lib/python3.12/site-packages/airflow/example_dags/example_params_ui_tutorial.py
[2024-07-28T14:13:20.514-0500] {logging_mixin.py:188} INFO - [2024-07-28T14:13:20.514-0500] {dag.py:3089} INFO - Sync 1 DAGs
[2024-07-28T14:13:20.517-0500] {logging_mixin.py:188} INFO - [2024-07-28T14:13:20.517-0500] {dag.py:3947} INFO - Setting next_dagrun for example_params_ui_tutorial to None, run_after=None
[2024-07-28T14:13:20.522-0500] {processor.py:183} INFO - Processing /Users/alexkim/Desktop/Projects/ETL_Projects/redditviz/venv/lib/python3.12/site-packages/airflow/example_dags/example_params_ui_tutorial.py took 0.061 seconds
