[2024-07-28T14:00:29.852-0500] {processor.py:161} INFO - Started process (PID=33183) to work on /Users/alexkim/Desktop/Projects/ETL_Projects/redditviz/venv/lib/python3.12/site-packages/airflow/example_dags/example_sensors.py
[2024-07-28T14:00:29.852-0500] {processor.py:830} INFO - Processing file /Users/alexkim/Desktop/Projects/ETL_Projects/redditviz/venv/lib/python3.12/site-packages/airflow/example_dags/example_sensors.py for tasks to queue
[2024-07-28T14:00:29.853-0500] {logging_mixin.py:188} INFO - [2024-07-28T14:00:29.852-0500] {dagbag.py:545} INFO - Filling up the DagBag from /Users/alexkim/Desktop/Projects/ETL_Projects/redditviz/venv/lib/python3.12/site-packages/airflow/example_dags/example_sensors.py
[2024-07-28T14:00:29.858-0500] {processor.py:840} INFO - DAG(s) 'example_sensors' retrieved from /Users/alexkim/Desktop/Projects/ETL_Projects/redditviz/venv/lib/python3.12/site-packages/airflow/example_dags/example_sensors.py
[2024-07-28T14:00:29.920-0500] {logging_mixin.py:188} INFO - [2024-07-28T14:00:29.920-0500] {override.py:1858} INFO - Created Permission View: can delete on DAG:example_sensors
[2024-07-28T14:00:29.923-0500] {logging_mixin.py:188} INFO - [2024-07-28T14:00:29.923-0500] {override.py:1858} INFO - Created Permission View: can read on DAG:example_sensors
[2024-07-28T14:00:29.924-0500] {logging_mixin.py:188} INFO - [2024-07-28T14:00:29.924-0500] {override.py:1858} INFO - Created Permission View: can edit on DAG:example_sensors
[2024-07-28T14:00:29.924-0500] {logging_mixin.py:188} INFO - [2024-07-28T14:00:29.924-0500] {dag.py:3089} INFO - Sync 1 DAGs
[2024-07-28T14:00:29.927-0500] {logging_mixin.py:188} INFO - [2024-07-28T14:00:29.927-0500] {dag.py:3111} INFO - Creating ORM DAG for example_sensors
[2024-07-28T14:00:29.928-0500] {logging_mixin.py:188} INFO - [2024-07-28T14:00:29.927-0500] {dag.py:3947} INFO - Setting next_dagrun for example_sensors to None, run_after=None
[2024-07-28T14:00:29.933-0500] {processor.py:183} INFO - Processing /Users/alexkim/Desktop/Projects/ETL_Projects/redditviz/venv/lib/python3.12/site-packages/airflow/example_dags/example_sensors.py took 0.081 seconds
[2024-07-28T14:01:58.910-0500] {processor.py:161} INFO - Started process (PID=33271) to work on /Users/alexkim/Desktop/Projects/ETL_Projects/redditviz/venv/lib/python3.12/site-packages/airflow/example_dags/example_sensors.py
[2024-07-28T14:01:58.911-0500] {processor.py:830} INFO - Processing file /Users/alexkim/Desktop/Projects/ETL_Projects/redditviz/venv/lib/python3.12/site-packages/airflow/example_dags/example_sensors.py for tasks to queue
[2024-07-28T14:01:58.911-0500] {logging_mixin.py:188} INFO - [2024-07-28T14:01:58.911-0500] {dagbag.py:545} INFO - Filling up the DagBag from /Users/alexkim/Desktop/Projects/ETL_Projects/redditviz/venv/lib/python3.12/site-packages/airflow/example_dags/example_sensors.py
[2024-07-28T14:01:58.919-0500] {processor.py:840} INFO - DAG(s) 'example_sensors' retrieved from /Users/alexkim/Desktop/Projects/ETL_Projects/redditviz/venv/lib/python3.12/site-packages/airflow/example_dags/example_sensors.py
[2024-07-28T14:01:58.958-0500] {logging_mixin.py:188} INFO - [2024-07-28T14:01:58.958-0500] {dag.py:3089} INFO - Sync 1 DAGs
[2024-07-28T14:01:58.961-0500] {logging_mixin.py:188} INFO - [2024-07-28T14:01:58.961-0500] {dag.py:3947} INFO - Setting next_dagrun for example_sensors to None, run_after=None
[2024-07-28T14:01:58.967-0500] {processor.py:183} INFO - Processing /Users/alexkim/Desktop/Projects/ETL_Projects/redditviz/venv/lib/python3.12/site-packages/airflow/example_dags/example_sensors.py took 0.058 seconds
[2024-07-28T14:03:34.511-0500] {processor.py:161} INFO - Started process (PID=33358) to work on /Users/alexkim/Desktop/Projects/ETL_Projects/redditviz/venv/lib/python3.12/site-packages/airflow/example_dags/example_sensors.py
[2024-07-28T14:03:34.511-0500] {processor.py:830} INFO - Processing file /Users/alexkim/Desktop/Projects/ETL_Projects/redditviz/venv/lib/python3.12/site-packages/airflow/example_dags/example_sensors.py for tasks to queue
[2024-07-28T14:03:34.511-0500] {logging_mixin.py:188} INFO - [2024-07-28T14:03:34.511-0500] {dagbag.py:545} INFO - Filling up the DagBag from /Users/alexkim/Desktop/Projects/ETL_Projects/redditviz/venv/lib/python3.12/site-packages/airflow/example_dags/example_sensors.py
[2024-07-28T14:03:34.518-0500] {processor.py:840} INFO - DAG(s) 'example_sensors' retrieved from /Users/alexkim/Desktop/Projects/ETL_Projects/redditviz/venv/lib/python3.12/site-packages/airflow/example_dags/example_sensors.py
[2024-07-28T14:03:34.559-0500] {logging_mixin.py:188} INFO - [2024-07-28T14:03:34.558-0500] {dag.py:3089} INFO - Sync 1 DAGs
[2024-07-28T14:03:34.562-0500] {logging_mixin.py:188} INFO - [2024-07-28T14:03:34.561-0500] {dag.py:3947} INFO - Setting next_dagrun for example_sensors to None, run_after=None
[2024-07-28T14:03:34.568-0500] {processor.py:183} INFO - Processing /Users/alexkim/Desktop/Projects/ETL_Projects/redditviz/venv/lib/python3.12/site-packages/airflow/example_dags/example_sensors.py took 0.058 seconds
[2024-07-28T14:05:19.607-0500] {processor.py:161} INFO - Started process (PID=33482) to work on /Users/alexkim/Desktop/Projects/ETL_Projects/redditviz/venv/lib/python3.12/site-packages/airflow/example_dags/example_sensors.py
[2024-07-28T14:05:19.608-0500] {processor.py:830} INFO - Processing file /Users/alexkim/Desktop/Projects/ETL_Projects/redditviz/venv/lib/python3.12/site-packages/airflow/example_dags/example_sensors.py for tasks to queue
[2024-07-28T14:05:19.608-0500] {logging_mixin.py:188} INFO - [2024-07-28T14:05:19.608-0500] {dagbag.py:545} INFO - Filling up the DagBag from /Users/alexkim/Desktop/Projects/ETL_Projects/redditviz/venv/lib/python3.12/site-packages/airflow/example_dags/example_sensors.py
[2024-07-28T14:05:19.616-0500] {processor.py:840} INFO - DAG(s) 'example_sensors' retrieved from /Users/alexkim/Desktop/Projects/ETL_Projects/redditviz/venv/lib/python3.12/site-packages/airflow/example_dags/example_sensors.py
[2024-07-28T14:05:19.659-0500] {logging_mixin.py:188} INFO - [2024-07-28T14:05:19.658-0500] {dag.py:3089} INFO - Sync 1 DAGs
[2024-07-28T14:05:19.662-0500] {logging_mixin.py:188} INFO - [2024-07-28T14:05:19.662-0500] {dag.py:3947} INFO - Setting next_dagrun for example_sensors to None, run_after=None
[2024-07-28T14:05:19.670-0500] {processor.py:183} INFO - Processing /Users/alexkim/Desktop/Projects/ETL_Projects/redditviz/venv/lib/python3.12/site-packages/airflow/example_dags/example_sensors.py took 0.064 seconds
[2024-07-28T14:07:14.750-0500] {processor.py:161} INFO - Started process (PID=33658) to work on /Users/alexkim/Desktop/Projects/ETL_Projects/redditviz/venv/lib/python3.12/site-packages/airflow/example_dags/example_sensors.py
[2024-07-28T14:07:14.750-0500] {processor.py:830} INFO - Processing file /Users/alexkim/Desktop/Projects/ETL_Projects/redditviz/venv/lib/python3.12/site-packages/airflow/example_dags/example_sensors.py for tasks to queue
[2024-07-28T14:07:14.750-0500] {logging_mixin.py:188} INFO - [2024-07-28T14:07:14.750-0500] {dagbag.py:545} INFO - Filling up the DagBag from /Users/alexkim/Desktop/Projects/ETL_Projects/redditviz/venv/lib/python3.12/site-packages/airflow/example_dags/example_sensors.py
[2024-07-28T14:07:14.757-0500] {processor.py:840} INFO - DAG(s) 'example_sensors' retrieved from /Users/alexkim/Desktop/Projects/ETL_Projects/redditviz/venv/lib/python3.12/site-packages/airflow/example_dags/example_sensors.py
[2024-07-28T14:07:14.792-0500] {logging_mixin.py:188} INFO - [2024-07-28T14:07:14.792-0500] {dag.py:3089} INFO - Sync 1 DAGs
[2024-07-28T14:07:14.795-0500] {logging_mixin.py:188} INFO - [2024-07-28T14:07:14.795-0500] {dag.py:3947} INFO - Setting next_dagrun for example_sensors to None, run_after=None
[2024-07-28T14:07:14.801-0500] {processor.py:183} INFO - Processing /Users/alexkim/Desktop/Projects/ETL_Projects/redditviz/venv/lib/python3.12/site-packages/airflow/example_dags/example_sensors.py took 0.053 seconds
[2024-07-28T14:09:12.539-0500] {processor.py:161} INFO - Started process (PID=33772) to work on /Users/alexkim/Desktop/Projects/ETL_Projects/redditviz/venv/lib/python3.12/site-packages/airflow/example_dags/example_sensors.py
[2024-07-28T14:09:12.539-0500] {processor.py:830} INFO - Processing file /Users/alexkim/Desktop/Projects/ETL_Projects/redditviz/venv/lib/python3.12/site-packages/airflow/example_dags/example_sensors.py for tasks to queue
[2024-07-28T14:09:12.540-0500] {logging_mixin.py:188} INFO - [2024-07-28T14:09:12.540-0500] {dagbag.py:545} INFO - Filling up the DagBag from /Users/alexkim/Desktop/Projects/ETL_Projects/redditviz/venv/lib/python3.12/site-packages/airflow/example_dags/example_sensors.py
[2024-07-28T14:09:12.546-0500] {processor.py:840} INFO - DAG(s) 'example_sensors' retrieved from /Users/alexkim/Desktop/Projects/ETL_Projects/redditviz/venv/lib/python3.12/site-packages/airflow/example_dags/example_sensors.py
[2024-07-28T14:09:12.581-0500] {logging_mixin.py:188} INFO - [2024-07-28T14:09:12.581-0500] {dag.py:3089} INFO - Sync 1 DAGs
[2024-07-28T14:09:12.583-0500] {logging_mixin.py:188} INFO - [2024-07-28T14:09:12.583-0500] {dag.py:3947} INFO - Setting next_dagrun for example_sensors to None, run_after=None
[2024-07-28T14:09:12.589-0500] {processor.py:183} INFO - Processing /Users/alexkim/Desktop/Projects/ETL_Projects/redditviz/venv/lib/python3.12/site-packages/airflow/example_dags/example_sensors.py took 0.051 seconds
[2024-07-28T14:11:13.933-0500] {processor.py:161} INFO - Started process (PID=33915) to work on /Users/alexkim/Desktop/Projects/ETL_Projects/redditviz/venv/lib/python3.12/site-packages/airflow/example_dags/example_sensors.py
[2024-07-28T14:11:13.935-0500] {processor.py:830} INFO - Processing file /Users/alexkim/Desktop/Projects/ETL_Projects/redditviz/venv/lib/python3.12/site-packages/airflow/example_dags/example_sensors.py for tasks to queue
[2024-07-28T14:11:13.935-0500] {logging_mixin.py:188} INFO - [2024-07-28T14:11:13.935-0500] {dagbag.py:545} INFO - Filling up the DagBag from /Users/alexkim/Desktop/Projects/ETL_Projects/redditviz/venv/lib/python3.12/site-packages/airflow/example_dags/example_sensors.py
[2024-07-28T14:11:13.943-0500] {processor.py:840} INFO - DAG(s) 'example_sensors' retrieved from /Users/alexkim/Desktop/Projects/ETL_Projects/redditviz/venv/lib/python3.12/site-packages/airflow/example_dags/example_sensors.py
[2024-07-28T14:11:14.009-0500] {logging_mixin.py:188} INFO - [2024-07-28T14:11:14.009-0500] {dag.py:3089} INFO - Sync 1 DAGs
[2024-07-28T14:11:14.012-0500] {logging_mixin.py:188} INFO - [2024-07-28T14:11:14.012-0500] {dag.py:3947} INFO - Setting next_dagrun for example_sensors to None, run_after=None
[2024-07-28T14:11:14.019-0500] {processor.py:183} INFO - Processing /Users/alexkim/Desktop/Projects/ETL_Projects/redditviz/venv/lib/python3.12/site-packages/airflow/example_dags/example_sensors.py took 0.088 seconds
[2024-07-28T14:13:11.539-0500] {processor.py:161} INFO - Started process (PID=34038) to work on /Users/alexkim/Desktop/Projects/ETL_Projects/redditviz/venv/lib/python3.12/site-packages/airflow/example_dags/example_sensors.py
[2024-07-28T14:13:11.540-0500] {processor.py:830} INFO - Processing file /Users/alexkim/Desktop/Projects/ETL_Projects/redditviz/venv/lib/python3.12/site-packages/airflow/example_dags/example_sensors.py for tasks to queue
[2024-07-28T14:13:11.540-0500] {logging_mixin.py:188} INFO - [2024-07-28T14:13:11.540-0500] {dagbag.py:545} INFO - Filling up the DagBag from /Users/alexkim/Desktop/Projects/ETL_Projects/redditviz/venv/lib/python3.12/site-packages/airflow/example_dags/example_sensors.py
[2024-07-28T14:13:11.547-0500] {processor.py:840} INFO - DAG(s) 'example_sensors' retrieved from /Users/alexkim/Desktop/Projects/ETL_Projects/redditviz/venv/lib/python3.12/site-packages/airflow/example_dags/example_sensors.py
[2024-07-28T14:13:11.587-0500] {logging_mixin.py:188} INFO - [2024-07-28T14:13:11.587-0500] {dag.py:3089} INFO - Sync 1 DAGs
[2024-07-28T14:13:11.590-0500] {logging_mixin.py:188} INFO - [2024-07-28T14:13:11.590-0500] {dag.py:3947} INFO - Setting next_dagrun for example_sensors to None, run_after=None
[2024-07-28T14:13:11.596-0500] {processor.py:183} INFO - Processing /Users/alexkim/Desktop/Projects/ETL_Projects/redditviz/venv/lib/python3.12/site-packages/airflow/example_dags/example_sensors.py took 0.059 seconds
