[2024-07-28T14:00:07.511-0500] {processor.py:161} INFO - Started process (PID=33169) to work on /Users/alexkim/Desktop/Projects/ETL_Projects/redditviz/venv/lib/python3.12/site-packages/airflow/example_dags/example_xcom.py
[2024-07-28T14:00:07.511-0500] {processor.py:830} INFO - Processing file /Users/alexkim/Desktop/Projects/ETL_Projects/redditviz/venv/lib/python3.12/site-packages/airflow/example_dags/example_xcom.py for tasks to queue
[2024-07-28T14:00:07.511-0500] {logging_mixin.py:188} INFO - [2024-07-28T14:00:07.511-0500] {dagbag.py:545} INFO - Filling up the DagBag from /Users/alexkim/Desktop/Projects/ETL_Projects/redditviz/venv/lib/python3.12/site-packages/airflow/example_dags/example_xcom.py
[2024-07-28T14:00:07.524-0500] {processor.py:840} INFO - DAG(s) 'example_xcom' retrieved from /Users/alexkim/Desktop/Projects/ETL_Projects/redditviz/venv/lib/python3.12/site-packages/airflow/example_dags/example_xcom.py
[2024-07-28T14:00:07.581-0500] {logging_mixin.py:188} INFO - [2024-07-28T14:00:07.581-0500] {override.py:1858} INFO - Created Permission View: can read on DAG:example_xcom
[2024-07-28T14:00:07.584-0500] {logging_mixin.py:188} INFO - [2024-07-28T14:00:07.584-0500] {override.py:1858} INFO - Created Permission View: can edit on DAG:example_xcom
[2024-07-28T14:00:07.585-0500] {logging_mixin.py:188} INFO - [2024-07-28T14:00:07.585-0500] {override.py:1858} INFO - Created Permission View: can delete on DAG:example_xcom
[2024-07-28T14:00:07.585-0500] {logging_mixin.py:188} INFO - [2024-07-28T14:00:07.585-0500] {dag.py:3089} INFO - Sync 1 DAGs
[2024-07-28T14:00:07.589-0500] {logging_mixin.py:188} INFO - [2024-07-28T14:00:07.589-0500] {dag.py:3111} INFO - Creating ORM DAG for example_xcom
[2024-07-28T14:00:07.591-0500] {logging_mixin.py:188} INFO - [2024-07-28T14:00:07.591-0500] {dag.py:3947} INFO - Setting next_dagrun for example_xcom to 2021-01-01 00:00:00+00:00, run_after=2021-01-01 00:00:00+00:00
[2024-07-28T14:00:07.596-0500] {processor.py:183} INFO - Processing /Users/alexkim/Desktop/Projects/ETL_Projects/redditviz/venv/lib/python3.12/site-packages/airflow/example_dags/example_xcom.py took 0.086 seconds
[2024-07-28T14:01:38.855-0500] {processor.py:161} INFO - Started process (PID=33253) to work on /Users/alexkim/Desktop/Projects/ETL_Projects/redditviz/venv/lib/python3.12/site-packages/airflow/example_dags/example_xcom.py
[2024-07-28T14:01:38.856-0500] {processor.py:830} INFO - Processing file /Users/alexkim/Desktop/Projects/ETL_Projects/redditviz/venv/lib/python3.12/site-packages/airflow/example_dags/example_xcom.py for tasks to queue
[2024-07-28T14:01:38.857-0500] {logging_mixin.py:188} INFO - [2024-07-28T14:01:38.856-0500] {dagbag.py:545} INFO - Filling up the DagBag from /Users/alexkim/Desktop/Projects/ETL_Projects/redditviz/venv/lib/python3.12/site-packages/airflow/example_dags/example_xcom.py
[2024-07-28T14:01:38.869-0500] {processor.py:840} INFO - DAG(s) 'example_xcom' retrieved from /Users/alexkim/Desktop/Projects/ETL_Projects/redditviz/venv/lib/python3.12/site-packages/airflow/example_dags/example_xcom.py
[2024-07-28T14:01:38.899-0500] {logging_mixin.py:188} INFO - [2024-07-28T14:01:38.899-0500] {dag.py:3089} INFO - Sync 1 DAGs
[2024-07-28T14:01:38.904-0500] {logging_mixin.py:188} INFO - [2024-07-28T14:01:38.904-0500] {dag.py:3947} INFO - Setting next_dagrun for example_xcom to 2021-01-01 00:00:00+00:00, run_after=2021-01-01 00:00:00+00:00
[2024-07-28T14:01:38.910-0500] {processor.py:183} INFO - Processing /Users/alexkim/Desktop/Projects/ETL_Projects/redditviz/venv/lib/python3.12/site-packages/airflow/example_dags/example_xcom.py took 0.057 seconds
[2024-07-28T14:02:32.782-0500] {processor.py:161} INFO - Started process (PID=33305) to work on /Users/alexkim/Desktop/Projects/ETL_Projects/redditviz/venv/lib/python3.12/site-packages/airflow/example_dags/example_xcom.py
[2024-07-28T14:02:32.782-0500] {processor.py:830} INFO - Processing file /Users/alexkim/Desktop/Projects/ETL_Projects/redditviz/venv/lib/python3.12/site-packages/airflow/example_dags/example_xcom.py for tasks to queue
[2024-07-28T14:02:32.783-0500] {logging_mixin.py:188} INFO - [2024-07-28T14:02:32.783-0500] {dagbag.py:545} INFO - Filling up the DagBag from /Users/alexkim/Desktop/Projects/ETL_Projects/redditviz/venv/lib/python3.12/site-packages/airflow/example_dags/example_xcom.py
[2024-07-28T14:02:32.796-0500] {processor.py:840} INFO - DAG(s) 'example_xcom' retrieved from /Users/alexkim/Desktop/Projects/ETL_Projects/redditviz/venv/lib/python3.12/site-packages/airflow/example_dags/example_xcom.py
[2024-07-28T14:02:32.832-0500] {logging_mixin.py:188} INFO - [2024-07-28T14:02:32.832-0500] {dag.py:3089} INFO - Sync 1 DAGs
[2024-07-28T14:02:32.837-0500] {logging_mixin.py:188} INFO - [2024-07-28T14:02:32.837-0500] {dag.py:3947} INFO - Setting next_dagrun for example_xcom to 2021-01-01 00:00:00+00:00, run_after=2021-01-01 00:00:00+00:00
[2024-07-28T14:02:32.844-0500] {processor.py:183} INFO - Processing /Users/alexkim/Desktop/Projects/ETL_Projects/redditviz/venv/lib/python3.12/site-packages/airflow/example_dags/example_xcom.py took 0.063 seconds
[2024-07-28T14:04:07.933-0500] {processor.py:161} INFO - Started process (PID=33395) to work on /Users/alexkim/Desktop/Projects/ETL_Projects/redditviz/venv/lib/python3.12/site-packages/airflow/example_dags/example_xcom.py
[2024-07-28T14:04:07.933-0500] {processor.py:830} INFO - Processing file /Users/alexkim/Desktop/Projects/ETL_Projects/redditviz/venv/lib/python3.12/site-packages/airflow/example_dags/example_xcom.py for tasks to queue
[2024-07-28T14:04:07.934-0500] {logging_mixin.py:188} INFO - [2024-07-28T14:04:07.934-0500] {dagbag.py:545} INFO - Filling up the DagBag from /Users/alexkim/Desktop/Projects/ETL_Projects/redditviz/venv/lib/python3.12/site-packages/airflow/example_dags/example_xcom.py
[2024-07-28T14:04:07.946-0500] {processor.py:840} INFO - DAG(s) 'example_xcom' retrieved from /Users/alexkim/Desktop/Projects/ETL_Projects/redditviz/venv/lib/python3.12/site-packages/airflow/example_dags/example_xcom.py
[2024-07-28T14:04:07.975-0500] {logging_mixin.py:188} INFO - [2024-07-28T14:04:07.975-0500] {dag.py:3089} INFO - Sync 1 DAGs
[2024-07-28T14:04:07.980-0500] {logging_mixin.py:188} INFO - [2024-07-28T14:04:07.979-0500] {dag.py:3947} INFO - Setting next_dagrun for example_xcom to 2021-01-01 00:00:00+00:00, run_after=2021-01-01 00:00:00+00:00
[2024-07-28T14:04:07.985-0500] {processor.py:183} INFO - Processing /Users/alexkim/Desktop/Projects/ETL_Projects/redditviz/venv/lib/python3.12/site-packages/airflow/example_dags/example_xcom.py took 0.053 seconds
[2024-07-28T14:04:58.596-0500] {processor.py:161} INFO - Started process (PID=33457) to work on /Users/alexkim/Desktop/Projects/ETL_Projects/redditviz/venv/lib/python3.12/site-packages/airflow/example_dags/example_xcom.py
[2024-07-28T14:04:58.597-0500] {processor.py:830} INFO - Processing file /Users/alexkim/Desktop/Projects/ETL_Projects/redditviz/venv/lib/python3.12/site-packages/airflow/example_dags/example_xcom.py for tasks to queue
[2024-07-28T14:04:58.598-0500] {logging_mixin.py:188} INFO - [2024-07-28T14:04:58.597-0500] {dagbag.py:545} INFO - Filling up the DagBag from /Users/alexkim/Desktop/Projects/ETL_Projects/redditviz/venv/lib/python3.12/site-packages/airflow/example_dags/example_xcom.py
[2024-07-28T14:04:58.616-0500] {processor.py:840} INFO - DAG(s) 'example_xcom' retrieved from /Users/alexkim/Desktop/Projects/ETL_Projects/redditviz/venv/lib/python3.12/site-packages/airflow/example_dags/example_xcom.py
[2024-07-28T14:04:58.653-0500] {logging_mixin.py:188} INFO - [2024-07-28T14:04:58.653-0500] {dag.py:3089} INFO - Sync 1 DAGs
[2024-07-28T14:04:58.659-0500] {logging_mixin.py:188} INFO - [2024-07-28T14:04:58.659-0500] {dag.py:3947} INFO - Setting next_dagrun for example_xcom to 2021-01-01 00:00:00+00:00, run_after=2021-01-01 00:00:00+00:00
[2024-07-28T14:04:58.670-0500] {processor.py:183} INFO - Processing /Users/alexkim/Desktop/Projects/ETL_Projects/redditviz/venv/lib/python3.12/site-packages/airflow/example_dags/example_xcom.py took 0.075 seconds
[2024-07-28T14:05:54.877-0500] {processor.py:161} INFO - Started process (PID=33564) to work on /Users/alexkim/Desktop/Projects/ETL_Projects/redditviz/venv/lib/python3.12/site-packages/airflow/example_dags/example_xcom.py
[2024-07-28T14:05:54.877-0500] {processor.py:830} INFO - Processing file /Users/alexkim/Desktop/Projects/ETL_Projects/redditviz/venv/lib/python3.12/site-packages/airflow/example_dags/example_xcom.py for tasks to queue
[2024-07-28T14:05:54.878-0500] {logging_mixin.py:188} INFO - [2024-07-28T14:05:54.877-0500] {dagbag.py:545} INFO - Filling up the DagBag from /Users/alexkim/Desktop/Projects/ETL_Projects/redditviz/venv/lib/python3.12/site-packages/airflow/example_dags/example_xcom.py
[2024-07-28T14:05:54.894-0500] {processor.py:840} INFO - DAG(s) 'example_xcom' retrieved from /Users/alexkim/Desktop/Projects/ETL_Projects/redditviz/venv/lib/python3.12/site-packages/airflow/example_dags/example_xcom.py
[2024-07-28T14:05:54.923-0500] {logging_mixin.py:188} INFO - [2024-07-28T14:05:54.923-0500] {dag.py:3089} INFO - Sync 1 DAGs
[2024-07-28T14:05:54.928-0500] {logging_mixin.py:188} INFO - [2024-07-28T14:05:54.928-0500] {dag.py:3947} INFO - Setting next_dagrun for example_xcom to 2021-01-01 00:00:00+00:00, run_after=2021-01-01 00:00:00+00:00
[2024-07-28T14:05:54.934-0500] {processor.py:183} INFO - Processing /Users/alexkim/Desktop/Projects/ETL_Projects/redditviz/venv/lib/python3.12/site-packages/airflow/example_dags/example_xcom.py took 0.058 seconds
[2024-07-28T14:06:53.405-0500] {processor.py:161} INFO - Started process (PID=33619) to work on /Users/alexkim/Desktop/Projects/ETL_Projects/redditviz/venv/lib/python3.12/site-packages/airflow/example_dags/example_xcom.py
[2024-07-28T14:06:53.406-0500] {processor.py:830} INFO - Processing file /Users/alexkim/Desktop/Projects/ETL_Projects/redditviz/venv/lib/python3.12/site-packages/airflow/example_dags/example_xcom.py for tasks to queue
[2024-07-28T14:06:53.406-0500] {logging_mixin.py:188} INFO - [2024-07-28T14:06:53.406-0500] {dagbag.py:545} INFO - Filling up the DagBag from /Users/alexkim/Desktop/Projects/ETL_Projects/redditviz/venv/lib/python3.12/site-packages/airflow/example_dags/example_xcom.py
[2024-07-28T14:06:53.419-0500] {processor.py:840} INFO - DAG(s) 'example_xcom' retrieved from /Users/alexkim/Desktop/Projects/ETL_Projects/redditviz/venv/lib/python3.12/site-packages/airflow/example_dags/example_xcom.py
[2024-07-28T14:06:53.454-0500] {logging_mixin.py:188} INFO - [2024-07-28T14:06:53.454-0500] {dag.py:3089} INFO - Sync 1 DAGs
[2024-07-28T14:06:53.459-0500] {logging_mixin.py:188} INFO - [2024-07-28T14:06:53.459-0500] {dag.py:3947} INFO - Setting next_dagrun for example_xcom to 2021-01-01 00:00:00+00:00, run_after=2021-01-01 00:00:00+00:00
[2024-07-28T14:06:53.465-0500] {processor.py:183} INFO - Processing /Users/alexkim/Desktop/Projects/ETL_Projects/redditviz/venv/lib/python3.12/site-packages/airflow/example_dags/example_xcom.py took 0.061 seconds
[2024-07-28T14:07:56.060-0500] {processor.py:161} INFO - Started process (PID=33706) to work on /Users/alexkim/Desktop/Projects/ETL_Projects/redditviz/venv/lib/python3.12/site-packages/airflow/example_dags/example_xcom.py
[2024-07-28T14:07:56.060-0500] {processor.py:830} INFO - Processing file /Users/alexkim/Desktop/Projects/ETL_Projects/redditviz/venv/lib/python3.12/site-packages/airflow/example_dags/example_xcom.py for tasks to queue
[2024-07-28T14:07:56.061-0500] {logging_mixin.py:188} INFO - [2024-07-28T14:07:56.061-0500] {dagbag.py:545} INFO - Filling up the DagBag from /Users/alexkim/Desktop/Projects/ETL_Projects/redditviz/venv/lib/python3.12/site-packages/airflow/example_dags/example_xcom.py
[2024-07-28T14:07:56.075-0500] {processor.py:840} INFO - DAG(s) 'example_xcom' retrieved from /Users/alexkim/Desktop/Projects/ETL_Projects/redditviz/venv/lib/python3.12/site-packages/airflow/example_dags/example_xcom.py
[2024-07-28T14:07:56.111-0500] {logging_mixin.py:188} INFO - [2024-07-28T14:07:56.111-0500] {dag.py:3089} INFO - Sync 1 DAGs
[2024-07-28T14:07:56.117-0500] {logging_mixin.py:188} INFO - [2024-07-28T14:07:56.116-0500] {dag.py:3947} INFO - Setting next_dagrun for example_xcom to 2021-01-01 00:00:00+00:00, run_after=2021-01-01 00:00:00+00:00
[2024-07-28T14:07:56.123-0500] {processor.py:183} INFO - Processing /Users/alexkim/Desktop/Projects/ETL_Projects/redditviz/venv/lib/python3.12/site-packages/airflow/example_dags/example_xcom.py took 0.064 seconds
[2024-07-28T14:08:53.098-0500] {processor.py:161} INFO - Started process (PID=33745) to work on /Users/alexkim/Desktop/Projects/ETL_Projects/redditviz/venv/lib/python3.12/site-packages/airflow/example_dags/example_xcom.py
[2024-07-28T14:08:53.098-0500] {processor.py:830} INFO - Processing file /Users/alexkim/Desktop/Projects/ETL_Projects/redditviz/venv/lib/python3.12/site-packages/airflow/example_dags/example_xcom.py for tasks to queue
[2024-07-28T14:08:53.098-0500] {logging_mixin.py:188} INFO - [2024-07-28T14:08:53.098-0500] {dagbag.py:545} INFO - Filling up the DagBag from /Users/alexkim/Desktop/Projects/ETL_Projects/redditviz/venv/lib/python3.12/site-packages/airflow/example_dags/example_xcom.py
[2024-07-28T14:08:53.111-0500] {processor.py:840} INFO - DAG(s) 'example_xcom' retrieved from /Users/alexkim/Desktop/Projects/ETL_Projects/redditviz/venv/lib/python3.12/site-packages/airflow/example_dags/example_xcom.py
[2024-07-28T14:08:53.140-0500] {logging_mixin.py:188} INFO - [2024-07-28T14:08:53.140-0500] {dag.py:3089} INFO - Sync 1 DAGs
[2024-07-28T14:08:53.145-0500] {logging_mixin.py:188} INFO - [2024-07-28T14:08:53.145-0500] {dag.py:3947} INFO - Setting next_dagrun for example_xcom to 2021-01-01 00:00:00+00:00, run_after=2021-01-01 00:00:00+00:00
[2024-07-28T14:08:53.151-0500] {processor.py:183} INFO - Processing /Users/alexkim/Desktop/Projects/ETL_Projects/redditviz/venv/lib/python3.12/site-packages/airflow/example_dags/example_xcom.py took 0.054 seconds
[2024-07-28T14:09:50.287-0500] {processor.py:161} INFO - Started process (PID=33833) to work on /Users/alexkim/Desktop/Projects/ETL_Projects/redditviz/venv/lib/python3.12/site-packages/airflow/example_dags/example_xcom.py
[2024-07-28T14:09:50.288-0500] {processor.py:830} INFO - Processing file /Users/alexkim/Desktop/Projects/ETL_Projects/redditviz/venv/lib/python3.12/site-packages/airflow/example_dags/example_xcom.py for tasks to queue
[2024-07-28T14:09:50.288-0500] {logging_mixin.py:188} INFO - [2024-07-28T14:09:50.288-0500] {dagbag.py:545} INFO - Filling up the DagBag from /Users/alexkim/Desktop/Projects/ETL_Projects/redditviz/venv/lib/python3.12/site-packages/airflow/example_dags/example_xcom.py
[2024-07-28T14:09:50.301-0500] {processor.py:840} INFO - DAG(s) 'example_xcom' retrieved from /Users/alexkim/Desktop/Projects/ETL_Projects/redditviz/venv/lib/python3.12/site-packages/airflow/example_dags/example_xcom.py
[2024-07-28T14:09:50.335-0500] {logging_mixin.py:188} INFO - [2024-07-28T14:09:50.335-0500] {dag.py:3089} INFO - Sync 1 DAGs
[2024-07-28T14:09:50.340-0500] {logging_mixin.py:188} INFO - [2024-07-28T14:09:50.340-0500] {dag.py:3947} INFO - Setting next_dagrun for example_xcom to 2021-01-01 00:00:00+00:00, run_after=2021-01-01 00:00:00+00:00
[2024-07-28T14:09:50.347-0500] {processor.py:183} INFO - Processing /Users/alexkim/Desktop/Projects/ETL_Projects/redditviz/venv/lib/python3.12/site-packages/airflow/example_dags/example_xcom.py took 0.061 seconds
[2024-07-28T14:10:51.054-0500] {processor.py:161} INFO - Started process (PID=33890) to work on /Users/alexkim/Desktop/Projects/ETL_Projects/redditviz/venv/lib/python3.12/site-packages/airflow/example_dags/example_xcom.py
[2024-07-28T14:10:51.054-0500] {processor.py:830} INFO - Processing file /Users/alexkim/Desktop/Projects/ETL_Projects/redditviz/venv/lib/python3.12/site-packages/airflow/example_dags/example_xcom.py for tasks to queue
[2024-07-28T14:10:51.055-0500] {logging_mixin.py:188} INFO - [2024-07-28T14:10:51.055-0500] {dagbag.py:545} INFO - Filling up the DagBag from /Users/alexkim/Desktop/Projects/ETL_Projects/redditviz/venv/lib/python3.12/site-packages/airflow/example_dags/example_xcom.py
[2024-07-28T14:10:51.070-0500] {processor.py:840} INFO - DAG(s) 'example_xcom' retrieved from /Users/alexkim/Desktop/Projects/ETL_Projects/redditviz/venv/lib/python3.12/site-packages/airflow/example_dags/example_xcom.py
[2024-07-28T14:10:51.105-0500] {logging_mixin.py:188} INFO - [2024-07-28T14:10:51.105-0500] {dag.py:3089} INFO - Sync 1 DAGs
[2024-07-28T14:10:51.111-0500] {logging_mixin.py:188} INFO - [2024-07-28T14:10:51.111-0500] {dag.py:3947} INFO - Setting next_dagrun for example_xcom to 2021-01-01 00:00:00+00:00, run_after=2021-01-01 00:00:00+00:00
[2024-07-28T14:10:51.118-0500] {processor.py:183} INFO - Processing /Users/alexkim/Desktop/Projects/ETL_Projects/redditviz/venv/lib/python3.12/site-packages/airflow/example_dags/example_xcom.py took 0.066 seconds
[2024-07-28T14:11:51.455-0500] {processor.py:161} INFO - Started process (PID=33952) to work on /Users/alexkim/Desktop/Projects/ETL_Projects/redditviz/venv/lib/python3.12/site-packages/airflow/example_dags/example_xcom.py
[2024-07-28T14:11:51.456-0500] {processor.py:830} INFO - Processing file /Users/alexkim/Desktop/Projects/ETL_Projects/redditviz/venv/lib/python3.12/site-packages/airflow/example_dags/example_xcom.py for tasks to queue
[2024-07-28T14:11:51.456-0500] {logging_mixin.py:188} INFO - [2024-07-28T14:11:51.456-0500] {dagbag.py:545} INFO - Filling up the DagBag from /Users/alexkim/Desktop/Projects/ETL_Projects/redditviz/venv/lib/python3.12/site-packages/airflow/example_dags/example_xcom.py
[2024-07-28T14:11:51.469-0500] {processor.py:840} INFO - DAG(s) 'example_xcom' retrieved from /Users/alexkim/Desktop/Projects/ETL_Projects/redditviz/venv/lib/python3.12/site-packages/airflow/example_dags/example_xcom.py
[2024-07-28T14:11:51.499-0500] {logging_mixin.py:188} INFO - [2024-07-28T14:11:51.499-0500] {dag.py:3089} INFO - Sync 1 DAGs
[2024-07-28T14:11:51.504-0500] {logging_mixin.py:188} INFO - [2024-07-28T14:11:51.504-0500] {dag.py:3947} INFO - Setting next_dagrun for example_xcom to 2021-01-01 00:00:00+00:00, run_after=2021-01-01 00:00:00+00:00
[2024-07-28T14:11:51.510-0500] {processor.py:183} INFO - Processing /Users/alexkim/Desktop/Projects/ETL_Projects/redditviz/venv/lib/python3.12/site-packages/airflow/example_dags/example_xcom.py took 0.055 seconds
[2024-07-28T14:12:50.623-0500] {processor.py:161} INFO - Started process (PID=34010) to work on /Users/alexkim/Desktop/Projects/ETL_Projects/redditviz/venv/lib/python3.12/site-packages/airflow/example_dags/example_xcom.py
[2024-07-28T14:12:50.623-0500] {processor.py:830} INFO - Processing file /Users/alexkim/Desktop/Projects/ETL_Projects/redditviz/venv/lib/python3.12/site-packages/airflow/example_dags/example_xcom.py for tasks to queue
[2024-07-28T14:12:50.623-0500] {logging_mixin.py:188} INFO - [2024-07-28T14:12:50.623-0500] {dagbag.py:545} INFO - Filling up the DagBag from /Users/alexkim/Desktop/Projects/ETL_Projects/redditviz/venv/lib/python3.12/site-packages/airflow/example_dags/example_xcom.py
[2024-07-28T14:12:50.636-0500] {processor.py:840} INFO - DAG(s) 'example_xcom' retrieved from /Users/alexkim/Desktop/Projects/ETL_Projects/redditviz/venv/lib/python3.12/site-packages/airflow/example_dags/example_xcom.py
[2024-07-28T14:12:50.665-0500] {logging_mixin.py:188} INFO - [2024-07-28T14:12:50.665-0500] {dag.py:3089} INFO - Sync 1 DAGs
[2024-07-28T14:12:50.670-0500] {logging_mixin.py:188} INFO - [2024-07-28T14:12:50.670-0500] {dag.py:3947} INFO - Setting next_dagrun for example_xcom to 2021-01-01 00:00:00+00:00, run_after=2021-01-01 00:00:00+00:00
[2024-07-28T14:12:50.676-0500] {processor.py:183} INFO - Processing /Users/alexkim/Desktop/Projects/ETL_Projects/redditviz/venv/lib/python3.12/site-packages/airflow/example_dags/example_xcom.py took 0.054 seconds
[2024-07-28T14:13:49.977-0500] {processor.py:161} INFO - Started process (PID=34089) to work on /Users/alexkim/Desktop/Projects/ETL_Projects/redditviz/venv/lib/python3.12/site-packages/airflow/example_dags/example_xcom.py
[2024-07-28T14:13:49.977-0500] {processor.py:830} INFO - Processing file /Users/alexkim/Desktop/Projects/ETL_Projects/redditviz/venv/lib/python3.12/site-packages/airflow/example_dags/example_xcom.py for tasks to queue
[2024-07-28T14:13:49.977-0500] {logging_mixin.py:188} INFO - [2024-07-28T14:13:49.977-0500] {dagbag.py:545} INFO - Filling up the DagBag from /Users/alexkim/Desktop/Projects/ETL_Projects/redditviz/venv/lib/python3.12/site-packages/airflow/example_dags/example_xcom.py
[2024-07-28T14:13:49.990-0500] {processor.py:840} INFO - DAG(s) 'example_xcom' retrieved from /Users/alexkim/Desktop/Projects/ETL_Projects/redditviz/venv/lib/python3.12/site-packages/airflow/example_dags/example_xcom.py
[2024-07-28T14:13:50.019-0500] {logging_mixin.py:188} INFO - [2024-07-28T14:13:50.019-0500] {dag.py:3089} INFO - Sync 1 DAGs
[2024-07-28T14:13:50.024-0500] {logging_mixin.py:188} INFO - [2024-07-28T14:13:50.024-0500] {dag.py:3947} INFO - Setting next_dagrun for example_xcom to 2021-01-01 00:00:00+00:00, run_after=2021-01-01 00:00:00+00:00
[2024-07-28T14:13:50.030-0500] {processor.py:183} INFO - Processing /Users/alexkim/Desktop/Projects/ETL_Projects/redditviz/venv/lib/python3.12/site-packages/airflow/example_dags/example_xcom.py took 0.054 seconds
[2024-07-28T14:14:52.981-0500] {processor.py:161} INFO - Started process (PID=34170) to work on /Users/alexkim/Desktop/Projects/ETL_Projects/redditviz/venv/lib/python3.12/site-packages/airflow/example_dags/example_xcom.py
[2024-07-28T14:14:52.982-0500] {processor.py:830} INFO - Processing file /Users/alexkim/Desktop/Projects/ETL_Projects/redditviz/venv/lib/python3.12/site-packages/airflow/example_dags/example_xcom.py for tasks to queue
[2024-07-28T14:14:52.982-0500] {logging_mixin.py:188} INFO - [2024-07-28T14:14:52.982-0500] {dagbag.py:545} INFO - Filling up the DagBag from /Users/alexkim/Desktop/Projects/ETL_Projects/redditviz/venv/lib/python3.12/site-packages/airflow/example_dags/example_xcom.py
[2024-07-28T14:14:52.994-0500] {processor.py:840} INFO - DAG(s) 'example_xcom' retrieved from /Users/alexkim/Desktop/Projects/ETL_Projects/redditviz/venv/lib/python3.12/site-packages/airflow/example_dags/example_xcom.py
[2024-07-28T14:14:53.024-0500] {logging_mixin.py:188} INFO - [2024-07-28T14:14:53.023-0500] {dag.py:3089} INFO - Sync 1 DAGs
[2024-07-28T14:14:53.028-0500] {logging_mixin.py:188} INFO - [2024-07-28T14:14:53.028-0500] {dag.py:3947} INFO - Setting next_dagrun for example_xcom to 2021-01-01 00:00:00+00:00, run_after=2021-01-01 00:00:00+00:00
[2024-07-28T14:14:53.034-0500] {processor.py:183} INFO - Processing /Users/alexkim/Desktop/Projects/ETL_Projects/redditviz/venv/lib/python3.12/site-packages/airflow/example_dags/example_xcom.py took 0.054 seconds
[2024-07-28T14:34:58.775-0500] {processor.py:161} INFO - Started process (PID=1505) to work on /Users/alexkim/Desktop/Projects/ETL_Projects/redditviz/venv/lib/python3.12/site-packages/airflow/example_dags/example_xcom.py
[2024-07-28T14:34:58.777-0500] {processor.py:830} INFO - Processing file /Users/alexkim/Desktop/Projects/ETL_Projects/redditviz/venv/lib/python3.12/site-packages/airflow/example_dags/example_xcom.py for tasks to queue
[2024-07-28T14:34:58.777-0500] {logging_mixin.py:188} INFO - [2024-07-28T14:34:58.777-0500] {dagbag.py:545} INFO - Filling up the DagBag from /Users/alexkim/Desktop/Projects/ETL_Projects/redditviz/venv/lib/python3.12/site-packages/airflow/example_dags/example_xcom.py
[2024-07-28T14:34:58.790-0500] {processor.py:840} INFO - DAG(s) 'example_xcom' retrieved from /Users/alexkim/Desktop/Projects/ETL_Projects/redditviz/venv/lib/python3.12/site-packages/airflow/example_dags/example_xcom.py
[2024-07-28T14:34:58.852-0500] {logging_mixin.py:188} INFO - [2024-07-28T14:34:58.852-0500] {override.py:1858} INFO - Created Permission View: can delete on DAG:example_xcom
[2024-07-28T14:34:58.855-0500] {logging_mixin.py:188} INFO - [2024-07-28T14:34:58.855-0500] {override.py:1858} INFO - Created Permission View: can edit on DAG:example_xcom
[2024-07-28T14:34:58.857-0500] {logging_mixin.py:188} INFO - [2024-07-28T14:34:58.857-0500] {override.py:1858} INFO - Created Permission View: can read on DAG:example_xcom
[2024-07-28T14:34:58.857-0500] {logging_mixin.py:188} INFO - [2024-07-28T14:34:58.857-0500] {dag.py:3089} INFO - Sync 1 DAGs
[2024-07-28T14:34:58.861-0500] {logging_mixin.py:188} INFO - [2024-07-28T14:34:58.860-0500] {dag.py:3111} INFO - Creating ORM DAG for example_xcom
[2024-07-28T14:34:58.863-0500] {logging_mixin.py:188} INFO - [2024-07-28T14:34:58.863-0500] {dag.py:3947} INFO - Setting next_dagrun for example_xcom to 2021-01-01 00:00:00+00:00, run_after=2021-01-01 00:00:00+00:00
[2024-07-28T14:34:58.869-0500] {processor.py:183} INFO - Processing /Users/alexkim/Desktop/Projects/ETL_Projects/redditviz/venv/lib/python3.12/site-packages/airflow/example_dags/example_xcom.py took 0.094 seconds
