[2024-07-28T14:00:12.862-0500] {processor.py:161} INFO - Started process (PID=33172) to work on /Users/alexkim/Desktop/Projects/ETL_Projects/redditviz/venv/lib/python3.12/site-packages/airflow/example_dags/example_time_delta_sensor_async.py
[2024-07-28T14:00:12.862-0500] {processor.py:830} INFO - Processing file /Users/alexkim/Desktop/Projects/ETL_Projects/redditviz/venv/lib/python3.12/site-packages/airflow/example_dags/example_time_delta_sensor_async.py for tasks to queue
[2024-07-28T14:00:12.862-0500] {logging_mixin.py:188} INFO - [2024-07-28T14:00:12.862-0500] {dagbag.py:545} INFO - Filling up the DagBag from /Users/alexkim/Desktop/Projects/ETL_Projects/redditviz/venv/lib/python3.12/site-packages/airflow/example_dags/example_time_delta_sensor_async.py
[2024-07-28T14:00:12.865-0500] {processor.py:840} INFO - DAG(s) 'example_time_delta_sensor_async' retrieved from /Users/alexkim/Desktop/Projects/ETL_Projects/redditviz/venv/lib/python3.12/site-packages/airflow/example_dags/example_time_delta_sensor_async.py
[2024-07-28T14:00:12.937-0500] {logging_mixin.py:188} INFO - [2024-07-28T14:00:12.937-0500] {override.py:1858} INFO - Created Permission View: can read on DAG:example_time_delta_sensor_async
[2024-07-28T14:00:12.940-0500] {logging_mixin.py:188} INFO - [2024-07-28T14:00:12.939-0500] {override.py:1858} INFO - Created Permission View: can delete on DAG:example_time_delta_sensor_async
[2024-07-28T14:00:12.941-0500] {logging_mixin.py:188} INFO - [2024-07-28T14:00:12.941-0500] {override.py:1858} INFO - Created Permission View: can edit on DAG:example_time_delta_sensor_async
[2024-07-28T14:00:12.941-0500] {logging_mixin.py:188} INFO - [2024-07-28T14:00:12.941-0500] {dag.py:3089} INFO - Sync 1 DAGs
[2024-07-28T14:00:12.944-0500] {logging_mixin.py:188} INFO - [2024-07-28T14:00:12.944-0500] {dag.py:3111} INFO - Creating ORM DAG for example_time_delta_sensor_async
[2024-07-28T14:00:12.945-0500] {logging_mixin.py:188} INFO - [2024-07-28T14:00:12.945-0500] {dag.py:3947} INFO - Setting next_dagrun for example_time_delta_sensor_async to None, run_after=None
[2024-07-28T14:00:12.950-0500] {processor.py:183} INFO - Processing /Users/alexkim/Desktop/Projects/ETL_Projects/redditviz/venv/lib/python3.12/site-packages/airflow/example_dags/example_time_delta_sensor_async.py took 0.089 seconds
[2024-07-28T14:01:43.886-0500] {processor.py:161} INFO - Started process (PID=33257) to work on /Users/alexkim/Desktop/Projects/ETL_Projects/redditviz/venv/lib/python3.12/site-packages/airflow/example_dags/example_time_delta_sensor_async.py
[2024-07-28T14:01:43.887-0500] {processor.py:830} INFO - Processing file /Users/alexkim/Desktop/Projects/ETL_Projects/redditviz/venv/lib/python3.12/site-packages/airflow/example_dags/example_time_delta_sensor_async.py for tasks to queue
[2024-07-28T14:01:43.887-0500] {logging_mixin.py:188} INFO - [2024-07-28T14:01:43.887-0500] {dagbag.py:545} INFO - Filling up the DagBag from /Users/alexkim/Desktop/Projects/ETL_Projects/redditviz/venv/lib/python3.12/site-packages/airflow/example_dags/example_time_delta_sensor_async.py
[2024-07-28T14:01:43.891-0500] {processor.py:840} INFO - DAG(s) 'example_time_delta_sensor_async' retrieved from /Users/alexkim/Desktop/Projects/ETL_Projects/redditviz/venv/lib/python3.12/site-packages/airflow/example_dags/example_time_delta_sensor_async.py
[2024-07-28T14:01:43.924-0500] {logging_mixin.py:188} INFO - [2024-07-28T14:01:43.924-0500] {dag.py:3089} INFO - Sync 1 DAGs
[2024-07-28T14:01:43.927-0500] {logging_mixin.py:188} INFO - [2024-07-28T14:01:43.927-0500] {dag.py:3947} INFO - Setting next_dagrun for example_time_delta_sensor_async to None, run_after=None
[2024-07-28T14:01:43.933-0500] {processor.py:183} INFO - Processing /Users/alexkim/Desktop/Projects/ETL_Projects/redditviz/venv/lib/python3.12/site-packages/airflow/example_dags/example_time_delta_sensor_async.py took 0.048 seconds
[2024-07-28T14:03:19.107-0500] {processor.py:161} INFO - Started process (PID=33346) to work on /Users/alexkim/Desktop/Projects/ETL_Projects/redditviz/venv/lib/python3.12/site-packages/airflow/example_dags/example_time_delta_sensor_async.py
[2024-07-28T14:03:19.108-0500] {processor.py:830} INFO - Processing file /Users/alexkim/Desktop/Projects/ETL_Projects/redditviz/venv/lib/python3.12/site-packages/airflow/example_dags/example_time_delta_sensor_async.py for tasks to queue
[2024-07-28T14:03:19.108-0500] {logging_mixin.py:188} INFO - [2024-07-28T14:03:19.108-0500] {dagbag.py:545} INFO - Filling up the DagBag from /Users/alexkim/Desktop/Projects/ETL_Projects/redditviz/venv/lib/python3.12/site-packages/airflow/example_dags/example_time_delta_sensor_async.py
[2024-07-28T14:03:19.111-0500] {processor.py:840} INFO - DAG(s) 'example_time_delta_sensor_async' retrieved from /Users/alexkim/Desktop/Projects/ETL_Projects/redditviz/venv/lib/python3.12/site-packages/airflow/example_dags/example_time_delta_sensor_async.py
[2024-07-28T14:03:19.143-0500] {logging_mixin.py:188} INFO - [2024-07-28T14:03:19.143-0500] {dag.py:3089} INFO - Sync 1 DAGs
[2024-07-28T14:03:19.147-0500] {logging_mixin.py:188} INFO - [2024-07-28T14:03:19.147-0500] {dag.py:3947} INFO - Setting next_dagrun for example_time_delta_sensor_async to None, run_after=None
[2024-07-28T14:03:19.153-0500] {processor.py:183} INFO - Processing /Users/alexkim/Desktop/Projects/ETL_Projects/redditviz/venv/lib/python3.12/site-packages/airflow/example_dags/example_time_delta_sensor_async.py took 0.046 seconds
[2024-07-28T14:05:02.222-0500] {processor.py:161} INFO - Started process (PID=33460) to work on /Users/alexkim/Desktop/Projects/ETL_Projects/redditviz/venv/lib/python3.12/site-packages/airflow/example_dags/example_time_delta_sensor_async.py
[2024-07-28T14:05:02.222-0500] {processor.py:830} INFO - Processing file /Users/alexkim/Desktop/Projects/ETL_Projects/redditviz/venv/lib/python3.12/site-packages/airflow/example_dags/example_time_delta_sensor_async.py for tasks to queue
[2024-07-28T14:05:02.222-0500] {logging_mixin.py:188} INFO - [2024-07-28T14:05:02.222-0500] {dagbag.py:545} INFO - Filling up the DagBag from /Users/alexkim/Desktop/Projects/ETL_Projects/redditviz/venv/lib/python3.12/site-packages/airflow/example_dags/example_time_delta_sensor_async.py
[2024-07-28T14:05:02.226-0500] {processor.py:840} INFO - DAG(s) 'example_time_delta_sensor_async' retrieved from /Users/alexkim/Desktop/Projects/ETL_Projects/redditviz/venv/lib/python3.12/site-packages/airflow/example_dags/example_time_delta_sensor_async.py
[2024-07-28T14:05:02.268-0500] {logging_mixin.py:188} INFO - [2024-07-28T14:05:02.268-0500] {dag.py:3089} INFO - Sync 1 DAGs
[2024-07-28T14:05:02.274-0500] {logging_mixin.py:188} INFO - [2024-07-28T14:05:02.273-0500] {dag.py:3947} INFO - Setting next_dagrun for example_time_delta_sensor_async to None, run_after=None
[2024-07-28T14:05:02.282-0500] {processor.py:183} INFO - Processing /Users/alexkim/Desktop/Projects/ETL_Projects/redditviz/venv/lib/python3.12/site-packages/airflow/example_dags/example_time_delta_sensor_async.py took 0.061 seconds
[2024-07-28T14:06:00.296-0500] {processor.py:161} INFO - Started process (PID=33567) to work on /Users/alexkim/Desktop/Projects/ETL_Projects/redditviz/venv/lib/python3.12/site-packages/airflow/example_dags/example_time_delta_sensor_async.py
[2024-07-28T14:06:00.309-0500] {processor.py:830} INFO - Processing file /Users/alexkim/Desktop/Projects/ETL_Projects/redditviz/venv/lib/python3.12/site-packages/airflow/example_dags/example_time_delta_sensor_async.py for tasks to queue
[2024-07-28T14:06:00.309-0500] {logging_mixin.py:188} INFO - [2024-07-28T14:06:00.309-0500] {dagbag.py:545} INFO - Filling up the DagBag from /Users/alexkim/Desktop/Projects/ETL_Projects/redditviz/venv/lib/python3.12/site-packages/airflow/example_dags/example_time_delta_sensor_async.py
[2024-07-28T14:06:00.313-0500] {processor.py:840} INFO - DAG(s) 'example_time_delta_sensor_async' retrieved from /Users/alexkim/Desktop/Projects/ETL_Projects/redditviz/venv/lib/python3.12/site-packages/airflow/example_dags/example_time_delta_sensor_async.py
[2024-07-28T14:06:00.348-0500] {logging_mixin.py:188} INFO - [2024-07-28T14:06:00.348-0500] {dag.py:3089} INFO - Sync 1 DAGs
[2024-07-28T14:06:00.351-0500] {logging_mixin.py:188} INFO - [2024-07-28T14:06:00.351-0500] {dag.py:3947} INFO - Setting next_dagrun for example_time_delta_sensor_async to None, run_after=None
[2024-07-28T14:06:00.357-0500] {processor.py:183} INFO - Processing /Users/alexkim/Desktop/Projects/ETL_Projects/redditviz/venv/lib/python3.12/site-packages/airflow/example_dags/example_time_delta_sensor_async.py took 0.062 seconds
[2024-07-28T14:06:58.562-0500] {processor.py:161} INFO - Started process (PID=33632) to work on /Users/alexkim/Desktop/Projects/ETL_Projects/redditviz/venv/lib/python3.12/site-packages/airflow/example_dags/example_time_delta_sensor_async.py
[2024-07-28T14:06:58.562-0500] {processor.py:830} INFO - Processing file /Users/alexkim/Desktop/Projects/ETL_Projects/redditviz/venv/lib/python3.12/site-packages/airflow/example_dags/example_time_delta_sensor_async.py for tasks to queue
[2024-07-28T14:06:58.563-0500] {logging_mixin.py:188} INFO - [2024-07-28T14:06:58.562-0500] {dagbag.py:545} INFO - Filling up the DagBag from /Users/alexkim/Desktop/Projects/ETL_Projects/redditviz/venv/lib/python3.12/site-packages/airflow/example_dags/example_time_delta_sensor_async.py
[2024-07-28T14:06:58.566-0500] {processor.py:840} INFO - DAG(s) 'example_time_delta_sensor_async' retrieved from /Users/alexkim/Desktop/Projects/ETL_Projects/redditviz/venv/lib/python3.12/site-packages/airflow/example_dags/example_time_delta_sensor_async.py
[2024-07-28T14:06:58.604-0500] {logging_mixin.py:188} INFO - [2024-07-28T14:06:58.604-0500] {dag.py:3089} INFO - Sync 1 DAGs
[2024-07-28T14:06:58.608-0500] {logging_mixin.py:188} INFO - [2024-07-28T14:06:58.608-0500] {dag.py:3947} INFO - Setting next_dagrun for example_time_delta_sensor_async to None, run_after=None
[2024-07-28T14:06:58.615-0500] {processor.py:183} INFO - Processing /Users/alexkim/Desktop/Projects/ETL_Projects/redditviz/venv/lib/python3.12/site-packages/airflow/example_dags/example_time_delta_sensor_async.py took 0.054 seconds
[2024-07-28T14:08:01.401-0500] {processor.py:161} INFO - Started process (PID=33709) to work on /Users/alexkim/Desktop/Projects/ETL_Projects/redditviz/venv/lib/python3.12/site-packages/airflow/example_dags/example_time_delta_sensor_async.py
[2024-07-28T14:08:01.401-0500] {processor.py:830} INFO - Processing file /Users/alexkim/Desktop/Projects/ETL_Projects/redditviz/venv/lib/python3.12/site-packages/airflow/example_dags/example_time_delta_sensor_async.py for tasks to queue
[2024-07-28T14:08:01.401-0500] {logging_mixin.py:188} INFO - [2024-07-28T14:08:01.401-0500] {dagbag.py:545} INFO - Filling up the DagBag from /Users/alexkim/Desktop/Projects/ETL_Projects/redditviz/venv/lib/python3.12/site-packages/airflow/example_dags/example_time_delta_sensor_async.py
[2024-07-28T14:08:01.406-0500] {processor.py:840} INFO - DAG(s) 'example_time_delta_sensor_async' retrieved from /Users/alexkim/Desktop/Projects/ETL_Projects/redditviz/venv/lib/python3.12/site-packages/airflow/example_dags/example_time_delta_sensor_async.py
[2024-07-28T14:08:01.442-0500] {logging_mixin.py:188} INFO - [2024-07-28T14:08:01.442-0500] {dag.py:3089} INFO - Sync 1 DAGs
[2024-07-28T14:08:01.445-0500] {logging_mixin.py:188} INFO - [2024-07-28T14:08:01.445-0500] {dag.py:3947} INFO - Setting next_dagrun for example_time_delta_sensor_async to None, run_after=None
[2024-07-28T14:08:01.451-0500] {processor.py:183} INFO - Processing /Users/alexkim/Desktop/Projects/ETL_Projects/redditviz/venv/lib/python3.12/site-packages/airflow/example_dags/example_time_delta_sensor_async.py took 0.051 seconds
[2024-07-28T14:08:57.182-0500] {processor.py:161} INFO - Started process (PID=33748) to work on /Users/alexkim/Desktop/Projects/ETL_Projects/redditviz/venv/lib/python3.12/site-packages/airflow/example_dags/example_time_delta_sensor_async.py
[2024-07-28T14:08:57.183-0500] {processor.py:830} INFO - Processing file /Users/alexkim/Desktop/Projects/ETL_Projects/redditviz/venv/lib/python3.12/site-packages/airflow/example_dags/example_time_delta_sensor_async.py for tasks to queue
[2024-07-28T14:08:57.183-0500] {logging_mixin.py:188} INFO - [2024-07-28T14:08:57.183-0500] {dagbag.py:545} INFO - Filling up the DagBag from /Users/alexkim/Desktop/Projects/ETL_Projects/redditviz/venv/lib/python3.12/site-packages/airflow/example_dags/example_time_delta_sensor_async.py
[2024-07-28T14:08:57.186-0500] {processor.py:840} INFO - DAG(s) 'example_time_delta_sensor_async' retrieved from /Users/alexkim/Desktop/Projects/ETL_Projects/redditviz/venv/lib/python3.12/site-packages/airflow/example_dags/example_time_delta_sensor_async.py
[2024-07-28T14:08:57.218-0500] {logging_mixin.py:188} INFO - [2024-07-28T14:08:57.218-0500] {dag.py:3089} INFO - Sync 1 DAGs
[2024-07-28T14:08:57.222-0500] {logging_mixin.py:188} INFO - [2024-07-28T14:08:57.222-0500] {dag.py:3947} INFO - Setting next_dagrun for example_time_delta_sensor_async to None, run_after=None
[2024-07-28T14:08:57.227-0500] {processor.py:183} INFO - Processing /Users/alexkim/Desktop/Projects/ETL_Projects/redditviz/venv/lib/python3.12/site-packages/airflow/example_dags/example_time_delta_sensor_async.py took 0.046 seconds
[2024-07-28T14:09:55.584-0500] {processor.py:161} INFO - Started process (PID=33836) to work on /Users/alexkim/Desktop/Projects/ETL_Projects/redditviz/venv/lib/python3.12/site-packages/airflow/example_dags/example_time_delta_sensor_async.py
[2024-07-28T14:09:55.584-0500] {processor.py:830} INFO - Processing file /Users/alexkim/Desktop/Projects/ETL_Projects/redditviz/venv/lib/python3.12/site-packages/airflow/example_dags/example_time_delta_sensor_async.py for tasks to queue
[2024-07-28T14:09:55.585-0500] {logging_mixin.py:188} INFO - [2024-07-28T14:09:55.585-0500] {dagbag.py:545} INFO - Filling up the DagBag from /Users/alexkim/Desktop/Projects/ETL_Projects/redditviz/venv/lib/python3.12/site-packages/airflow/example_dags/example_time_delta_sensor_async.py
[2024-07-28T14:09:55.589-0500] {processor.py:840} INFO - DAG(s) 'example_time_delta_sensor_async' retrieved from /Users/alexkim/Desktop/Projects/ETL_Projects/redditviz/venv/lib/python3.12/site-packages/airflow/example_dags/example_time_delta_sensor_async.py
[2024-07-28T14:09:55.628-0500] {logging_mixin.py:188} INFO - [2024-07-28T14:09:55.628-0500] {dag.py:3089} INFO - Sync 1 DAGs
[2024-07-28T14:09:55.632-0500] {logging_mixin.py:188} INFO - [2024-07-28T14:09:55.632-0500] {dag.py:3947} INFO - Setting next_dagrun for example_time_delta_sensor_async to None, run_after=None
[2024-07-28T14:09:55.639-0500] {processor.py:183} INFO - Processing /Users/alexkim/Desktop/Projects/ETL_Projects/redditviz/venv/lib/python3.12/site-packages/airflow/example_dags/example_time_delta_sensor_async.py took 0.056 seconds
[2024-07-28T14:10:56.257-0500] {processor.py:161} INFO - Started process (PID=33894) to work on /Users/alexkim/Desktop/Projects/ETL_Projects/redditviz/venv/lib/python3.12/site-packages/airflow/example_dags/example_time_delta_sensor_async.py
[2024-07-28T14:10:56.258-0500] {processor.py:830} INFO - Processing file /Users/alexkim/Desktop/Projects/ETL_Projects/redditviz/venv/lib/python3.12/site-packages/airflow/example_dags/example_time_delta_sensor_async.py for tasks to queue
[2024-07-28T14:10:56.258-0500] {logging_mixin.py:188} INFO - [2024-07-28T14:10:56.258-0500] {dagbag.py:545} INFO - Filling up the DagBag from /Users/alexkim/Desktop/Projects/ETL_Projects/redditviz/venv/lib/python3.12/site-packages/airflow/example_dags/example_time_delta_sensor_async.py
[2024-07-28T14:10:56.261-0500] {processor.py:840} INFO - DAG(s) 'example_time_delta_sensor_async' retrieved from /Users/alexkim/Desktop/Projects/ETL_Projects/redditviz/venv/lib/python3.12/site-packages/airflow/example_dags/example_time_delta_sensor_async.py
[2024-07-28T14:10:56.295-0500] {logging_mixin.py:188} INFO - [2024-07-28T14:10:56.295-0500] {dag.py:3089} INFO - Sync 1 DAGs
[2024-07-28T14:10:56.298-0500] {logging_mixin.py:188} INFO - [2024-07-28T14:10:56.298-0500] {dag.py:3947} INFO - Setting next_dagrun for example_time_delta_sensor_async to None, run_after=None
[2024-07-28T14:10:56.304-0500] {processor.py:183} INFO - Processing /Users/alexkim/Desktop/Projects/ETL_Projects/redditviz/venv/lib/python3.12/site-packages/airflow/example_dags/example_time_delta_sensor_async.py took 0.048 seconds
[2024-07-28T14:11:55.399-0500] {processor.py:161} INFO - Started process (PID=33956) to work on /Users/alexkim/Desktop/Projects/ETL_Projects/redditviz/venv/lib/python3.12/site-packages/airflow/example_dags/example_time_delta_sensor_async.py
[2024-07-28T14:11:55.399-0500] {processor.py:830} INFO - Processing file /Users/alexkim/Desktop/Projects/ETL_Projects/redditviz/venv/lib/python3.12/site-packages/airflow/example_dags/example_time_delta_sensor_async.py for tasks to queue
[2024-07-28T14:11:55.400-0500] {logging_mixin.py:188} INFO - [2024-07-28T14:11:55.400-0500] {dagbag.py:545} INFO - Filling up the DagBag from /Users/alexkim/Desktop/Projects/ETL_Projects/redditviz/venv/lib/python3.12/site-packages/airflow/example_dags/example_time_delta_sensor_async.py
[2024-07-28T14:11:55.403-0500] {processor.py:840} INFO - DAG(s) 'example_time_delta_sensor_async' retrieved from /Users/alexkim/Desktop/Projects/ETL_Projects/redditviz/venv/lib/python3.12/site-packages/airflow/example_dags/example_time_delta_sensor_async.py
[2024-07-28T14:11:55.439-0500] {logging_mixin.py:188} INFO - [2024-07-28T14:11:55.439-0500] {dag.py:3089} INFO - Sync 1 DAGs
[2024-07-28T14:11:55.442-0500] {logging_mixin.py:188} INFO - [2024-07-28T14:11:55.442-0500] {dag.py:3947} INFO - Setting next_dagrun for example_time_delta_sensor_async to None, run_after=None
[2024-07-28T14:11:55.448-0500] {processor.py:183} INFO - Processing /Users/alexkim/Desktop/Projects/ETL_Projects/redditviz/venv/lib/python3.12/site-packages/airflow/example_dags/example_time_delta_sensor_async.py took 0.050 seconds
[2024-07-28T14:12:55.801-0500] {processor.py:161} INFO - Started process (PID=34015) to work on /Users/alexkim/Desktop/Projects/ETL_Projects/redditviz/venv/lib/python3.12/site-packages/airflow/example_dags/example_time_delta_sensor_async.py
[2024-07-28T14:12:55.802-0500] {processor.py:830} INFO - Processing file /Users/alexkim/Desktop/Projects/ETL_Projects/redditviz/venv/lib/python3.12/site-packages/airflow/example_dags/example_time_delta_sensor_async.py for tasks to queue
[2024-07-28T14:12:55.802-0500] {logging_mixin.py:188} INFO - [2024-07-28T14:12:55.802-0500] {dagbag.py:545} INFO - Filling up the DagBag from /Users/alexkim/Desktop/Projects/ETL_Projects/redditviz/venv/lib/python3.12/site-packages/airflow/example_dags/example_time_delta_sensor_async.py
[2024-07-28T14:12:55.807-0500] {processor.py:840} INFO - DAG(s) 'example_time_delta_sensor_async' retrieved from /Users/alexkim/Desktop/Projects/ETL_Projects/redditviz/venv/lib/python3.12/site-packages/airflow/example_dags/example_time_delta_sensor_async.py
[2024-07-28T14:12:55.851-0500] {logging_mixin.py:188} INFO - [2024-07-28T14:12:55.851-0500] {dag.py:3089} INFO - Sync 1 DAGs
[2024-07-28T14:12:55.855-0500] {logging_mixin.py:188} INFO - [2024-07-28T14:12:55.855-0500] {dag.py:3947} INFO - Setting next_dagrun for example_time_delta_sensor_async to None, run_after=None
[2024-07-28T14:12:55.865-0500] {processor.py:183} INFO - Processing /Users/alexkim/Desktop/Projects/ETL_Projects/redditviz/venv/lib/python3.12/site-packages/airflow/example_dags/example_time_delta_sensor_async.py took 0.065 seconds
[2024-07-28T14:13:54.664-0500] {processor.py:161} INFO - Started process (PID=34092) to work on /Users/alexkim/Desktop/Projects/ETL_Projects/redditviz/venv/lib/python3.12/site-packages/airflow/example_dags/example_time_delta_sensor_async.py
[2024-07-28T14:13:54.664-0500] {processor.py:830} INFO - Processing file /Users/alexkim/Desktop/Projects/ETL_Projects/redditviz/venv/lib/python3.12/site-packages/airflow/example_dags/example_time_delta_sensor_async.py for tasks to queue
[2024-07-28T14:13:54.665-0500] {logging_mixin.py:188} INFO - [2024-07-28T14:13:54.664-0500] {dagbag.py:545} INFO - Filling up the DagBag from /Users/alexkim/Desktop/Projects/ETL_Projects/redditviz/venv/lib/python3.12/site-packages/airflow/example_dags/example_time_delta_sensor_async.py
[2024-07-28T14:13:54.668-0500] {processor.py:840} INFO - DAG(s) 'example_time_delta_sensor_async' retrieved from /Users/alexkim/Desktop/Projects/ETL_Projects/redditviz/venv/lib/python3.12/site-packages/airflow/example_dags/example_time_delta_sensor_async.py
[2024-07-28T14:13:54.702-0500] {logging_mixin.py:188} INFO - [2024-07-28T14:13:54.702-0500] {dag.py:3089} INFO - Sync 1 DAGs
[2024-07-28T14:13:54.706-0500] {logging_mixin.py:188} INFO - [2024-07-28T14:13:54.706-0500] {dag.py:3947} INFO - Setting next_dagrun for example_time_delta_sensor_async to None, run_after=None
[2024-07-28T14:13:54.712-0500] {processor.py:183} INFO - Processing /Users/alexkim/Desktop/Projects/ETL_Projects/redditviz/venv/lib/python3.12/site-packages/airflow/example_dags/example_time_delta_sensor_async.py took 0.049 seconds
[2024-07-28T14:14:57.055-0500] {processor.py:161} INFO - Started process (PID=34176) to work on /Users/alexkim/Desktop/Projects/ETL_Projects/redditviz/venv/lib/python3.12/site-packages/airflow/example_dags/example_time_delta_sensor_async.py
[2024-07-28T14:14:57.056-0500] {processor.py:830} INFO - Processing file /Users/alexkim/Desktop/Projects/ETL_Projects/redditviz/venv/lib/python3.12/site-packages/airflow/example_dags/example_time_delta_sensor_async.py for tasks to queue
[2024-07-28T14:14:57.056-0500] {logging_mixin.py:188} INFO - [2024-07-28T14:14:57.056-0500] {dagbag.py:545} INFO - Filling up the DagBag from /Users/alexkim/Desktop/Projects/ETL_Projects/redditviz/venv/lib/python3.12/site-packages/airflow/example_dags/example_time_delta_sensor_async.py
[2024-07-28T14:14:57.059-0500] {processor.py:840} INFO - DAG(s) 'example_time_delta_sensor_async' retrieved from /Users/alexkim/Desktop/Projects/ETL_Projects/redditviz/venv/lib/python3.12/site-packages/airflow/example_dags/example_time_delta_sensor_async.py
[2024-07-28T14:14:57.101-0500] {logging_mixin.py:188} INFO - [2024-07-28T14:14:57.101-0500] {dag.py:3089} INFO - Sync 1 DAGs
[2024-07-28T14:14:57.106-0500] {logging_mixin.py:188} INFO - [2024-07-28T14:14:57.106-0500] {dag.py:3947} INFO - Setting next_dagrun for example_time_delta_sensor_async to None, run_after=None
[2024-07-28T14:14:57.113-0500] {processor.py:183} INFO - Processing /Users/alexkim/Desktop/Projects/ETL_Projects/redditviz/venv/lib/python3.12/site-packages/airflow/example_dags/example_time_delta_sensor_async.py took 0.059 seconds
[2024-07-28T14:35:02.890-0500] {processor.py:161} INFO - Started process (PID=1508) to work on /Users/alexkim/Desktop/Projects/ETL_Projects/redditviz/venv/lib/python3.12/site-packages/airflow/example_dags/example_time_delta_sensor_async.py
[2024-07-28T14:35:02.890-0500] {processor.py:830} INFO - Processing file /Users/alexkim/Desktop/Projects/ETL_Projects/redditviz/venv/lib/python3.12/site-packages/airflow/example_dags/example_time_delta_sensor_async.py for tasks to queue
[2024-07-28T14:35:02.891-0500] {logging_mixin.py:188} INFO - [2024-07-28T14:35:02.890-0500] {dagbag.py:545} INFO - Filling up the DagBag from /Users/alexkim/Desktop/Projects/ETL_Projects/redditviz/venv/lib/python3.12/site-packages/airflow/example_dags/example_time_delta_sensor_async.py
[2024-07-28T14:35:02.893-0500] {processor.py:840} INFO - DAG(s) 'example_time_delta_sensor_async' retrieved from /Users/alexkim/Desktop/Projects/ETL_Projects/redditviz/venv/lib/python3.12/site-packages/airflow/example_dags/example_time_delta_sensor_async.py
[2024-07-28T14:35:02.963-0500] {logging_mixin.py:188} INFO - [2024-07-28T14:35:02.963-0500] {override.py:1858} INFO - Created Permission View: can read on DAG:example_time_delta_sensor_async
[2024-07-28T14:35:02.966-0500] {logging_mixin.py:188} INFO - [2024-07-28T14:35:02.966-0500] {override.py:1858} INFO - Created Permission View: can edit on DAG:example_time_delta_sensor_async
[2024-07-28T14:35:02.968-0500] {logging_mixin.py:188} INFO - [2024-07-28T14:35:02.968-0500] {override.py:1858} INFO - Created Permission View: can delete on DAG:example_time_delta_sensor_async
[2024-07-28T14:35:02.968-0500] {logging_mixin.py:188} INFO - [2024-07-28T14:35:02.968-0500] {dag.py:3089} INFO - Sync 1 DAGs
[2024-07-28T14:35:02.972-0500] {logging_mixin.py:188} INFO - [2024-07-28T14:35:02.972-0500] {dag.py:3111} INFO - Creating ORM DAG for example_time_delta_sensor_async
[2024-07-28T14:35:02.972-0500] {logging_mixin.py:188} INFO - [2024-07-28T14:35:02.972-0500] {dag.py:3947} INFO - Setting next_dagrun for example_time_delta_sensor_async to None, run_after=None
[2024-07-28T14:35:02.978-0500] {processor.py:183} INFO - Processing /Users/alexkim/Desktop/Projects/ETL_Projects/redditviz/venv/lib/python3.12/site-packages/airflow/example_dags/example_time_delta_sensor_async.py took 0.089 seconds
