[2024-07-28T14:00:14.693-0500] {processor.py:161} INFO - Started process (PID=33173) to work on /Users/alexkim/Desktop/Projects/ETL_Projects/redditviz/venv/lib/python3.12/site-packages/airflow/example_dags/example_task_group_decorator.py
[2024-07-28T14:00:14.693-0500] {processor.py:830} INFO - Processing file /Users/alexkim/Desktop/Projects/ETL_Projects/redditviz/venv/lib/python3.12/site-packages/airflow/example_dags/example_task_group_decorator.py for tasks to queue
[2024-07-28T14:00:14.693-0500] {logging_mixin.py:188} INFO - [2024-07-28T14:00:14.693-0500] {dagbag.py:545} INFO - Filling up the DagBag from /Users/alexkim/Desktop/Projects/ETL_Projects/redditviz/venv/lib/python3.12/site-packages/airflow/example_dags/example_task_group_decorator.py
[2024-07-28T14:00:14.708-0500] {processor.py:840} INFO - DAG(s) 'example_task_group_decorator' retrieved from /Users/alexkim/Desktop/Projects/ETL_Projects/redditviz/venv/lib/python3.12/site-packages/airflow/example_dags/example_task_group_decorator.py
[2024-07-28T14:00:14.768-0500] {logging_mixin.py:188} INFO - [2024-07-28T14:00:14.768-0500] {override.py:1858} INFO - Created Permission View: can delete on DAG:example_task_group_decorator
[2024-07-28T14:00:14.771-0500] {logging_mixin.py:188} INFO - [2024-07-28T14:00:14.771-0500] {override.py:1858} INFO - Created Permission View: can read on DAG:example_task_group_decorator
[2024-07-28T14:00:14.773-0500] {logging_mixin.py:188} INFO - [2024-07-28T14:00:14.772-0500] {override.py:1858} INFO - Created Permission View: can edit on DAG:example_task_group_decorator
[2024-07-28T14:00:14.773-0500] {logging_mixin.py:188} INFO - [2024-07-28T14:00:14.773-0500] {dag.py:3089} INFO - Sync 1 DAGs
[2024-07-28T14:00:14.776-0500] {logging_mixin.py:188} INFO - [2024-07-28T14:00:14.776-0500] {dag.py:3111} INFO - Creating ORM DAG for example_task_group_decorator
[2024-07-28T14:00:14.779-0500] {logging_mixin.py:188} INFO - [2024-07-28T14:00:14.779-0500] {dag.py:3947} INFO - Setting next_dagrun for example_task_group_decorator to 2024-07-27 00:00:00+00:00, run_after=2024-07-28 00:00:00+00:00
[2024-07-28T14:00:14.784-0500] {processor.py:183} INFO - Processing /Users/alexkim/Desktop/Projects/ETL_Projects/redditviz/venv/lib/python3.12/site-packages/airflow/example_dags/example_task_group_decorator.py took 0.092 seconds
[2024-07-28T14:01:45.547-0500] {processor.py:161} INFO - Started process (PID=33260) to work on /Users/alexkim/Desktop/Projects/ETL_Projects/redditviz/venv/lib/python3.12/site-packages/airflow/example_dags/example_task_group_decorator.py
[2024-07-28T14:01:45.548-0500] {processor.py:830} INFO - Processing file /Users/alexkim/Desktop/Projects/ETL_Projects/redditviz/venv/lib/python3.12/site-packages/airflow/example_dags/example_task_group_decorator.py for tasks to queue
[2024-07-28T14:01:45.548-0500] {logging_mixin.py:188} INFO - [2024-07-28T14:01:45.548-0500] {dagbag.py:545} INFO - Filling up the DagBag from /Users/alexkim/Desktop/Projects/ETL_Projects/redditviz/venv/lib/python3.12/site-packages/airflow/example_dags/example_task_group_decorator.py
[2024-07-28T14:01:45.562-0500] {processor.py:840} INFO - DAG(s) 'example_task_group_decorator' retrieved from /Users/alexkim/Desktop/Projects/ETL_Projects/redditviz/venv/lib/python3.12/site-packages/airflow/example_dags/example_task_group_decorator.py
[2024-07-28T14:01:45.610-0500] {logging_mixin.py:188} INFO - [2024-07-28T14:01:45.610-0500] {dag.py:3089} INFO - Sync 1 DAGs
[2024-07-28T14:01:45.615-0500] {logging_mixin.py:188} INFO - [2024-07-28T14:01:45.615-0500] {dag.py:3947} INFO - Setting next_dagrun for example_task_group_decorator to 2024-07-27 00:00:00+00:00, run_after=2024-07-28 00:00:00+00:00
[2024-07-28T14:01:45.621-0500] {processor.py:183} INFO - Processing /Users/alexkim/Desktop/Projects/ETL_Projects/redditviz/venv/lib/python3.12/site-packages/airflow/example_dags/example_task_group_decorator.py took 0.075 seconds
[2024-07-28T14:03:20.471-0500] {processor.py:161} INFO - Started process (PID=33347) to work on /Users/alexkim/Desktop/Projects/ETL_Projects/redditviz/venv/lib/python3.12/site-packages/airflow/example_dags/example_task_group_decorator.py
[2024-07-28T14:03:20.472-0500] {processor.py:830} INFO - Processing file /Users/alexkim/Desktop/Projects/ETL_Projects/redditviz/venv/lib/python3.12/site-packages/airflow/example_dags/example_task_group_decorator.py for tasks to queue
[2024-07-28T14:03:20.472-0500] {logging_mixin.py:188} INFO - [2024-07-28T14:03:20.472-0500] {dagbag.py:545} INFO - Filling up the DagBag from /Users/alexkim/Desktop/Projects/ETL_Projects/redditviz/venv/lib/python3.12/site-packages/airflow/example_dags/example_task_group_decorator.py
[2024-07-28T14:03:20.486-0500] {processor.py:840} INFO - DAG(s) 'example_task_group_decorator' retrieved from /Users/alexkim/Desktop/Projects/ETL_Projects/redditviz/venv/lib/python3.12/site-packages/airflow/example_dags/example_task_group_decorator.py
[2024-07-28T14:03:20.518-0500] {logging_mixin.py:188} INFO - [2024-07-28T14:03:20.518-0500] {dag.py:3089} INFO - Sync 1 DAGs
[2024-07-28T14:03:20.523-0500] {logging_mixin.py:188} INFO - [2024-07-28T14:03:20.523-0500] {dag.py:3947} INFO - Setting next_dagrun for example_task_group_decorator to 2024-07-27 00:00:00+00:00, run_after=2024-07-28 00:00:00+00:00
[2024-07-28T14:03:20.529-0500] {processor.py:183} INFO - Processing /Users/alexkim/Desktop/Projects/ETL_Projects/redditviz/venv/lib/python3.12/site-packages/airflow/example_dags/example_task_group_decorator.py took 0.059 seconds
[2024-07-28T14:05:04.426-0500] {processor.py:161} INFO - Started process (PID=33462) to work on /Users/alexkim/Desktop/Projects/ETL_Projects/redditviz/venv/lib/python3.12/site-packages/airflow/example_dags/example_task_group_decorator.py
[2024-07-28T14:05:04.426-0500] {processor.py:830} INFO - Processing file /Users/alexkim/Desktop/Projects/ETL_Projects/redditviz/venv/lib/python3.12/site-packages/airflow/example_dags/example_task_group_decorator.py for tasks to queue
[2024-07-28T14:05:04.427-0500] {logging_mixin.py:188} INFO - [2024-07-28T14:05:04.427-0500] {dagbag.py:545} INFO - Filling up the DagBag from /Users/alexkim/Desktop/Projects/ETL_Projects/redditviz/venv/lib/python3.12/site-packages/airflow/example_dags/example_task_group_decorator.py
[2024-07-28T14:05:04.445-0500] {processor.py:840} INFO - DAG(s) 'example_task_group_decorator' retrieved from /Users/alexkim/Desktop/Projects/ETL_Projects/redditviz/venv/lib/python3.12/site-packages/airflow/example_dags/example_task_group_decorator.py
[2024-07-28T14:05:04.478-0500] {logging_mixin.py:188} INFO - [2024-07-28T14:05:04.478-0500] {dag.py:3089} INFO - Sync 1 DAGs
[2024-07-28T14:05:04.484-0500] {logging_mixin.py:188} INFO - [2024-07-28T14:05:04.484-0500] {dag.py:3947} INFO - Setting next_dagrun for example_task_group_decorator to 2024-07-27 00:00:00+00:00, run_after=2024-07-28 00:00:00+00:00
[2024-07-28T14:05:04.490-0500] {processor.py:183} INFO - Processing /Users/alexkim/Desktop/Projects/ETL_Projects/redditviz/venv/lib/python3.12/site-packages/airflow/example_dags/example_task_group_decorator.py took 0.065 seconds
[2024-07-28T14:06:01.978-0500] {processor.py:161} INFO - Started process (PID=33568) to work on /Users/alexkim/Desktop/Projects/ETL_Projects/redditviz/venv/lib/python3.12/site-packages/airflow/example_dags/example_task_group_decorator.py
[2024-07-28T14:06:01.979-0500] {processor.py:830} INFO - Processing file /Users/alexkim/Desktop/Projects/ETL_Projects/redditviz/venv/lib/python3.12/site-packages/airflow/example_dags/example_task_group_decorator.py for tasks to queue
[2024-07-28T14:06:01.979-0500] {logging_mixin.py:188} INFO - [2024-07-28T14:06:01.979-0500] {dagbag.py:545} INFO - Filling up the DagBag from /Users/alexkim/Desktop/Projects/ETL_Projects/redditviz/venv/lib/python3.12/site-packages/airflow/example_dags/example_task_group_decorator.py
[2024-07-28T14:06:01.993-0500] {processor.py:840} INFO - DAG(s) 'example_task_group_decorator' retrieved from /Users/alexkim/Desktop/Projects/ETL_Projects/redditviz/venv/lib/python3.12/site-packages/airflow/example_dags/example_task_group_decorator.py
[2024-07-28T14:06:02.024-0500] {logging_mixin.py:188} INFO - [2024-07-28T14:06:02.024-0500] {dag.py:3089} INFO - Sync 1 DAGs
[2024-07-28T14:06:02.030-0500] {logging_mixin.py:188} INFO - [2024-07-28T14:06:02.030-0500] {dag.py:3947} INFO - Setting next_dagrun for example_task_group_decorator to 2024-07-27 00:00:00+00:00, run_after=2024-07-28 00:00:00+00:00
[2024-07-28T14:06:02.036-0500] {processor.py:183} INFO - Processing /Users/alexkim/Desktop/Projects/ETL_Projects/redditviz/venv/lib/python3.12/site-packages/airflow/example_dags/example_task_group_decorator.py took 0.059 seconds
[2024-07-28T14:06:59.611-0500] {processor.py:161} INFO - Started process (PID=33633) to work on /Users/alexkim/Desktop/Projects/ETL_Projects/redditviz/venv/lib/python3.12/site-packages/airflow/example_dags/example_task_group_decorator.py
[2024-07-28T14:06:59.611-0500] {processor.py:830} INFO - Processing file /Users/alexkim/Desktop/Projects/ETL_Projects/redditviz/venv/lib/python3.12/site-packages/airflow/example_dags/example_task_group_decorator.py for tasks to queue
[2024-07-28T14:06:59.612-0500] {logging_mixin.py:188} INFO - [2024-07-28T14:06:59.612-0500] {dagbag.py:545} INFO - Filling up the DagBag from /Users/alexkim/Desktop/Projects/ETL_Projects/redditviz/venv/lib/python3.12/site-packages/airflow/example_dags/example_task_group_decorator.py
[2024-07-28T14:06:59.626-0500] {processor.py:840} INFO - DAG(s) 'example_task_group_decorator' retrieved from /Users/alexkim/Desktop/Projects/ETL_Projects/redditviz/venv/lib/python3.12/site-packages/airflow/example_dags/example_task_group_decorator.py
[2024-07-28T14:06:59.657-0500] {logging_mixin.py:188} INFO - [2024-07-28T14:06:59.656-0500] {dag.py:3089} INFO - Sync 1 DAGs
[2024-07-28T14:06:59.662-0500] {logging_mixin.py:188} INFO - [2024-07-28T14:06:59.662-0500] {dag.py:3947} INFO - Setting next_dagrun for example_task_group_decorator to 2024-07-27 00:00:00+00:00, run_after=2024-07-28 00:00:00+00:00
[2024-07-28T14:06:59.668-0500] {processor.py:183} INFO - Processing /Users/alexkim/Desktop/Projects/ETL_Projects/redditviz/venv/lib/python3.12/site-packages/airflow/example_dags/example_task_group_decorator.py took 0.058 seconds
[2024-07-28T14:08:03.073-0500] {processor.py:161} INFO - Started process (PID=33710) to work on /Users/alexkim/Desktop/Projects/ETL_Projects/redditviz/venv/lib/python3.12/site-packages/airflow/example_dags/example_task_group_decorator.py
[2024-07-28T14:08:03.074-0500] {processor.py:830} INFO - Processing file /Users/alexkim/Desktop/Projects/ETL_Projects/redditviz/venv/lib/python3.12/site-packages/airflow/example_dags/example_task_group_decorator.py for tasks to queue
[2024-07-28T14:08:03.074-0500] {logging_mixin.py:188} INFO - [2024-07-28T14:08:03.074-0500] {dagbag.py:545} INFO - Filling up the DagBag from /Users/alexkim/Desktop/Projects/ETL_Projects/redditviz/venv/lib/python3.12/site-packages/airflow/example_dags/example_task_group_decorator.py
[2024-07-28T14:08:03.089-0500] {processor.py:840} INFO - DAG(s) 'example_task_group_decorator' retrieved from /Users/alexkim/Desktop/Projects/ETL_Projects/redditviz/venv/lib/python3.12/site-packages/airflow/example_dags/example_task_group_decorator.py
[2024-07-28T14:08:03.120-0500] {logging_mixin.py:188} INFO - [2024-07-28T14:08:03.120-0500] {dag.py:3089} INFO - Sync 1 DAGs
[2024-07-28T14:08:03.126-0500] {logging_mixin.py:188} INFO - [2024-07-28T14:08:03.126-0500] {dag.py:3947} INFO - Setting next_dagrun for example_task_group_decorator to 2024-07-27 00:00:00+00:00, run_after=2024-07-28 00:00:00+00:00
[2024-07-28T14:08:03.132-0500] {processor.py:183} INFO - Processing /Users/alexkim/Desktop/Projects/ETL_Projects/redditviz/venv/lib/python3.12/site-packages/airflow/example_dags/example_task_group_decorator.py took 0.060 seconds
[2024-07-28T14:08:58.865-0500] {processor.py:161} INFO - Started process (PID=33750) to work on /Users/alexkim/Desktop/Projects/ETL_Projects/redditviz/venv/lib/python3.12/site-packages/airflow/example_dags/example_task_group_decorator.py
[2024-07-28T14:08:58.865-0500] {processor.py:830} INFO - Processing file /Users/alexkim/Desktop/Projects/ETL_Projects/redditviz/venv/lib/python3.12/site-packages/airflow/example_dags/example_task_group_decorator.py for tasks to queue
[2024-07-28T14:08:58.866-0500] {logging_mixin.py:188} INFO - [2024-07-28T14:08:58.866-0500] {dagbag.py:545} INFO - Filling up the DagBag from /Users/alexkim/Desktop/Projects/ETL_Projects/redditviz/venv/lib/python3.12/site-packages/airflow/example_dags/example_task_group_decorator.py
[2024-07-28T14:08:58.880-0500] {processor.py:840} INFO - DAG(s) 'example_task_group_decorator' retrieved from /Users/alexkim/Desktop/Projects/ETL_Projects/redditviz/venv/lib/python3.12/site-packages/airflow/example_dags/example_task_group_decorator.py
[2024-07-28T14:08:58.912-0500] {logging_mixin.py:188} INFO - [2024-07-28T14:08:58.912-0500] {dag.py:3089} INFO - Sync 1 DAGs
[2024-07-28T14:08:58.918-0500] {logging_mixin.py:188} INFO - [2024-07-28T14:08:58.918-0500] {dag.py:3947} INFO - Setting next_dagrun for example_task_group_decorator to 2024-07-27 00:00:00+00:00, run_after=2024-07-28 00:00:00+00:00
[2024-07-28T14:08:58.924-0500] {processor.py:183} INFO - Processing /Users/alexkim/Desktop/Projects/ETL_Projects/redditviz/venv/lib/python3.12/site-packages/airflow/example_dags/example_task_group_decorator.py took 0.060 seconds
[2024-07-28T14:09:57.345-0500] {processor.py:161} INFO - Started process (PID=33837) to work on /Users/alexkim/Desktop/Projects/ETL_Projects/redditviz/venv/lib/python3.12/site-packages/airflow/example_dags/example_task_group_decorator.py
[2024-07-28T14:09:57.346-0500] {processor.py:830} INFO - Processing file /Users/alexkim/Desktop/Projects/ETL_Projects/redditviz/venv/lib/python3.12/site-packages/airflow/example_dags/example_task_group_decorator.py for tasks to queue
[2024-07-28T14:09:57.346-0500] {logging_mixin.py:188} INFO - [2024-07-28T14:09:57.346-0500] {dagbag.py:545} INFO - Filling up the DagBag from /Users/alexkim/Desktop/Projects/ETL_Projects/redditviz/venv/lib/python3.12/site-packages/airflow/example_dags/example_task_group_decorator.py
[2024-07-28T14:09:57.360-0500] {processor.py:840} INFO - DAG(s) 'example_task_group_decorator' retrieved from /Users/alexkim/Desktop/Projects/ETL_Projects/redditviz/venv/lib/python3.12/site-packages/airflow/example_dags/example_task_group_decorator.py
[2024-07-28T14:09:57.394-0500] {logging_mixin.py:188} INFO - [2024-07-28T14:09:57.394-0500] {dag.py:3089} INFO - Sync 1 DAGs
[2024-07-28T14:09:57.399-0500] {logging_mixin.py:188} INFO - [2024-07-28T14:09:57.399-0500] {dag.py:3947} INFO - Setting next_dagrun for example_task_group_decorator to 2024-07-27 00:00:00+00:00, run_after=2024-07-28 00:00:00+00:00
[2024-07-28T14:09:57.407-0500] {processor.py:183} INFO - Processing /Users/alexkim/Desktop/Projects/ETL_Projects/redditviz/venv/lib/python3.12/site-packages/airflow/example_dags/example_task_group_decorator.py took 0.063 seconds
[2024-07-28T14:10:57.932-0500] {processor.py:161} INFO - Started process (PID=33896) to work on /Users/alexkim/Desktop/Projects/ETL_Projects/redditviz/venv/lib/python3.12/site-packages/airflow/example_dags/example_task_group_decorator.py
[2024-07-28T14:10:57.933-0500] {processor.py:830} INFO - Processing file /Users/alexkim/Desktop/Projects/ETL_Projects/redditviz/venv/lib/python3.12/site-packages/airflow/example_dags/example_task_group_decorator.py for tasks to queue
[2024-07-28T14:10:57.933-0500] {logging_mixin.py:188} INFO - [2024-07-28T14:10:57.933-0500] {dagbag.py:545} INFO - Filling up the DagBag from /Users/alexkim/Desktop/Projects/ETL_Projects/redditviz/venv/lib/python3.12/site-packages/airflow/example_dags/example_task_group_decorator.py
[2024-07-28T14:10:57.947-0500] {processor.py:840} INFO - DAG(s) 'example_task_group_decorator' retrieved from /Users/alexkim/Desktop/Projects/ETL_Projects/redditviz/venv/lib/python3.12/site-packages/airflow/example_dags/example_task_group_decorator.py
[2024-07-28T14:10:57.978-0500] {logging_mixin.py:188} INFO - [2024-07-28T14:10:57.978-0500] {dag.py:3089} INFO - Sync 1 DAGs
[2024-07-28T14:10:57.983-0500] {logging_mixin.py:188} INFO - [2024-07-28T14:10:57.983-0500] {dag.py:3947} INFO - Setting next_dagrun for example_task_group_decorator to 2024-07-27 00:00:00+00:00, run_after=2024-07-28 00:00:00+00:00
[2024-07-28T14:10:57.990-0500] {processor.py:183} INFO - Processing /Users/alexkim/Desktop/Projects/ETL_Projects/redditviz/venv/lib/python3.12/site-packages/airflow/example_dags/example_task_group_decorator.py took 0.059 seconds
[2024-07-28T14:11:57.057-0500] {processor.py:161} INFO - Started process (PID=33959) to work on /Users/alexkim/Desktop/Projects/ETL_Projects/redditviz/venv/lib/python3.12/site-packages/airflow/example_dags/example_task_group_decorator.py
[2024-07-28T14:11:57.057-0500] {processor.py:830} INFO - Processing file /Users/alexkim/Desktop/Projects/ETL_Projects/redditviz/venv/lib/python3.12/site-packages/airflow/example_dags/example_task_group_decorator.py for tasks to queue
[2024-07-28T14:11:57.058-0500] {logging_mixin.py:188} INFO - [2024-07-28T14:11:57.057-0500] {dagbag.py:545} INFO - Filling up the DagBag from /Users/alexkim/Desktop/Projects/ETL_Projects/redditviz/venv/lib/python3.12/site-packages/airflow/example_dags/example_task_group_decorator.py
[2024-07-28T14:11:57.072-0500] {processor.py:840} INFO - DAG(s) 'example_task_group_decorator' retrieved from /Users/alexkim/Desktop/Projects/ETL_Projects/redditviz/venv/lib/python3.12/site-packages/airflow/example_dags/example_task_group_decorator.py
[2024-07-28T14:11:57.105-0500] {logging_mixin.py:188} INFO - [2024-07-28T14:11:57.105-0500] {dag.py:3089} INFO - Sync 1 DAGs
[2024-07-28T14:11:57.110-0500] {logging_mixin.py:188} INFO - [2024-07-28T14:11:57.110-0500] {dag.py:3947} INFO - Setting next_dagrun for example_task_group_decorator to 2024-07-27 00:00:00+00:00, run_after=2024-07-28 00:00:00+00:00
[2024-07-28T14:11:57.116-0500] {processor.py:183} INFO - Processing /Users/alexkim/Desktop/Projects/ETL_Projects/redditviz/venv/lib/python3.12/site-packages/airflow/example_dags/example_task_group_decorator.py took 0.060 seconds
[2024-07-28T14:12:57.584-0500] {processor.py:161} INFO - Started process (PID=34023) to work on /Users/alexkim/Desktop/Projects/ETL_Projects/redditviz/venv/lib/python3.12/site-packages/airflow/example_dags/example_task_group_decorator.py
[2024-07-28T14:12:57.585-0500] {processor.py:830} INFO - Processing file /Users/alexkim/Desktop/Projects/ETL_Projects/redditviz/venv/lib/python3.12/site-packages/airflow/example_dags/example_task_group_decorator.py for tasks to queue
[2024-07-28T14:12:57.585-0500] {logging_mixin.py:188} INFO - [2024-07-28T14:12:57.585-0500] {dagbag.py:545} INFO - Filling up the DagBag from /Users/alexkim/Desktop/Projects/ETL_Projects/redditviz/venv/lib/python3.12/site-packages/airflow/example_dags/example_task_group_decorator.py
[2024-07-28T14:12:57.599-0500] {processor.py:840} INFO - DAG(s) 'example_task_group_decorator' retrieved from /Users/alexkim/Desktop/Projects/ETL_Projects/redditviz/venv/lib/python3.12/site-packages/airflow/example_dags/example_task_group_decorator.py
[2024-07-28T14:12:57.630-0500] {logging_mixin.py:188} INFO - [2024-07-28T14:12:57.630-0500] {dag.py:3089} INFO - Sync 1 DAGs
[2024-07-28T14:12:57.635-0500] {logging_mixin.py:188} INFO - [2024-07-28T14:12:57.635-0500] {dag.py:3947} INFO - Setting next_dagrun for example_task_group_decorator to 2024-07-27 00:00:00+00:00, run_after=2024-07-28 00:00:00+00:00
[2024-07-28T14:12:57.642-0500] {processor.py:183} INFO - Processing /Users/alexkim/Desktop/Projects/ETL_Projects/redditviz/venv/lib/python3.12/site-packages/airflow/example_dags/example_task_group_decorator.py took 0.058 seconds
[2024-07-28T14:13:55.683-0500] {processor.py:161} INFO - Started process (PID=34093) to work on /Users/alexkim/Desktop/Projects/ETL_Projects/redditviz/venv/lib/python3.12/site-packages/airflow/example_dags/example_task_group_decorator.py
[2024-07-28T14:13:55.683-0500] {processor.py:830} INFO - Processing file /Users/alexkim/Desktop/Projects/ETL_Projects/redditviz/venv/lib/python3.12/site-packages/airflow/example_dags/example_task_group_decorator.py for tasks to queue
[2024-07-28T14:13:55.683-0500] {logging_mixin.py:188} INFO - [2024-07-28T14:13:55.683-0500] {dagbag.py:545} INFO - Filling up the DagBag from /Users/alexkim/Desktop/Projects/ETL_Projects/redditviz/venv/lib/python3.12/site-packages/airflow/example_dags/example_task_group_decorator.py
[2024-07-28T14:13:55.698-0500] {processor.py:840} INFO - DAG(s) 'example_task_group_decorator' retrieved from /Users/alexkim/Desktop/Projects/ETL_Projects/redditviz/venv/lib/python3.12/site-packages/airflow/example_dags/example_task_group_decorator.py
[2024-07-28T14:13:55.729-0500] {logging_mixin.py:188} INFO - [2024-07-28T14:13:55.729-0500] {dag.py:3089} INFO - Sync 1 DAGs
[2024-07-28T14:13:55.734-0500] {logging_mixin.py:188} INFO - [2024-07-28T14:13:55.734-0500] {dag.py:3947} INFO - Setting next_dagrun for example_task_group_decorator to 2024-07-27 00:00:00+00:00, run_after=2024-07-28 00:00:00+00:00
[2024-07-28T14:13:55.744-0500] {processor.py:183} INFO - Processing /Users/alexkim/Desktop/Projects/ETL_Projects/redditviz/venv/lib/python3.12/site-packages/airflow/example_dags/example_task_group_decorator.py took 0.062 seconds
[2024-07-28T14:14:59.229-0500] {processor.py:161} INFO - Started process (PID=34179) to work on /Users/alexkim/Desktop/Projects/ETL_Projects/redditviz/venv/lib/python3.12/site-packages/airflow/example_dags/example_task_group_decorator.py
[2024-07-28T14:14:59.230-0500] {processor.py:830} INFO - Processing file /Users/alexkim/Desktop/Projects/ETL_Projects/redditviz/venv/lib/python3.12/site-packages/airflow/example_dags/example_task_group_decorator.py for tasks to queue
[2024-07-28T14:14:59.230-0500] {logging_mixin.py:188} INFO - [2024-07-28T14:14:59.230-0500] {dagbag.py:545} INFO - Filling up the DagBag from /Users/alexkim/Desktop/Projects/ETL_Projects/redditviz/venv/lib/python3.12/site-packages/airflow/example_dags/example_task_group_decorator.py
[2024-07-28T14:14:59.244-0500] {processor.py:840} INFO - DAG(s) 'example_task_group_decorator' retrieved from /Users/alexkim/Desktop/Projects/ETL_Projects/redditviz/venv/lib/python3.12/site-packages/airflow/example_dags/example_task_group_decorator.py
[2024-07-28T14:14:59.276-0500] {logging_mixin.py:188} INFO - [2024-07-28T14:14:59.276-0500] {dag.py:3089} INFO - Sync 1 DAGs
[2024-07-28T14:14:59.282-0500] {logging_mixin.py:188} INFO - [2024-07-28T14:14:59.281-0500] {dag.py:3947} INFO - Setting next_dagrun for example_task_group_decorator to 2024-07-27 00:00:00+00:00, run_after=2024-07-28 00:00:00+00:00
[2024-07-28T14:14:59.288-0500] {processor.py:183} INFO - Processing /Users/alexkim/Desktop/Projects/ETL_Projects/redditviz/venv/lib/python3.12/site-packages/airflow/example_dags/example_task_group_decorator.py took 0.059 seconds
[2024-07-28T14:35:04.613-0500] {processor.py:161} INFO - Started process (PID=1510) to work on /Users/alexkim/Desktop/Projects/ETL_Projects/redditviz/venv/lib/python3.12/site-packages/airflow/example_dags/example_task_group_decorator.py
[2024-07-28T14:35:04.614-0500] {processor.py:830} INFO - Processing file /Users/alexkim/Desktop/Projects/ETL_Projects/redditviz/venv/lib/python3.12/site-packages/airflow/example_dags/example_task_group_decorator.py for tasks to queue
[2024-07-28T14:35:04.615-0500] {logging_mixin.py:188} INFO - [2024-07-28T14:35:04.615-0500] {dagbag.py:545} INFO - Filling up the DagBag from /Users/alexkim/Desktop/Projects/ETL_Projects/redditviz/venv/lib/python3.12/site-packages/airflow/example_dags/example_task_group_decorator.py
[2024-07-28T14:35:04.630-0500] {processor.py:840} INFO - DAG(s) 'example_task_group_decorator' retrieved from /Users/alexkim/Desktop/Projects/ETL_Projects/redditviz/venv/lib/python3.12/site-packages/airflow/example_dags/example_task_group_decorator.py
[2024-07-28T14:35:04.694-0500] {logging_mixin.py:188} INFO - [2024-07-28T14:35:04.694-0500] {override.py:1858} INFO - Created Permission View: can read on DAG:example_task_group_decorator
[2024-07-28T14:35:04.697-0500] {logging_mixin.py:188} INFO - [2024-07-28T14:35:04.697-0500] {override.py:1858} INFO - Created Permission View: can delete on DAG:example_task_group_decorator
[2024-07-28T14:35:04.699-0500] {logging_mixin.py:188} INFO - [2024-07-28T14:35:04.698-0500] {override.py:1858} INFO - Created Permission View: can edit on DAG:example_task_group_decorator
[2024-07-28T14:35:04.699-0500] {logging_mixin.py:188} INFO - [2024-07-28T14:35:04.699-0500] {dag.py:3089} INFO - Sync 1 DAGs
[2024-07-28T14:35:04.702-0500] {logging_mixin.py:188} INFO - [2024-07-28T14:35:04.702-0500] {dag.py:3111} INFO - Creating ORM DAG for example_task_group_decorator
[2024-07-28T14:35:04.705-0500] {logging_mixin.py:188} INFO - [2024-07-28T14:35:04.705-0500] {dag.py:3947} INFO - Setting next_dagrun for example_task_group_decorator to 2024-07-27 00:00:00+00:00, run_after=2024-07-28 00:00:00+00:00
[2024-07-28T14:35:04.711-0500] {processor.py:183} INFO - Processing /Users/alexkim/Desktop/Projects/ETL_Projects/redditviz/venv/lib/python3.12/site-packages/airflow/example_dags/example_task_group_decorator.py took 0.098 seconds
