[2024-07-28T14:01:07.988-0500] {processor.py:161} INFO - Started process (PID=33228) to work on /Users/alexkim/Desktop/Projects/ETL_Projects/redditviz/venv/lib/python3.12/site-packages/airflow/example_dags/example_branch_labels.py
[2024-07-28T14:01:07.988-0500] {processor.py:830} INFO - Processing file /Users/alexkim/Desktop/Projects/ETL_Projects/redditviz/venv/lib/python3.12/site-packages/airflow/example_dags/example_branch_labels.py for tasks to queue
[2024-07-28T14:01:07.988-0500] {logging_mixin.py:188} INFO - [2024-07-28T14:01:07.988-0500] {dagbag.py:545} INFO - Filling up the DagBag from /Users/alexkim/Desktop/Projects/ETL_Projects/redditviz/venv/lib/python3.12/site-packages/airflow/example_dags/example_branch_labels.py
[2024-07-28T14:01:07.991-0500] {processor.py:840} INFO - DAG(s) 'example_branch_labels' retrieved from /Users/alexkim/Desktop/Projects/ETL_Projects/redditviz/venv/lib/python3.12/site-packages/airflow/example_dags/example_branch_labels.py
[2024-07-28T14:01:08.051-0500] {logging_mixin.py:188} INFO - [2024-07-28T14:01:08.051-0500] {override.py:1858} INFO - Created Permission View: can edit on DAG:example_branch_labels
[2024-07-28T14:01:08.054-0500] {logging_mixin.py:188} INFO - [2024-07-28T14:01:08.054-0500] {override.py:1858} INFO - Created Permission View: can delete on DAG:example_branch_labels
[2024-07-28T14:01:08.056-0500] {logging_mixin.py:188} INFO - [2024-07-28T14:01:08.056-0500] {override.py:1858} INFO - Created Permission View: can read on DAG:example_branch_labels
[2024-07-28T14:01:08.056-0500] {logging_mixin.py:188} INFO - [2024-07-28T14:01:08.056-0500] {dag.py:3089} INFO - Sync 1 DAGs
[2024-07-28T14:01:08.059-0500] {logging_mixin.py:188} INFO - [2024-07-28T14:01:08.059-0500] {dag.py:3111} INFO - Creating ORM DAG for example_branch_labels
[2024-07-28T14:01:08.061-0500] {logging_mixin.py:188} INFO - [2024-07-28T14:01:08.061-0500] {dag.py:3947} INFO - Setting next_dagrun for example_branch_labels to 2024-07-27 00:00:00+00:00, run_after=2024-07-28 00:00:00+00:00
[2024-07-28T14:01:08.066-0500] {processor.py:183} INFO - Processing /Users/alexkim/Desktop/Projects/ETL_Projects/redditviz/venv/lib/python3.12/site-packages/airflow/example_dags/example_branch_labels.py took 0.080 seconds
[2024-07-28T14:02:54.485-0500] {processor.py:161} INFO - Started process (PID=33322) to work on /Users/alexkim/Desktop/Projects/ETL_Projects/redditviz/venv/lib/python3.12/site-packages/airflow/example_dags/example_branch_labels.py
[2024-07-28T14:02:54.485-0500] {processor.py:830} INFO - Processing file /Users/alexkim/Desktop/Projects/ETL_Projects/redditviz/venv/lib/python3.12/site-packages/airflow/example_dags/example_branch_labels.py for tasks to queue
[2024-07-28T14:02:54.485-0500] {logging_mixin.py:188} INFO - [2024-07-28T14:02:54.485-0500] {dagbag.py:545} INFO - Filling up the DagBag from /Users/alexkim/Desktop/Projects/ETL_Projects/redditviz/venv/lib/python3.12/site-packages/airflow/example_dags/example_branch_labels.py
[2024-07-28T14:02:54.488-0500] {processor.py:840} INFO - DAG(s) 'example_branch_labels' retrieved from /Users/alexkim/Desktop/Projects/ETL_Projects/redditviz/venv/lib/python3.12/site-packages/airflow/example_dags/example_branch_labels.py
[2024-07-28T14:02:54.519-0500] {logging_mixin.py:188} INFO - [2024-07-28T14:02:54.518-0500] {dag.py:3089} INFO - Sync 1 DAGs
[2024-07-28T14:02:54.524-0500] {logging_mixin.py:188} INFO - [2024-07-28T14:02:54.524-0500] {dag.py:3947} INFO - Setting next_dagrun for example_branch_labels to 2024-07-27 00:00:00+00:00, run_after=2024-07-28 00:00:00+00:00
[2024-07-28T14:02:54.530-0500] {processor.py:183} INFO - Processing /Users/alexkim/Desktop/Projects/ETL_Projects/redditviz/venv/lib/python3.12/site-packages/airflow/example_dags/example_branch_labels.py took 0.046 seconds
[2024-07-28T14:04:31.690-0500] {processor.py:161} INFO - Started process (PID=33415) to work on /Users/alexkim/Desktop/Projects/ETL_Projects/redditviz/venv/lib/python3.12/site-packages/airflow/example_dags/example_branch_labels.py
[2024-07-28T14:04:31.691-0500] {processor.py:830} INFO - Processing file /Users/alexkim/Desktop/Projects/ETL_Projects/redditviz/venv/lib/python3.12/site-packages/airflow/example_dags/example_branch_labels.py for tasks to queue
[2024-07-28T14:04:31.691-0500] {logging_mixin.py:188} INFO - [2024-07-28T14:04:31.691-0500] {dagbag.py:545} INFO - Filling up the DagBag from /Users/alexkim/Desktop/Projects/ETL_Projects/redditviz/venv/lib/python3.12/site-packages/airflow/example_dags/example_branch_labels.py
[2024-07-28T14:04:31.694-0500] {processor.py:840} INFO - DAG(s) 'example_branch_labels' retrieved from /Users/alexkim/Desktop/Projects/ETL_Projects/redditviz/venv/lib/python3.12/site-packages/airflow/example_dags/example_branch_labels.py
[2024-07-28T14:04:31.724-0500] {logging_mixin.py:188} INFO - [2024-07-28T14:04:31.724-0500] {dag.py:3089} INFO - Sync 1 DAGs
[2024-07-28T14:04:31.729-0500] {logging_mixin.py:188} INFO - [2024-07-28T14:04:31.729-0500] {dag.py:3947} INFO - Setting next_dagrun for example_branch_labels to 2024-07-27 00:00:00+00:00, run_after=2024-07-28 00:00:00+00:00
[2024-07-28T14:04:31.736-0500] {processor.py:183} INFO - Processing /Users/alexkim/Desktop/Projects/ETL_Projects/redditviz/venv/lib/python3.12/site-packages/airflow/example_dags/example_branch_labels.py took 0.046 seconds
[2024-07-28T14:06:25.021-0500] {processor.py:161} INFO - Started process (PID=33584) to work on /Users/alexkim/Desktop/Projects/ETL_Projects/redditviz/venv/lib/python3.12/site-packages/airflow/example_dags/example_branch_labels.py
[2024-07-28T14:06:25.022-0500] {processor.py:830} INFO - Processing file /Users/alexkim/Desktop/Projects/ETL_Projects/redditviz/venv/lib/python3.12/site-packages/airflow/example_dags/example_branch_labels.py for tasks to queue
[2024-07-28T14:06:25.022-0500] {logging_mixin.py:188} INFO - [2024-07-28T14:06:25.022-0500] {dagbag.py:545} INFO - Filling up the DagBag from /Users/alexkim/Desktop/Projects/ETL_Projects/redditviz/venv/lib/python3.12/site-packages/airflow/example_dags/example_branch_labels.py
[2024-07-28T14:06:25.025-0500] {processor.py:840} INFO - DAG(s) 'example_branch_labels' retrieved from /Users/alexkim/Desktop/Projects/ETL_Projects/redditviz/venv/lib/python3.12/site-packages/airflow/example_dags/example_branch_labels.py
[2024-07-28T14:06:25.058-0500] {logging_mixin.py:188} INFO - [2024-07-28T14:06:25.058-0500] {dag.py:3089} INFO - Sync 1 DAGs
[2024-07-28T14:06:25.064-0500] {logging_mixin.py:188} INFO - [2024-07-28T14:06:25.064-0500] {dag.py:3947} INFO - Setting next_dagrun for example_branch_labels to 2024-07-27 00:00:00+00:00, run_after=2024-07-28 00:00:00+00:00
[2024-07-28T14:06:25.070-0500] {processor.py:183} INFO - Processing /Users/alexkim/Desktop/Projects/ETL_Projects/redditviz/venv/lib/python3.12/site-packages/airflow/example_dags/example_branch_labels.py took 0.050 seconds
[2024-07-28T14:08:27.523-0500] {processor.py:161} INFO - Started process (PID=33725) to work on /Users/alexkim/Desktop/Projects/ETL_Projects/redditviz/venv/lib/python3.12/site-packages/airflow/example_dags/example_branch_labels.py
[2024-07-28T14:08:27.524-0500] {processor.py:830} INFO - Processing file /Users/alexkim/Desktop/Projects/ETL_Projects/redditviz/venv/lib/python3.12/site-packages/airflow/example_dags/example_branch_labels.py for tasks to queue
[2024-07-28T14:08:27.524-0500] {logging_mixin.py:188} INFO - [2024-07-28T14:08:27.524-0500] {dagbag.py:545} INFO - Filling up the DagBag from /Users/alexkim/Desktop/Projects/ETL_Projects/redditviz/venv/lib/python3.12/site-packages/airflow/example_dags/example_branch_labels.py
[2024-07-28T14:08:27.527-0500] {processor.py:840} INFO - DAG(s) 'example_branch_labels' retrieved from /Users/alexkim/Desktop/Projects/ETL_Projects/redditviz/venv/lib/python3.12/site-packages/airflow/example_dags/example_branch_labels.py
[2024-07-28T14:08:27.558-0500] {logging_mixin.py:188} INFO - [2024-07-28T14:08:27.558-0500] {dag.py:3089} INFO - Sync 1 DAGs
[2024-07-28T14:08:27.564-0500] {logging_mixin.py:188} INFO - [2024-07-28T14:08:27.564-0500] {dag.py:3947} INFO - Setting next_dagrun for example_branch_labels to 2024-07-27 00:00:00+00:00, run_after=2024-07-28 00:00:00+00:00
[2024-07-28T14:08:27.571-0500] {processor.py:183} INFO - Processing /Users/alexkim/Desktop/Projects/ETL_Projects/redditviz/venv/lib/python3.12/site-packages/airflow/example_dags/example_branch_labels.py took 0.048 seconds
[2024-07-28T14:10:19.764-0500] {processor.py:161} INFO - Started process (PID=33863) to work on /Users/alexkim/Desktop/Projects/ETL_Projects/redditviz/venv/lib/python3.12/site-packages/airflow/example_dags/example_branch_labels.py
[2024-07-28T14:10:19.765-0500] {processor.py:830} INFO - Processing file /Users/alexkim/Desktop/Projects/ETL_Projects/redditviz/venv/lib/python3.12/site-packages/airflow/example_dags/example_branch_labels.py for tasks to queue
[2024-07-28T14:10:19.765-0500] {logging_mixin.py:188} INFO - [2024-07-28T14:10:19.765-0500] {dagbag.py:545} INFO - Filling up the DagBag from /Users/alexkim/Desktop/Projects/ETL_Projects/redditviz/venv/lib/python3.12/site-packages/airflow/example_dags/example_branch_labels.py
[2024-07-28T14:10:19.768-0500] {processor.py:840} INFO - DAG(s) 'example_branch_labels' retrieved from /Users/alexkim/Desktop/Projects/ETL_Projects/redditviz/venv/lib/python3.12/site-packages/airflow/example_dags/example_branch_labels.py
[2024-07-28T14:10:19.802-0500] {logging_mixin.py:188} INFO - [2024-07-28T14:10:19.802-0500] {dag.py:3089} INFO - Sync 1 DAGs
[2024-07-28T14:10:19.809-0500] {logging_mixin.py:188} INFO - [2024-07-28T14:10:19.809-0500] {dag.py:3947} INFO - Setting next_dagrun for example_branch_labels to 2024-07-27 00:00:00+00:00, run_after=2024-07-28 00:00:00+00:00
[2024-07-28T14:10:19.817-0500] {processor.py:183} INFO - Processing /Users/alexkim/Desktop/Projects/ETL_Projects/redditviz/venv/lib/python3.12/site-packages/airflow/example_dags/example_branch_labels.py took 0.054 seconds
[2024-07-28T14:12:18.986-0500] {processor.py:161} INFO - Started process (PID=33974) to work on /Users/alexkim/Desktop/Projects/ETL_Projects/redditviz/venv/lib/python3.12/site-packages/airflow/example_dags/example_branch_labels.py
[2024-07-28T14:12:18.986-0500] {processor.py:830} INFO - Processing file /Users/alexkim/Desktop/Projects/ETL_Projects/redditviz/venv/lib/python3.12/site-packages/airflow/example_dags/example_branch_labels.py for tasks to queue
[2024-07-28T14:12:18.987-0500] {logging_mixin.py:188} INFO - [2024-07-28T14:12:18.987-0500] {dagbag.py:545} INFO - Filling up the DagBag from /Users/alexkim/Desktop/Projects/ETL_Projects/redditviz/venv/lib/python3.12/site-packages/airflow/example_dags/example_branch_labels.py
[2024-07-28T14:12:18.990-0500] {processor.py:840} INFO - DAG(s) 'example_branch_labels' retrieved from /Users/alexkim/Desktop/Projects/ETL_Projects/redditviz/venv/lib/python3.12/site-packages/airflow/example_dags/example_branch_labels.py
[2024-07-28T14:12:19.022-0500] {logging_mixin.py:188} INFO - [2024-07-28T14:12:19.022-0500] {dag.py:3089} INFO - Sync 1 DAGs
[2024-07-28T14:12:19.028-0500] {logging_mixin.py:188} INFO - [2024-07-28T14:12:19.028-0500] {dag.py:3947} INFO - Setting next_dagrun for example_branch_labels to 2024-07-27 00:00:00+00:00, run_after=2024-07-28 00:00:00+00:00
[2024-07-28T14:12:19.035-0500] {processor.py:183} INFO - Processing /Users/alexkim/Desktop/Projects/ETL_Projects/redditviz/venv/lib/python3.12/site-packages/airflow/example_dags/example_branch_labels.py took 0.050 seconds
[2024-07-28T14:14:22.347-0500] {processor.py:161} INFO - Started process (PID=34137) to work on /Users/alexkim/Desktop/Projects/ETL_Projects/redditviz/venv/lib/python3.12/site-packages/airflow/example_dags/example_branch_labels.py
[2024-07-28T14:14:22.349-0500] {processor.py:830} INFO - Processing file /Users/alexkim/Desktop/Projects/ETL_Projects/redditviz/venv/lib/python3.12/site-packages/airflow/example_dags/example_branch_labels.py for tasks to queue
[2024-07-28T14:14:22.350-0500] {logging_mixin.py:188} INFO - [2024-07-28T14:14:22.350-0500] {dagbag.py:545} INFO - Filling up the DagBag from /Users/alexkim/Desktop/Projects/ETL_Projects/redditviz/venv/lib/python3.12/site-packages/airflow/example_dags/example_branch_labels.py
[2024-07-28T14:14:22.354-0500] {processor.py:840} INFO - DAG(s) 'example_branch_labels' retrieved from /Users/alexkim/Desktop/Projects/ETL_Projects/redditviz/venv/lib/python3.12/site-packages/airflow/example_dags/example_branch_labels.py
[2024-07-28T14:14:22.400-0500] {logging_mixin.py:188} INFO - [2024-07-28T14:14:22.400-0500] {dag.py:3089} INFO - Sync 1 DAGs
[2024-07-28T14:14:22.411-0500] {logging_mixin.py:188} INFO - [2024-07-28T14:14:22.410-0500] {dag.py:3947} INFO - Setting next_dagrun for example_branch_labels to 2024-07-27 00:00:00+00:00, run_after=2024-07-28 00:00:00+00:00
[2024-07-28T14:14:22.448-0500] {processor.py:183} INFO - Processing /Users/alexkim/Desktop/Projects/ETL_Projects/redditviz/venv/lib/python3.12/site-packages/airflow/example_dags/example_branch_labels.py took 0.102 seconds
