[2024-07-28T14:00:49.087-0500] {processor.py:161} INFO - Started process (PID=33199) to work on /Users/alexkim/Desktop/Projects/ETL_Projects/redditviz/venv/lib/python3.12/site-packages/airflow/example_dags/example_external_task_marker_dag.py
[2024-07-28T14:00:49.087-0500] {processor.py:830} INFO - Processing file /Users/alexkim/Desktop/Projects/ETL_Projects/redditviz/venv/lib/python3.12/site-packages/airflow/example_dags/example_external_task_marker_dag.py for tasks to queue
[2024-07-28T14:00:49.087-0500] {logging_mixin.py:188} INFO - [2024-07-28T14:00:49.087-0500] {dagbag.py:545} INFO - Filling up the DagBag from /Users/alexkim/Desktop/Projects/ETL_Projects/redditviz/venv/lib/python3.12/site-packages/airflow/example_dags/example_external_task_marker_dag.py
[2024-07-28T14:00:49.092-0500] {processor.py:840} INFO - DAG(s) 'example_external_task_marker_child', 'example_external_task_marker_parent' retrieved from /Users/alexkim/Desktop/Projects/ETL_Projects/redditviz/venv/lib/python3.12/site-packages/airflow/example_dags/example_external_task_marker_dag.py
[2024-07-28T14:00:49.151-0500] {logging_mixin.py:188} INFO - [2024-07-28T14:00:49.151-0500] {override.py:1858} INFO - Created Permission View: can read on DAG:example_external_task_marker_child
[2024-07-28T14:00:49.154-0500] {logging_mixin.py:188} INFO - [2024-07-28T14:00:49.153-0500] {override.py:1858} INFO - Created Permission View: can delete on DAG:example_external_task_marker_child
[2024-07-28T14:00:49.155-0500] {logging_mixin.py:188} INFO - [2024-07-28T14:00:49.155-0500] {override.py:1858} INFO - Created Permission View: can edit on DAG:example_external_task_marker_child
[2024-07-28T14:00:49.158-0500] {logging_mixin.py:188} INFO - [2024-07-28T14:00:49.158-0500] {override.py:1858} INFO - Created Permission View: can read on DAG:example_external_task_marker_parent
[2024-07-28T14:00:49.160-0500] {logging_mixin.py:188} INFO - [2024-07-28T14:00:49.160-0500] {override.py:1858} INFO - Created Permission View: can delete on DAG:example_external_task_marker_parent
[2024-07-28T14:00:49.162-0500] {logging_mixin.py:188} INFO - [2024-07-28T14:00:49.162-0500] {override.py:1858} INFO - Created Permission View: can edit on DAG:example_external_task_marker_parent
[2024-07-28T14:00:49.162-0500] {logging_mixin.py:188} INFO - [2024-07-28T14:00:49.162-0500] {dag.py:3089} INFO - Sync 2 DAGs
[2024-07-28T14:00:49.165-0500] {logging_mixin.py:188} INFO - [2024-07-28T14:00:49.165-0500] {dag.py:3111} INFO - Creating ORM DAG for example_external_task_marker_parent
[2024-07-28T14:00:49.165-0500] {logging_mixin.py:188} INFO - [2024-07-28T14:00:49.165-0500] {dag.py:3111} INFO - Creating ORM DAG for example_external_task_marker_child
[2024-07-28T14:00:49.165-0500] {logging_mixin.py:188} INFO - [2024-07-28T14:00:49.165-0500] {dag.py:3947} INFO - Setting next_dagrun for example_external_task_marker_child to None, run_after=None
[2024-07-28T14:00:49.165-0500] {logging_mixin.py:188} INFO - [2024-07-28T14:00:49.165-0500] {dag.py:3947} INFO - Setting next_dagrun for example_external_task_marker_parent to None, run_after=None
[2024-07-28T14:00:49.170-0500] {processor.py:183} INFO - Processing /Users/alexkim/Desktop/Projects/ETL_Projects/redditviz/venv/lib/python3.12/site-packages/airflow/example_dags/example_external_task_marker_dag.py took 0.084 seconds
[2024-07-28T14:02:38.320-0500] {processor.py:161} INFO - Started process (PID=33310) to work on /Users/alexkim/Desktop/Projects/ETL_Projects/redditviz/venv/lib/python3.12/site-packages/airflow/example_dags/example_external_task_marker_dag.py
[2024-07-28T14:02:38.320-0500] {processor.py:830} INFO - Processing file /Users/alexkim/Desktop/Projects/ETL_Projects/redditviz/venv/lib/python3.12/site-packages/airflow/example_dags/example_external_task_marker_dag.py for tasks to queue
[2024-07-28T14:02:38.321-0500] {logging_mixin.py:188} INFO - [2024-07-28T14:02:38.321-0500] {dagbag.py:545} INFO - Filling up the DagBag from /Users/alexkim/Desktop/Projects/ETL_Projects/redditviz/venv/lib/python3.12/site-packages/airflow/example_dags/example_external_task_marker_dag.py
[2024-07-28T14:02:38.325-0500] {processor.py:840} INFO - DAG(s) 'example_external_task_marker_parent', 'example_external_task_marker_child' retrieved from /Users/alexkim/Desktop/Projects/ETL_Projects/redditviz/venv/lib/python3.12/site-packages/airflow/example_dags/example_external_task_marker_dag.py
[2024-07-28T14:02:38.357-0500] {logging_mixin.py:188} INFO - [2024-07-28T14:02:38.357-0500] {dag.py:3089} INFO - Sync 2 DAGs
[2024-07-28T14:02:38.360-0500] {logging_mixin.py:188} INFO - [2024-07-28T14:02:38.360-0500] {dag.py:3947} INFO - Setting next_dagrun for example_external_task_marker_child to None, run_after=None
[2024-07-28T14:02:38.361-0500] {logging_mixin.py:188} INFO - [2024-07-28T14:02:38.361-0500] {dag.py:3947} INFO - Setting next_dagrun for example_external_task_marker_parent to None, run_after=None
[2024-07-28T14:02:38.367-0500] {processor.py:183} INFO - Processing /Users/alexkim/Desktop/Projects/ETL_Projects/redditviz/venv/lib/python3.12/site-packages/airflow/example_dags/example_external_task_marker_dag.py took 0.048 seconds
[2024-07-28T14:04:15.688-0500] {processor.py:161} INFO - Started process (PID=33401) to work on /Users/alexkim/Desktop/Projects/ETL_Projects/redditviz/venv/lib/python3.12/site-packages/airflow/example_dags/example_external_task_marker_dag.py
[2024-07-28T14:04:15.689-0500] {processor.py:830} INFO - Processing file /Users/alexkim/Desktop/Projects/ETL_Projects/redditviz/venv/lib/python3.12/site-packages/airflow/example_dags/example_external_task_marker_dag.py for tasks to queue
[2024-07-28T14:04:15.689-0500] {logging_mixin.py:188} INFO - [2024-07-28T14:04:15.689-0500] {dagbag.py:545} INFO - Filling up the DagBag from /Users/alexkim/Desktop/Projects/ETL_Projects/redditviz/venv/lib/python3.12/site-packages/airflow/example_dags/example_external_task_marker_dag.py
[2024-07-28T14:04:15.694-0500] {processor.py:840} INFO - DAG(s) 'example_external_task_marker_child', 'example_external_task_marker_parent' retrieved from /Users/alexkim/Desktop/Projects/ETL_Projects/redditviz/venv/lib/python3.12/site-packages/airflow/example_dags/example_external_task_marker_dag.py
[2024-07-28T14:04:15.732-0500] {logging_mixin.py:188} INFO - [2024-07-28T14:04:15.732-0500] {dag.py:3089} INFO - Sync 2 DAGs
[2024-07-28T14:04:15.736-0500] {logging_mixin.py:188} INFO - [2024-07-28T14:04:15.736-0500] {dag.py:3947} INFO - Setting next_dagrun for example_external_task_marker_child to None, run_after=None
[2024-07-28T14:04:15.737-0500] {logging_mixin.py:188} INFO - [2024-07-28T14:04:15.737-0500] {dag.py:3947} INFO - Setting next_dagrun for example_external_task_marker_parent to None, run_after=None
[2024-07-28T14:04:15.743-0500] {processor.py:183} INFO - Processing /Users/alexkim/Desktop/Projects/ETL_Projects/redditviz/venv/lib/python3.12/site-packages/airflow/example_dags/example_external_task_marker_dag.py took 0.056 seconds
[2024-07-28T14:06:07.239-0500] {processor.py:161} INFO - Started process (PID=33572) to work on /Users/alexkim/Desktop/Projects/ETL_Projects/redditviz/venv/lib/python3.12/site-packages/airflow/example_dags/example_external_task_marker_dag.py
[2024-07-28T14:06:07.239-0500] {processor.py:830} INFO - Processing file /Users/alexkim/Desktop/Projects/ETL_Projects/redditviz/venv/lib/python3.12/site-packages/airflow/example_dags/example_external_task_marker_dag.py for tasks to queue
[2024-07-28T14:06:07.240-0500] {logging_mixin.py:188} INFO - [2024-07-28T14:06:07.240-0500] {dagbag.py:545} INFO - Filling up the DagBag from /Users/alexkim/Desktop/Projects/ETL_Projects/redditviz/venv/lib/python3.12/site-packages/airflow/example_dags/example_external_task_marker_dag.py
[2024-07-28T14:06:07.244-0500] {processor.py:840} INFO - DAG(s) 'example_external_task_marker_child', 'example_external_task_marker_parent' retrieved from /Users/alexkim/Desktop/Projects/ETL_Projects/redditviz/venv/lib/python3.12/site-packages/airflow/example_dags/example_external_task_marker_dag.py
[2024-07-28T14:06:07.278-0500] {logging_mixin.py:188} INFO - [2024-07-28T14:06:07.277-0500] {dag.py:3089} INFO - Sync 2 DAGs
[2024-07-28T14:06:07.281-0500] {logging_mixin.py:188} INFO - [2024-07-28T14:06:07.281-0500] {dag.py:3947} INFO - Setting next_dagrun for example_external_task_marker_child to None, run_after=None
[2024-07-28T14:06:07.282-0500] {logging_mixin.py:188} INFO - [2024-07-28T14:06:07.282-0500] {dag.py:3947} INFO - Setting next_dagrun for example_external_task_marker_parent to None, run_after=None
[2024-07-28T14:06:07.288-0500] {processor.py:183} INFO - Processing /Users/alexkim/Desktop/Projects/ETL_Projects/redditviz/venv/lib/python3.12/site-packages/airflow/example_dags/example_external_task_marker_dag.py took 0.050 seconds
[2024-07-28T14:08:09.941-0500] {processor.py:161} INFO - Started process (PID=33714) to work on /Users/alexkim/Desktop/Projects/ETL_Projects/redditviz/venv/lib/python3.12/site-packages/airflow/example_dags/example_external_task_marker_dag.py
[2024-07-28T14:08:09.942-0500] {processor.py:830} INFO - Processing file /Users/alexkim/Desktop/Projects/ETL_Projects/redditviz/venv/lib/python3.12/site-packages/airflow/example_dags/example_external_task_marker_dag.py for tasks to queue
[2024-07-28T14:08:09.942-0500] {logging_mixin.py:188} INFO - [2024-07-28T14:08:09.942-0500] {dagbag.py:545} INFO - Filling up the DagBag from /Users/alexkim/Desktop/Projects/ETL_Projects/redditviz/venv/lib/python3.12/site-packages/airflow/example_dags/example_external_task_marker_dag.py
[2024-07-28T14:08:09.946-0500] {processor.py:840} INFO - DAG(s) 'example_external_task_marker_parent', 'example_external_task_marker_child' retrieved from /Users/alexkim/Desktop/Projects/ETL_Projects/redditviz/venv/lib/python3.12/site-packages/airflow/example_dags/example_external_task_marker_dag.py
[2024-07-28T14:08:09.979-0500] {logging_mixin.py:188} INFO - [2024-07-28T14:08:09.978-0500] {dag.py:3089} INFO - Sync 2 DAGs
[2024-07-28T14:08:09.982-0500] {logging_mixin.py:188} INFO - [2024-07-28T14:08:09.982-0500] {dag.py:3947} INFO - Setting next_dagrun for example_external_task_marker_child to None, run_after=None
[2024-07-28T14:08:09.983-0500] {logging_mixin.py:188} INFO - [2024-07-28T14:08:09.983-0500] {dag.py:3947} INFO - Setting next_dagrun for example_external_task_marker_parent to None, run_after=None
[2024-07-28T14:08:09.988-0500] {processor.py:183} INFO - Processing /Users/alexkim/Desktop/Projects/ETL_Projects/redditviz/venv/lib/python3.12/site-packages/airflow/example_dags/example_external_task_marker_dag.py took 0.048 seconds
[2024-07-28T14:10:03.132-0500] {processor.py:161} INFO - Started process (PID=33847) to work on /Users/alexkim/Desktop/Projects/ETL_Projects/redditviz/venv/lib/python3.12/site-packages/airflow/example_dags/example_external_task_marker_dag.py
[2024-07-28T14:10:03.133-0500] {processor.py:830} INFO - Processing file /Users/alexkim/Desktop/Projects/ETL_Projects/redditviz/venv/lib/python3.12/site-packages/airflow/example_dags/example_external_task_marker_dag.py for tasks to queue
[2024-07-28T14:10:03.133-0500] {logging_mixin.py:188} INFO - [2024-07-28T14:10:03.133-0500] {dagbag.py:545} INFO - Filling up the DagBag from /Users/alexkim/Desktop/Projects/ETL_Projects/redditviz/venv/lib/python3.12/site-packages/airflow/example_dags/example_external_task_marker_dag.py
[2024-07-28T14:10:03.138-0500] {processor.py:840} INFO - DAG(s) 'example_external_task_marker_parent', 'example_external_task_marker_child' retrieved from /Users/alexkim/Desktop/Projects/ETL_Projects/redditviz/venv/lib/python3.12/site-packages/airflow/example_dags/example_external_task_marker_dag.py
[2024-07-28T14:10:03.170-0500] {logging_mixin.py:188} INFO - [2024-07-28T14:10:03.170-0500] {dag.py:3089} INFO - Sync 2 DAGs
[2024-07-28T14:10:03.173-0500] {logging_mixin.py:188} INFO - [2024-07-28T14:10:03.173-0500] {dag.py:3947} INFO - Setting next_dagrun for example_external_task_marker_child to None, run_after=None
[2024-07-28T14:10:03.174-0500] {logging_mixin.py:188} INFO - [2024-07-28T14:10:03.174-0500] {dag.py:3947} INFO - Setting next_dagrun for example_external_task_marker_parent to None, run_after=None
[2024-07-28T14:10:03.179-0500] {processor.py:183} INFO - Processing /Users/alexkim/Desktop/Projects/ETL_Projects/redditviz/venv/lib/python3.12/site-packages/airflow/example_dags/example_external_task_marker_dag.py took 0.047 seconds
[2024-07-28T14:12:03.967-0500] {processor.py:161} INFO - Started process (PID=33963) to work on /Users/alexkim/Desktop/Projects/ETL_Projects/redditviz/venv/lib/python3.12/site-packages/airflow/example_dags/example_external_task_marker_dag.py
[2024-07-28T14:12:03.967-0500] {processor.py:830} INFO - Processing file /Users/alexkim/Desktop/Projects/ETL_Projects/redditviz/venv/lib/python3.12/site-packages/airflow/example_dags/example_external_task_marker_dag.py for tasks to queue
[2024-07-28T14:12:03.968-0500] {logging_mixin.py:188} INFO - [2024-07-28T14:12:03.967-0500] {dagbag.py:545} INFO - Filling up the DagBag from /Users/alexkim/Desktop/Projects/ETL_Projects/redditviz/venv/lib/python3.12/site-packages/airflow/example_dags/example_external_task_marker_dag.py
[2024-07-28T14:12:03.972-0500] {processor.py:840} INFO - DAG(s) 'example_external_task_marker_parent', 'example_external_task_marker_child' retrieved from /Users/alexkim/Desktop/Projects/ETL_Projects/redditviz/venv/lib/python3.12/site-packages/airflow/example_dags/example_external_task_marker_dag.py
[2024-07-28T14:12:04.004-0500] {logging_mixin.py:188} INFO - [2024-07-28T14:12:04.004-0500] {dag.py:3089} INFO - Sync 2 DAGs
[2024-07-28T14:12:04.007-0500] {logging_mixin.py:188} INFO - [2024-07-28T14:12:04.007-0500] {dag.py:3947} INFO - Setting next_dagrun for example_external_task_marker_child to None, run_after=None
[2024-07-28T14:12:04.023-0500] {logging_mixin.py:188} INFO - [2024-07-28T14:12:04.023-0500] {dag.py:3947} INFO - Setting next_dagrun for example_external_task_marker_parent to None, run_after=None
[2024-07-28T14:12:04.029-0500] {processor.py:183} INFO - Processing /Users/alexkim/Desktop/Projects/ETL_Projects/redditviz/venv/lib/python3.12/site-packages/airflow/example_dags/example_external_task_marker_dag.py took 0.063 seconds
[2024-07-28T14:14:02.105-0500] {processor.py:161} INFO - Started process (PID=34103) to work on /Users/alexkim/Desktop/Projects/ETL_Projects/redditviz/venv/lib/python3.12/site-packages/airflow/example_dags/example_external_task_marker_dag.py
[2024-07-28T14:14:02.105-0500] {processor.py:830} INFO - Processing file /Users/alexkim/Desktop/Projects/ETL_Projects/redditviz/venv/lib/python3.12/site-packages/airflow/example_dags/example_external_task_marker_dag.py for tasks to queue
[2024-07-28T14:14:02.106-0500] {logging_mixin.py:188} INFO - [2024-07-28T14:14:02.106-0500] {dagbag.py:545} INFO - Filling up the DagBag from /Users/alexkim/Desktop/Projects/ETL_Projects/redditviz/venv/lib/python3.12/site-packages/airflow/example_dags/example_external_task_marker_dag.py
[2024-07-28T14:14:02.110-0500] {processor.py:840} INFO - DAG(s) 'example_external_task_marker_parent', 'example_external_task_marker_child' retrieved from /Users/alexkim/Desktop/Projects/ETL_Projects/redditviz/venv/lib/python3.12/site-packages/airflow/example_dags/example_external_task_marker_dag.py
[2024-07-28T14:14:02.146-0500] {logging_mixin.py:188} INFO - [2024-07-28T14:14:02.146-0500] {dag.py:3089} INFO - Sync 2 DAGs
[2024-07-28T14:14:02.151-0500] {logging_mixin.py:188} INFO - [2024-07-28T14:14:02.150-0500] {dag.py:3947} INFO - Setting next_dagrun for example_external_task_marker_child to None, run_after=None
[2024-07-28T14:14:02.151-0500] {logging_mixin.py:188} INFO - [2024-07-28T14:14:02.151-0500] {dag.py:3947} INFO - Setting next_dagrun for example_external_task_marker_parent to None, run_after=None
[2024-07-28T14:14:02.157-0500] {processor.py:183} INFO - Processing /Users/alexkim/Desktop/Projects/ETL_Projects/redditviz/venv/lib/python3.12/site-packages/airflow/example_dags/example_external_task_marker_dag.py took 0.053 seconds
