[2024-07-28T14:00:20.945-0500] {processor.py:161} INFO - Started process (PID=33178) to work on /Users/alexkim/Desktop/Projects/ETL_Projects/redditviz/venv/lib/python3.12/site-packages/airflow/example_dags/example_skip_dag.py
[2024-07-28T14:00:20.945-0500] {processor.py:830} INFO - Processing file /Users/alexkim/Desktop/Projects/ETL_Projects/redditviz/venv/lib/python3.12/site-packages/airflow/example_dags/example_skip_dag.py for tasks to queue
[2024-07-28T14:00:20.945-0500] {logging_mixin.py:188} INFO - [2024-07-28T14:00:20.945-0500] {dagbag.py:545} INFO - Filling up the DagBag from /Users/alexkim/Desktop/Projects/ETL_Projects/redditviz/venv/lib/python3.12/site-packages/airflow/example_dags/example_skip_dag.py
[2024-07-28T14:00:20.949-0500] {processor.py:840} INFO - DAG(s) 'example_skip_dag' retrieved from /Users/alexkim/Desktop/Projects/ETL_Projects/redditviz/venv/lib/python3.12/site-packages/airflow/example_dags/example_skip_dag.py
[2024-07-28T14:00:21.010-0500] {logging_mixin.py:188} INFO - [2024-07-28T14:00:21.010-0500] {override.py:1858} INFO - Created Permission View: can delete on DAG:example_skip_dag
[2024-07-28T14:00:21.013-0500] {logging_mixin.py:188} INFO - [2024-07-28T14:00:21.013-0500] {override.py:1858} INFO - Created Permission View: can read on DAG:example_skip_dag
[2024-07-28T14:00:21.015-0500] {logging_mixin.py:188} INFO - [2024-07-28T14:00:21.015-0500] {override.py:1858} INFO - Created Permission View: can edit on DAG:example_skip_dag
[2024-07-28T14:00:21.015-0500] {logging_mixin.py:188} INFO - [2024-07-28T14:00:21.015-0500] {dag.py:3089} INFO - Sync 1 DAGs
[2024-07-28T14:00:21.018-0500] {logging_mixin.py:188} INFO - [2024-07-28T14:00:21.018-0500] {dag.py:3111} INFO - Creating ORM DAG for example_skip_dag
[2024-07-28T14:00:21.020-0500] {logging_mixin.py:188} INFO - [2024-07-28T14:00:21.020-0500] {dag.py:3947} INFO - Setting next_dagrun for example_skip_dag to 2024-07-27 00:00:00+00:00, run_after=2024-07-28 00:00:00+00:00
[2024-07-28T14:00:21.026-0500] {processor.py:183} INFO - Processing /Users/alexkim/Desktop/Projects/ETL_Projects/redditviz/venv/lib/python3.12/site-packages/airflow/example_dags/example_skip_dag.py took 0.083 seconds
[2024-07-28T14:01:51.002-0500] {processor.py:161} INFO - Started process (PID=33266) to work on /Users/alexkim/Desktop/Projects/ETL_Projects/redditviz/venv/lib/python3.12/site-packages/airflow/example_dags/example_skip_dag.py
[2024-07-28T14:01:51.002-0500] {processor.py:830} INFO - Processing file /Users/alexkim/Desktop/Projects/ETL_Projects/redditviz/venv/lib/python3.12/site-packages/airflow/example_dags/example_skip_dag.py for tasks to queue
[2024-07-28T14:01:51.002-0500] {logging_mixin.py:188} INFO - [2024-07-28T14:01:51.002-0500] {dagbag.py:545} INFO - Filling up the DagBag from /Users/alexkim/Desktop/Projects/ETL_Projects/redditviz/venv/lib/python3.12/site-packages/airflow/example_dags/example_skip_dag.py
[2024-07-28T14:01:51.005-0500] {processor.py:840} INFO - DAG(s) 'example_skip_dag' retrieved from /Users/alexkim/Desktop/Projects/ETL_Projects/redditviz/venv/lib/python3.12/site-packages/airflow/example_dags/example_skip_dag.py
[2024-07-28T14:01:51.035-0500] {logging_mixin.py:188} INFO - [2024-07-28T14:01:51.035-0500] {dag.py:3089} INFO - Sync 1 DAGs
[2024-07-28T14:01:51.041-0500] {logging_mixin.py:188} INFO - [2024-07-28T14:01:51.041-0500] {dag.py:3947} INFO - Setting next_dagrun for example_skip_dag to 2024-07-27 00:00:00+00:00, run_after=2024-07-28 00:00:00+00:00
[2024-07-28T14:01:51.046-0500] {processor.py:183} INFO - Processing /Users/alexkim/Desktop/Projects/ETL_Projects/redditviz/venv/lib/python3.12/site-packages/airflow/example_dags/example_skip_dag.py took 0.045 seconds
[2024-07-28T14:03:27.207-0500] {processor.py:161} INFO - Started process (PID=33352) to work on /Users/alexkim/Desktop/Projects/ETL_Projects/redditviz/venv/lib/python3.12/site-packages/airflow/example_dags/example_skip_dag.py
[2024-07-28T14:03:27.208-0500] {processor.py:830} INFO - Processing file /Users/alexkim/Desktop/Projects/ETL_Projects/redditviz/venv/lib/python3.12/site-packages/airflow/example_dags/example_skip_dag.py for tasks to queue
[2024-07-28T14:03:27.209-0500] {logging_mixin.py:188} INFO - [2024-07-28T14:03:27.209-0500] {dagbag.py:545} INFO - Filling up the DagBag from /Users/alexkim/Desktop/Projects/ETL_Projects/redditviz/venv/lib/python3.12/site-packages/airflow/example_dags/example_skip_dag.py
[2024-07-28T14:03:27.212-0500] {processor.py:840} INFO - DAG(s) 'example_skip_dag' retrieved from /Users/alexkim/Desktop/Projects/ETL_Projects/redditviz/venv/lib/python3.12/site-packages/airflow/example_dags/example_skip_dag.py
[2024-07-28T14:03:27.242-0500] {logging_mixin.py:188} INFO - [2024-07-28T14:03:27.242-0500] {dag.py:3089} INFO - Sync 1 DAGs
[2024-07-28T14:03:27.248-0500] {logging_mixin.py:188} INFO - [2024-07-28T14:03:27.248-0500] {dag.py:3947} INFO - Setting next_dagrun for example_skip_dag to 2024-07-27 00:00:00+00:00, run_after=2024-07-28 00:00:00+00:00
[2024-07-28T14:03:27.254-0500] {processor.py:183} INFO - Processing /Users/alexkim/Desktop/Projects/ETL_Projects/redditviz/venv/lib/python3.12/site-packages/airflow/example_dags/example_skip_dag.py took 0.047 seconds
[2024-07-28T14:05:12.064-0500] {processor.py:161} INFO - Started process (PID=33474) to work on /Users/alexkim/Desktop/Projects/ETL_Projects/redditviz/venv/lib/python3.12/site-packages/airflow/example_dags/example_skip_dag.py
[2024-07-28T14:05:12.065-0500] {processor.py:830} INFO - Processing file /Users/alexkim/Desktop/Projects/ETL_Projects/redditviz/venv/lib/python3.12/site-packages/airflow/example_dags/example_skip_dag.py for tasks to queue
[2024-07-28T14:05:12.065-0500] {logging_mixin.py:188} INFO - [2024-07-28T14:05:12.065-0500] {dagbag.py:545} INFO - Filling up the DagBag from /Users/alexkim/Desktop/Projects/ETL_Projects/redditviz/venv/lib/python3.12/site-packages/airflow/example_dags/example_skip_dag.py
[2024-07-28T14:05:12.068-0500] {processor.py:840} INFO - DAG(s) 'example_skip_dag' retrieved from /Users/alexkim/Desktop/Projects/ETL_Projects/redditviz/venv/lib/python3.12/site-packages/airflow/example_dags/example_skip_dag.py
[2024-07-28T14:05:12.102-0500] {logging_mixin.py:188} INFO - [2024-07-28T14:05:12.102-0500] {dag.py:3089} INFO - Sync 1 DAGs
[2024-07-28T14:05:12.108-0500] {logging_mixin.py:188} INFO - [2024-07-28T14:05:12.108-0500] {dag.py:3947} INFO - Setting next_dagrun for example_skip_dag to 2024-07-27 00:00:00+00:00, run_after=2024-07-28 00:00:00+00:00
[2024-07-28T14:05:12.113-0500] {processor.py:183} INFO - Processing /Users/alexkim/Desktop/Projects/ETL_Projects/redditviz/venv/lib/python3.12/site-packages/airflow/example_dags/example_skip_dag.py took 0.050 seconds
[2024-07-28T14:07:06.136-0500] {processor.py:161} INFO - Started process (PID=33650) to work on /Users/alexkim/Desktop/Projects/ETL_Projects/redditviz/venv/lib/python3.12/site-packages/airflow/example_dags/example_skip_dag.py
[2024-07-28T14:07:06.137-0500] {processor.py:830} INFO - Processing file /Users/alexkim/Desktop/Projects/ETL_Projects/redditviz/venv/lib/python3.12/site-packages/airflow/example_dags/example_skip_dag.py for tasks to queue
[2024-07-28T14:07:06.137-0500] {logging_mixin.py:188} INFO - [2024-07-28T14:07:06.137-0500] {dagbag.py:545} INFO - Filling up the DagBag from /Users/alexkim/Desktop/Projects/ETL_Projects/redditviz/venv/lib/python3.12/site-packages/airflow/example_dags/example_skip_dag.py
[2024-07-28T14:07:06.140-0500] {processor.py:840} INFO - DAG(s) 'example_skip_dag' retrieved from /Users/alexkim/Desktop/Projects/ETL_Projects/redditviz/venv/lib/python3.12/site-packages/airflow/example_dags/example_skip_dag.py
[2024-07-28T14:07:06.170-0500] {logging_mixin.py:188} INFO - [2024-07-28T14:07:06.170-0500] {dag.py:3089} INFO - Sync 1 DAGs
[2024-07-28T14:07:06.175-0500] {logging_mixin.py:188} INFO - [2024-07-28T14:07:06.175-0500] {dag.py:3947} INFO - Setting next_dagrun for example_skip_dag to 2024-07-27 00:00:00+00:00, run_after=2024-07-28 00:00:00+00:00
[2024-07-28T14:07:06.181-0500] {processor.py:183} INFO - Processing /Users/alexkim/Desktop/Projects/ETL_Projects/redditviz/venv/lib/python3.12/site-packages/airflow/example_dags/example_skip_dag.py took 0.045 seconds
[2024-07-28T14:09:04.081-0500] {processor.py:161} INFO - Started process (PID=33755) to work on /Users/alexkim/Desktop/Projects/ETL_Projects/redditviz/venv/lib/python3.12/site-packages/airflow/example_dags/example_skip_dag.py
[2024-07-28T14:09:04.081-0500] {processor.py:830} INFO - Processing file /Users/alexkim/Desktop/Projects/ETL_Projects/redditviz/venv/lib/python3.12/site-packages/airflow/example_dags/example_skip_dag.py for tasks to queue
[2024-07-28T14:09:04.081-0500] {logging_mixin.py:188} INFO - [2024-07-28T14:09:04.081-0500] {dagbag.py:545} INFO - Filling up the DagBag from /Users/alexkim/Desktop/Projects/ETL_Projects/redditviz/venv/lib/python3.12/site-packages/airflow/example_dags/example_skip_dag.py
[2024-07-28T14:09:04.084-0500] {processor.py:840} INFO - DAG(s) 'example_skip_dag' retrieved from /Users/alexkim/Desktop/Projects/ETL_Projects/redditviz/venv/lib/python3.12/site-packages/airflow/example_dags/example_skip_dag.py
[2024-07-28T14:09:04.115-0500] {logging_mixin.py:188} INFO - [2024-07-28T14:09:04.115-0500] {dag.py:3089} INFO - Sync 1 DAGs
[2024-07-28T14:09:04.120-0500] {logging_mixin.py:188} INFO - [2024-07-28T14:09:04.120-0500] {dag.py:3947} INFO - Setting next_dagrun for example_skip_dag to 2024-07-27 00:00:00+00:00, run_after=2024-07-28 00:00:00+00:00
[2024-07-28T14:09:04.126-0500] {processor.py:183} INFO - Processing /Users/alexkim/Desktop/Projects/ETL_Projects/redditviz/venv/lib/python3.12/site-packages/airflow/example_dags/example_skip_dag.py took 0.046 seconds
[2024-07-28T14:11:04.822-0500] {processor.py:161} INFO - Started process (PID=33906) to work on /Users/alexkim/Desktop/Projects/ETL_Projects/redditviz/venv/lib/python3.12/site-packages/airflow/example_dags/example_skip_dag.py
[2024-07-28T14:11:04.824-0500] {processor.py:830} INFO - Processing file /Users/alexkim/Desktop/Projects/ETL_Projects/redditviz/venv/lib/python3.12/site-packages/airflow/example_dags/example_skip_dag.py for tasks to queue
[2024-07-28T14:11:04.824-0500] {logging_mixin.py:188} INFO - [2024-07-28T14:11:04.824-0500] {dagbag.py:545} INFO - Filling up the DagBag from /Users/alexkim/Desktop/Projects/ETL_Projects/redditviz/venv/lib/python3.12/site-packages/airflow/example_dags/example_skip_dag.py
[2024-07-28T14:11:04.827-0500] {processor.py:840} INFO - DAG(s) 'example_skip_dag' retrieved from /Users/alexkim/Desktop/Projects/ETL_Projects/redditviz/venv/lib/python3.12/site-packages/airflow/example_dags/example_skip_dag.py
[2024-07-28T14:11:04.857-0500] {logging_mixin.py:188} INFO - [2024-07-28T14:11:04.857-0500] {dag.py:3089} INFO - Sync 1 DAGs
[2024-07-28T14:11:04.862-0500] {logging_mixin.py:188} INFO - [2024-07-28T14:11:04.862-0500] {dag.py:3947} INFO - Setting next_dagrun for example_skip_dag to 2024-07-27 00:00:00+00:00, run_after=2024-07-28 00:00:00+00:00
[2024-07-28T14:11:04.868-0500] {processor.py:183} INFO - Processing /Users/alexkim/Desktop/Projects/ETL_Projects/redditviz/venv/lib/python3.12/site-packages/airflow/example_dags/example_skip_dag.py took 0.047 seconds
[2024-07-28T14:13:02.847-0500] {processor.py:161} INFO - Started process (PID=34028) to work on /Users/alexkim/Desktop/Projects/ETL_Projects/redditviz/venv/lib/python3.12/site-packages/airflow/example_dags/example_skip_dag.py
[2024-07-28T14:13:02.847-0500] {processor.py:830} INFO - Processing file /Users/alexkim/Desktop/Projects/ETL_Projects/redditviz/venv/lib/python3.12/site-packages/airflow/example_dags/example_skip_dag.py for tasks to queue
[2024-07-28T14:13:02.848-0500] {logging_mixin.py:188} INFO - [2024-07-28T14:13:02.848-0500] {dagbag.py:545} INFO - Filling up the DagBag from /Users/alexkim/Desktop/Projects/ETL_Projects/redditviz/venv/lib/python3.12/site-packages/airflow/example_dags/example_skip_dag.py
[2024-07-28T14:13:02.850-0500] {processor.py:840} INFO - DAG(s) 'example_skip_dag' retrieved from /Users/alexkim/Desktop/Projects/ETL_Projects/redditviz/venv/lib/python3.12/site-packages/airflow/example_dags/example_skip_dag.py
[2024-07-28T14:13:02.880-0500] {logging_mixin.py:188} INFO - [2024-07-28T14:13:02.880-0500] {dag.py:3089} INFO - Sync 1 DAGs
[2024-07-28T14:13:02.886-0500] {logging_mixin.py:188} INFO - [2024-07-28T14:13:02.886-0500] {dag.py:3947} INFO - Setting next_dagrun for example_skip_dag to 2024-07-27 00:00:00+00:00, run_after=2024-07-28 00:00:00+00:00
[2024-07-28T14:13:02.892-0500] {processor.py:183} INFO - Processing /Users/alexkim/Desktop/Projects/ETL_Projects/redditviz/venv/lib/python3.12/site-packages/airflow/example_dags/example_skip_dag.py took 0.045 seconds
[2024-07-28T14:15:05.844-0500] {processor.py:161} INFO - Started process (PID=34185) to work on /Users/alexkim/Desktop/Projects/ETL_Projects/redditviz/venv/lib/python3.12/site-packages/airflow/example_dags/example_skip_dag.py
[2024-07-28T14:15:05.845-0500] {processor.py:830} INFO - Processing file /Users/alexkim/Desktop/Projects/ETL_Projects/redditviz/venv/lib/python3.12/site-packages/airflow/example_dags/example_skip_dag.py for tasks to queue
[2024-07-28T14:15:05.845-0500] {logging_mixin.py:188} INFO - [2024-07-28T14:15:05.845-0500] {dagbag.py:545} INFO - Filling up the DagBag from /Users/alexkim/Desktop/Projects/ETL_Projects/redditviz/venv/lib/python3.12/site-packages/airflow/example_dags/example_skip_dag.py
[2024-07-28T14:15:05.848-0500] {processor.py:840} INFO - DAG(s) 'example_skip_dag' retrieved from /Users/alexkim/Desktop/Projects/ETL_Projects/redditviz/venv/lib/python3.12/site-packages/airflow/example_dags/example_skip_dag.py
[2024-07-28T14:15:05.885-0500] {logging_mixin.py:188} INFO - [2024-07-28T14:15:05.885-0500] {dag.py:3089} INFO - Sync 1 DAGs
[2024-07-28T14:15:05.891-0500] {logging_mixin.py:188} INFO - [2024-07-28T14:15:05.891-0500] {dag.py:3947} INFO - Setting next_dagrun for example_skip_dag to 2024-07-27 00:00:00+00:00, run_after=2024-07-28 00:00:00+00:00
[2024-07-28T14:15:05.897-0500] {processor.py:183} INFO - Processing /Users/alexkim/Desktop/Projects/ETL_Projects/redditviz/venv/lib/python3.12/site-packages/airflow/example_dags/example_skip_dag.py took 0.054 seconds
[2024-07-28T14:35:11.559-0500] {processor.py:161} INFO - Started process (PID=1516) to work on /Users/alexkim/Desktop/Projects/ETL_Projects/redditviz/venv/lib/python3.12/site-packages/airflow/example_dags/example_skip_dag.py
[2024-07-28T14:35:11.561-0500] {processor.py:830} INFO - Processing file /Users/alexkim/Desktop/Projects/ETL_Projects/redditviz/venv/lib/python3.12/site-packages/airflow/example_dags/example_skip_dag.py for tasks to queue
[2024-07-28T14:35:11.561-0500] {logging_mixin.py:188} INFO - [2024-07-28T14:35:11.561-0500] {dagbag.py:545} INFO - Filling up the DagBag from /Users/alexkim/Desktop/Projects/ETL_Projects/redditviz/venv/lib/python3.12/site-packages/airflow/example_dags/example_skip_dag.py
[2024-07-28T14:35:11.564-0500] {processor.py:840} INFO - DAG(s) 'example_skip_dag' retrieved from /Users/alexkim/Desktop/Projects/ETL_Projects/redditviz/venv/lib/python3.12/site-packages/airflow/example_dags/example_skip_dag.py
[2024-07-28T14:35:11.629-0500] {logging_mixin.py:188} INFO - [2024-07-28T14:35:11.629-0500] {override.py:1858} INFO - Created Permission View: can edit on DAG:example_skip_dag
[2024-07-28T14:35:11.632-0500] {logging_mixin.py:188} INFO - [2024-07-28T14:35:11.632-0500] {override.py:1858} INFO - Created Permission View: can read on DAG:example_skip_dag
[2024-07-28T14:35:11.634-0500] {logging_mixin.py:188} INFO - [2024-07-28T14:35:11.634-0500] {override.py:1858} INFO - Created Permission View: can delete on DAG:example_skip_dag
[2024-07-28T14:35:11.634-0500] {logging_mixin.py:188} INFO - [2024-07-28T14:35:11.634-0500] {dag.py:3089} INFO - Sync 1 DAGs
[2024-07-28T14:35:11.637-0500] {logging_mixin.py:188} INFO - [2024-07-28T14:35:11.637-0500] {dag.py:3111} INFO - Creating ORM DAG for example_skip_dag
[2024-07-28T14:35:11.640-0500] {logging_mixin.py:188} INFO - [2024-07-28T14:35:11.640-0500] {dag.py:3947} INFO - Setting next_dagrun for example_skip_dag to 2024-07-27 00:00:00+00:00, run_after=2024-07-28 00:00:00+00:00
[2024-07-28T14:35:11.646-0500] {processor.py:183} INFO - Processing /Users/alexkim/Desktop/Projects/ETL_Projects/redditviz/venv/lib/python3.12/site-packages/airflow/example_dags/example_skip_dag.py took 0.087 seconds
