[2024-07-28T14:00:24.439-0500] {processor.py:161} INFO - Started process (PID=33180) to work on /Users/alexkim/Desktop/Projects/ETL_Projects/redditviz/venv/lib/python3.12/site-packages/airflow/example_dags/example_short_circuit_decorator.py
[2024-07-28T14:00:24.440-0500] {processor.py:830} INFO - Processing file /Users/alexkim/Desktop/Projects/ETL_Projects/redditviz/venv/lib/python3.12/site-packages/airflow/example_dags/example_short_circuit_decorator.py for tasks to queue
[2024-07-28T14:00:24.440-0500] {logging_mixin.py:188} INFO - [2024-07-28T14:00:24.440-0500] {dagbag.py:545} INFO - Filling up the DagBag from /Users/alexkim/Desktop/Projects/ETL_Projects/redditviz/venv/lib/python3.12/site-packages/airflow/example_dags/example_short_circuit_decorator.py
[2024-07-28T14:00:24.453-0500] {processor.py:840} INFO - DAG(s) 'example_short_circuit_decorator' retrieved from /Users/alexkim/Desktop/Projects/ETL_Projects/redditviz/venv/lib/python3.12/site-packages/airflow/example_dags/example_short_circuit_decorator.py
[2024-07-28T14:00:24.511-0500] {logging_mixin.py:188} INFO - [2024-07-28T14:00:24.511-0500] {override.py:1858} INFO - Created Permission View: can read on DAG:example_short_circuit_decorator
[2024-07-28T14:00:24.514-0500] {logging_mixin.py:188} INFO - [2024-07-28T14:00:24.514-0500] {override.py:1858} INFO - Created Permission View: can delete on DAG:example_short_circuit_decorator
[2024-07-28T14:00:24.516-0500] {logging_mixin.py:188} INFO - [2024-07-28T14:00:24.516-0500] {override.py:1858} INFO - Created Permission View: can edit on DAG:example_short_circuit_decorator
[2024-07-28T14:00:24.516-0500] {logging_mixin.py:188} INFO - [2024-07-28T14:00:24.516-0500] {dag.py:3089} INFO - Sync 1 DAGs
[2024-07-28T14:00:24.519-0500] {logging_mixin.py:188} INFO - [2024-07-28T14:00:24.519-0500] {dag.py:3111} INFO - Creating ORM DAG for example_short_circuit_decorator
[2024-07-28T14:00:24.522-0500] {logging_mixin.py:188} INFO - [2024-07-28T14:00:24.522-0500] {dag.py:3947} INFO - Setting next_dagrun for example_short_circuit_decorator to 2024-07-27 00:00:00+00:00, run_after=2024-07-28 00:00:00+00:00
[2024-07-28T14:00:24.527-0500] {processor.py:183} INFO - Processing /Users/alexkim/Desktop/Projects/ETL_Projects/redditviz/venv/lib/python3.12/site-packages/airflow/example_dags/example_short_circuit_decorator.py took 0.089 seconds
[2024-07-28T14:01:53.540-0500] {processor.py:161} INFO - Started process (PID=33268) to work on /Users/alexkim/Desktop/Projects/ETL_Projects/redditviz/venv/lib/python3.12/site-packages/airflow/example_dags/example_short_circuit_decorator.py
[2024-07-28T14:01:53.540-0500] {processor.py:830} INFO - Processing file /Users/alexkim/Desktop/Projects/ETL_Projects/redditviz/venv/lib/python3.12/site-packages/airflow/example_dags/example_short_circuit_decorator.py for tasks to queue
[2024-07-28T14:01:53.541-0500] {logging_mixin.py:188} INFO - [2024-07-28T14:01:53.540-0500] {dagbag.py:545} INFO - Filling up the DagBag from /Users/alexkim/Desktop/Projects/ETL_Projects/redditviz/venv/lib/python3.12/site-packages/airflow/example_dags/example_short_circuit_decorator.py
[2024-07-28T14:01:53.554-0500] {processor.py:840} INFO - DAG(s) 'example_short_circuit_decorator' retrieved from /Users/alexkim/Desktop/Projects/ETL_Projects/redditviz/venv/lib/python3.12/site-packages/airflow/example_dags/example_short_circuit_decorator.py
[2024-07-28T14:01:53.584-0500] {logging_mixin.py:188} INFO - [2024-07-28T14:01:53.584-0500] {dag.py:3089} INFO - Sync 1 DAGs
[2024-07-28T14:01:53.589-0500] {logging_mixin.py:188} INFO - [2024-07-28T14:01:53.589-0500] {dag.py:3947} INFO - Setting next_dagrun for example_short_circuit_decorator to 2024-07-27 00:00:00+00:00, run_after=2024-07-28 00:00:00+00:00
[2024-07-28T14:01:53.595-0500] {processor.py:183} INFO - Processing /Users/alexkim/Desktop/Projects/ETL_Projects/redditviz/venv/lib/python3.12/site-packages/airflow/example_dags/example_short_circuit_decorator.py took 0.056 seconds
[2024-07-28T14:03:29.788-0500] {processor.py:161} INFO - Started process (PID=33355) to work on /Users/alexkim/Desktop/Projects/ETL_Projects/redditviz/venv/lib/python3.12/site-packages/airflow/example_dags/example_short_circuit_decorator.py
[2024-07-28T14:03:29.788-0500] {processor.py:830} INFO - Processing file /Users/alexkim/Desktop/Projects/ETL_Projects/redditviz/venv/lib/python3.12/site-packages/airflow/example_dags/example_short_circuit_decorator.py for tasks to queue
[2024-07-28T14:03:29.789-0500] {logging_mixin.py:188} INFO - [2024-07-28T14:03:29.789-0500] {dagbag.py:545} INFO - Filling up the DagBag from /Users/alexkim/Desktop/Projects/ETL_Projects/redditviz/venv/lib/python3.12/site-packages/airflow/example_dags/example_short_circuit_decorator.py
[2024-07-28T14:03:29.801-0500] {processor.py:840} INFO - DAG(s) 'example_short_circuit_decorator' retrieved from /Users/alexkim/Desktop/Projects/ETL_Projects/redditviz/venv/lib/python3.12/site-packages/airflow/example_dags/example_short_circuit_decorator.py
[2024-07-28T14:03:29.831-0500] {logging_mixin.py:188} INFO - [2024-07-28T14:03:29.831-0500] {dag.py:3089} INFO - Sync 1 DAGs
[2024-07-28T14:03:29.837-0500] {logging_mixin.py:188} INFO - [2024-07-28T14:03:29.837-0500] {dag.py:3947} INFO - Setting next_dagrun for example_short_circuit_decorator to 2024-07-27 00:00:00+00:00, run_after=2024-07-28 00:00:00+00:00
[2024-07-28T14:03:29.842-0500] {processor.py:183} INFO - Processing /Users/alexkim/Desktop/Projects/ETL_Projects/redditviz/venv/lib/python3.12/site-packages/airflow/example_dags/example_short_circuit_decorator.py took 0.055 seconds
[2024-07-28T14:05:14.897-0500] {processor.py:161} INFO - Started process (PID=33476) to work on /Users/alexkim/Desktop/Projects/ETL_Projects/redditviz/venv/lib/python3.12/site-packages/airflow/example_dags/example_short_circuit_decorator.py
[2024-07-28T14:05:14.898-0500] {processor.py:830} INFO - Processing file /Users/alexkim/Desktop/Projects/ETL_Projects/redditviz/venv/lib/python3.12/site-packages/airflow/example_dags/example_short_circuit_decorator.py for tasks to queue
[2024-07-28T14:05:14.898-0500] {logging_mixin.py:188} INFO - [2024-07-28T14:05:14.898-0500] {dagbag.py:545} INFO - Filling up the DagBag from /Users/alexkim/Desktop/Projects/ETL_Projects/redditviz/venv/lib/python3.12/site-packages/airflow/example_dags/example_short_circuit_decorator.py
[2024-07-28T14:05:14.913-0500] {processor.py:840} INFO - DAG(s) 'example_short_circuit_decorator' retrieved from /Users/alexkim/Desktop/Projects/ETL_Projects/redditviz/venv/lib/python3.12/site-packages/airflow/example_dags/example_short_circuit_decorator.py
[2024-07-28T14:05:14.947-0500] {logging_mixin.py:188} INFO - [2024-07-28T14:05:14.947-0500] {dag.py:3089} INFO - Sync 1 DAGs
[2024-07-28T14:05:14.952-0500] {logging_mixin.py:188} INFO - [2024-07-28T14:05:14.952-0500] {dag.py:3947} INFO - Setting next_dagrun for example_short_circuit_decorator to 2024-07-27 00:00:00+00:00, run_after=2024-07-28 00:00:00+00:00
[2024-07-28T14:05:14.959-0500] {processor.py:183} INFO - Processing /Users/alexkim/Desktop/Projects/ETL_Projects/redditviz/venv/lib/python3.12/site-packages/airflow/example_dags/example_short_circuit_decorator.py took 0.062 seconds
[2024-07-28T14:07:09.435-0500] {processor.py:161} INFO - Started process (PID=33654) to work on /Users/alexkim/Desktop/Projects/ETL_Projects/redditviz/venv/lib/python3.12/site-packages/airflow/example_dags/example_short_circuit_decorator.py
[2024-07-28T14:07:09.436-0500] {processor.py:830} INFO - Processing file /Users/alexkim/Desktop/Projects/ETL_Projects/redditviz/venv/lib/python3.12/site-packages/airflow/example_dags/example_short_circuit_decorator.py for tasks to queue
[2024-07-28T14:07:09.436-0500] {logging_mixin.py:188} INFO - [2024-07-28T14:07:09.436-0500] {dagbag.py:545} INFO - Filling up the DagBag from /Users/alexkim/Desktop/Projects/ETL_Projects/redditviz/venv/lib/python3.12/site-packages/airflow/example_dags/example_short_circuit_decorator.py
[2024-07-28T14:07:09.453-0500] {processor.py:840} INFO - DAG(s) 'example_short_circuit_decorator' retrieved from /Users/alexkim/Desktop/Projects/ETL_Projects/redditviz/venv/lib/python3.12/site-packages/airflow/example_dags/example_short_circuit_decorator.py
[2024-07-28T14:07:09.488-0500] {logging_mixin.py:188} INFO - [2024-07-28T14:07:09.487-0500] {dag.py:3089} INFO - Sync 1 DAGs
[2024-07-28T14:07:09.492-0500] {logging_mixin.py:188} INFO - [2024-07-28T14:07:09.492-0500] {dag.py:3947} INFO - Setting next_dagrun for example_short_circuit_decorator to 2024-07-27 00:00:00+00:00, run_after=2024-07-28 00:00:00+00:00
[2024-07-28T14:07:09.498-0500] {processor.py:183} INFO - Processing /Users/alexkim/Desktop/Projects/ETL_Projects/redditviz/venv/lib/python3.12/site-packages/airflow/example_dags/example_short_circuit_decorator.py took 0.064 seconds
[2024-07-28T14:09:07.478-0500] {processor.py:161} INFO - Started process (PID=33765) to work on /Users/alexkim/Desktop/Projects/ETL_Projects/redditviz/venv/lib/python3.12/site-packages/airflow/example_dags/example_short_circuit_decorator.py
[2024-07-28T14:09:07.478-0500] {processor.py:830} INFO - Processing file /Users/alexkim/Desktop/Projects/ETL_Projects/redditviz/venv/lib/python3.12/site-packages/airflow/example_dags/example_short_circuit_decorator.py for tasks to queue
[2024-07-28T14:09:07.479-0500] {logging_mixin.py:188} INFO - [2024-07-28T14:09:07.478-0500] {dagbag.py:545} INFO - Filling up the DagBag from /Users/alexkim/Desktop/Projects/ETL_Projects/redditviz/venv/lib/python3.12/site-packages/airflow/example_dags/example_short_circuit_decorator.py
[2024-07-28T14:09:07.496-0500] {processor.py:840} INFO - DAG(s) 'example_short_circuit_decorator' retrieved from /Users/alexkim/Desktop/Projects/ETL_Projects/redditviz/venv/lib/python3.12/site-packages/airflow/example_dags/example_short_circuit_decorator.py
[2024-07-28T14:09:07.541-0500] {logging_mixin.py:188} INFO - [2024-07-28T14:09:07.541-0500] {dag.py:3089} INFO - Sync 1 DAGs
[2024-07-28T14:09:07.546-0500] {logging_mixin.py:188} INFO - [2024-07-28T14:09:07.545-0500] {dag.py:3947} INFO - Setting next_dagrun for example_short_circuit_decorator to 2024-07-27 00:00:00+00:00, run_after=2024-07-28 00:00:00+00:00
[2024-07-28T14:09:07.551-0500] {processor.py:183} INFO - Processing /Users/alexkim/Desktop/Projects/ETL_Projects/redditviz/venv/lib/python3.12/site-packages/airflow/example_dags/example_short_circuit_decorator.py took 0.074 seconds
[2024-07-28T14:11:08.827-0500] {processor.py:161} INFO - Started process (PID=33909) to work on /Users/alexkim/Desktop/Projects/ETL_Projects/redditviz/venv/lib/python3.12/site-packages/airflow/example_dags/example_short_circuit_decorator.py
[2024-07-28T14:11:08.828-0500] {processor.py:830} INFO - Processing file /Users/alexkim/Desktop/Projects/ETL_Projects/redditviz/venv/lib/python3.12/site-packages/airflow/example_dags/example_short_circuit_decorator.py for tasks to queue
[2024-07-28T14:11:08.828-0500] {logging_mixin.py:188} INFO - [2024-07-28T14:11:08.828-0500] {dagbag.py:545} INFO - Filling up the DagBag from /Users/alexkim/Desktop/Projects/ETL_Projects/redditviz/venv/lib/python3.12/site-packages/airflow/example_dags/example_short_circuit_decorator.py
[2024-07-28T14:11:08.841-0500] {processor.py:840} INFO - DAG(s) 'example_short_circuit_decorator' retrieved from /Users/alexkim/Desktop/Projects/ETL_Projects/redditviz/venv/lib/python3.12/site-packages/airflow/example_dags/example_short_circuit_decorator.py
[2024-07-28T14:11:08.871-0500] {logging_mixin.py:188} INFO - [2024-07-28T14:11:08.871-0500] {dag.py:3089} INFO - Sync 1 DAGs
[2024-07-28T14:11:08.877-0500] {logging_mixin.py:188} INFO - [2024-07-28T14:11:08.876-0500] {dag.py:3947} INFO - Setting next_dagrun for example_short_circuit_decorator to 2024-07-27 00:00:00+00:00, run_after=2024-07-28 00:00:00+00:00
[2024-07-28T14:11:08.883-0500] {processor.py:183} INFO - Processing /Users/alexkim/Desktop/Projects/ETL_Projects/redditviz/venv/lib/python3.12/site-packages/airflow/example_dags/example_short_circuit_decorator.py took 0.056 seconds
[2024-07-28T14:13:06.272-0500] {processor.py:161} INFO - Started process (PID=34030) to work on /Users/alexkim/Desktop/Projects/ETL_Projects/redditviz/venv/lib/python3.12/site-packages/airflow/example_dags/example_short_circuit_decorator.py
[2024-07-28T14:13:06.273-0500] {processor.py:830} INFO - Processing file /Users/alexkim/Desktop/Projects/ETL_Projects/redditviz/venv/lib/python3.12/site-packages/airflow/example_dags/example_short_circuit_decorator.py for tasks to queue
[2024-07-28T14:13:06.273-0500] {logging_mixin.py:188} INFO - [2024-07-28T14:13:06.273-0500] {dagbag.py:545} INFO - Filling up the DagBag from /Users/alexkim/Desktop/Projects/ETL_Projects/redditviz/venv/lib/python3.12/site-packages/airflow/example_dags/example_short_circuit_decorator.py
[2024-07-28T14:13:06.286-0500] {processor.py:840} INFO - DAG(s) 'example_short_circuit_decorator' retrieved from /Users/alexkim/Desktop/Projects/ETL_Projects/redditviz/venv/lib/python3.12/site-packages/airflow/example_dags/example_short_circuit_decorator.py
[2024-07-28T14:13:06.316-0500] {logging_mixin.py:188} INFO - [2024-07-28T14:13:06.316-0500] {dag.py:3089} INFO - Sync 1 DAGs
[2024-07-28T14:13:06.321-0500] {logging_mixin.py:188} INFO - [2024-07-28T14:13:06.321-0500] {dag.py:3947} INFO - Setting next_dagrun for example_short_circuit_decorator to 2024-07-27 00:00:00+00:00, run_after=2024-07-28 00:00:00+00:00
[2024-07-28T14:13:06.326-0500] {processor.py:183} INFO - Processing /Users/alexkim/Desktop/Projects/ETL_Projects/redditviz/venv/lib/python3.12/site-packages/airflow/example_dags/example_short_circuit_decorator.py took 0.056 seconds
