[2024-07-28T14:00:46.269-0500] {processor.py:161} INFO - Started process (PID=33193) to work on /Users/alexkim/Desktop/Projects/ETL_Projects/redditviz/venv/lib/python3.12/site-packages/airflow/example_dags/example_latest_only.py
[2024-07-28T14:00:46.269-0500] {processor.py:830} INFO - Processing file /Users/alexkim/Desktop/Projects/ETL_Projects/redditviz/venv/lib/python3.12/site-packages/airflow/example_dags/example_latest_only.py for tasks to queue
[2024-07-28T14:00:46.269-0500] {logging_mixin.py:188} INFO - [2024-07-28T14:00:46.269-0500] {dagbag.py:545} INFO - Filling up the DagBag from /Users/alexkim/Desktop/Projects/ETL_Projects/redditviz/venv/lib/python3.12/site-packages/airflow/example_dags/example_latest_only.py
[2024-07-28T14:00:46.272-0500] {processor.py:840} INFO - DAG(s) 'latest_only' retrieved from /Users/alexkim/Desktop/Projects/ETL_Projects/redditviz/venv/lib/python3.12/site-packages/airflow/example_dags/example_latest_only.py
[2024-07-28T14:00:46.331-0500] {logging_mixin.py:188} INFO - [2024-07-28T14:00:46.331-0500] {override.py:1858} INFO - Created Permission View: can delete on DAG:latest_only
[2024-07-28T14:00:46.334-0500] {logging_mixin.py:188} INFO - [2024-07-28T14:00:46.334-0500] {override.py:1858} INFO - Created Permission View: can edit on DAG:latest_only
[2024-07-28T14:00:46.336-0500] {logging_mixin.py:188} INFO - [2024-07-28T14:00:46.336-0500] {override.py:1858} INFO - Created Permission View: can read on DAG:latest_only
[2024-07-28T14:00:46.336-0500] {logging_mixin.py:188} INFO - [2024-07-28T14:00:46.336-0500] {dag.py:3089} INFO - Sync 1 DAGs
[2024-07-28T14:00:46.339-0500] {logging_mixin.py:188} INFO - [2024-07-28T14:00:46.339-0500] {dag.py:3111} INFO - Creating ORM DAG for latest_only
[2024-07-28T14:00:46.341-0500] {logging_mixin.py:188} INFO - [2024-07-28T14:00:46.341-0500] {dag.py:3947} INFO - Setting next_dagrun for latest_only to 2024-07-28 12:00:00+00:00, run_after=2024-07-28 16:00:00+00:00
[2024-07-28T14:00:46.346-0500] {processor.py:183} INFO - Processing /Users/alexkim/Desktop/Projects/ETL_Projects/redditviz/venv/lib/python3.12/site-packages/airflow/example_dags/example_latest_only.py took 0.079 seconds
[2024-07-28T14:02:36.020-0500] {processor.py:161} INFO - Started process (PID=33308) to work on /Users/alexkim/Desktop/Projects/ETL_Projects/redditviz/venv/lib/python3.12/site-packages/airflow/example_dags/example_latest_only.py
[2024-07-28T14:02:36.022-0500] {processor.py:830} INFO - Processing file /Users/alexkim/Desktop/Projects/ETL_Projects/redditviz/venv/lib/python3.12/site-packages/airflow/example_dags/example_latest_only.py for tasks to queue
[2024-07-28T14:02:36.022-0500] {logging_mixin.py:188} INFO - [2024-07-28T14:02:36.022-0500] {dagbag.py:545} INFO - Filling up the DagBag from /Users/alexkim/Desktop/Projects/ETL_Projects/redditviz/venv/lib/python3.12/site-packages/airflow/example_dags/example_latest_only.py
[2024-07-28T14:02:36.025-0500] {processor.py:840} INFO - DAG(s) 'latest_only' retrieved from /Users/alexkim/Desktop/Projects/ETL_Projects/redditviz/venv/lib/python3.12/site-packages/airflow/example_dags/example_latest_only.py
[2024-07-28T14:02:36.055-0500] {logging_mixin.py:188} INFO - [2024-07-28T14:02:36.055-0500] {dag.py:3089} INFO - Sync 1 DAGs
[2024-07-28T14:02:36.060-0500] {logging_mixin.py:188} INFO - [2024-07-28T14:02:36.060-0500] {dag.py:3947} INFO - Setting next_dagrun for latest_only to 2024-07-28 12:00:00+00:00, run_after=2024-07-28 16:00:00+00:00
[2024-07-28T14:02:36.066-0500] {processor.py:183} INFO - Processing /Users/alexkim/Desktop/Projects/ETL_Projects/redditviz/venv/lib/python3.12/site-packages/airflow/example_dags/example_latest_only.py took 0.046 seconds
[2024-07-28T14:04:11.908-0500] {processor.py:161} INFO - Started process (PID=33399) to work on /Users/alexkim/Desktop/Projects/ETL_Projects/redditviz/venv/lib/python3.12/site-packages/airflow/example_dags/example_latest_only.py
[2024-07-28T14:04:11.909-0500] {processor.py:830} INFO - Processing file /Users/alexkim/Desktop/Projects/ETL_Projects/redditviz/venv/lib/python3.12/site-packages/airflow/example_dags/example_latest_only.py for tasks to queue
[2024-07-28T14:04:11.909-0500] {logging_mixin.py:188} INFO - [2024-07-28T14:04:11.909-0500] {dagbag.py:545} INFO - Filling up the DagBag from /Users/alexkim/Desktop/Projects/ETL_Projects/redditviz/venv/lib/python3.12/site-packages/airflow/example_dags/example_latest_only.py
[2024-07-28T14:04:11.912-0500] {processor.py:840} INFO - DAG(s) 'latest_only' retrieved from /Users/alexkim/Desktop/Projects/ETL_Projects/redditviz/venv/lib/python3.12/site-packages/airflow/example_dags/example_latest_only.py
[2024-07-28T14:04:11.946-0500] {logging_mixin.py:188} INFO - [2024-07-28T14:04:11.946-0500] {dag.py:3089} INFO - Sync 1 DAGs
[2024-07-28T14:04:11.952-0500] {logging_mixin.py:188} INFO - [2024-07-28T14:04:11.952-0500] {dag.py:3947} INFO - Setting next_dagrun for latest_only to 2024-07-28 12:00:00+00:00, run_after=2024-07-28 16:00:00+00:00
[2024-07-28T14:04:11.957-0500] {processor.py:183} INFO - Processing /Users/alexkim/Desktop/Projects/ETL_Projects/redditviz/venv/lib/python3.12/site-packages/airflow/example_dags/example_latest_only.py took 0.050 seconds
[2024-07-28T14:06:03.686-0500] {processor.py:161} INFO - Started process (PID=33570) to work on /Users/alexkim/Desktop/Projects/ETL_Projects/redditviz/venv/lib/python3.12/site-packages/airflow/example_dags/example_latest_only.py
[2024-07-28T14:06:03.687-0500] {processor.py:830} INFO - Processing file /Users/alexkim/Desktop/Projects/ETL_Projects/redditviz/venv/lib/python3.12/site-packages/airflow/example_dags/example_latest_only.py for tasks to queue
[2024-07-28T14:06:03.687-0500] {logging_mixin.py:188} INFO - [2024-07-28T14:06:03.687-0500] {dagbag.py:545} INFO - Filling up the DagBag from /Users/alexkim/Desktop/Projects/ETL_Projects/redditviz/venv/lib/python3.12/site-packages/airflow/example_dags/example_latest_only.py
[2024-07-28T14:06:03.690-0500] {processor.py:840} INFO - DAG(s) 'latest_only' retrieved from /Users/alexkim/Desktop/Projects/ETL_Projects/redditviz/venv/lib/python3.12/site-packages/airflow/example_dags/example_latest_only.py
[2024-07-28T14:06:03.720-0500] {logging_mixin.py:188} INFO - [2024-07-28T14:06:03.720-0500] {dag.py:3089} INFO - Sync 1 DAGs
[2024-07-28T14:06:03.725-0500] {logging_mixin.py:188} INFO - [2024-07-28T14:06:03.725-0500] {dag.py:3947} INFO - Setting next_dagrun for latest_only to 2024-07-28 12:00:00+00:00, run_after=2024-07-28 16:00:00+00:00
[2024-07-28T14:06:03.731-0500] {processor.py:183} INFO - Processing /Users/alexkim/Desktop/Projects/ETL_Projects/redditviz/venv/lib/python3.12/site-packages/airflow/example_dags/example_latest_only.py took 0.046 seconds
[2024-07-28T14:08:06.504-0500] {processor.py:161} INFO - Started process (PID=33712) to work on /Users/alexkim/Desktop/Projects/ETL_Projects/redditviz/venv/lib/python3.12/site-packages/airflow/example_dags/example_latest_only.py
[2024-07-28T14:08:06.505-0500] {processor.py:830} INFO - Processing file /Users/alexkim/Desktop/Projects/ETL_Projects/redditviz/venv/lib/python3.12/site-packages/airflow/example_dags/example_latest_only.py for tasks to queue
[2024-07-28T14:08:06.505-0500] {logging_mixin.py:188} INFO - [2024-07-28T14:08:06.505-0500] {dagbag.py:545} INFO - Filling up the DagBag from /Users/alexkim/Desktop/Projects/ETL_Projects/redditviz/venv/lib/python3.12/site-packages/airflow/example_dags/example_latest_only.py
[2024-07-28T14:08:06.508-0500] {processor.py:840} INFO - DAG(s) 'latest_only' retrieved from /Users/alexkim/Desktop/Projects/ETL_Projects/redditviz/venv/lib/python3.12/site-packages/airflow/example_dags/example_latest_only.py
[2024-07-28T14:08:06.538-0500] {logging_mixin.py:188} INFO - [2024-07-28T14:08:06.537-0500] {dag.py:3089} INFO - Sync 1 DAGs
[2024-07-28T14:08:06.543-0500] {logging_mixin.py:188} INFO - [2024-07-28T14:08:06.543-0500] {dag.py:3947} INFO - Setting next_dagrun for latest_only to 2024-07-28 12:00:00+00:00, run_after=2024-07-28 16:00:00+00:00
[2024-07-28T14:08:06.548-0500] {processor.py:183} INFO - Processing /Users/alexkim/Desktop/Projects/ETL_Projects/redditviz/venv/lib/python3.12/site-packages/airflow/example_dags/example_latest_only.py took 0.045 seconds
[2024-07-28T14:09:59.410-0500] {processor.py:161} INFO - Started process (PID=33839) to work on /Users/alexkim/Desktop/Projects/ETL_Projects/redditviz/venv/lib/python3.12/site-packages/airflow/example_dags/example_latest_only.py
[2024-07-28T14:09:59.411-0500] {processor.py:830} INFO - Processing file /Users/alexkim/Desktop/Projects/ETL_Projects/redditviz/venv/lib/python3.12/site-packages/airflow/example_dags/example_latest_only.py for tasks to queue
[2024-07-28T14:09:59.411-0500] {logging_mixin.py:188} INFO - [2024-07-28T14:09:59.411-0500] {dagbag.py:545} INFO - Filling up the DagBag from /Users/alexkim/Desktop/Projects/ETL_Projects/redditviz/venv/lib/python3.12/site-packages/airflow/example_dags/example_latest_only.py
[2024-07-28T14:09:59.415-0500] {processor.py:840} INFO - DAG(s) 'latest_only' retrieved from /Users/alexkim/Desktop/Projects/ETL_Projects/redditviz/venv/lib/python3.12/site-packages/airflow/example_dags/example_latest_only.py
[2024-07-28T14:09:59.451-0500] {logging_mixin.py:188} INFO - [2024-07-28T14:09:59.451-0500] {dag.py:3089} INFO - Sync 1 DAGs
[2024-07-28T14:09:59.457-0500] {logging_mixin.py:188} INFO - [2024-07-28T14:09:59.457-0500] {dag.py:3947} INFO - Setting next_dagrun for latest_only to 2024-07-28 12:00:00+00:00, run_after=2024-07-28 16:00:00+00:00
[2024-07-28T14:09:59.464-0500] {processor.py:183} INFO - Processing /Users/alexkim/Desktop/Projects/ETL_Projects/redditviz/venv/lib/python3.12/site-packages/airflow/example_dags/example_latest_only.py took 0.054 seconds
[2024-07-28T14:12:00.555-0500] {processor.py:161} INFO - Started process (PID=33961) to work on /Users/alexkim/Desktop/Projects/ETL_Projects/redditviz/venv/lib/python3.12/site-packages/airflow/example_dags/example_latest_only.py
[2024-07-28T14:12:00.556-0500] {processor.py:830} INFO - Processing file /Users/alexkim/Desktop/Projects/ETL_Projects/redditviz/venv/lib/python3.12/site-packages/airflow/example_dags/example_latest_only.py for tasks to queue
[2024-07-28T14:12:00.556-0500] {logging_mixin.py:188} INFO - [2024-07-28T14:12:00.556-0500] {dagbag.py:545} INFO - Filling up the DagBag from /Users/alexkim/Desktop/Projects/ETL_Projects/redditviz/venv/lib/python3.12/site-packages/airflow/example_dags/example_latest_only.py
[2024-07-28T14:12:00.560-0500] {processor.py:840} INFO - DAG(s) 'latest_only' retrieved from /Users/alexkim/Desktop/Projects/ETL_Projects/redditviz/venv/lib/python3.12/site-packages/airflow/example_dags/example_latest_only.py
[2024-07-28T14:12:00.591-0500] {logging_mixin.py:188} INFO - [2024-07-28T14:12:00.591-0500] {dag.py:3089} INFO - Sync 1 DAGs
[2024-07-28T14:12:00.597-0500] {logging_mixin.py:188} INFO - [2024-07-28T14:12:00.597-0500] {dag.py:3947} INFO - Setting next_dagrun for latest_only to 2024-07-28 12:00:00+00:00, run_after=2024-07-28 16:00:00+00:00
[2024-07-28T14:12:00.603-0500] {processor.py:183} INFO - Processing /Users/alexkim/Desktop/Projects/ETL_Projects/redditviz/venv/lib/python3.12/site-packages/airflow/example_dags/example_latest_only.py took 0.049 seconds
[2024-07-28T14:13:59.207-0500] {processor.py:161} INFO - Started process (PID=34095) to work on /Users/alexkim/Desktop/Projects/ETL_Projects/redditviz/venv/lib/python3.12/site-packages/airflow/example_dags/example_latest_only.py
[2024-07-28T14:13:59.208-0500] {processor.py:830} INFO - Processing file /Users/alexkim/Desktop/Projects/ETL_Projects/redditviz/venv/lib/python3.12/site-packages/airflow/example_dags/example_latest_only.py for tasks to queue
[2024-07-28T14:13:59.209-0500] {logging_mixin.py:188} INFO - [2024-07-28T14:13:59.209-0500] {dagbag.py:545} INFO - Filling up the DagBag from /Users/alexkim/Desktop/Projects/ETL_Projects/redditviz/venv/lib/python3.12/site-packages/airflow/example_dags/example_latest_only.py
[2024-07-28T14:13:59.212-0500] {processor.py:840} INFO - DAG(s) 'latest_only' retrieved from /Users/alexkim/Desktop/Projects/ETL_Projects/redditviz/venv/lib/python3.12/site-packages/airflow/example_dags/example_latest_only.py
[2024-07-28T14:13:59.243-0500] {logging_mixin.py:188} INFO - [2024-07-28T14:13:59.243-0500] {dag.py:3089} INFO - Sync 1 DAGs
[2024-07-28T14:13:59.249-0500] {logging_mixin.py:188} INFO - [2024-07-28T14:13:59.249-0500] {dag.py:3947} INFO - Setting next_dagrun for latest_only to 2024-07-28 12:00:00+00:00, run_after=2024-07-28 16:00:00+00:00
[2024-07-28T14:13:59.255-0500] {processor.py:183} INFO - Processing /Users/alexkim/Desktop/Projects/ETL_Projects/redditviz/venv/lib/python3.12/site-packages/airflow/example_dags/example_latest_only.py took 0.051 seconds
