[2024-07-28T14:00:55.136-0500] {processor.py:161} INFO - Started process (PID=33207) to work on /Users/alexkim/Desktop/Projects/ETL_Projects/redditviz/venv/lib/python3.12/site-packages/airflow/example_dags/example_display_name.py
[2024-07-28T14:00:55.137-0500] {processor.py:830} INFO - Processing file /Users/alexkim/Desktop/Projects/ETL_Projects/redditviz/venv/lib/python3.12/site-packages/airflow/example_dags/example_display_name.py for tasks to queue
[2024-07-28T14:00:55.138-0500] {logging_mixin.py:188} INFO - [2024-07-28T14:00:55.138-0500] {dagbag.py:545} INFO - Filling up the DagBag from /Users/alexkim/Desktop/Projects/ETL_Projects/redditviz/venv/lib/python3.12/site-packages/airflow/example_dags/example_display_name.py
[2024-07-28T14:00:55.172-0500] {processor.py:840} INFO - DAG(s) 'example_display_name' retrieved from /Users/alexkim/Desktop/Projects/ETL_Projects/redditviz/venv/lib/python3.12/site-packages/airflow/example_dags/example_display_name.py
[2024-07-28T14:00:55.293-0500] {logging_mixin.py:188} INFO - [2024-07-28T14:00:55.293-0500] {override.py:1858} INFO - Created Permission View: can edit on DAG:example_display_name
[2024-07-28T14:00:55.300-0500] {logging_mixin.py:188} INFO - [2024-07-28T14:00:55.299-0500] {override.py:1858} INFO - Created Permission View: can read on DAG:example_display_name
[2024-07-28T14:00:55.305-0500] {logging_mixin.py:188} INFO - [2024-07-28T14:00:55.305-0500] {override.py:1858} INFO - Created Permission View: can delete on DAG:example_display_name
[2024-07-28T14:00:55.305-0500] {logging_mixin.py:188} INFO - [2024-07-28T14:00:55.305-0500] {dag.py:3089} INFO - Sync 1 DAGs
[2024-07-28T14:00:55.311-0500] {logging_mixin.py:188} INFO - [2024-07-28T14:00:55.311-0500] {dag.py:3111} INFO - Creating ORM DAG for example_display_name
[2024-07-28T14:00:55.312-0500] {logging_mixin.py:188} INFO - [2024-07-28T14:00:55.312-0500] {dag.py:3947} INFO - Setting next_dagrun for example_display_name to None, run_after=None
[2024-07-28T14:00:55.320-0500] {processor.py:183} INFO - Processing /Users/alexkim/Desktop/Projects/ETL_Projects/redditviz/venv/lib/python3.12/site-packages/airflow/example_dags/example_display_name.py took 0.186 seconds
[2024-07-28T14:02:42.307-0500] {processor.py:161} INFO - Started process (PID=33314) to work on /Users/alexkim/Desktop/Projects/ETL_Projects/redditviz/venv/lib/python3.12/site-packages/airflow/example_dags/example_display_name.py
[2024-07-28T14:02:42.307-0500] {processor.py:830} INFO - Processing file /Users/alexkim/Desktop/Projects/ETL_Projects/redditviz/venv/lib/python3.12/site-packages/airflow/example_dags/example_display_name.py for tasks to queue
[2024-07-28T14:02:42.308-0500] {logging_mixin.py:188} INFO - [2024-07-28T14:02:42.308-0500] {dagbag.py:545} INFO - Filling up the DagBag from /Users/alexkim/Desktop/Projects/ETL_Projects/redditviz/venv/lib/python3.12/site-packages/airflow/example_dags/example_display_name.py
[2024-07-28T14:02:42.319-0500] {processor.py:840} INFO - DAG(s) 'example_display_name' retrieved from /Users/alexkim/Desktop/Projects/ETL_Projects/redditviz/venv/lib/python3.12/site-packages/airflow/example_dags/example_display_name.py
[2024-07-28T14:02:42.348-0500] {logging_mixin.py:188} INFO - [2024-07-28T14:02:42.348-0500] {dag.py:3089} INFO - Sync 1 DAGs
[2024-07-28T14:02:42.351-0500] {logging_mixin.py:188} INFO - [2024-07-28T14:02:42.351-0500] {dag.py:3947} INFO - Setting next_dagrun for example_display_name to None, run_after=None
[2024-07-28T14:02:42.357-0500] {processor.py:183} INFO - Processing /Users/alexkim/Desktop/Projects/ETL_Projects/redditviz/venv/lib/python3.12/site-packages/airflow/example_dags/example_display_name.py took 0.051 seconds
[2024-07-28T14:04:20.865-0500] {processor.py:161} INFO - Started process (PID=33408) to work on /Users/alexkim/Desktop/Projects/ETL_Projects/redditviz/venv/lib/python3.12/site-packages/airflow/example_dags/example_display_name.py
[2024-07-28T14:04:20.865-0500] {processor.py:830} INFO - Processing file /Users/alexkim/Desktop/Projects/ETL_Projects/redditviz/venv/lib/python3.12/site-packages/airflow/example_dags/example_display_name.py for tasks to queue
[2024-07-28T14:04:20.866-0500] {logging_mixin.py:188} INFO - [2024-07-28T14:04:20.866-0500] {dagbag.py:545} INFO - Filling up the DagBag from /Users/alexkim/Desktop/Projects/ETL_Projects/redditviz/venv/lib/python3.12/site-packages/airflow/example_dags/example_display_name.py
[2024-07-28T14:04:20.878-0500] {processor.py:840} INFO - DAG(s) 'example_display_name' retrieved from /Users/alexkim/Desktop/Projects/ETL_Projects/redditviz/venv/lib/python3.12/site-packages/airflow/example_dags/example_display_name.py
[2024-07-28T14:04:20.906-0500] {logging_mixin.py:188} INFO - [2024-07-28T14:04:20.906-0500] {dag.py:3089} INFO - Sync 1 DAGs
[2024-07-28T14:04:20.909-0500] {logging_mixin.py:188} INFO - [2024-07-28T14:04:20.909-0500] {dag.py:3947} INFO - Setting next_dagrun for example_display_name to None, run_after=None
[2024-07-28T14:04:20.919-0500] {processor.py:183} INFO - Processing /Users/alexkim/Desktop/Projects/ETL_Projects/redditviz/venv/lib/python3.12/site-packages/airflow/example_dags/example_display_name.py took 0.055 seconds
[2024-07-28T14:06:12.519-0500] {processor.py:161} INFO - Started process (PID=33575) to work on /Users/alexkim/Desktop/Projects/ETL_Projects/redditviz/venv/lib/python3.12/site-packages/airflow/example_dags/example_display_name.py
[2024-07-28T14:06:12.519-0500] {processor.py:830} INFO - Processing file /Users/alexkim/Desktop/Projects/ETL_Projects/redditviz/venv/lib/python3.12/site-packages/airflow/example_dags/example_display_name.py for tasks to queue
[2024-07-28T14:06:12.519-0500] {logging_mixin.py:188} INFO - [2024-07-28T14:06:12.519-0500] {dagbag.py:545} INFO - Filling up the DagBag from /Users/alexkim/Desktop/Projects/ETL_Projects/redditviz/venv/lib/python3.12/site-packages/airflow/example_dags/example_display_name.py
[2024-07-28T14:06:12.534-0500] {processor.py:840} INFO - DAG(s) 'example_display_name' retrieved from /Users/alexkim/Desktop/Projects/ETL_Projects/redditviz/venv/lib/python3.12/site-packages/airflow/example_dags/example_display_name.py
[2024-07-28T14:06:12.564-0500] {logging_mixin.py:188} INFO - [2024-07-28T14:06:12.564-0500] {dag.py:3089} INFO - Sync 1 DAGs
[2024-07-28T14:06:12.567-0500] {logging_mixin.py:188} INFO - [2024-07-28T14:06:12.567-0500] {dag.py:3947} INFO - Setting next_dagrun for example_display_name to None, run_after=None
[2024-07-28T14:06:12.573-0500] {processor.py:183} INFO - Processing /Users/alexkim/Desktop/Projects/ETL_Projects/redditviz/venv/lib/python3.12/site-packages/airflow/example_dags/example_display_name.py took 0.055 seconds
[2024-07-28T14:08:14.965-0500] {processor.py:161} INFO - Started process (PID=33717) to work on /Users/alexkim/Desktop/Projects/ETL_Projects/redditviz/venv/lib/python3.12/site-packages/airflow/example_dags/example_display_name.py
[2024-07-28T14:08:14.965-0500] {processor.py:830} INFO - Processing file /Users/alexkim/Desktop/Projects/ETL_Projects/redditviz/venv/lib/python3.12/site-packages/airflow/example_dags/example_display_name.py for tasks to queue
[2024-07-28T14:08:14.966-0500] {logging_mixin.py:188} INFO - [2024-07-28T14:08:14.965-0500] {dagbag.py:545} INFO - Filling up the DagBag from /Users/alexkim/Desktop/Projects/ETL_Projects/redditviz/venv/lib/python3.12/site-packages/airflow/example_dags/example_display_name.py
[2024-07-28T14:08:14.977-0500] {processor.py:840} INFO - DAG(s) 'example_display_name' retrieved from /Users/alexkim/Desktop/Projects/ETL_Projects/redditviz/venv/lib/python3.12/site-packages/airflow/example_dags/example_display_name.py
[2024-07-28T14:08:15.007-0500] {logging_mixin.py:188} INFO - [2024-07-28T14:08:15.006-0500] {dag.py:3089} INFO - Sync 1 DAGs
[2024-07-28T14:08:15.009-0500] {logging_mixin.py:188} INFO - [2024-07-28T14:08:15.009-0500] {dag.py:3947} INFO - Setting next_dagrun for example_display_name to None, run_after=None
[2024-07-28T14:08:15.015-0500] {processor.py:183} INFO - Processing /Users/alexkim/Desktop/Projects/ETL_Projects/redditviz/venv/lib/python3.12/site-packages/airflow/example_dags/example_display_name.py took 0.051 seconds
[2024-07-28T14:10:07.044-0500] {processor.py:161} INFO - Started process (PID=33850) to work on /Users/alexkim/Desktop/Projects/ETL_Projects/redditviz/venv/lib/python3.12/site-packages/airflow/example_dags/example_display_name.py
[2024-07-28T14:10:07.044-0500] {processor.py:830} INFO - Processing file /Users/alexkim/Desktop/Projects/ETL_Projects/redditviz/venv/lib/python3.12/site-packages/airflow/example_dags/example_display_name.py for tasks to queue
[2024-07-28T14:10:07.044-0500] {logging_mixin.py:188} INFO - [2024-07-28T14:10:07.044-0500] {dagbag.py:545} INFO - Filling up the DagBag from /Users/alexkim/Desktop/Projects/ETL_Projects/redditviz/venv/lib/python3.12/site-packages/airflow/example_dags/example_display_name.py
[2024-07-28T14:10:07.061-0500] {processor.py:840} INFO - DAG(s) 'example_display_name' retrieved from /Users/alexkim/Desktop/Projects/ETL_Projects/redditviz/venv/lib/python3.12/site-packages/airflow/example_dags/example_display_name.py
[2024-07-28T14:10:07.097-0500] {logging_mixin.py:188} INFO - [2024-07-28T14:10:07.097-0500] {dag.py:3089} INFO - Sync 1 DAGs
[2024-07-28T14:10:07.101-0500] {logging_mixin.py:188} INFO - [2024-07-28T14:10:07.101-0500] {dag.py:3947} INFO - Setting next_dagrun for example_display_name to None, run_after=None
[2024-07-28T14:10:07.109-0500] {processor.py:183} INFO - Processing /Users/alexkim/Desktop/Projects/ETL_Projects/redditviz/venv/lib/python3.12/site-packages/airflow/example_dags/example_display_name.py took 0.066 seconds
[2024-07-28T14:12:07.911-0500] {processor.py:161} INFO - Started process (PID=33966) to work on /Users/alexkim/Desktop/Projects/ETL_Projects/redditviz/venv/lib/python3.12/site-packages/airflow/example_dags/example_display_name.py
[2024-07-28T14:12:07.911-0500] {processor.py:830} INFO - Processing file /Users/alexkim/Desktop/Projects/ETL_Projects/redditviz/venv/lib/python3.12/site-packages/airflow/example_dags/example_display_name.py for tasks to queue
[2024-07-28T14:12:07.912-0500] {logging_mixin.py:188} INFO - [2024-07-28T14:12:07.912-0500] {dagbag.py:545} INFO - Filling up the DagBag from /Users/alexkim/Desktop/Projects/ETL_Projects/redditviz/venv/lib/python3.12/site-packages/airflow/example_dags/example_display_name.py
[2024-07-28T14:12:07.924-0500] {processor.py:840} INFO - DAG(s) 'example_display_name' retrieved from /Users/alexkim/Desktop/Projects/ETL_Projects/redditviz/venv/lib/python3.12/site-packages/airflow/example_dags/example_display_name.py
[2024-07-28T14:12:07.953-0500] {logging_mixin.py:188} INFO - [2024-07-28T14:12:07.953-0500] {dag.py:3089} INFO - Sync 1 DAGs
[2024-07-28T14:12:07.956-0500] {logging_mixin.py:188} INFO - [2024-07-28T14:12:07.956-0500] {dag.py:3947} INFO - Setting next_dagrun for example_display_name to None, run_after=None
[2024-07-28T14:12:07.962-0500] {processor.py:183} INFO - Processing /Users/alexkim/Desktop/Projects/ETL_Projects/redditviz/venv/lib/python3.12/site-packages/airflow/example_dags/example_display_name.py took 0.052 seconds
[2024-07-28T14:14:09.134-0500] {processor.py:161} INFO - Started process (PID=34112) to work on /Users/alexkim/Desktop/Projects/ETL_Projects/redditviz/venv/lib/python3.12/site-packages/airflow/example_dags/example_display_name.py
[2024-07-28T14:14:09.135-0500] {processor.py:830} INFO - Processing file /Users/alexkim/Desktop/Projects/ETL_Projects/redditviz/venv/lib/python3.12/site-packages/airflow/example_dags/example_display_name.py for tasks to queue
[2024-07-28T14:14:09.135-0500] {logging_mixin.py:188} INFO - [2024-07-28T14:14:09.135-0500] {dagbag.py:545} INFO - Filling up the DagBag from /Users/alexkim/Desktop/Projects/ETL_Projects/redditviz/venv/lib/python3.12/site-packages/airflow/example_dags/example_display_name.py
[2024-07-28T14:14:09.151-0500] {processor.py:840} INFO - DAG(s) 'example_display_name' retrieved from /Users/alexkim/Desktop/Projects/ETL_Projects/redditviz/venv/lib/python3.12/site-packages/airflow/example_dags/example_display_name.py
[2024-07-28T14:14:09.183-0500] {logging_mixin.py:188} INFO - [2024-07-28T14:14:09.183-0500] {dag.py:3089} INFO - Sync 1 DAGs
[2024-07-28T14:14:09.186-0500] {logging_mixin.py:188} INFO - [2024-07-28T14:14:09.186-0500] {dag.py:3947} INFO - Setting next_dagrun for example_display_name to None, run_after=None
[2024-07-28T14:14:09.192-0500] {processor.py:183} INFO - Processing /Users/alexkim/Desktop/Projects/ETL_Projects/redditviz/venv/lib/python3.12/site-packages/airflow/example_dags/example_display_name.py took 0.059 seconds
