[2024-07-28T14:00:41.484-0500] {processor.py:161} INFO - Started process (PID=33190) to work on /Users/alexkim/Desktop/Projects/ETL_Projects/redditviz/venv/lib/python3.12/site-packages/airflow/example_dags/example_nested_branch_dag.py
[2024-07-28T14:00:41.484-0500] {processor.py:830} INFO - Processing file /Users/alexkim/Desktop/Projects/ETL_Projects/redditviz/venv/lib/python3.12/site-packages/airflow/example_dags/example_nested_branch_dag.py for tasks to queue
[2024-07-28T14:00:41.484-0500] {logging_mixin.py:188} INFO - [2024-07-28T14:00:41.484-0500] {dagbag.py:545} INFO - Filling up the DagBag from /Users/alexkim/Desktop/Projects/ETL_Projects/redditviz/venv/lib/python3.12/site-packages/airflow/example_dags/example_nested_branch_dag.py
[2024-07-28T14:00:41.503-0500] {processor.py:840} INFO - DAG(s) 'example_nested_branch_dag' retrieved from /Users/alexkim/Desktop/Projects/ETL_Projects/redditviz/venv/lib/python3.12/site-packages/airflow/example_dags/example_nested_branch_dag.py
[2024-07-28T14:00:41.574-0500] {logging_mixin.py:188} INFO - [2024-07-28T14:00:41.573-0500] {override.py:1858} INFO - Created Permission View: can read on DAG:example_nested_branch_dag
[2024-07-28T14:00:41.577-0500] {logging_mixin.py:188} INFO - [2024-07-28T14:00:41.577-0500] {override.py:1858} INFO - Created Permission View: can edit on DAG:example_nested_branch_dag
[2024-07-28T14:00:41.579-0500] {logging_mixin.py:188} INFO - [2024-07-28T14:00:41.579-0500] {override.py:1858} INFO - Created Permission View: can delete on DAG:example_nested_branch_dag
[2024-07-28T14:00:41.579-0500] {logging_mixin.py:188} INFO - [2024-07-28T14:00:41.579-0500] {dag.py:3089} INFO - Sync 1 DAGs
[2024-07-28T14:00:41.584-0500] {logging_mixin.py:188} INFO - [2024-07-28T14:00:41.584-0500] {dag.py:3111} INFO - Creating ORM DAG for example_nested_branch_dag
[2024-07-28T14:00:41.587-0500] {logging_mixin.py:188} INFO - [2024-07-28T14:00:41.587-0500] {dag.py:3947} INFO - Setting next_dagrun for example_nested_branch_dag to 2024-07-27 00:00:00+00:00, run_after=2024-07-28 00:00:00+00:00
[2024-07-28T14:00:41.593-0500] {processor.py:183} INFO - Processing /Users/alexkim/Desktop/Projects/ETL_Projects/redditviz/venv/lib/python3.12/site-packages/airflow/example_dags/example_nested_branch_dag.py took 0.111 seconds
[2024-07-28T14:02:09.623-0500] {processor.py:161} INFO - Started process (PID=33278) to work on /Users/alexkim/Desktop/Projects/ETL_Projects/redditviz/venv/lib/python3.12/site-packages/airflow/example_dags/example_nested_branch_dag.py
[2024-07-28T14:02:09.624-0500] {processor.py:830} INFO - Processing file /Users/alexkim/Desktop/Projects/ETL_Projects/redditviz/venv/lib/python3.12/site-packages/airflow/example_dags/example_nested_branch_dag.py for tasks to queue
[2024-07-28T14:02:09.624-0500] {logging_mixin.py:188} INFO - [2024-07-28T14:02:09.624-0500] {dagbag.py:545} INFO - Filling up the DagBag from /Users/alexkim/Desktop/Projects/ETL_Projects/redditviz/venv/lib/python3.12/site-packages/airflow/example_dags/example_nested_branch_dag.py
[2024-07-28T14:02:09.637-0500] {processor.py:840} INFO - DAG(s) 'example_nested_branch_dag' retrieved from /Users/alexkim/Desktop/Projects/ETL_Projects/redditviz/venv/lib/python3.12/site-packages/airflow/example_dags/example_nested_branch_dag.py
[2024-07-28T14:02:09.667-0500] {logging_mixin.py:188} INFO - [2024-07-28T14:02:09.667-0500] {dag.py:3089} INFO - Sync 1 DAGs
[2024-07-28T14:02:09.672-0500] {logging_mixin.py:188} INFO - [2024-07-28T14:02:09.672-0500] {dag.py:3947} INFO - Setting next_dagrun for example_nested_branch_dag to 2024-07-27 00:00:00+00:00, run_after=2024-07-28 00:00:00+00:00
[2024-07-28T14:02:09.677-0500] {processor.py:183} INFO - Processing /Users/alexkim/Desktop/Projects/ETL_Projects/redditviz/venv/lib/python3.12/site-packages/airflow/example_dags/example_nested_branch_dag.py took 0.055 seconds
[2024-07-28T14:03:45.369-0500] {processor.py:161} INFO - Started process (PID=33366) to work on /Users/alexkim/Desktop/Projects/ETL_Projects/redditviz/venv/lib/python3.12/site-packages/airflow/example_dags/example_nested_branch_dag.py
[2024-07-28T14:03:45.370-0500] {processor.py:830} INFO - Processing file /Users/alexkim/Desktop/Projects/ETL_Projects/redditviz/venv/lib/python3.12/site-packages/airflow/example_dags/example_nested_branch_dag.py for tasks to queue
[2024-07-28T14:03:45.371-0500] {logging_mixin.py:188} INFO - [2024-07-28T14:03:45.371-0500] {dagbag.py:545} INFO - Filling up the DagBag from /Users/alexkim/Desktop/Projects/ETL_Projects/redditviz/venv/lib/python3.12/site-packages/airflow/example_dags/example_nested_branch_dag.py
[2024-07-28T14:03:45.385-0500] {processor.py:840} INFO - DAG(s) 'example_nested_branch_dag' retrieved from /Users/alexkim/Desktop/Projects/ETL_Projects/redditviz/venv/lib/python3.12/site-packages/airflow/example_dags/example_nested_branch_dag.py
[2024-07-28T14:03:45.415-0500] {logging_mixin.py:188} INFO - [2024-07-28T14:03:45.415-0500] {dag.py:3089} INFO - Sync 1 DAGs
[2024-07-28T14:03:45.420-0500] {logging_mixin.py:188} INFO - [2024-07-28T14:03:45.420-0500] {dag.py:3947} INFO - Setting next_dagrun for example_nested_branch_dag to 2024-07-27 00:00:00+00:00, run_after=2024-07-28 00:00:00+00:00
[2024-07-28T14:03:45.425-0500] {processor.py:183} INFO - Processing /Users/alexkim/Desktop/Projects/ETL_Projects/redditviz/venv/lib/python3.12/site-packages/airflow/example_dags/example_nested_branch_dag.py took 0.057 seconds
[2024-07-28T14:05:30.735-0500] {processor.py:161} INFO - Started process (PID=33494) to work on /Users/alexkim/Desktop/Projects/ETL_Projects/redditviz/venv/lib/python3.12/site-packages/airflow/example_dags/example_nested_branch_dag.py
[2024-07-28T14:05:30.736-0500] {processor.py:830} INFO - Processing file /Users/alexkim/Desktop/Projects/ETL_Projects/redditviz/venv/lib/python3.12/site-packages/airflow/example_dags/example_nested_branch_dag.py for tasks to queue
[2024-07-28T14:05:30.736-0500] {logging_mixin.py:188} INFO - [2024-07-28T14:05:30.736-0500] {dagbag.py:545} INFO - Filling up the DagBag from /Users/alexkim/Desktop/Projects/ETL_Projects/redditviz/venv/lib/python3.12/site-packages/airflow/example_dags/example_nested_branch_dag.py
[2024-07-28T14:05:30.757-0500] {processor.py:840} INFO - DAG(s) 'example_nested_branch_dag' retrieved from /Users/alexkim/Desktop/Projects/ETL_Projects/redditviz/venv/lib/python3.12/site-packages/airflow/example_dags/example_nested_branch_dag.py
[2024-07-28T14:05:30.791-0500] {logging_mixin.py:188} INFO - [2024-07-28T14:05:30.790-0500] {dag.py:3089} INFO - Sync 1 DAGs
[2024-07-28T14:05:30.796-0500] {logging_mixin.py:188} INFO - [2024-07-28T14:05:30.796-0500] {dag.py:3947} INFO - Setting next_dagrun for example_nested_branch_dag to 2024-07-27 00:00:00+00:00, run_after=2024-07-28 00:00:00+00:00
[2024-07-28T14:05:30.803-0500] {processor.py:183} INFO - Processing /Users/alexkim/Desktop/Projects/ETL_Projects/redditviz/venv/lib/python3.12/site-packages/airflow/example_dags/example_nested_branch_dag.py took 0.069 seconds
[2024-07-28T14:07:26.882-0500] {processor.py:161} INFO - Started process (PID=33679) to work on /Users/alexkim/Desktop/Projects/ETL_Projects/redditviz/venv/lib/python3.12/site-packages/airflow/example_dags/example_nested_branch_dag.py
[2024-07-28T14:07:26.882-0500] {processor.py:830} INFO - Processing file /Users/alexkim/Desktop/Projects/ETL_Projects/redditviz/venv/lib/python3.12/site-packages/airflow/example_dags/example_nested_branch_dag.py for tasks to queue
[2024-07-28T14:07:26.883-0500] {logging_mixin.py:188} INFO - [2024-07-28T14:07:26.883-0500] {dagbag.py:545} INFO - Filling up the DagBag from /Users/alexkim/Desktop/Projects/ETL_Projects/redditviz/venv/lib/python3.12/site-packages/airflow/example_dags/example_nested_branch_dag.py
[2024-07-28T14:07:26.897-0500] {processor.py:840} INFO - DAG(s) 'example_nested_branch_dag' retrieved from /Users/alexkim/Desktop/Projects/ETL_Projects/redditviz/venv/lib/python3.12/site-packages/airflow/example_dags/example_nested_branch_dag.py
[2024-07-28T14:07:26.929-0500] {logging_mixin.py:188} INFO - [2024-07-28T14:07:26.929-0500] {dag.py:3089} INFO - Sync 1 DAGs
[2024-07-28T14:07:26.936-0500] {logging_mixin.py:188} INFO - [2024-07-28T14:07:26.935-0500] {dag.py:3947} INFO - Setting next_dagrun for example_nested_branch_dag to 2024-07-27 00:00:00+00:00, run_after=2024-07-28 00:00:00+00:00
[2024-07-28T14:07:26.941-0500] {processor.py:183} INFO - Processing /Users/alexkim/Desktop/Projects/ETL_Projects/redditviz/venv/lib/python3.12/site-packages/airflow/example_dags/example_nested_branch_dag.py took 0.060 seconds
[2024-07-28T14:09:24.446-0500] {processor.py:161} INFO - Started process (PID=33812) to work on /Users/alexkim/Desktop/Projects/ETL_Projects/redditviz/venv/lib/python3.12/site-packages/airflow/example_dags/example_nested_branch_dag.py
[2024-07-28T14:09:24.447-0500] {processor.py:830} INFO - Processing file /Users/alexkim/Desktop/Projects/ETL_Projects/redditviz/venv/lib/python3.12/site-packages/airflow/example_dags/example_nested_branch_dag.py for tasks to queue
[2024-07-28T14:09:24.447-0500] {logging_mixin.py:188} INFO - [2024-07-28T14:09:24.447-0500] {dagbag.py:545} INFO - Filling up the DagBag from /Users/alexkim/Desktop/Projects/ETL_Projects/redditviz/venv/lib/python3.12/site-packages/airflow/example_dags/example_nested_branch_dag.py
[2024-07-28T14:09:24.460-0500] {processor.py:840} INFO - DAG(s) 'example_nested_branch_dag' retrieved from /Users/alexkim/Desktop/Projects/ETL_Projects/redditviz/venv/lib/python3.12/site-packages/airflow/example_dags/example_nested_branch_dag.py
[2024-07-28T14:09:24.490-0500] {logging_mixin.py:188} INFO - [2024-07-28T14:09:24.489-0500] {dag.py:3089} INFO - Sync 1 DAGs
[2024-07-28T14:09:24.495-0500] {logging_mixin.py:188} INFO - [2024-07-28T14:09:24.495-0500] {dag.py:3947} INFO - Setting next_dagrun for example_nested_branch_dag to 2024-07-27 00:00:00+00:00, run_after=2024-07-28 00:00:00+00:00
[2024-07-28T14:09:24.501-0500] {processor.py:183} INFO - Processing /Users/alexkim/Desktop/Projects/ETL_Projects/redditviz/venv/lib/python3.12/site-packages/airflow/example_dags/example_nested_branch_dag.py took 0.056 seconds
[2024-07-28T14:11:26.553-0500] {processor.py:161} INFO - Started process (PID=33924) to work on /Users/alexkim/Desktop/Projects/ETL_Projects/redditviz/venv/lib/python3.12/site-packages/airflow/example_dags/example_nested_branch_dag.py
[2024-07-28T14:11:26.554-0500] {processor.py:830} INFO - Processing file /Users/alexkim/Desktop/Projects/ETL_Projects/redditviz/venv/lib/python3.12/site-packages/airflow/example_dags/example_nested_branch_dag.py for tasks to queue
[2024-07-28T14:11:26.554-0500] {logging_mixin.py:188} INFO - [2024-07-28T14:11:26.554-0500] {dagbag.py:545} INFO - Filling up the DagBag from /Users/alexkim/Desktop/Projects/ETL_Projects/redditviz/venv/lib/python3.12/site-packages/airflow/example_dags/example_nested_branch_dag.py
[2024-07-28T14:11:26.569-0500] {processor.py:840} INFO - DAG(s) 'example_nested_branch_dag' retrieved from /Users/alexkim/Desktop/Projects/ETL_Projects/redditviz/venv/lib/python3.12/site-packages/airflow/example_dags/example_nested_branch_dag.py
[2024-07-28T14:11:26.606-0500] {logging_mixin.py:188} INFO - [2024-07-28T14:11:26.606-0500] {dag.py:3089} INFO - Sync 1 DAGs
[2024-07-28T14:11:26.612-0500] {logging_mixin.py:188} INFO - [2024-07-28T14:11:26.612-0500] {dag.py:3947} INFO - Setting next_dagrun for example_nested_branch_dag to 2024-07-27 00:00:00+00:00, run_after=2024-07-28 00:00:00+00:00
[2024-07-28T14:11:26.618-0500] {processor.py:183} INFO - Processing /Users/alexkim/Desktop/Projects/ETL_Projects/redditviz/venv/lib/python3.12/site-packages/airflow/example_dags/example_nested_branch_dag.py took 0.066 seconds
[2024-07-28T14:13:24.002-0500] {processor.py:161} INFO - Started process (PID=34057) to work on /Users/alexkim/Desktop/Projects/ETL_Projects/redditviz/venv/lib/python3.12/site-packages/airflow/example_dags/example_nested_branch_dag.py
[2024-07-28T14:13:24.002-0500] {processor.py:830} INFO - Processing file /Users/alexkim/Desktop/Projects/ETL_Projects/redditviz/venv/lib/python3.12/site-packages/airflow/example_dags/example_nested_branch_dag.py for tasks to queue
[2024-07-28T14:13:24.003-0500] {logging_mixin.py:188} INFO - [2024-07-28T14:13:24.003-0500] {dagbag.py:545} INFO - Filling up the DagBag from /Users/alexkim/Desktop/Projects/ETL_Projects/redditviz/venv/lib/python3.12/site-packages/airflow/example_dags/example_nested_branch_dag.py
[2024-07-28T14:13:24.019-0500] {processor.py:840} INFO - DAG(s) 'example_nested_branch_dag' retrieved from /Users/alexkim/Desktop/Projects/ETL_Projects/redditviz/venv/lib/python3.12/site-packages/airflow/example_dags/example_nested_branch_dag.py
[2024-07-28T14:13:24.057-0500] {logging_mixin.py:188} INFO - [2024-07-28T14:13:24.057-0500] {dag.py:3089} INFO - Sync 1 DAGs
[2024-07-28T14:13:24.064-0500] {logging_mixin.py:188} INFO - [2024-07-28T14:13:24.063-0500] {dag.py:3947} INFO - Setting next_dagrun for example_nested_branch_dag to 2024-07-27 00:00:00+00:00, run_after=2024-07-28 00:00:00+00:00
[2024-07-28T14:13:24.070-0500] {processor.py:183} INFO - Processing /Users/alexkim/Desktop/Projects/ETL_Projects/redditviz/venv/lib/python3.12/site-packages/airflow/example_dags/example_nested_branch_dag.py took 0.069 seconds
