[2024-07-28T14:01:14.870-0500] {processor.py:161} INFO - Started process (PID=33232) to work on /Users/alexkim/Desktop/Projects/ETL_Projects/redditviz/venv/lib/python3.12/site-packages/airflow/example_dags/example_bash_decorator.py
[2024-07-28T14:01:14.870-0500] {processor.py:830} INFO - Processing file /Users/alexkim/Desktop/Projects/ETL_Projects/redditviz/venv/lib/python3.12/site-packages/airflow/example_dags/example_bash_decorator.py for tasks to queue
[2024-07-28T14:01:14.870-0500] {logging_mixin.py:188} INFO - [2024-07-28T14:01:14.870-0500] {dagbag.py:545} INFO - Filling up the DagBag from /Users/alexkim/Desktop/Projects/ETL_Projects/redditviz/venv/lib/python3.12/site-packages/airflow/example_dags/example_bash_decorator.py
[2024-07-28T14:01:14.886-0500] {processor.py:840} INFO - DAG(s) 'example_bash_decorator' retrieved from /Users/alexkim/Desktop/Projects/ETL_Projects/redditviz/venv/lib/python3.12/site-packages/airflow/example_dags/example_bash_decorator.py
[2024-07-28T14:01:14.943-0500] {logging_mixin.py:188} INFO - [2024-07-28T14:01:14.943-0500] {override.py:1858} INFO - Created Permission View: can delete on DAG:example_bash_decorator
[2024-07-28T14:01:14.946-0500] {logging_mixin.py:188} INFO - [2024-07-28T14:01:14.946-0500] {override.py:1858} INFO - Created Permission View: can read on DAG:example_bash_decorator
[2024-07-28T14:01:14.948-0500] {logging_mixin.py:188} INFO - [2024-07-28T14:01:14.948-0500] {override.py:1858} INFO - Created Permission View: can edit on DAG:example_bash_decorator
[2024-07-28T14:01:14.948-0500] {logging_mixin.py:188} INFO - [2024-07-28T14:01:14.948-0500] {dag.py:3089} INFO - Sync 1 DAGs
[2024-07-28T14:01:14.951-0500] {logging_mixin.py:188} INFO - [2024-07-28T14:01:14.951-0500] {dag.py:3111} INFO - Creating ORM DAG for example_bash_decorator
[2024-07-28T14:01:14.951-0500] {logging_mixin.py:188} INFO - [2024-07-28T14:01:14.951-0500] {dag.py:3947} INFO - Setting next_dagrun for example_bash_decorator to None, run_after=None
[2024-07-28T14:01:14.956-0500] {processor.py:183} INFO - Processing /Users/alexkim/Desktop/Projects/ETL_Projects/redditviz/venv/lib/python3.12/site-packages/airflow/example_dags/example_bash_decorator.py took 0.087 seconds
[2024-07-28T14:03:01.245-0500] {processor.py:161} INFO - Started process (PID=33326) to work on /Users/alexkim/Desktop/Projects/ETL_Projects/redditviz/venv/lib/python3.12/site-packages/airflow/example_dags/example_bash_decorator.py
[2024-07-28T14:03:01.245-0500] {processor.py:830} INFO - Processing file /Users/alexkim/Desktop/Projects/ETL_Projects/redditviz/venv/lib/python3.12/site-packages/airflow/example_dags/example_bash_decorator.py for tasks to queue
[2024-07-28T14:03:01.245-0500] {logging_mixin.py:188} INFO - [2024-07-28T14:03:01.245-0500] {dagbag.py:545} INFO - Filling up the DagBag from /Users/alexkim/Desktop/Projects/ETL_Projects/redditviz/venv/lib/python3.12/site-packages/airflow/example_dags/example_bash_decorator.py
[2024-07-28T14:03:01.260-0500] {processor.py:840} INFO - DAG(s) 'example_bash_decorator' retrieved from /Users/alexkim/Desktop/Projects/ETL_Projects/redditviz/venv/lib/python3.12/site-packages/airflow/example_dags/example_bash_decorator.py
[2024-07-28T14:03:01.325-0500] {logging_mixin.py:188} INFO - [2024-07-28T14:03:01.325-0500] {dag.py:3089} INFO - Sync 1 DAGs
[2024-07-28T14:03:01.328-0500] {logging_mixin.py:188} INFO - [2024-07-28T14:03:01.328-0500] {dag.py:3947} INFO - Setting next_dagrun for example_bash_decorator to None, run_after=None
[2024-07-28T14:03:01.334-0500] {processor.py:183} INFO - Processing /Users/alexkim/Desktop/Projects/ETL_Projects/redditviz/venv/lib/python3.12/site-packages/airflow/example_dags/example_bash_decorator.py took 0.090 seconds
[2024-07-28T14:04:38.499-0500] {processor.py:161} INFO - Started process (PID=33422) to work on /Users/alexkim/Desktop/Projects/ETL_Projects/redditviz/venv/lib/python3.12/site-packages/airflow/example_dags/example_bash_decorator.py
[2024-07-28T14:04:38.500-0500] {processor.py:830} INFO - Processing file /Users/alexkim/Desktop/Projects/ETL_Projects/redditviz/venv/lib/python3.12/site-packages/airflow/example_dags/example_bash_decorator.py for tasks to queue
[2024-07-28T14:04:38.500-0500] {logging_mixin.py:188} INFO - [2024-07-28T14:04:38.500-0500] {dagbag.py:545} INFO - Filling up the DagBag from /Users/alexkim/Desktop/Projects/ETL_Projects/redditviz/venv/lib/python3.12/site-packages/airflow/example_dags/example_bash_decorator.py
[2024-07-28T14:04:38.515-0500] {processor.py:840} INFO - DAG(s) 'example_bash_decorator' retrieved from /Users/alexkim/Desktop/Projects/ETL_Projects/redditviz/venv/lib/python3.12/site-packages/airflow/example_dags/example_bash_decorator.py
[2024-07-28T14:04:38.576-0500] {logging_mixin.py:188} INFO - [2024-07-28T14:04:38.576-0500] {dag.py:3089} INFO - Sync 1 DAGs
[2024-07-28T14:04:38.580-0500] {logging_mixin.py:188} INFO - [2024-07-28T14:04:38.579-0500] {dag.py:3947} INFO - Setting next_dagrun for example_bash_decorator to None, run_after=None
[2024-07-28T14:04:38.586-0500] {processor.py:183} INFO - Processing /Users/alexkim/Desktop/Projects/ETL_Projects/redditviz/venv/lib/python3.12/site-packages/airflow/example_dags/example_bash_decorator.py took 0.087 seconds
[2024-07-28T14:06:31.774-0500] {processor.py:161} INFO - Started process (PID=33589) to work on /Users/alexkim/Desktop/Projects/ETL_Projects/redditviz/venv/lib/python3.12/site-packages/airflow/example_dags/example_bash_decorator.py
[2024-07-28T14:06:31.775-0500] {processor.py:830} INFO - Processing file /Users/alexkim/Desktop/Projects/ETL_Projects/redditviz/venv/lib/python3.12/site-packages/airflow/example_dags/example_bash_decorator.py for tasks to queue
[2024-07-28T14:06:31.775-0500] {logging_mixin.py:188} INFO - [2024-07-28T14:06:31.775-0500] {dagbag.py:545} INFO - Filling up the DagBag from /Users/alexkim/Desktop/Projects/ETL_Projects/redditviz/venv/lib/python3.12/site-packages/airflow/example_dags/example_bash_decorator.py
[2024-07-28T14:06:31.792-0500] {processor.py:840} INFO - DAG(s) 'example_bash_decorator' retrieved from /Users/alexkim/Desktop/Projects/ETL_Projects/redditviz/venv/lib/python3.12/site-packages/airflow/example_dags/example_bash_decorator.py
[2024-07-28T14:06:31.860-0500] {logging_mixin.py:188} INFO - [2024-07-28T14:06:31.860-0500] {dag.py:3089} INFO - Sync 1 DAGs
[2024-07-28T14:06:31.863-0500] {logging_mixin.py:188} INFO - [2024-07-28T14:06:31.863-0500] {dag.py:3947} INFO - Setting next_dagrun for example_bash_decorator to None, run_after=None
[2024-07-28T14:06:31.869-0500] {processor.py:183} INFO - Processing /Users/alexkim/Desktop/Projects/ETL_Projects/redditviz/venv/lib/python3.12/site-packages/airflow/example_dags/example_bash_decorator.py took 0.095 seconds
[2024-07-28T14:08:33.402-0500] {processor.py:161} INFO - Started process (PID=33730) to work on /Users/alexkim/Desktop/Projects/ETL_Projects/redditviz/venv/lib/python3.12/site-packages/airflow/example_dags/example_bash_decorator.py
[2024-07-28T14:08:33.402-0500] {processor.py:830} INFO - Processing file /Users/alexkim/Desktop/Projects/ETL_Projects/redditviz/venv/lib/python3.12/site-packages/airflow/example_dags/example_bash_decorator.py for tasks to queue
[2024-07-28T14:08:33.403-0500] {logging_mixin.py:188} INFO - [2024-07-28T14:08:33.402-0500] {dagbag.py:545} INFO - Filling up the DagBag from /Users/alexkim/Desktop/Projects/ETL_Projects/redditviz/venv/lib/python3.12/site-packages/airflow/example_dags/example_bash_decorator.py
[2024-07-28T14:08:33.419-0500] {processor.py:840} INFO - DAG(s) 'example_bash_decorator' retrieved from /Users/alexkim/Desktop/Projects/ETL_Projects/redditviz/venv/lib/python3.12/site-packages/airflow/example_dags/example_bash_decorator.py
[2024-07-28T14:08:33.483-0500] {logging_mixin.py:188} INFO - [2024-07-28T14:08:33.483-0500] {dag.py:3089} INFO - Sync 1 DAGs
[2024-07-28T14:08:33.486-0500] {logging_mixin.py:188} INFO - [2024-07-28T14:08:33.486-0500] {dag.py:3947} INFO - Setting next_dagrun for example_bash_decorator to None, run_after=None
[2024-07-28T14:08:33.492-0500] {processor.py:183} INFO - Processing /Users/alexkim/Desktop/Projects/ETL_Projects/redditviz/venv/lib/python3.12/site-packages/airflow/example_dags/example_bash_decorator.py took 0.091 seconds
[2024-07-28T14:10:28.049-0500] {processor.py:161} INFO - Started process (PID=33871) to work on /Users/alexkim/Desktop/Projects/ETL_Projects/redditviz/venv/lib/python3.12/site-packages/airflow/example_dags/example_bash_decorator.py
[2024-07-28T14:10:28.049-0500] {processor.py:830} INFO - Processing file /Users/alexkim/Desktop/Projects/ETL_Projects/redditviz/venv/lib/python3.12/site-packages/airflow/example_dags/example_bash_decorator.py for tasks to queue
[2024-07-28T14:10:28.050-0500] {logging_mixin.py:188} INFO - [2024-07-28T14:10:28.050-0500] {dagbag.py:545} INFO - Filling up the DagBag from /Users/alexkim/Desktop/Projects/ETL_Projects/redditviz/venv/lib/python3.12/site-packages/airflow/example_dags/example_bash_decorator.py
[2024-07-28T14:10:28.073-0500] {processor.py:840} INFO - DAG(s) 'example_bash_decorator' retrieved from /Users/alexkim/Desktop/Projects/ETL_Projects/redditviz/venv/lib/python3.12/site-packages/airflow/example_dags/example_bash_decorator.py
[2024-07-28T14:10:28.175-0500] {logging_mixin.py:188} INFO - [2024-07-28T14:10:28.174-0500] {dag.py:3089} INFO - Sync 1 DAGs
[2024-07-28T14:10:28.178-0500] {logging_mixin.py:188} INFO - [2024-07-28T14:10:28.178-0500] {dag.py:3947} INFO - Setting next_dagrun for example_bash_decorator to None, run_after=None
[2024-07-28T14:10:28.185-0500] {processor.py:183} INFO - Processing /Users/alexkim/Desktop/Projects/ETL_Projects/redditviz/venv/lib/python3.12/site-packages/airflow/example_dags/example_bash_decorator.py took 0.138 seconds
[2024-07-28T14:12:25.930-0500] {processor.py:161} INFO - Started process (PID=33978) to work on /Users/alexkim/Desktop/Projects/ETL_Projects/redditviz/venv/lib/python3.12/site-packages/airflow/example_dags/example_bash_decorator.py
[2024-07-28T14:12:25.931-0500] {processor.py:830} INFO - Processing file /Users/alexkim/Desktop/Projects/ETL_Projects/redditviz/venv/lib/python3.12/site-packages/airflow/example_dags/example_bash_decorator.py for tasks to queue
[2024-07-28T14:12:25.931-0500] {logging_mixin.py:188} INFO - [2024-07-28T14:12:25.931-0500] {dagbag.py:545} INFO - Filling up the DagBag from /Users/alexkim/Desktop/Projects/ETL_Projects/redditviz/venv/lib/python3.12/site-packages/airflow/example_dags/example_bash_decorator.py
[2024-07-28T14:12:25.950-0500] {processor.py:840} INFO - DAG(s) 'example_bash_decorator' retrieved from /Users/alexkim/Desktop/Projects/ETL_Projects/redditviz/venv/lib/python3.12/site-packages/airflow/example_dags/example_bash_decorator.py
[2024-07-28T14:12:26.026-0500] {logging_mixin.py:188} INFO - [2024-07-28T14:12:26.026-0500] {dag.py:3089} INFO - Sync 1 DAGs
[2024-07-28T14:12:26.030-0500] {logging_mixin.py:188} INFO - [2024-07-28T14:12:26.029-0500] {dag.py:3947} INFO - Setting next_dagrun for example_bash_decorator to None, run_after=None
[2024-07-28T14:12:26.037-0500] {processor.py:183} INFO - Processing /Users/alexkim/Desktop/Projects/ETL_Projects/redditviz/venv/lib/python3.12/site-packages/airflow/example_dags/example_bash_decorator.py took 0.108 seconds
[2024-07-28T14:14:29.041-0500] {processor.py:161} INFO - Started process (PID=34145) to work on /Users/alexkim/Desktop/Projects/ETL_Projects/redditviz/venv/lib/python3.12/site-packages/airflow/example_dags/example_bash_decorator.py
[2024-07-28T14:14:29.042-0500] {processor.py:830} INFO - Processing file /Users/alexkim/Desktop/Projects/ETL_Projects/redditviz/venv/lib/python3.12/site-packages/airflow/example_dags/example_bash_decorator.py for tasks to queue
[2024-07-28T14:14:29.042-0500] {logging_mixin.py:188} INFO - [2024-07-28T14:14:29.042-0500] {dagbag.py:545} INFO - Filling up the DagBag from /Users/alexkim/Desktop/Projects/ETL_Projects/redditviz/venv/lib/python3.12/site-packages/airflow/example_dags/example_bash_decorator.py
[2024-07-28T14:14:29.059-0500] {processor.py:840} INFO - DAG(s) 'example_bash_decorator' retrieved from /Users/alexkim/Desktop/Projects/ETL_Projects/redditviz/venv/lib/python3.12/site-packages/airflow/example_dags/example_bash_decorator.py
[2024-07-28T14:14:29.127-0500] {logging_mixin.py:188} INFO - [2024-07-28T14:14:29.127-0500] {dag.py:3089} INFO - Sync 1 DAGs
[2024-07-28T14:14:29.130-0500] {logging_mixin.py:188} INFO - [2024-07-28T14:14:29.130-0500] {dag.py:3947} INFO - Setting next_dagrun for example_bash_decorator to None, run_after=None
[2024-07-28T14:14:29.136-0500] {processor.py:183} INFO - Processing /Users/alexkim/Desktop/Projects/ETL_Projects/redditviz/venv/lib/python3.12/site-packages/airflow/example_dags/example_bash_decorator.py took 0.096 seconds
