[2024-07-28T14:00:06.746-0500] {processor.py:161} INFO - Started process (PID=33168) to work on /Users/alexkim/Desktop/Projects/ETL_Projects/redditviz/venv/lib/python3.12/site-packages/airflow/example_dags/example_xcomargs.py
[2024-07-28T14:00:06.747-0500] {processor.py:830} INFO - Processing file /Users/alexkim/Desktop/Projects/ETL_Projects/redditviz/venv/lib/python3.12/site-packages/airflow/example_dags/example_xcomargs.py for tasks to queue
[2024-07-28T14:00:06.747-0500] {logging_mixin.py:188} INFO - [2024-07-28T14:00:06.747-0500] {dagbag.py:545} INFO - Filling up the DagBag from /Users/alexkim/Desktop/Projects/ETL_Projects/redditviz/venv/lib/python3.12/site-packages/airflow/example_dags/example_xcomargs.py
[2024-07-28T14:00:06.765-0500] {processor.py:840} INFO - DAG(s) 'example_xcom_args', 'example_xcom_args_with_operators' retrieved from /Users/alexkim/Desktop/Projects/ETL_Projects/redditviz/venv/lib/python3.12/site-packages/airflow/example_dags/example_xcomargs.py
[2024-07-28T14:00:06.830-0500] {logging_mixin.py:188} INFO - [2024-07-28T14:00:06.830-0500] {override.py:1858} INFO - Created Permission View: can delete on DAG:example_xcom_args
[2024-07-28T14:00:06.833-0500] {logging_mixin.py:188} INFO - [2024-07-28T14:00:06.833-0500] {override.py:1858} INFO - Created Permission View: can edit on DAG:example_xcom_args
[2024-07-28T14:00:06.835-0500] {logging_mixin.py:188} INFO - [2024-07-28T14:00:06.835-0500] {override.py:1858} INFO - Created Permission View: can read on DAG:example_xcom_args
[2024-07-28T14:00:06.839-0500] {logging_mixin.py:188} INFO - [2024-07-28T14:00:06.839-0500] {override.py:1858} INFO - Created Permission View: can delete on DAG:example_xcom_args_with_operators
[2024-07-28T14:00:06.841-0500] {logging_mixin.py:188} INFO - [2024-07-28T14:00:06.841-0500] {override.py:1858} INFO - Created Permission View: can edit on DAG:example_xcom_args_with_operators
[2024-07-28T14:00:06.842-0500] {logging_mixin.py:188} INFO - [2024-07-28T14:00:06.842-0500] {override.py:1858} INFO - Created Permission View: can read on DAG:example_xcom_args_with_operators
[2024-07-28T14:00:06.843-0500] {logging_mixin.py:188} INFO - [2024-07-28T14:00:06.842-0500] {dag.py:3089} INFO - Sync 2 DAGs
[2024-07-28T14:00:06.846-0500] {logging_mixin.py:188} INFO - [2024-07-28T14:00:06.846-0500] {dag.py:3111} INFO - Creating ORM DAG for example_xcom_args_with_operators
[2024-07-28T14:00:06.847-0500] {logging_mixin.py:188} INFO - [2024-07-28T14:00:06.847-0500] {dag.py:3111} INFO - Creating ORM DAG for example_xcom_args
[2024-07-28T14:00:06.847-0500] {logging_mixin.py:188} INFO - [2024-07-28T14:00:06.847-0500] {dag.py:3947} INFO - Setting next_dagrun for example_xcom_args to None, run_after=None
[2024-07-28T14:00:06.847-0500] {logging_mixin.py:188} INFO - [2024-07-28T14:00:06.847-0500] {dag.py:3947} INFO - Setting next_dagrun for example_xcom_args_with_operators to None, run_after=None
[2024-07-28T14:00:06.853-0500] {processor.py:183} INFO - Processing /Users/alexkim/Desktop/Projects/ETL_Projects/redditviz/venv/lib/python3.12/site-packages/airflow/example_dags/example_xcomargs.py took 0.107 seconds
[2024-07-28T14:01:37.120-0500] {processor.py:161} INFO - Started process (PID=33252) to work on /Users/alexkim/Desktop/Projects/ETL_Projects/redditviz/venv/lib/python3.12/site-packages/airflow/example_dags/example_xcomargs.py
[2024-07-28T14:01:37.121-0500] {processor.py:830} INFO - Processing file /Users/alexkim/Desktop/Projects/ETL_Projects/redditviz/venv/lib/python3.12/site-packages/airflow/example_dags/example_xcomargs.py for tasks to queue
[2024-07-28T14:01:37.122-0500] {logging_mixin.py:188} INFO - [2024-07-28T14:01:37.122-0500] {dagbag.py:545} INFO - Filling up the DagBag from /Users/alexkim/Desktop/Projects/ETL_Projects/redditviz/venv/lib/python3.12/site-packages/airflow/example_dags/example_xcomargs.py
[2024-07-28T14:01:37.134-0500] {processor.py:840} INFO - DAG(s) 'example_xcom_args', 'example_xcom_args_with_operators' retrieved from /Users/alexkim/Desktop/Projects/ETL_Projects/redditviz/venv/lib/python3.12/site-packages/airflow/example_dags/example_xcomargs.py
[2024-07-28T14:01:37.164-0500] {logging_mixin.py:188} INFO - [2024-07-28T14:01:37.164-0500] {dag.py:3089} INFO - Sync 2 DAGs
[2024-07-28T14:01:37.167-0500] {logging_mixin.py:188} INFO - [2024-07-28T14:01:37.167-0500] {dag.py:3947} INFO - Setting next_dagrun for example_xcom_args to None, run_after=None
[2024-07-28T14:01:37.168-0500] {logging_mixin.py:188} INFO - [2024-07-28T14:01:37.168-0500] {dag.py:3947} INFO - Setting next_dagrun for example_xcom_args_with_operators to None, run_after=None
[2024-07-28T14:01:37.173-0500] {processor.py:183} INFO - Processing /Users/alexkim/Desktop/Projects/ETL_Projects/redditviz/venv/lib/python3.12/site-packages/airflow/example_dags/example_xcomargs.py took 0.053 seconds
[2024-07-28T14:02:31.048-0500] {processor.py:161} INFO - Started process (PID=33303) to work on /Users/alexkim/Desktop/Projects/ETL_Projects/redditviz/venv/lib/python3.12/site-packages/airflow/example_dags/example_xcomargs.py
[2024-07-28T14:02:31.050-0500] {processor.py:830} INFO - Processing file /Users/alexkim/Desktop/Projects/ETL_Projects/redditviz/venv/lib/python3.12/site-packages/airflow/example_dags/example_xcomargs.py for tasks to queue
[2024-07-28T14:02:31.050-0500] {logging_mixin.py:188} INFO - [2024-07-28T14:02:31.050-0500] {dagbag.py:545} INFO - Filling up the DagBag from /Users/alexkim/Desktop/Projects/ETL_Projects/redditviz/venv/lib/python3.12/site-packages/airflow/example_dags/example_xcomargs.py
[2024-07-28T14:02:31.063-0500] {processor.py:840} INFO - DAG(s) 'example_xcom_args_with_operators', 'example_xcom_args' retrieved from /Users/alexkim/Desktop/Projects/ETL_Projects/redditviz/venv/lib/python3.12/site-packages/airflow/example_dags/example_xcomargs.py
[2024-07-28T14:02:31.094-0500] {logging_mixin.py:188} INFO - [2024-07-28T14:02:31.094-0500] {dag.py:3089} INFO - Sync 2 DAGs
[2024-07-28T14:02:31.097-0500] {logging_mixin.py:188} INFO - [2024-07-28T14:02:31.097-0500] {dag.py:3947} INFO - Setting next_dagrun for example_xcom_args to None, run_after=None
[2024-07-28T14:02:31.098-0500] {logging_mixin.py:188} INFO - [2024-07-28T14:02:31.098-0500] {dag.py:3947} INFO - Setting next_dagrun for example_xcom_args_with_operators to None, run_after=None
[2024-07-28T14:02:31.103-0500] {processor.py:183} INFO - Processing /Users/alexkim/Desktop/Projects/ETL_Projects/redditviz/venv/lib/python3.12/site-packages/airflow/example_dags/example_xcomargs.py took 0.056 seconds
[2024-07-28T14:03:17.431-0500] {processor.py:161} INFO - Started process (PID=33340) to work on /Users/alexkim/Desktop/Projects/ETL_Projects/redditviz/venv/lib/python3.12/site-packages/airflow/example_dags/example_xcomargs.py
[2024-07-28T14:03:17.431-0500] {processor.py:830} INFO - Processing file /Users/alexkim/Desktop/Projects/ETL_Projects/redditviz/venv/lib/python3.12/site-packages/airflow/example_dags/example_xcomargs.py for tasks to queue
[2024-07-28T14:03:17.432-0500] {logging_mixin.py:188} INFO - [2024-07-28T14:03:17.432-0500] {dagbag.py:545} INFO - Filling up the DagBag from /Users/alexkim/Desktop/Projects/ETL_Projects/redditviz/venv/lib/python3.12/site-packages/airflow/example_dags/example_xcomargs.py
[2024-07-28T14:03:17.444-0500] {processor.py:840} INFO - DAG(s) 'example_xcom_args_with_operators', 'example_xcom_args' retrieved from /Users/alexkim/Desktop/Projects/ETL_Projects/redditviz/venv/lib/python3.12/site-packages/airflow/example_dags/example_xcomargs.py
[2024-07-28T14:03:17.474-0500] {logging_mixin.py:188} INFO - [2024-07-28T14:03:17.473-0500] {dag.py:3089} INFO - Sync 2 DAGs
[2024-07-28T14:03:17.476-0500] {logging_mixin.py:188} INFO - [2024-07-28T14:03:17.476-0500] {dag.py:3947} INFO - Setting next_dagrun for example_xcom_args to None, run_after=None
[2024-07-28T14:03:17.477-0500] {logging_mixin.py:188} INFO - [2024-07-28T14:03:17.477-0500] {dag.py:3947} INFO - Setting next_dagrun for example_xcom_args_with_operators to None, run_after=None
[2024-07-28T14:03:17.482-0500] {processor.py:183} INFO - Processing /Users/alexkim/Desktop/Projects/ETL_Projects/redditviz/venv/lib/python3.12/site-packages/airflow/example_dags/example_xcomargs.py took 0.052 seconds
[2024-07-28T14:04:06.242-0500] {processor.py:161} INFO - Started process (PID=33392) to work on /Users/alexkim/Desktop/Projects/ETL_Projects/redditviz/venv/lib/python3.12/site-packages/airflow/example_dags/example_xcomargs.py
[2024-07-28T14:04:06.242-0500] {processor.py:830} INFO - Processing file /Users/alexkim/Desktop/Projects/ETL_Projects/redditviz/venv/lib/python3.12/site-packages/airflow/example_dags/example_xcomargs.py for tasks to queue
[2024-07-28T14:04:06.243-0500] {logging_mixin.py:188} INFO - [2024-07-28T14:04:06.243-0500] {dagbag.py:545} INFO - Filling up the DagBag from /Users/alexkim/Desktop/Projects/ETL_Projects/redditviz/venv/lib/python3.12/site-packages/airflow/example_dags/example_xcomargs.py
[2024-07-28T14:04:06.255-0500] {processor.py:840} INFO - DAG(s) 'example_xcom_args_with_operators', 'example_xcom_args' retrieved from /Users/alexkim/Desktop/Projects/ETL_Projects/redditviz/venv/lib/python3.12/site-packages/airflow/example_dags/example_xcomargs.py
[2024-07-28T14:04:06.286-0500] {logging_mixin.py:188} INFO - [2024-07-28T14:04:06.286-0500] {dag.py:3089} INFO - Sync 2 DAGs
[2024-07-28T14:04:06.289-0500] {logging_mixin.py:188} INFO - [2024-07-28T14:04:06.288-0500] {dag.py:3947} INFO - Setting next_dagrun for example_xcom_args to None, run_after=None
[2024-07-28T14:04:06.289-0500] {logging_mixin.py:188} INFO - [2024-07-28T14:04:06.289-0500] {dag.py:3947} INFO - Setting next_dagrun for example_xcom_args_with_operators to None, run_after=None
[2024-07-28T14:04:06.296-0500] {processor.py:183} INFO - Processing /Users/alexkim/Desktop/Projects/ETL_Projects/redditviz/venv/lib/python3.12/site-packages/airflow/example_dags/example_xcomargs.py took 0.056 seconds
[2024-07-28T14:04:56.934-0500] {processor.py:161} INFO - Started process (PID=33454) to work on /Users/alexkim/Desktop/Projects/ETL_Projects/redditviz/venv/lib/python3.12/site-packages/airflow/example_dags/example_xcomargs.py
[2024-07-28T14:04:56.935-0500] {processor.py:830} INFO - Processing file /Users/alexkim/Desktop/Projects/ETL_Projects/redditviz/venv/lib/python3.12/site-packages/airflow/example_dags/example_xcomargs.py for tasks to queue
[2024-07-28T14:04:56.935-0500] {logging_mixin.py:188} INFO - [2024-07-28T14:04:56.935-0500] {dagbag.py:545} INFO - Filling up the DagBag from /Users/alexkim/Desktop/Projects/ETL_Projects/redditviz/venv/lib/python3.12/site-packages/airflow/example_dags/example_xcomargs.py
[2024-07-28T14:04:56.947-0500] {processor.py:840} INFO - DAG(s) 'example_xcom_args_with_operators', 'example_xcom_args' retrieved from /Users/alexkim/Desktop/Projects/ETL_Projects/redditviz/venv/lib/python3.12/site-packages/airflow/example_dags/example_xcomargs.py
[2024-07-28T14:04:56.977-0500] {logging_mixin.py:188} INFO - [2024-07-28T14:04:56.977-0500] {dag.py:3089} INFO - Sync 2 DAGs
[2024-07-28T14:04:56.979-0500] {logging_mixin.py:188} INFO - [2024-07-28T14:04:56.979-0500] {dag.py:3947} INFO - Setting next_dagrun for example_xcom_args to None, run_after=None
[2024-07-28T14:04:56.980-0500] {logging_mixin.py:188} INFO - [2024-07-28T14:04:56.980-0500] {dag.py:3947} INFO - Setting next_dagrun for example_xcom_args_with_operators to None, run_after=None
[2024-07-28T14:04:56.985-0500] {processor.py:183} INFO - Processing /Users/alexkim/Desktop/Projects/ETL_Projects/redditviz/venv/lib/python3.12/site-packages/airflow/example_dags/example_xcomargs.py took 0.052 seconds
[2024-07-28T14:05:52.758-0500] {processor.py:161} INFO - Started process (PID=33562) to work on /Users/alexkim/Desktop/Projects/ETL_Projects/redditviz/venv/lib/python3.12/site-packages/airflow/example_dags/example_xcomargs.py
[2024-07-28T14:05:52.759-0500] {processor.py:830} INFO - Processing file /Users/alexkim/Desktop/Projects/ETL_Projects/redditviz/venv/lib/python3.12/site-packages/airflow/example_dags/example_xcomargs.py for tasks to queue
[2024-07-28T14:05:52.759-0500] {logging_mixin.py:188} INFO - [2024-07-28T14:05:52.759-0500] {dagbag.py:545} INFO - Filling up the DagBag from /Users/alexkim/Desktop/Projects/ETL_Projects/redditviz/venv/lib/python3.12/site-packages/airflow/example_dags/example_xcomargs.py
[2024-07-28T14:05:52.773-0500] {processor.py:840} INFO - DAG(s) 'example_xcom_args_with_operators', 'example_xcom_args' retrieved from /Users/alexkim/Desktop/Projects/ETL_Projects/redditviz/venv/lib/python3.12/site-packages/airflow/example_dags/example_xcomargs.py
[2024-07-28T14:05:52.805-0500] {logging_mixin.py:188} INFO - [2024-07-28T14:05:52.805-0500] {dag.py:3089} INFO - Sync 2 DAGs
[2024-07-28T14:05:52.808-0500] {logging_mixin.py:188} INFO - [2024-07-28T14:05:52.808-0500] {dag.py:3947} INFO - Setting next_dagrun for example_xcom_args to None, run_after=None
[2024-07-28T14:05:52.809-0500] {logging_mixin.py:188} INFO - [2024-07-28T14:05:52.809-0500] {dag.py:3947} INFO - Setting next_dagrun for example_xcom_args_with_operators to None, run_after=None
[2024-07-28T14:05:52.822-0500] {processor.py:183} INFO - Processing /Users/alexkim/Desktop/Projects/ETL_Projects/redditviz/venv/lib/python3.12/site-packages/airflow/example_dags/example_xcomargs.py took 0.065 seconds
[2024-07-28T14:06:51.653-0500] {processor.py:161} INFO - Started process (PID=33618) to work on /Users/alexkim/Desktop/Projects/ETL_Projects/redditviz/venv/lib/python3.12/site-packages/airflow/example_dags/example_xcomargs.py
[2024-07-28T14:06:51.654-0500] {processor.py:830} INFO - Processing file /Users/alexkim/Desktop/Projects/ETL_Projects/redditviz/venv/lib/python3.12/site-packages/airflow/example_dags/example_xcomargs.py for tasks to queue
[2024-07-28T14:06:51.654-0500] {logging_mixin.py:188} INFO - [2024-07-28T14:06:51.654-0500] {dagbag.py:545} INFO - Filling up the DagBag from /Users/alexkim/Desktop/Projects/ETL_Projects/redditviz/venv/lib/python3.12/site-packages/airflow/example_dags/example_xcomargs.py
[2024-07-28T14:06:51.669-0500] {processor.py:840} INFO - DAG(s) 'example_xcom_args_with_operators', 'example_xcom_args' retrieved from /Users/alexkim/Desktop/Projects/ETL_Projects/redditviz/venv/lib/python3.12/site-packages/airflow/example_dags/example_xcomargs.py
[2024-07-28T14:06:51.702-0500] {logging_mixin.py:188} INFO - [2024-07-28T14:06:51.702-0500] {dag.py:3089} INFO - Sync 2 DAGs
[2024-07-28T14:06:51.705-0500] {logging_mixin.py:188} INFO - [2024-07-28T14:06:51.705-0500] {dag.py:3947} INFO - Setting next_dagrun for example_xcom_args to None, run_after=None
[2024-07-28T14:06:51.706-0500] {logging_mixin.py:188} INFO - [2024-07-28T14:06:51.706-0500] {dag.py:3947} INFO - Setting next_dagrun for example_xcom_args_with_operators to None, run_after=None
[2024-07-28T14:06:51.712-0500] {processor.py:183} INFO - Processing /Users/alexkim/Desktop/Projects/ETL_Projects/redditviz/venv/lib/python3.12/site-packages/airflow/example_dags/example_xcomargs.py took 0.062 seconds
[2024-07-28T14:07:52.457-0500] {processor.py:161} INFO - Started process (PID=33705) to work on /Users/alexkim/Desktop/Projects/ETL_Projects/redditviz/venv/lib/python3.12/site-packages/airflow/example_dags/example_xcomargs.py
[2024-07-28T14:07:52.458-0500] {processor.py:830} INFO - Processing file /Users/alexkim/Desktop/Projects/ETL_Projects/redditviz/venv/lib/python3.12/site-packages/airflow/example_dags/example_xcomargs.py for tasks to queue
[2024-07-28T14:07:52.458-0500] {logging_mixin.py:188} INFO - [2024-07-28T14:07:52.458-0500] {dagbag.py:545} INFO - Filling up the DagBag from /Users/alexkim/Desktop/Projects/ETL_Projects/redditviz/venv/lib/python3.12/site-packages/airflow/example_dags/example_xcomargs.py
[2024-07-28T14:07:52.474-0500] {processor.py:840} INFO - DAG(s) 'example_xcom_args_with_operators', 'example_xcom_args' retrieved from /Users/alexkim/Desktop/Projects/ETL_Projects/redditviz/venv/lib/python3.12/site-packages/airflow/example_dags/example_xcomargs.py
[2024-07-28T14:07:52.508-0500] {logging_mixin.py:188} INFO - [2024-07-28T14:07:52.508-0500] {dag.py:3089} INFO - Sync 2 DAGs
[2024-07-28T14:07:52.511-0500] {logging_mixin.py:188} INFO - [2024-07-28T14:07:52.511-0500] {dag.py:3947} INFO - Setting next_dagrun for example_xcom_args to None, run_after=None
[2024-07-28T14:07:52.512-0500] {logging_mixin.py:188} INFO - [2024-07-28T14:07:52.512-0500] {dag.py:3947} INFO - Setting next_dagrun for example_xcom_args_with_operators to None, run_after=None
[2024-07-28T14:07:52.519-0500] {processor.py:183} INFO - Processing /Users/alexkim/Desktop/Projects/ETL_Projects/redditviz/venv/lib/python3.12/site-packages/airflow/example_dags/example_xcomargs.py took 0.062 seconds
[2024-07-28T14:08:51.399-0500] {processor.py:161} INFO - Started process (PID=33744) to work on /Users/alexkim/Desktop/Projects/ETL_Projects/redditviz/venv/lib/python3.12/site-packages/airflow/example_dags/example_xcomargs.py
[2024-07-28T14:08:51.399-0500] {processor.py:830} INFO - Processing file /Users/alexkim/Desktop/Projects/ETL_Projects/redditviz/venv/lib/python3.12/site-packages/airflow/example_dags/example_xcomargs.py for tasks to queue
[2024-07-28T14:08:51.400-0500] {logging_mixin.py:188} INFO - [2024-07-28T14:08:51.400-0500] {dagbag.py:545} INFO - Filling up the DagBag from /Users/alexkim/Desktop/Projects/ETL_Projects/redditviz/venv/lib/python3.12/site-packages/airflow/example_dags/example_xcomargs.py
[2024-07-28T14:08:51.417-0500] {processor.py:840} INFO - DAG(s) 'example_xcom_args', 'example_xcom_args_with_operators' retrieved from /Users/alexkim/Desktop/Projects/ETL_Projects/redditviz/venv/lib/python3.12/site-packages/airflow/example_dags/example_xcomargs.py
[2024-07-28T14:08:51.447-0500] {logging_mixin.py:188} INFO - [2024-07-28T14:08:51.447-0500] {dag.py:3089} INFO - Sync 2 DAGs
[2024-07-28T14:08:51.450-0500] {logging_mixin.py:188} INFO - [2024-07-28T14:08:51.450-0500] {dag.py:3947} INFO - Setting next_dagrun for example_xcom_args to None, run_after=None
[2024-07-28T14:08:51.451-0500] {logging_mixin.py:188} INFO - [2024-07-28T14:08:51.451-0500] {dag.py:3947} INFO - Setting next_dagrun for example_xcom_args_with_operators to None, run_after=None
[2024-07-28T14:08:51.457-0500] {processor.py:183} INFO - Processing /Users/alexkim/Desktop/Projects/ETL_Projects/redditviz/venv/lib/python3.12/site-packages/airflow/example_dags/example_xcomargs.py took 0.059 seconds
[2024-07-28T14:09:48.554-0500] {processor.py:161} INFO - Started process (PID=33832) to work on /Users/alexkim/Desktop/Projects/ETL_Projects/redditviz/venv/lib/python3.12/site-packages/airflow/example_dags/example_xcomargs.py
[2024-07-28T14:09:48.555-0500] {processor.py:830} INFO - Processing file /Users/alexkim/Desktop/Projects/ETL_Projects/redditviz/venv/lib/python3.12/site-packages/airflow/example_dags/example_xcomargs.py for tasks to queue
[2024-07-28T14:09:48.555-0500] {logging_mixin.py:188} INFO - [2024-07-28T14:09:48.555-0500] {dagbag.py:545} INFO - Filling up the DagBag from /Users/alexkim/Desktop/Projects/ETL_Projects/redditviz/venv/lib/python3.12/site-packages/airflow/example_dags/example_xcomargs.py
[2024-07-28T14:09:48.570-0500] {processor.py:840} INFO - DAG(s) 'example_xcom_args', 'example_xcom_args_with_operators' retrieved from /Users/alexkim/Desktop/Projects/ETL_Projects/redditviz/venv/lib/python3.12/site-packages/airflow/example_dags/example_xcomargs.py
[2024-07-28T14:09:48.606-0500] {logging_mixin.py:188} INFO - [2024-07-28T14:09:48.605-0500] {dag.py:3089} INFO - Sync 2 DAGs
[2024-07-28T14:09:48.609-0500] {logging_mixin.py:188} INFO - [2024-07-28T14:09:48.609-0500] {dag.py:3947} INFO - Setting next_dagrun for example_xcom_args to None, run_after=None
[2024-07-28T14:09:48.610-0500] {logging_mixin.py:188} INFO - [2024-07-28T14:09:48.610-0500] {dag.py:3947} INFO - Setting next_dagrun for example_xcom_args_with_operators to None, run_after=None
[2024-07-28T14:09:48.616-0500] {processor.py:183} INFO - Processing /Users/alexkim/Desktop/Projects/ETL_Projects/redditviz/venv/lib/python3.12/site-packages/airflow/example_dags/example_xcomargs.py took 0.063 seconds
[2024-07-28T14:10:49.908-0500] {processor.py:161} INFO - Started process (PID=33889) to work on /Users/alexkim/Desktop/Projects/ETL_Projects/redditviz/venv/lib/python3.12/site-packages/airflow/example_dags/example_xcomargs.py
[2024-07-28T14:10:49.909-0500] {processor.py:830} INFO - Processing file /Users/alexkim/Desktop/Projects/ETL_Projects/redditviz/venv/lib/python3.12/site-packages/airflow/example_dags/example_xcomargs.py for tasks to queue
[2024-07-28T14:10:49.909-0500] {logging_mixin.py:188} INFO - [2024-07-28T14:10:49.909-0500] {dagbag.py:545} INFO - Filling up the DagBag from /Users/alexkim/Desktop/Projects/ETL_Projects/redditviz/venv/lib/python3.12/site-packages/airflow/example_dags/example_xcomargs.py
[2024-07-28T14:10:49.953-0500] {processor.py:840} INFO - DAG(s) 'example_xcom_args_with_operators', 'example_xcom_args' retrieved from /Users/alexkim/Desktop/Projects/ETL_Projects/redditviz/venv/lib/python3.12/site-packages/airflow/example_dags/example_xcomargs.py
[2024-07-28T14:10:50.004-0500] {logging_mixin.py:188} INFO - [2024-07-28T14:10:50.004-0500] {dag.py:3089} INFO - Sync 2 DAGs
[2024-07-28T14:10:50.010-0500] {logging_mixin.py:188} INFO - [2024-07-28T14:10:50.010-0500] {dag.py:3947} INFO - Setting next_dagrun for example_xcom_args to None, run_after=None
[2024-07-28T14:10:50.012-0500] {logging_mixin.py:188} INFO - [2024-07-28T14:10:50.012-0500] {dag.py:3947} INFO - Setting next_dagrun for example_xcom_args_with_operators to None, run_after=None
[2024-07-28T14:10:50.025-0500] {processor.py:183} INFO - Processing /Users/alexkim/Desktop/Projects/ETL_Projects/redditviz/venv/lib/python3.12/site-packages/airflow/example_dags/example_xcomargs.py took 0.119 seconds
[2024-07-28T14:11:49.692-0500] {processor.py:161} INFO - Started process (PID=33951) to work on /Users/alexkim/Desktop/Projects/ETL_Projects/redditviz/venv/lib/python3.12/site-packages/airflow/example_dags/example_xcomargs.py
[2024-07-28T14:11:49.692-0500] {processor.py:830} INFO - Processing file /Users/alexkim/Desktop/Projects/ETL_Projects/redditviz/venv/lib/python3.12/site-packages/airflow/example_dags/example_xcomargs.py for tasks to queue
[2024-07-28T14:11:49.693-0500] {logging_mixin.py:188} INFO - [2024-07-28T14:11:49.693-0500] {dagbag.py:545} INFO - Filling up the DagBag from /Users/alexkim/Desktop/Projects/ETL_Projects/redditviz/venv/lib/python3.12/site-packages/airflow/example_dags/example_xcomargs.py
[2024-07-28T14:11:49.705-0500] {processor.py:840} INFO - DAG(s) 'example_xcom_args_with_operators', 'example_xcom_args' retrieved from /Users/alexkim/Desktop/Projects/ETL_Projects/redditviz/venv/lib/python3.12/site-packages/airflow/example_dags/example_xcomargs.py
[2024-07-28T14:11:49.736-0500] {logging_mixin.py:188} INFO - [2024-07-28T14:11:49.735-0500] {dag.py:3089} INFO - Sync 2 DAGs
[2024-07-28T14:11:49.738-0500] {logging_mixin.py:188} INFO - [2024-07-28T14:11:49.738-0500] {dag.py:3947} INFO - Setting next_dagrun for example_xcom_args to None, run_after=None
[2024-07-28T14:11:49.739-0500] {logging_mixin.py:188} INFO - [2024-07-28T14:11:49.739-0500] {dag.py:3947} INFO - Setting next_dagrun for example_xcom_args_with_operators to None, run_after=None
[2024-07-28T14:11:49.745-0500] {processor.py:183} INFO - Processing /Users/alexkim/Desktop/Projects/ETL_Projects/redditviz/venv/lib/python3.12/site-packages/airflow/example_dags/example_xcomargs.py took 0.054 seconds
[2024-07-28T14:12:48.904-0500] {processor.py:161} INFO - Started process (PID=34009) to work on /Users/alexkim/Desktop/Projects/ETL_Projects/redditviz/venv/lib/python3.12/site-packages/airflow/example_dags/example_xcomargs.py
[2024-07-28T14:12:48.904-0500] {processor.py:830} INFO - Processing file /Users/alexkim/Desktop/Projects/ETL_Projects/redditviz/venv/lib/python3.12/site-packages/airflow/example_dags/example_xcomargs.py for tasks to queue
[2024-07-28T14:12:48.904-0500] {logging_mixin.py:188} INFO - [2024-07-28T14:12:48.904-0500] {dagbag.py:545} INFO - Filling up the DagBag from /Users/alexkim/Desktop/Projects/ETL_Projects/redditviz/venv/lib/python3.12/site-packages/airflow/example_dags/example_xcomargs.py
[2024-07-28T14:12:48.917-0500] {processor.py:840} INFO - DAG(s) 'example_xcom_args', 'example_xcom_args_with_operators' retrieved from /Users/alexkim/Desktop/Projects/ETL_Projects/redditviz/venv/lib/python3.12/site-packages/airflow/example_dags/example_xcomargs.py
[2024-07-28T14:12:48.947-0500] {logging_mixin.py:188} INFO - [2024-07-28T14:12:48.947-0500] {dag.py:3089} INFO - Sync 2 DAGs
[2024-07-28T14:12:48.950-0500] {logging_mixin.py:188} INFO - [2024-07-28T14:12:48.950-0500] {dag.py:3947} INFO - Setting next_dagrun for example_xcom_args to None, run_after=None
[2024-07-28T14:12:48.951-0500] {logging_mixin.py:188} INFO - [2024-07-28T14:12:48.951-0500] {dag.py:3947} INFO - Setting next_dagrun for example_xcom_args_with_operators to None, run_after=None
[2024-07-28T14:12:48.956-0500] {processor.py:183} INFO - Processing /Users/alexkim/Desktop/Projects/ETL_Projects/redditviz/venv/lib/python3.12/site-packages/airflow/example_dags/example_xcomargs.py took 0.054 seconds
[2024-07-28T14:13:48.709-0500] {processor.py:161} INFO - Started process (PID=34088) to work on /Users/alexkim/Desktop/Projects/ETL_Projects/redditviz/venv/lib/python3.12/site-packages/airflow/example_dags/example_xcomargs.py
[2024-07-28T14:13:48.710-0500] {processor.py:830} INFO - Processing file /Users/alexkim/Desktop/Projects/ETL_Projects/redditviz/venv/lib/python3.12/site-packages/airflow/example_dags/example_xcomargs.py for tasks to queue
[2024-07-28T14:13:48.710-0500] {logging_mixin.py:188} INFO - [2024-07-28T14:13:48.710-0500] {dagbag.py:545} INFO - Filling up the DagBag from /Users/alexkim/Desktop/Projects/ETL_Projects/redditviz/venv/lib/python3.12/site-packages/airflow/example_dags/example_xcomargs.py
[2024-07-28T14:13:48.724-0500] {processor.py:840} INFO - DAG(s) 'example_xcom_args_with_operators', 'example_xcom_args' retrieved from /Users/alexkim/Desktop/Projects/ETL_Projects/redditviz/venv/lib/python3.12/site-packages/airflow/example_dags/example_xcomargs.py
[2024-07-28T14:13:48.755-0500] {logging_mixin.py:188} INFO - [2024-07-28T14:13:48.755-0500] {dag.py:3089} INFO - Sync 2 DAGs
[2024-07-28T14:13:48.758-0500] {logging_mixin.py:188} INFO - [2024-07-28T14:13:48.758-0500] {dag.py:3947} INFO - Setting next_dagrun for example_xcom_args to None, run_after=None
[2024-07-28T14:13:48.759-0500] {logging_mixin.py:188} INFO - [2024-07-28T14:13:48.759-0500] {dag.py:3947} INFO - Setting next_dagrun for example_xcom_args_with_operators to None, run_after=None
[2024-07-28T14:13:48.764-0500] {processor.py:183} INFO - Processing /Users/alexkim/Desktop/Projects/ETL_Projects/redditviz/venv/lib/python3.12/site-packages/airflow/example_dags/example_xcomargs.py took 0.056 seconds
[2024-07-28T14:14:50.950-0500] {processor.py:161} INFO - Started process (PID=34167) to work on /Users/alexkim/Desktop/Projects/ETL_Projects/redditviz/venv/lib/python3.12/site-packages/airflow/example_dags/example_xcomargs.py
[2024-07-28T14:14:50.951-0500] {processor.py:830} INFO - Processing file /Users/alexkim/Desktop/Projects/ETL_Projects/redditviz/venv/lib/python3.12/site-packages/airflow/example_dags/example_xcomargs.py for tasks to queue
[2024-07-28T14:14:50.951-0500] {logging_mixin.py:188} INFO - [2024-07-28T14:14:50.951-0500] {dagbag.py:545} INFO - Filling up the DagBag from /Users/alexkim/Desktop/Projects/ETL_Projects/redditviz/venv/lib/python3.12/site-packages/airflow/example_dags/example_xcomargs.py
[2024-07-28T14:14:50.965-0500] {processor.py:840} INFO - DAG(s) 'example_xcom_args', 'example_xcom_args_with_operators' retrieved from /Users/alexkim/Desktop/Projects/ETL_Projects/redditviz/venv/lib/python3.12/site-packages/airflow/example_dags/example_xcomargs.py
[2024-07-28T14:14:51.016-0500] {logging_mixin.py:188} INFO - [2024-07-28T14:14:51.015-0500] {dag.py:3089} INFO - Sync 2 DAGs
[2024-07-28T14:14:51.023-0500] {logging_mixin.py:188} INFO - [2024-07-28T14:14:51.022-0500] {dag.py:3947} INFO - Setting next_dagrun for example_xcom_args to None, run_after=None
[2024-07-28T14:14:51.026-0500] {logging_mixin.py:188} INFO - [2024-07-28T14:14:51.026-0500] {dag.py:3947} INFO - Setting next_dagrun for example_xcom_args_with_operators to None, run_after=None
[2024-07-28T14:14:51.074-0500] {processor.py:183} INFO - Processing /Users/alexkim/Desktop/Projects/ETL_Projects/redditviz/venv/lib/python3.12/site-packages/airflow/example_dags/example_xcomargs.py took 0.124 seconds
[2024-07-28T14:34:57.061-0500] {processor.py:161} INFO - Started process (PID=1504) to work on /Users/alexkim/Desktop/Projects/ETL_Projects/redditviz/venv/lib/python3.12/site-packages/airflow/example_dags/example_xcomargs.py
[2024-07-28T14:34:57.062-0500] {processor.py:830} INFO - Processing file /Users/alexkim/Desktop/Projects/ETL_Projects/redditviz/venv/lib/python3.12/site-packages/airflow/example_dags/example_xcomargs.py for tasks to queue
[2024-07-28T14:34:57.062-0500] {logging_mixin.py:188} INFO - [2024-07-28T14:34:57.062-0500] {dagbag.py:545} INFO - Filling up the DagBag from /Users/alexkim/Desktop/Projects/ETL_Projects/redditviz/venv/lib/python3.12/site-packages/airflow/example_dags/example_xcomargs.py
[2024-07-28T14:34:57.076-0500] {processor.py:840} INFO - DAG(s) 'example_xcom_args_with_operators', 'example_xcom_args' retrieved from /Users/alexkim/Desktop/Projects/ETL_Projects/redditviz/venv/lib/python3.12/site-packages/airflow/example_dags/example_xcomargs.py
[2024-07-28T14:34:57.138-0500] {logging_mixin.py:188} INFO - [2024-07-28T14:34:57.138-0500] {override.py:1858} INFO - Created Permission View: can delete on DAG:example_xcom_args_with_operators
[2024-07-28T14:34:57.141-0500] {logging_mixin.py:188} INFO - [2024-07-28T14:34:57.141-0500] {override.py:1858} INFO - Created Permission View: can read on DAG:example_xcom_args_with_operators
[2024-07-28T14:34:57.143-0500] {logging_mixin.py:188} INFO - [2024-07-28T14:34:57.143-0500] {override.py:1858} INFO - Created Permission View: can edit on DAG:example_xcom_args_with_operators
[2024-07-28T14:34:57.147-0500] {logging_mixin.py:188} INFO - [2024-07-28T14:34:57.147-0500] {override.py:1858} INFO - Created Permission View: can delete on DAG:example_xcom_args
[2024-07-28T14:34:57.149-0500] {logging_mixin.py:188} INFO - [2024-07-28T14:34:57.149-0500] {override.py:1858} INFO - Created Permission View: can read on DAG:example_xcom_args
[2024-07-28T14:34:57.151-0500] {logging_mixin.py:188} INFO - [2024-07-28T14:34:57.151-0500] {override.py:1858} INFO - Created Permission View: can edit on DAG:example_xcom_args
[2024-07-28T14:34:57.151-0500] {logging_mixin.py:188} INFO - [2024-07-28T14:34:57.151-0500] {dag.py:3089} INFO - Sync 2 DAGs
[2024-07-28T14:34:57.155-0500] {logging_mixin.py:188} INFO - [2024-07-28T14:34:57.155-0500] {dag.py:3111} INFO - Creating ORM DAG for example_xcom_args
[2024-07-28T14:34:57.155-0500] {logging_mixin.py:188} INFO - [2024-07-28T14:34:57.155-0500] {dag.py:3111} INFO - Creating ORM DAG for example_xcom_args_with_operators
[2024-07-28T14:34:57.155-0500] {logging_mixin.py:188} INFO - [2024-07-28T14:34:57.155-0500] {dag.py:3947} INFO - Setting next_dagrun for example_xcom_args to None, run_after=None
[2024-07-28T14:34:57.155-0500] {logging_mixin.py:188} INFO - [2024-07-28T14:34:57.155-0500] {dag.py:3947} INFO - Setting next_dagrun for example_xcom_args_with_operators to None, run_after=None
[2024-07-28T14:34:57.161-0500] {processor.py:183} INFO - Processing /Users/alexkim/Desktop/Projects/ETL_Projects/redditviz/venv/lib/python3.12/site-packages/airflow/example_dags/example_xcomargs.py took 0.100 seconds
