[2024-07-28T14:00:33.981-0500] {processor.py:161} INFO - Started process (PID=33185) to work on /Users/alexkim/Desktop/Projects/ETL_Projects/redditviz/venv/lib/python3.12/site-packages/airflow/example_dags/example_python_operator.py
[2024-07-28T14:00:33.981-0500] {processor.py:830} INFO - Processing file /Users/alexkim/Desktop/Projects/ETL_Projects/redditviz/venv/lib/python3.12/site-packages/airflow/example_dags/example_python_operator.py for tasks to queue
[2024-07-28T14:00:33.981-0500] {logging_mixin.py:188} INFO - [2024-07-28T14:00:33.981-0500] {dagbag.py:545} INFO - Filling up the DagBag from /Users/alexkim/Desktop/Projects/ETL_Projects/redditviz/venv/lib/python3.12/site-packages/airflow/example_dags/example_python_operator.py
[2024-07-28T14:00:33.991-0500] {logging_mixin.py:188} INFO - [2024-07-28T14:00:33.991-0500] {example_python_operator.py:93} WARNING - The virtalenv_python example task requires virtualenv, please install it.
[2024-07-28T14:00:33.998-0500] {processor.py:840} INFO - DAG(s) 'example_python_operator' retrieved from /Users/alexkim/Desktop/Projects/ETL_Projects/redditviz/venv/lib/python3.12/site-packages/airflow/example_dags/example_python_operator.py
[2024-07-28T14:00:34.072-0500] {logging_mixin.py:188} INFO - [2024-07-28T14:00:34.072-0500] {override.py:1858} INFO - Created Permission View: can edit on DAG:example_python_operator
[2024-07-28T14:00:34.076-0500] {logging_mixin.py:188} INFO - [2024-07-28T14:00:34.076-0500] {override.py:1858} INFO - Created Permission View: can delete on DAG:example_python_operator
[2024-07-28T14:00:34.078-0500] {logging_mixin.py:188} INFO - [2024-07-28T14:00:34.078-0500] {override.py:1858} INFO - Created Permission View: can read on DAG:example_python_operator
[2024-07-28T14:00:34.078-0500] {logging_mixin.py:188} INFO - [2024-07-28T14:00:34.078-0500] {dag.py:3089} INFO - Sync 1 DAGs
[2024-07-28T14:00:34.081-0500] {logging_mixin.py:188} INFO - [2024-07-28T14:00:34.081-0500] {dag.py:3111} INFO - Creating ORM DAG for example_python_operator
[2024-07-28T14:00:34.081-0500] {logging_mixin.py:188} INFO - [2024-07-28T14:00:34.081-0500] {dag.py:3947} INFO - Setting next_dagrun for example_python_operator to None, run_after=None
[2024-07-28T14:00:34.088-0500] {processor.py:183} INFO - Processing /Users/alexkim/Desktop/Projects/ETL_Projects/redditviz/venv/lib/python3.12/site-packages/airflow/example_dags/example_python_operator.py took 0.108 seconds
[2024-07-28T14:02:02.336-0500] {processor.py:161} INFO - Started process (PID=33273) to work on /Users/alexkim/Desktop/Projects/ETL_Projects/redditviz/venv/lib/python3.12/site-packages/airflow/example_dags/example_python_operator.py
[2024-07-28T14:02:02.337-0500] {processor.py:830} INFO - Processing file /Users/alexkim/Desktop/Projects/ETL_Projects/redditviz/venv/lib/python3.12/site-packages/airflow/example_dags/example_python_operator.py for tasks to queue
[2024-07-28T14:02:02.337-0500] {logging_mixin.py:188} INFO - [2024-07-28T14:02:02.337-0500] {dagbag.py:545} INFO - Filling up the DagBag from /Users/alexkim/Desktop/Projects/ETL_Projects/redditviz/venv/lib/python3.12/site-packages/airflow/example_dags/example_python_operator.py
[2024-07-28T14:02:02.344-0500] {logging_mixin.py:188} INFO - [2024-07-28T14:02:02.344-0500] {example_python_operator.py:93} WARNING - The virtalenv_python example task requires virtualenv, please install it.
[2024-07-28T14:02:02.346-0500] {processor.py:840} INFO - DAG(s) 'example_python_operator' retrieved from /Users/alexkim/Desktop/Projects/ETL_Projects/redditviz/venv/lib/python3.12/site-packages/airflow/example_dags/example_python_operator.py
[2024-07-28T14:02:02.375-0500] {logging_mixin.py:188} INFO - [2024-07-28T14:02:02.375-0500] {dag.py:3089} INFO - Sync 1 DAGs
[2024-07-28T14:02:02.378-0500] {logging_mixin.py:188} INFO - [2024-07-28T14:02:02.378-0500] {dag.py:3947} INFO - Setting next_dagrun for example_python_operator to None, run_after=None
[2024-07-28T14:02:02.384-0500] {processor.py:183} INFO - Processing /Users/alexkim/Desktop/Projects/ETL_Projects/redditviz/venv/lib/python3.12/site-packages/airflow/example_dags/example_python_operator.py took 0.049 seconds
[2024-07-28T14:03:37.816-0500] {processor.py:161} INFO - Started process (PID=33361) to work on /Users/alexkim/Desktop/Projects/ETL_Projects/redditviz/venv/lib/python3.12/site-packages/airflow/example_dags/example_python_operator.py
[2024-07-28T14:03:37.817-0500] {processor.py:830} INFO - Processing file /Users/alexkim/Desktop/Projects/ETL_Projects/redditviz/venv/lib/python3.12/site-packages/airflow/example_dags/example_python_operator.py for tasks to queue
[2024-07-28T14:03:37.817-0500] {logging_mixin.py:188} INFO - [2024-07-28T14:03:37.817-0500] {dagbag.py:545} INFO - Filling up the DagBag from /Users/alexkim/Desktop/Projects/ETL_Projects/redditviz/venv/lib/python3.12/site-packages/airflow/example_dags/example_python_operator.py
[2024-07-28T14:03:37.824-0500] {logging_mixin.py:188} INFO - [2024-07-28T14:03:37.824-0500] {example_python_operator.py:93} WARNING - The virtalenv_python example task requires virtualenv, please install it.
[2024-07-28T14:03:37.825-0500] {processor.py:840} INFO - DAG(s) 'example_python_operator' retrieved from /Users/alexkim/Desktop/Projects/ETL_Projects/redditviz/venv/lib/python3.12/site-packages/airflow/example_dags/example_python_operator.py
[2024-07-28T14:03:37.855-0500] {logging_mixin.py:188} INFO - [2024-07-28T14:03:37.855-0500] {dag.py:3089} INFO - Sync 1 DAGs
[2024-07-28T14:03:37.858-0500] {logging_mixin.py:188} INFO - [2024-07-28T14:03:37.858-0500] {dag.py:3947} INFO - Setting next_dagrun for example_python_operator to None, run_after=None
[2024-07-28T14:03:37.864-0500] {processor.py:183} INFO - Processing /Users/alexkim/Desktop/Projects/ETL_Projects/redditviz/venv/lib/python3.12/site-packages/airflow/example_dags/example_python_operator.py took 0.049 seconds
[2024-07-28T14:05:23.347-0500] {processor.py:161} INFO - Started process (PID=33487) to work on /Users/alexkim/Desktop/Projects/ETL_Projects/redditviz/venv/lib/python3.12/site-packages/airflow/example_dags/example_python_operator.py
[2024-07-28T14:05:23.347-0500] {processor.py:830} INFO - Processing file /Users/alexkim/Desktop/Projects/ETL_Projects/redditviz/venv/lib/python3.12/site-packages/airflow/example_dags/example_python_operator.py for tasks to queue
[2024-07-28T14:05:23.347-0500] {logging_mixin.py:188} INFO - [2024-07-28T14:05:23.347-0500] {dagbag.py:545} INFO - Filling up the DagBag from /Users/alexkim/Desktop/Projects/ETL_Projects/redditviz/venv/lib/python3.12/site-packages/airflow/example_dags/example_python_operator.py
[2024-07-28T14:05:23.355-0500] {logging_mixin.py:188} INFO - [2024-07-28T14:05:23.355-0500] {example_python_operator.py:93} WARNING - The virtalenv_python example task requires virtualenv, please install it.
[2024-07-28T14:05:23.356-0500] {processor.py:840} INFO - DAG(s) 'example_python_operator' retrieved from /Users/alexkim/Desktop/Projects/ETL_Projects/redditviz/venv/lib/python3.12/site-packages/airflow/example_dags/example_python_operator.py
[2024-07-28T14:05:23.387-0500] {logging_mixin.py:188} INFO - [2024-07-28T14:05:23.386-0500] {dag.py:3089} INFO - Sync 1 DAGs
[2024-07-28T14:05:23.389-0500] {logging_mixin.py:188} INFO - [2024-07-28T14:05:23.389-0500] {dag.py:3947} INFO - Setting next_dagrun for example_python_operator to None, run_after=None
[2024-07-28T14:05:23.395-0500] {processor.py:183} INFO - Processing /Users/alexkim/Desktop/Projects/ETL_Projects/redditviz/venv/lib/python3.12/site-packages/airflow/example_dags/example_python_operator.py took 0.049 seconds
[2024-07-28T14:07:18.262-0500] {processor.py:161} INFO - Started process (PID=33663) to work on /Users/alexkim/Desktop/Projects/ETL_Projects/redditviz/venv/lib/python3.12/site-packages/airflow/example_dags/example_python_operator.py
[2024-07-28T14:07:18.263-0500] {processor.py:830} INFO - Processing file /Users/alexkim/Desktop/Projects/ETL_Projects/redditviz/venv/lib/python3.12/site-packages/airflow/example_dags/example_python_operator.py for tasks to queue
[2024-07-28T14:07:18.263-0500] {logging_mixin.py:188} INFO - [2024-07-28T14:07:18.263-0500] {dagbag.py:545} INFO - Filling up the DagBag from /Users/alexkim/Desktop/Projects/ETL_Projects/redditviz/venv/lib/python3.12/site-packages/airflow/example_dags/example_python_operator.py
[2024-07-28T14:07:18.271-0500] {logging_mixin.py:188} INFO - [2024-07-28T14:07:18.271-0500] {example_python_operator.py:93} WARNING - The virtalenv_python example task requires virtualenv, please install it.
[2024-07-28T14:07:18.272-0500] {processor.py:840} INFO - DAG(s) 'example_python_operator' retrieved from /Users/alexkim/Desktop/Projects/ETL_Projects/redditviz/venv/lib/python3.12/site-packages/airflow/example_dags/example_python_operator.py
[2024-07-28T14:07:18.302-0500] {logging_mixin.py:188} INFO - [2024-07-28T14:07:18.302-0500] {dag.py:3089} INFO - Sync 1 DAGs
[2024-07-28T14:07:18.305-0500] {logging_mixin.py:188} INFO - [2024-07-28T14:07:18.305-0500] {dag.py:3947} INFO - Setting next_dagrun for example_python_operator to None, run_after=None
[2024-07-28T14:07:18.311-0500] {processor.py:183} INFO - Processing /Users/alexkim/Desktop/Projects/ETL_Projects/redditviz/venv/lib/python3.12/site-packages/airflow/example_dags/example_python_operator.py took 0.050 seconds
[2024-07-28T14:09:15.906-0500] {processor.py:161} INFO - Started process (PID=33789) to work on /Users/alexkim/Desktop/Projects/ETL_Projects/redditviz/venv/lib/python3.12/site-packages/airflow/example_dags/example_python_operator.py
[2024-07-28T14:09:15.907-0500] {processor.py:830} INFO - Processing file /Users/alexkim/Desktop/Projects/ETL_Projects/redditviz/venv/lib/python3.12/site-packages/airflow/example_dags/example_python_operator.py for tasks to queue
[2024-07-28T14:09:15.907-0500] {logging_mixin.py:188} INFO - [2024-07-28T14:09:15.907-0500] {dagbag.py:545} INFO - Filling up the DagBag from /Users/alexkim/Desktop/Projects/ETL_Projects/redditviz/venv/lib/python3.12/site-packages/airflow/example_dags/example_python_operator.py
[2024-07-28T14:09:15.915-0500] {logging_mixin.py:188} INFO - [2024-07-28T14:09:15.915-0500] {example_python_operator.py:93} WARNING - The virtalenv_python example task requires virtualenv, please install it.
[2024-07-28T14:09:15.916-0500] {processor.py:840} INFO - DAG(s) 'example_python_operator' retrieved from /Users/alexkim/Desktop/Projects/ETL_Projects/redditviz/venv/lib/python3.12/site-packages/airflow/example_dags/example_python_operator.py
[2024-07-28T14:09:15.951-0500] {logging_mixin.py:188} INFO - [2024-07-28T14:09:15.951-0500] {dag.py:3089} INFO - Sync 1 DAGs
[2024-07-28T14:09:15.954-0500] {logging_mixin.py:188} INFO - [2024-07-28T14:09:15.954-0500] {dag.py:3947} INFO - Setting next_dagrun for example_python_operator to None, run_after=None
[2024-07-28T14:09:15.960-0500] {processor.py:183} INFO - Processing /Users/alexkim/Desktop/Projects/ETL_Projects/redditviz/venv/lib/python3.12/site-packages/airflow/example_dags/example_python_operator.py took 0.055 seconds
[2024-07-28T14:11:17.670-0500] {processor.py:161} INFO - Started process (PID=33918) to work on /Users/alexkim/Desktop/Projects/ETL_Projects/redditviz/venv/lib/python3.12/site-packages/airflow/example_dags/example_python_operator.py
[2024-07-28T14:11:17.670-0500] {processor.py:830} INFO - Processing file /Users/alexkim/Desktop/Projects/ETL_Projects/redditviz/venv/lib/python3.12/site-packages/airflow/example_dags/example_python_operator.py for tasks to queue
[2024-07-28T14:11:17.671-0500] {logging_mixin.py:188} INFO - [2024-07-28T14:11:17.671-0500] {dagbag.py:545} INFO - Filling up the DagBag from /Users/alexkim/Desktop/Projects/ETL_Projects/redditviz/venv/lib/python3.12/site-packages/airflow/example_dags/example_python_operator.py
[2024-07-28T14:11:17.678-0500] {logging_mixin.py:188} INFO - [2024-07-28T14:11:17.678-0500] {example_python_operator.py:93} WARNING - The virtalenv_python example task requires virtualenv, please install it.
[2024-07-28T14:11:17.680-0500] {processor.py:840} INFO - DAG(s) 'example_python_operator' retrieved from /Users/alexkim/Desktop/Projects/ETL_Projects/redditviz/venv/lib/python3.12/site-packages/airflow/example_dags/example_python_operator.py
[2024-07-28T14:11:17.712-0500] {logging_mixin.py:188} INFO - [2024-07-28T14:11:17.712-0500] {dag.py:3089} INFO - Sync 1 DAGs
[2024-07-28T14:11:17.716-0500] {logging_mixin.py:188} INFO - [2024-07-28T14:11:17.716-0500] {dag.py:3947} INFO - Setting next_dagrun for example_python_operator to None, run_after=None
[2024-07-28T14:11:17.722-0500] {processor.py:183} INFO - Processing /Users/alexkim/Desktop/Projects/ETL_Projects/redditviz/venv/lib/python3.12/site-packages/airflow/example_dags/example_python_operator.py took 0.053 seconds
[2024-07-28T14:13:15.138-0500] {processor.py:161} INFO - Started process (PID=34049) to work on /Users/alexkim/Desktop/Projects/ETL_Projects/redditviz/venv/lib/python3.12/site-packages/airflow/example_dags/example_python_operator.py
[2024-07-28T14:13:15.138-0500] {processor.py:830} INFO - Processing file /Users/alexkim/Desktop/Projects/ETL_Projects/redditviz/venv/lib/python3.12/site-packages/airflow/example_dags/example_python_operator.py for tasks to queue
[2024-07-28T14:13:15.139-0500] {logging_mixin.py:188} INFO - [2024-07-28T14:13:15.139-0500] {dagbag.py:545} INFO - Filling up the DagBag from /Users/alexkim/Desktop/Projects/ETL_Projects/redditviz/venv/lib/python3.12/site-packages/airflow/example_dags/example_python_operator.py
[2024-07-28T14:13:15.147-0500] {logging_mixin.py:188} INFO - [2024-07-28T14:13:15.147-0500] {example_python_operator.py:93} WARNING - The virtalenv_python example task requires virtualenv, please install it.
[2024-07-28T14:13:15.149-0500] {processor.py:840} INFO - DAG(s) 'example_python_operator' retrieved from /Users/alexkim/Desktop/Projects/ETL_Projects/redditviz/venv/lib/python3.12/site-packages/airflow/example_dags/example_python_operator.py
[2024-07-28T14:13:15.183-0500] {logging_mixin.py:188} INFO - [2024-07-28T14:13:15.183-0500] {dag.py:3089} INFO - Sync 1 DAGs
[2024-07-28T14:13:15.186-0500] {logging_mixin.py:188} INFO - [2024-07-28T14:13:15.186-0500] {dag.py:3947} INFO - Setting next_dagrun for example_python_operator to None, run_after=None
[2024-07-28T14:13:15.193-0500] {processor.py:183} INFO - Processing /Users/alexkim/Desktop/Projects/ETL_Projects/redditviz/venv/lib/python3.12/site-packages/airflow/example_dags/example_python_operator.py took 0.056 seconds
