[2024-07-28T14:00:45.253-0500] {processor.py:161} INFO - Started process (PID=33192) to work on /Users/alexkim/Desktop/Projects/ETL_Projects/redditviz/venv/lib/python3.12/site-packages/airflow/example_dags/example_latest_only_with_trigger.py
[2024-07-28T14:00:45.253-0500] {processor.py:830} INFO - Processing file /Users/alexkim/Desktop/Projects/ETL_Projects/redditviz/venv/lib/python3.12/site-packages/airflow/example_dags/example_latest_only_with_trigger.py for tasks to queue
[2024-07-28T14:00:45.253-0500] {logging_mixin.py:188} INFO - [2024-07-28T14:00:45.253-0500] {dagbag.py:545} INFO - Filling up the DagBag from /Users/alexkim/Desktop/Projects/ETL_Projects/redditviz/venv/lib/python3.12/site-packages/airflow/example_dags/example_latest_only_with_trigger.py
[2024-07-28T14:00:45.256-0500] {processor.py:840} INFO - DAG(s) 'latest_only_with_trigger' retrieved from /Users/alexkim/Desktop/Projects/ETL_Projects/redditviz/venv/lib/python3.12/site-packages/airflow/example_dags/example_latest_only_with_trigger.py
[2024-07-28T14:00:45.344-0500] {logging_mixin.py:188} INFO - [2024-07-28T14:00:45.344-0500] {override.py:1858} INFO - Created Permission View: can read on DAG:latest_only_with_trigger
[2024-07-28T14:00:45.348-0500] {logging_mixin.py:188} INFO - [2024-07-28T14:00:45.347-0500] {override.py:1858} INFO - Created Permission View: can edit on DAG:latest_only_with_trigger
[2024-07-28T14:00:45.350-0500] {logging_mixin.py:188} INFO - [2024-07-28T14:00:45.349-0500] {override.py:1858} INFO - Created Permission View: can delete on DAG:latest_only_with_trigger
[2024-07-28T14:00:45.350-0500] {logging_mixin.py:188} INFO - [2024-07-28T14:00:45.350-0500] {dag.py:3089} INFO - Sync 1 DAGs
[2024-07-28T14:00:45.353-0500] {logging_mixin.py:188} INFO - [2024-07-28T14:00:45.353-0500] {dag.py:3111} INFO - Creating ORM DAG for latest_only_with_trigger
[2024-07-28T14:00:45.356-0500] {logging_mixin.py:188} INFO - [2024-07-28T14:00:45.356-0500] {dag.py:3947} INFO - Setting next_dagrun for latest_only_with_trigger to 2024-07-28 12:00:00+00:00, run_after=2024-07-28 16:00:00+00:00
[2024-07-28T14:00:45.363-0500] {processor.py:183} INFO - Processing /Users/alexkim/Desktop/Projects/ETL_Projects/redditviz/venv/lib/python3.12/site-packages/airflow/example_dags/example_latest_only_with_trigger.py took 0.111 seconds
[2024-07-28T14:02:12.913-0500] {processor.py:161} INFO - Started process (PID=33283) to work on /Users/alexkim/Desktop/Projects/ETL_Projects/redditviz/venv/lib/python3.12/site-packages/airflow/example_dags/example_latest_only_with_trigger.py
[2024-07-28T14:02:12.915-0500] {processor.py:830} INFO - Processing file /Users/alexkim/Desktop/Projects/ETL_Projects/redditviz/venv/lib/python3.12/site-packages/airflow/example_dags/example_latest_only_with_trigger.py for tasks to queue
[2024-07-28T14:02:12.915-0500] {logging_mixin.py:188} INFO - [2024-07-28T14:02:12.915-0500] {dagbag.py:545} INFO - Filling up the DagBag from /Users/alexkim/Desktop/Projects/ETL_Projects/redditviz/venv/lib/python3.12/site-packages/airflow/example_dags/example_latest_only_with_trigger.py
[2024-07-28T14:02:12.918-0500] {processor.py:840} INFO - DAG(s) 'latest_only_with_trigger' retrieved from /Users/alexkim/Desktop/Projects/ETL_Projects/redditviz/venv/lib/python3.12/site-packages/airflow/example_dags/example_latest_only_with_trigger.py
[2024-07-28T14:02:12.947-0500] {logging_mixin.py:188} INFO - [2024-07-28T14:02:12.947-0500] {dag.py:3089} INFO - Sync 1 DAGs
[2024-07-28T14:02:12.953-0500] {logging_mixin.py:188} INFO - [2024-07-28T14:02:12.953-0500] {dag.py:3947} INFO - Setting next_dagrun for latest_only_with_trigger to 2024-07-28 12:00:00+00:00, run_after=2024-07-28 16:00:00+00:00
[2024-07-28T14:02:12.958-0500] {processor.py:183} INFO - Processing /Users/alexkim/Desktop/Projects/ETL_Projects/redditviz/venv/lib/python3.12/site-packages/airflow/example_dags/example_latest_only_with_trigger.py took 0.046 seconds
[2024-07-28T14:03:47.647-0500] {processor.py:161} INFO - Started process (PID=33368) to work on /Users/alexkim/Desktop/Projects/ETL_Projects/redditviz/venv/lib/python3.12/site-packages/airflow/example_dags/example_latest_only_with_trigger.py
[2024-07-28T14:03:47.648-0500] {processor.py:830} INFO - Processing file /Users/alexkim/Desktop/Projects/ETL_Projects/redditviz/venv/lib/python3.12/site-packages/airflow/example_dags/example_latest_only_with_trigger.py for tasks to queue
[2024-07-28T14:03:47.648-0500] {logging_mixin.py:188} INFO - [2024-07-28T14:03:47.648-0500] {dagbag.py:545} INFO - Filling up the DagBag from /Users/alexkim/Desktop/Projects/ETL_Projects/redditviz/venv/lib/python3.12/site-packages/airflow/example_dags/example_latest_only_with_trigger.py
[2024-07-28T14:03:47.651-0500] {processor.py:840} INFO - DAG(s) 'latest_only_with_trigger' retrieved from /Users/alexkim/Desktop/Projects/ETL_Projects/redditviz/venv/lib/python3.12/site-packages/airflow/example_dags/example_latest_only_with_trigger.py
[2024-07-28T14:03:47.681-0500] {logging_mixin.py:188} INFO - [2024-07-28T14:03:47.681-0500] {dag.py:3089} INFO - Sync 1 DAGs
[2024-07-28T14:03:47.686-0500] {logging_mixin.py:188} INFO - [2024-07-28T14:03:47.686-0500] {dag.py:3947} INFO - Setting next_dagrun for latest_only_with_trigger to 2024-07-28 12:00:00+00:00, run_after=2024-07-28 16:00:00+00:00
[2024-07-28T14:03:47.692-0500] {processor.py:183} INFO - Processing /Users/alexkim/Desktop/Projects/ETL_Projects/redditviz/venv/lib/python3.12/site-packages/airflow/example_dags/example_latest_only_with_trigger.py took 0.045 seconds
[2024-07-28T14:05:34.052-0500] {processor.py:161} INFO - Started process (PID=33496) to work on /Users/alexkim/Desktop/Projects/ETL_Projects/redditviz/venv/lib/python3.12/site-packages/airflow/example_dags/example_latest_only_with_trigger.py
[2024-07-28T14:05:34.053-0500] {processor.py:830} INFO - Processing file /Users/alexkim/Desktop/Projects/ETL_Projects/redditviz/venv/lib/python3.12/site-packages/airflow/example_dags/example_latest_only_with_trigger.py for tasks to queue
[2024-07-28T14:05:34.053-0500] {logging_mixin.py:188} INFO - [2024-07-28T14:05:34.053-0500] {dagbag.py:545} INFO - Filling up the DagBag from /Users/alexkim/Desktop/Projects/ETL_Projects/redditviz/venv/lib/python3.12/site-packages/airflow/example_dags/example_latest_only_with_trigger.py
[2024-07-28T14:05:34.056-0500] {processor.py:840} INFO - DAG(s) 'latest_only_with_trigger' retrieved from /Users/alexkim/Desktop/Projects/ETL_Projects/redditviz/venv/lib/python3.12/site-packages/airflow/example_dags/example_latest_only_with_trigger.py
[2024-07-28T14:05:34.086-0500] {logging_mixin.py:188} INFO - [2024-07-28T14:05:34.085-0500] {dag.py:3089} INFO - Sync 1 DAGs
[2024-07-28T14:05:34.091-0500] {logging_mixin.py:188} INFO - [2024-07-28T14:05:34.091-0500] {dag.py:3947} INFO - Setting next_dagrun for latest_only_with_trigger to 2024-07-28 12:00:00+00:00, run_after=2024-07-28 16:00:00+00:00
[2024-07-28T14:05:34.097-0500] {processor.py:183} INFO - Processing /Users/alexkim/Desktop/Projects/ETL_Projects/redditviz/venv/lib/python3.12/site-packages/airflow/example_dags/example_latest_only_with_trigger.py took 0.046 seconds
[2024-07-28T14:07:30.466-0500] {processor.py:161} INFO - Started process (PID=33691) to work on /Users/alexkim/Desktop/Projects/ETL_Projects/redditviz/venv/lib/python3.12/site-packages/airflow/example_dags/example_latest_only_with_trigger.py
[2024-07-28T14:07:30.467-0500] {processor.py:830} INFO - Processing file /Users/alexkim/Desktop/Projects/ETL_Projects/redditviz/venv/lib/python3.12/site-packages/airflow/example_dags/example_latest_only_with_trigger.py for tasks to queue
[2024-07-28T14:07:30.467-0500] {logging_mixin.py:188} INFO - [2024-07-28T14:07:30.467-0500] {dagbag.py:545} INFO - Filling up the DagBag from /Users/alexkim/Desktop/Projects/ETL_Projects/redditviz/venv/lib/python3.12/site-packages/airflow/example_dags/example_latest_only_with_trigger.py
[2024-07-28T14:07:30.470-0500] {processor.py:840} INFO - DAG(s) 'latest_only_with_trigger' retrieved from /Users/alexkim/Desktop/Projects/ETL_Projects/redditviz/venv/lib/python3.12/site-packages/airflow/example_dags/example_latest_only_with_trigger.py
[2024-07-28T14:07:30.505-0500] {logging_mixin.py:188} INFO - [2024-07-28T14:07:30.505-0500] {dag.py:3089} INFO - Sync 1 DAGs
[2024-07-28T14:07:30.510-0500] {logging_mixin.py:188} INFO - [2024-07-28T14:07:30.510-0500] {dag.py:3947} INFO - Setting next_dagrun for latest_only_with_trigger to 2024-07-28 12:00:00+00:00, run_after=2024-07-28 16:00:00+00:00
[2024-07-28T14:07:30.516-0500] {processor.py:183} INFO - Processing /Users/alexkim/Desktop/Projects/ETL_Projects/redditviz/venv/lib/python3.12/site-packages/airflow/example_dags/example_latest_only_with_trigger.py took 0.051 seconds
[2024-07-28T14:09:27.875-0500] {processor.py:161} INFO - Started process (PID=33816) to work on /Users/alexkim/Desktop/Projects/ETL_Projects/redditviz/venv/lib/python3.12/site-packages/airflow/example_dags/example_latest_only_with_trigger.py
[2024-07-28T14:09:27.876-0500] {processor.py:830} INFO - Processing file /Users/alexkim/Desktop/Projects/ETL_Projects/redditviz/venv/lib/python3.12/site-packages/airflow/example_dags/example_latest_only_with_trigger.py for tasks to queue
[2024-07-28T14:09:27.876-0500] {logging_mixin.py:188} INFO - [2024-07-28T14:09:27.876-0500] {dagbag.py:545} INFO - Filling up the DagBag from /Users/alexkim/Desktop/Projects/ETL_Projects/redditviz/venv/lib/python3.12/site-packages/airflow/example_dags/example_latest_only_with_trigger.py
[2024-07-28T14:09:27.879-0500] {processor.py:840} INFO - DAG(s) 'latest_only_with_trigger' retrieved from /Users/alexkim/Desktop/Projects/ETL_Projects/redditviz/venv/lib/python3.12/site-packages/airflow/example_dags/example_latest_only_with_trigger.py
[2024-07-28T14:09:27.909-0500] {logging_mixin.py:188} INFO - [2024-07-28T14:09:27.908-0500] {dag.py:3089} INFO - Sync 1 DAGs
[2024-07-28T14:09:27.914-0500] {logging_mixin.py:188} INFO - [2024-07-28T14:09:27.914-0500] {dag.py:3947} INFO - Setting next_dagrun for latest_only_with_trigger to 2024-07-28 12:00:00+00:00, run_after=2024-07-28 16:00:00+00:00
[2024-07-28T14:09:27.920-0500] {processor.py:183} INFO - Processing /Users/alexkim/Desktop/Projects/ETL_Projects/redditviz/venv/lib/python3.12/site-packages/airflow/example_dags/example_latest_only_with_trigger.py took 0.046 seconds
[2024-07-28T14:11:30.034-0500] {processor.py:161} INFO - Started process (PID=33926) to work on /Users/alexkim/Desktop/Projects/ETL_Projects/redditviz/venv/lib/python3.12/site-packages/airflow/example_dags/example_latest_only_with_trigger.py
[2024-07-28T14:11:30.035-0500] {processor.py:830} INFO - Processing file /Users/alexkim/Desktop/Projects/ETL_Projects/redditviz/venv/lib/python3.12/site-packages/airflow/example_dags/example_latest_only_with_trigger.py for tasks to queue
[2024-07-28T14:11:30.035-0500] {logging_mixin.py:188} INFO - [2024-07-28T14:11:30.035-0500] {dagbag.py:545} INFO - Filling up the DagBag from /Users/alexkim/Desktop/Projects/ETL_Projects/redditviz/venv/lib/python3.12/site-packages/airflow/example_dags/example_latest_only_with_trigger.py
[2024-07-28T14:11:30.038-0500] {processor.py:840} INFO - DAG(s) 'latest_only_with_trigger' retrieved from /Users/alexkim/Desktop/Projects/ETL_Projects/redditviz/venv/lib/python3.12/site-packages/airflow/example_dags/example_latest_only_with_trigger.py
[2024-07-28T14:11:30.069-0500] {logging_mixin.py:188} INFO - [2024-07-28T14:11:30.069-0500] {dag.py:3089} INFO - Sync 1 DAGs
[2024-07-28T14:11:30.075-0500] {logging_mixin.py:188} INFO - [2024-07-28T14:11:30.075-0500] {dag.py:3947} INFO - Setting next_dagrun for latest_only_with_trigger to 2024-07-28 12:00:00+00:00, run_after=2024-07-28 16:00:00+00:00
[2024-07-28T14:11:30.081-0500] {processor.py:183} INFO - Processing /Users/alexkim/Desktop/Projects/ETL_Projects/redditviz/venv/lib/python3.12/site-packages/airflow/example_dags/example_latest_only_with_trigger.py took 0.047 seconds
[2024-07-28T14:13:28.327-0500] {processor.py:161} INFO - Started process (PID=34063) to work on /Users/alexkim/Desktop/Projects/ETL_Projects/redditviz/venv/lib/python3.12/site-packages/airflow/example_dags/example_latest_only_with_trigger.py
[2024-07-28T14:13:28.328-0500] {processor.py:830} INFO - Processing file /Users/alexkim/Desktop/Projects/ETL_Projects/redditviz/venv/lib/python3.12/site-packages/airflow/example_dags/example_latest_only_with_trigger.py for tasks to queue
[2024-07-28T14:13:28.328-0500] {logging_mixin.py:188} INFO - [2024-07-28T14:13:28.328-0500] {dagbag.py:545} INFO - Filling up the DagBag from /Users/alexkim/Desktop/Projects/ETL_Projects/redditviz/venv/lib/python3.12/site-packages/airflow/example_dags/example_latest_only_with_trigger.py
[2024-07-28T14:13:28.331-0500] {processor.py:840} INFO - DAG(s) 'latest_only_with_trigger' retrieved from /Users/alexkim/Desktop/Projects/ETL_Projects/redditviz/venv/lib/python3.12/site-packages/airflow/example_dags/example_latest_only_with_trigger.py
[2024-07-28T14:13:28.365-0500] {logging_mixin.py:188} INFO - [2024-07-28T14:13:28.365-0500] {dag.py:3089} INFO - Sync 1 DAGs
[2024-07-28T14:13:28.372-0500] {logging_mixin.py:188} INFO - [2024-07-28T14:13:28.372-0500] {dag.py:3947} INFO - Setting next_dagrun for latest_only_with_trigger to 2024-07-28 12:00:00+00:00, run_after=2024-07-28 16:00:00+00:00
[2024-07-28T14:13:28.378-0500] {processor.py:183} INFO - Processing /Users/alexkim/Desktop/Projects/ETL_Projects/redditviz/venv/lib/python3.12/site-packages/airflow/example_dags/example_latest_only_with_trigger.py took 0.051 seconds
