[2024-07-28T14:00:00.632-0500] {processor.py:161} INFO - Started process (PID=33164) to work on /Users/alexkim/Desktop/Projects/ETL_Projects/redditviz/venv/lib/python3.12/site-packages/airflow/example_dags/tutorial_taskflow_api.py
[2024-07-28T14:00:00.633-0500] {processor.py:830} INFO - Processing file /Users/alexkim/Desktop/Projects/ETL_Projects/redditviz/venv/lib/python3.12/site-packages/airflow/example_dags/tutorial_taskflow_api.py for tasks to queue
[2024-07-28T14:00:00.633-0500] {logging_mixin.py:188} INFO - [2024-07-28T14:00:00.633-0500] {dagbag.py:545} INFO - Filling up the DagBag from /Users/alexkim/Desktop/Projects/ETL_Projects/redditviz/venv/lib/python3.12/site-packages/airflow/example_dags/tutorial_taskflow_api.py
[2024-07-28T14:00:00.646-0500] {processor.py:840} INFO - DAG(s) 'tutorial_taskflow_api' retrieved from /Users/alexkim/Desktop/Projects/ETL_Projects/redditviz/venv/lib/python3.12/site-packages/airflow/example_dags/tutorial_taskflow_api.py
[2024-07-28T14:00:00.722-0500] {logging_mixin.py:188} INFO - [2024-07-28T14:00:00.722-0500] {override.py:1858} INFO - Created Permission View: can read on DAG:tutorial_taskflow_api
[2024-07-28T14:00:00.725-0500] {logging_mixin.py:188} INFO - [2024-07-28T14:00:00.725-0500] {override.py:1858} INFO - Created Permission View: can edit on DAG:tutorial_taskflow_api
[2024-07-28T14:00:00.726-0500] {logging_mixin.py:188} INFO - [2024-07-28T14:00:00.726-0500] {override.py:1858} INFO - Created Permission View: can delete on DAG:tutorial_taskflow_api
[2024-07-28T14:00:00.727-0500] {logging_mixin.py:188} INFO - [2024-07-28T14:00:00.727-0500] {dag.py:3089} INFO - Sync 1 DAGs
[2024-07-28T14:00:00.732-0500] {logging_mixin.py:188} INFO - [2024-07-28T14:00:00.732-0500] {dag.py:3111} INFO - Creating ORM DAG for tutorial_taskflow_api
[2024-07-28T14:00:00.733-0500] {logging_mixin.py:188} INFO - [2024-07-28T14:00:00.733-0500] {dag.py:3947} INFO - Setting next_dagrun for tutorial_taskflow_api to None, run_after=None
[2024-07-28T14:00:00.740-0500] {processor.py:183} INFO - Processing /Users/alexkim/Desktop/Projects/ETL_Projects/redditviz/venv/lib/python3.12/site-packages/airflow/example_dags/tutorial_taskflow_api.py took 0.109 seconds
[2024-07-28T14:01:29.065-0500] {processor.py:161} INFO - Started process (PID=33246) to work on /Users/alexkim/Desktop/Projects/ETL_Projects/redditviz/venv/lib/python3.12/site-packages/airflow/example_dags/tutorial_taskflow_api.py
[2024-07-28T14:01:29.065-0500] {processor.py:830} INFO - Processing file /Users/alexkim/Desktop/Projects/ETL_Projects/redditviz/venv/lib/python3.12/site-packages/airflow/example_dags/tutorial_taskflow_api.py for tasks to queue
[2024-07-28T14:01:29.066-0500] {logging_mixin.py:188} INFO - [2024-07-28T14:01:29.066-0500] {dagbag.py:545} INFO - Filling up the DagBag from /Users/alexkim/Desktop/Projects/ETL_Projects/redditviz/venv/lib/python3.12/site-packages/airflow/example_dags/tutorial_taskflow_api.py
[2024-07-28T14:01:29.080-0500] {processor.py:840} INFO - DAG(s) 'tutorial_taskflow_api' retrieved from /Users/alexkim/Desktop/Projects/ETL_Projects/redditviz/venv/lib/python3.12/site-packages/airflow/example_dags/tutorial_taskflow_api.py
[2024-07-28T14:01:29.114-0500] {logging_mixin.py:188} INFO - [2024-07-28T14:01:29.114-0500] {dag.py:3089} INFO - Sync 1 DAGs
[2024-07-28T14:01:29.117-0500] {logging_mixin.py:188} INFO - [2024-07-28T14:01:29.117-0500] {dag.py:3947} INFO - Setting next_dagrun for tutorial_taskflow_api to None, run_after=None
[2024-07-28T14:01:29.123-0500] {processor.py:183} INFO - Processing /Users/alexkim/Desktop/Projects/ETL_Projects/redditviz/venv/lib/python3.12/site-packages/airflow/example_dags/tutorial_taskflow_api.py took 0.059 seconds
[2024-07-28T14:02:24.559-0500] {processor.py:161} INFO - Started process (PID=33297) to work on /Users/alexkim/Desktop/Projects/ETL_Projects/redditviz/venv/lib/python3.12/site-packages/airflow/example_dags/tutorial_taskflow_api.py
[2024-07-28T14:02:24.560-0500] {processor.py:830} INFO - Processing file /Users/alexkim/Desktop/Projects/ETL_Projects/redditviz/venv/lib/python3.12/site-packages/airflow/example_dags/tutorial_taskflow_api.py for tasks to queue
[2024-07-28T14:02:24.560-0500] {logging_mixin.py:188} INFO - [2024-07-28T14:02:24.560-0500] {dagbag.py:545} INFO - Filling up the DagBag from /Users/alexkim/Desktop/Projects/ETL_Projects/redditviz/venv/lib/python3.12/site-packages/airflow/example_dags/tutorial_taskflow_api.py
[2024-07-28T14:02:24.572-0500] {processor.py:840} INFO - DAG(s) 'tutorial_taskflow_api' retrieved from /Users/alexkim/Desktop/Projects/ETL_Projects/redditviz/venv/lib/python3.12/site-packages/airflow/example_dags/tutorial_taskflow_api.py
[2024-07-28T14:02:24.601-0500] {logging_mixin.py:188} INFO - [2024-07-28T14:02:24.601-0500] {dag.py:3089} INFO - Sync 1 DAGs
[2024-07-28T14:02:24.603-0500] {logging_mixin.py:188} INFO - [2024-07-28T14:02:24.603-0500] {dag.py:3947} INFO - Setting next_dagrun for tutorial_taskflow_api to None, run_after=None
[2024-07-28T14:02:24.610-0500] {processor.py:183} INFO - Processing /Users/alexkim/Desktop/Projects/ETL_Projects/redditviz/venv/lib/python3.12/site-packages/airflow/example_dags/tutorial_taskflow_api.py took 0.052 seconds
[2024-07-28T14:03:12.402-0500] {processor.py:161} INFO - Started process (PID=33336) to work on /Users/alexkim/Desktop/Projects/ETL_Projects/redditviz/venv/lib/python3.12/site-packages/airflow/example_dags/tutorial_taskflow_api.py
[2024-07-28T14:03:12.402-0500] {processor.py:830} INFO - Processing file /Users/alexkim/Desktop/Projects/ETL_Projects/redditviz/venv/lib/python3.12/site-packages/airflow/example_dags/tutorial_taskflow_api.py for tasks to queue
[2024-07-28T14:03:12.403-0500] {logging_mixin.py:188} INFO - [2024-07-28T14:03:12.403-0500] {dagbag.py:545} INFO - Filling up the DagBag from /Users/alexkim/Desktop/Projects/ETL_Projects/redditviz/venv/lib/python3.12/site-packages/airflow/example_dags/tutorial_taskflow_api.py
[2024-07-28T14:03:12.416-0500] {processor.py:840} INFO - DAG(s) 'tutorial_taskflow_api' retrieved from /Users/alexkim/Desktop/Projects/ETL_Projects/redditviz/venv/lib/python3.12/site-packages/airflow/example_dags/tutorial_taskflow_api.py
[2024-07-28T14:03:12.446-0500] {logging_mixin.py:188} INFO - [2024-07-28T14:03:12.446-0500] {dag.py:3089} INFO - Sync 1 DAGs
[2024-07-28T14:03:12.449-0500] {logging_mixin.py:188} INFO - [2024-07-28T14:03:12.449-0500] {dag.py:3947} INFO - Setting next_dagrun for tutorial_taskflow_api to None, run_after=None
[2024-07-28T14:03:12.455-0500] {processor.py:183} INFO - Processing /Users/alexkim/Desktop/Projects/ETL_Projects/redditviz/venv/lib/python3.12/site-packages/airflow/example_dags/tutorial_taskflow_api.py took 0.054 seconds
[2024-07-28T14:04:00.106-0500] {processor.py:161} INFO - Started process (PID=33382) to work on /Users/alexkim/Desktop/Projects/ETL_Projects/redditviz/venv/lib/python3.12/site-packages/airflow/example_dags/tutorial_taskflow_api.py
[2024-07-28T14:04:00.107-0500] {processor.py:830} INFO - Processing file /Users/alexkim/Desktop/Projects/ETL_Projects/redditviz/venv/lib/python3.12/site-packages/airflow/example_dags/tutorial_taskflow_api.py for tasks to queue
[2024-07-28T14:04:00.107-0500] {logging_mixin.py:188} INFO - [2024-07-28T14:04:00.107-0500] {dagbag.py:545} INFO - Filling up the DagBag from /Users/alexkim/Desktop/Projects/ETL_Projects/redditviz/venv/lib/python3.12/site-packages/airflow/example_dags/tutorial_taskflow_api.py
[2024-07-28T14:04:00.121-0500] {processor.py:840} INFO - DAG(s) 'tutorial_taskflow_api' retrieved from /Users/alexkim/Desktop/Projects/ETL_Projects/redditviz/venv/lib/python3.12/site-packages/airflow/example_dags/tutorial_taskflow_api.py
[2024-07-28T14:04:00.153-0500] {logging_mixin.py:188} INFO - [2024-07-28T14:04:00.153-0500] {dag.py:3089} INFO - Sync 1 DAGs
[2024-07-28T14:04:00.156-0500] {logging_mixin.py:188} INFO - [2024-07-28T14:04:00.156-0500] {dag.py:3947} INFO - Setting next_dagrun for tutorial_taskflow_api to None, run_after=None
[2024-07-28T14:04:00.162-0500] {processor.py:183} INFO - Processing /Users/alexkim/Desktop/Projects/ETL_Projects/redditviz/venv/lib/python3.12/site-packages/airflow/example_dags/tutorial_taskflow_api.py took 0.057 seconds
[2024-07-28T14:04:50.203-0500] {processor.py:161} INFO - Started process (PID=33435) to work on /Users/alexkim/Desktop/Projects/ETL_Projects/redditviz/venv/lib/python3.12/site-packages/airflow/example_dags/tutorial_taskflow_api.py
[2024-07-28T14:04:50.203-0500] {processor.py:830} INFO - Processing file /Users/alexkim/Desktop/Projects/ETL_Projects/redditviz/venv/lib/python3.12/site-packages/airflow/example_dags/tutorial_taskflow_api.py for tasks to queue
[2024-07-28T14:04:50.204-0500] {logging_mixin.py:188} INFO - [2024-07-28T14:04:50.203-0500] {dagbag.py:545} INFO - Filling up the DagBag from /Users/alexkim/Desktop/Projects/ETL_Projects/redditviz/venv/lib/python3.12/site-packages/airflow/example_dags/tutorial_taskflow_api.py
[2024-07-28T14:04:50.216-0500] {processor.py:840} INFO - DAG(s) 'tutorial_taskflow_api' retrieved from /Users/alexkim/Desktop/Projects/ETL_Projects/redditviz/venv/lib/python3.12/site-packages/airflow/example_dags/tutorial_taskflow_api.py
[2024-07-28T14:04:50.249-0500] {logging_mixin.py:188} INFO - [2024-07-28T14:04:50.249-0500] {dag.py:3089} INFO - Sync 1 DAGs
[2024-07-28T14:04:50.251-0500] {logging_mixin.py:188} INFO - [2024-07-28T14:04:50.251-0500] {dag.py:3947} INFO - Setting next_dagrun for tutorial_taskflow_api to None, run_after=None
[2024-07-28T14:04:50.257-0500] {processor.py:183} INFO - Processing /Users/alexkim/Desktop/Projects/ETL_Projects/redditviz/venv/lib/python3.12/site-packages/airflow/example_dags/tutorial_taskflow_api.py took 0.055 seconds
[2024-07-28T14:05:46.284-0500] {processor.py:161} INFO - Started process (PID=33555) to work on /Users/alexkim/Desktop/Projects/ETL_Projects/redditviz/venv/lib/python3.12/site-packages/airflow/example_dags/tutorial_taskflow_api.py
[2024-07-28T14:05:46.285-0500] {processor.py:830} INFO - Processing file /Users/alexkim/Desktop/Projects/ETL_Projects/redditviz/venv/lib/python3.12/site-packages/airflow/example_dags/tutorial_taskflow_api.py for tasks to queue
[2024-07-28T14:05:46.285-0500] {logging_mixin.py:188} INFO - [2024-07-28T14:05:46.285-0500] {dagbag.py:545} INFO - Filling up the DagBag from /Users/alexkim/Desktop/Projects/ETL_Projects/redditviz/venv/lib/python3.12/site-packages/airflow/example_dags/tutorial_taskflow_api.py
[2024-07-28T14:05:46.298-0500] {processor.py:840} INFO - DAG(s) 'tutorial_taskflow_api' retrieved from /Users/alexkim/Desktop/Projects/ETL_Projects/redditviz/venv/lib/python3.12/site-packages/airflow/example_dags/tutorial_taskflow_api.py
[2024-07-28T14:05:46.330-0500] {logging_mixin.py:188} INFO - [2024-07-28T14:05:46.330-0500] {dag.py:3089} INFO - Sync 1 DAGs
[2024-07-28T14:05:46.333-0500] {logging_mixin.py:188} INFO - [2024-07-28T14:05:46.333-0500] {dag.py:3947} INFO - Setting next_dagrun for tutorial_taskflow_api to None, run_after=None
[2024-07-28T14:05:46.339-0500] {processor.py:183} INFO - Processing /Users/alexkim/Desktop/Projects/ETL_Projects/redditviz/venv/lib/python3.12/site-packages/airflow/example_dags/tutorial_taskflow_api.py took 0.056 seconds
[2024-07-28T14:06:44.746-0500] {processor.py:161} INFO - Started process (PID=33610) to work on /Users/alexkim/Desktop/Projects/ETL_Projects/redditviz/venv/lib/python3.12/site-packages/airflow/example_dags/tutorial_taskflow_api.py
[2024-07-28T14:06:44.747-0500] {processor.py:830} INFO - Processing file /Users/alexkim/Desktop/Projects/ETL_Projects/redditviz/venv/lib/python3.12/site-packages/airflow/example_dags/tutorial_taskflow_api.py for tasks to queue
[2024-07-28T14:06:44.748-0500] {logging_mixin.py:188} INFO - [2024-07-28T14:06:44.748-0500] {dagbag.py:545} INFO - Filling up the DagBag from /Users/alexkim/Desktop/Projects/ETL_Projects/redditviz/venv/lib/python3.12/site-packages/airflow/example_dags/tutorial_taskflow_api.py
[2024-07-28T14:06:44.761-0500] {processor.py:840} INFO - DAG(s) 'tutorial_taskflow_api' retrieved from /Users/alexkim/Desktop/Projects/ETL_Projects/redditviz/venv/lib/python3.12/site-packages/airflow/example_dags/tutorial_taskflow_api.py
[2024-07-28T14:06:44.792-0500] {logging_mixin.py:188} INFO - [2024-07-28T14:06:44.792-0500] {dag.py:3089} INFO - Sync 1 DAGs
[2024-07-28T14:06:44.795-0500] {logging_mixin.py:188} INFO - [2024-07-28T14:06:44.795-0500] {dag.py:3947} INFO - Setting next_dagrun for tutorial_taskflow_api to None, run_after=None
[2024-07-28T14:06:44.801-0500] {processor.py:183} INFO - Processing /Users/alexkim/Desktop/Projects/ETL_Projects/redditviz/venv/lib/python3.12/site-packages/airflow/example_dags/tutorial_taskflow_api.py took 0.056 seconds
[2024-07-28T14:07:46.152-0500] {processor.py:161} INFO - Started process (PID=33700) to work on /Users/alexkim/Desktop/Projects/ETL_Projects/redditviz/venv/lib/python3.12/site-packages/airflow/example_dags/tutorial_taskflow_api.py
[2024-07-28T14:07:46.153-0500] {processor.py:830} INFO - Processing file /Users/alexkim/Desktop/Projects/ETL_Projects/redditviz/venv/lib/python3.12/site-packages/airflow/example_dags/tutorial_taskflow_api.py for tasks to queue
[2024-07-28T14:07:46.153-0500] {logging_mixin.py:188} INFO - [2024-07-28T14:07:46.153-0500] {dagbag.py:545} INFO - Filling up the DagBag from /Users/alexkim/Desktop/Projects/ETL_Projects/redditviz/venv/lib/python3.12/site-packages/airflow/example_dags/tutorial_taskflow_api.py
[2024-07-28T14:07:46.166-0500] {processor.py:840} INFO - DAG(s) 'tutorial_taskflow_api' retrieved from /Users/alexkim/Desktop/Projects/ETL_Projects/redditviz/venv/lib/python3.12/site-packages/airflow/example_dags/tutorial_taskflow_api.py
[2024-07-28T14:07:46.198-0500] {logging_mixin.py:188} INFO - [2024-07-28T14:07:46.198-0500] {dag.py:3089} INFO - Sync 1 DAGs
[2024-07-28T14:07:46.216-0500] {logging_mixin.py:188} INFO - [2024-07-28T14:07:46.216-0500] {dag.py:3947} INFO - Setting next_dagrun for tutorial_taskflow_api to None, run_after=None
[2024-07-28T14:07:46.222-0500] {processor.py:183} INFO - Processing /Users/alexkim/Desktop/Projects/ETL_Projects/redditviz/venv/lib/python3.12/site-packages/airflow/example_dags/tutorial_taskflow_api.py took 0.071 seconds
[2024-07-28T14:08:45.341-0500] {processor.py:161} INFO - Started process (PID=33738) to work on /Users/alexkim/Desktop/Projects/ETL_Projects/redditviz/venv/lib/python3.12/site-packages/airflow/example_dags/tutorial_taskflow_api.py
[2024-07-28T14:08:45.341-0500] {processor.py:830} INFO - Processing file /Users/alexkim/Desktop/Projects/ETL_Projects/redditviz/venv/lib/python3.12/site-packages/airflow/example_dags/tutorial_taskflow_api.py for tasks to queue
[2024-07-28T14:08:45.342-0500] {logging_mixin.py:188} INFO - [2024-07-28T14:08:45.342-0500] {dagbag.py:545} INFO - Filling up the DagBag from /Users/alexkim/Desktop/Projects/ETL_Projects/redditviz/venv/lib/python3.12/site-packages/airflow/example_dags/tutorial_taskflow_api.py
[2024-07-28T14:08:45.355-0500] {processor.py:840} INFO - DAG(s) 'tutorial_taskflow_api' retrieved from /Users/alexkim/Desktop/Projects/ETL_Projects/redditviz/venv/lib/python3.12/site-packages/airflow/example_dags/tutorial_taskflow_api.py
[2024-07-28T14:08:45.389-0500] {logging_mixin.py:188} INFO - [2024-07-28T14:08:45.389-0500] {dag.py:3089} INFO - Sync 1 DAGs
[2024-07-28T14:08:45.392-0500] {logging_mixin.py:188} INFO - [2024-07-28T14:08:45.392-0500] {dag.py:3947} INFO - Setting next_dagrun for tutorial_taskflow_api to None, run_after=None
[2024-07-28T14:08:45.399-0500] {processor.py:183} INFO - Processing /Users/alexkim/Desktop/Projects/ETL_Projects/redditviz/venv/lib/python3.12/site-packages/airflow/example_dags/tutorial_taskflow_api.py took 0.059 seconds
[2024-07-28T14:09:42.824-0500] {processor.py:161} INFO - Started process (PID=33827) to work on /Users/alexkim/Desktop/Projects/ETL_Projects/redditviz/venv/lib/python3.12/site-packages/airflow/example_dags/tutorial_taskflow_api.py
[2024-07-28T14:09:42.825-0500] {processor.py:830} INFO - Processing file /Users/alexkim/Desktop/Projects/ETL_Projects/redditviz/venv/lib/python3.12/site-packages/airflow/example_dags/tutorial_taskflow_api.py for tasks to queue
[2024-07-28T14:09:42.825-0500] {logging_mixin.py:188} INFO - [2024-07-28T14:09:42.825-0500] {dagbag.py:545} INFO - Filling up the DagBag from /Users/alexkim/Desktop/Projects/ETL_Projects/redditviz/venv/lib/python3.12/site-packages/airflow/example_dags/tutorial_taskflow_api.py
[2024-07-28T14:09:42.845-0500] {processor.py:840} INFO - DAG(s) 'tutorial_taskflow_api' retrieved from /Users/alexkim/Desktop/Projects/ETL_Projects/redditviz/venv/lib/python3.12/site-packages/airflow/example_dags/tutorial_taskflow_api.py
[2024-07-28T14:09:42.881-0500] {logging_mixin.py:188} INFO - [2024-07-28T14:09:42.881-0500] {dag.py:3089} INFO - Sync 1 DAGs
[2024-07-28T14:09:42.884-0500] {logging_mixin.py:188} INFO - [2024-07-28T14:09:42.884-0500] {dag.py:3947} INFO - Setting next_dagrun for tutorial_taskflow_api to None, run_after=None
[2024-07-28T14:09:42.890-0500] {processor.py:183} INFO - Processing /Users/alexkim/Desktop/Projects/ETL_Projects/redditviz/venv/lib/python3.12/site-packages/airflow/example_dags/tutorial_taskflow_api.py took 0.067 seconds
[2024-07-28T14:10:42.947-0500] {processor.py:161} INFO - Started process (PID=33880) to work on /Users/alexkim/Desktop/Projects/ETL_Projects/redditviz/venv/lib/python3.12/site-packages/airflow/example_dags/tutorial_taskflow_api.py
[2024-07-28T14:10:42.948-0500] {processor.py:830} INFO - Processing file /Users/alexkim/Desktop/Projects/ETL_Projects/redditviz/venv/lib/python3.12/site-packages/airflow/example_dags/tutorial_taskflow_api.py for tasks to queue
[2024-07-28T14:10:42.948-0500] {logging_mixin.py:188} INFO - [2024-07-28T14:10:42.948-0500] {dagbag.py:545} INFO - Filling up the DagBag from /Users/alexkim/Desktop/Projects/ETL_Projects/redditviz/venv/lib/python3.12/site-packages/airflow/example_dags/tutorial_taskflow_api.py
[2024-07-28T14:10:42.975-0500] {processor.py:840} INFO - DAG(s) 'tutorial_taskflow_api' retrieved from /Users/alexkim/Desktop/Projects/ETL_Projects/redditviz/venv/lib/python3.12/site-packages/airflow/example_dags/tutorial_taskflow_api.py
[2024-07-28T14:10:43.022-0500] {logging_mixin.py:188} INFO - [2024-07-28T14:10:43.022-0500] {dag.py:3089} INFO - Sync 1 DAGs
[2024-07-28T14:10:43.026-0500] {logging_mixin.py:188} INFO - [2024-07-28T14:10:43.026-0500] {dag.py:3947} INFO - Setting next_dagrun for tutorial_taskflow_api to None, run_after=None
[2024-07-28T14:10:43.034-0500] {processor.py:183} INFO - Processing /Users/alexkim/Desktop/Projects/ETL_Projects/redditviz/venv/lib/python3.12/site-packages/airflow/example_dags/tutorial_taskflow_api.py took 0.089 seconds
[2024-07-28T14:11:42.671-0500] {processor.py:161} INFO - Started process (PID=33937) to work on /Users/alexkim/Desktop/Projects/ETL_Projects/redditviz/venv/lib/python3.12/site-packages/airflow/example_dags/tutorial_taskflow_api.py
[2024-07-28T14:11:42.671-0500] {processor.py:830} INFO - Processing file /Users/alexkim/Desktop/Projects/ETL_Projects/redditviz/venv/lib/python3.12/site-packages/airflow/example_dags/tutorial_taskflow_api.py for tasks to queue
[2024-07-28T14:11:42.671-0500] {logging_mixin.py:188} INFO - [2024-07-28T14:11:42.671-0500] {dagbag.py:545} INFO - Filling up the DagBag from /Users/alexkim/Desktop/Projects/ETL_Projects/redditviz/venv/lib/python3.12/site-packages/airflow/example_dags/tutorial_taskflow_api.py
[2024-07-28T14:11:42.685-0500] {processor.py:840} INFO - DAG(s) 'tutorial_taskflow_api' retrieved from /Users/alexkim/Desktop/Projects/ETL_Projects/redditviz/venv/lib/python3.12/site-packages/airflow/example_dags/tutorial_taskflow_api.py
[2024-07-28T14:11:42.717-0500] {logging_mixin.py:188} INFO - [2024-07-28T14:11:42.717-0500] {dag.py:3089} INFO - Sync 1 DAGs
[2024-07-28T14:11:42.720-0500] {logging_mixin.py:188} INFO - [2024-07-28T14:11:42.720-0500] {dag.py:3947} INFO - Setting next_dagrun for tutorial_taskflow_api to None, run_after=None
[2024-07-28T14:11:42.726-0500] {processor.py:183} INFO - Processing /Users/alexkim/Desktop/Projects/ETL_Projects/redditviz/venv/lib/python3.12/site-packages/airflow/example_dags/tutorial_taskflow_api.py took 0.056 seconds
[2024-07-28T14:12:41.810-0500] {processor.py:161} INFO - Started process (PID=34002) to work on /Users/alexkim/Desktop/Projects/ETL_Projects/redditviz/venv/lib/python3.12/site-packages/airflow/example_dags/tutorial_taskflow_api.py
[2024-07-28T14:12:41.811-0500] {processor.py:830} INFO - Processing file /Users/alexkim/Desktop/Projects/ETL_Projects/redditviz/venv/lib/python3.12/site-packages/airflow/example_dags/tutorial_taskflow_api.py for tasks to queue
[2024-07-28T14:12:41.811-0500] {logging_mixin.py:188} INFO - [2024-07-28T14:12:41.811-0500] {dagbag.py:545} INFO - Filling up the DagBag from /Users/alexkim/Desktop/Projects/ETL_Projects/redditviz/venv/lib/python3.12/site-packages/airflow/example_dags/tutorial_taskflow_api.py
[2024-07-28T14:12:41.826-0500] {processor.py:840} INFO - DAG(s) 'tutorial_taskflow_api' retrieved from /Users/alexkim/Desktop/Projects/ETL_Projects/redditviz/venv/lib/python3.12/site-packages/airflow/example_dags/tutorial_taskflow_api.py
[2024-07-28T14:12:41.868-0500] {logging_mixin.py:188} INFO - [2024-07-28T14:12:41.867-0500] {dag.py:3089} INFO - Sync 1 DAGs
[2024-07-28T14:12:41.872-0500] {logging_mixin.py:188} INFO - [2024-07-28T14:12:41.872-0500] {dag.py:3947} INFO - Setting next_dagrun for tutorial_taskflow_api to None, run_after=None
[2024-07-28T14:12:41.880-0500] {processor.py:183} INFO - Processing /Users/alexkim/Desktop/Projects/ETL_Projects/redditviz/venv/lib/python3.12/site-packages/airflow/example_dags/tutorial_taskflow_api.py took 0.071 seconds
[2024-07-28T14:13:42.250-0500] {processor.py:161} INFO - Started process (PID=34081) to work on /Users/alexkim/Desktop/Projects/ETL_Projects/redditviz/venv/lib/python3.12/site-packages/airflow/example_dags/tutorial_taskflow_api.py
[2024-07-28T14:13:42.251-0500] {processor.py:830} INFO - Processing file /Users/alexkim/Desktop/Projects/ETL_Projects/redditviz/venv/lib/python3.12/site-packages/airflow/example_dags/tutorial_taskflow_api.py for tasks to queue
[2024-07-28T14:13:42.251-0500] {logging_mixin.py:188} INFO - [2024-07-28T14:13:42.251-0500] {dagbag.py:545} INFO - Filling up the DagBag from /Users/alexkim/Desktop/Projects/ETL_Projects/redditviz/venv/lib/python3.12/site-packages/airflow/example_dags/tutorial_taskflow_api.py
[2024-07-28T14:13:42.266-0500] {processor.py:840} INFO - DAG(s) 'tutorial_taskflow_api' retrieved from /Users/alexkim/Desktop/Projects/ETL_Projects/redditviz/venv/lib/python3.12/site-packages/airflow/example_dags/tutorial_taskflow_api.py
[2024-07-28T14:13:42.302-0500] {logging_mixin.py:188} INFO - [2024-07-28T14:13:42.302-0500] {dag.py:3089} INFO - Sync 1 DAGs
[2024-07-28T14:13:42.305-0500] {logging_mixin.py:188} INFO - [2024-07-28T14:13:42.305-0500] {dag.py:3947} INFO - Setting next_dagrun for tutorial_taskflow_api to None, run_after=None
[2024-07-28T14:13:42.312-0500] {processor.py:183} INFO - Processing /Users/alexkim/Desktop/Projects/ETL_Projects/redditviz/venv/lib/python3.12/site-packages/airflow/example_dags/tutorial_taskflow_api.py took 0.062 seconds
[2024-07-28T14:14:43.136-0500] {processor.py:161} INFO - Started process (PID=34159) to work on /Users/alexkim/Desktop/Projects/ETL_Projects/redditviz/venv/lib/python3.12/site-packages/airflow/example_dags/tutorial_taskflow_api.py
[2024-07-28T14:14:43.137-0500] {processor.py:830} INFO - Processing file /Users/alexkim/Desktop/Projects/ETL_Projects/redditviz/venv/lib/python3.12/site-packages/airflow/example_dags/tutorial_taskflow_api.py for tasks to queue
[2024-07-28T14:14:43.137-0500] {logging_mixin.py:188} INFO - [2024-07-28T14:14:43.137-0500] {dagbag.py:545} INFO - Filling up the DagBag from /Users/alexkim/Desktop/Projects/ETL_Projects/redditviz/venv/lib/python3.12/site-packages/airflow/example_dags/tutorial_taskflow_api.py
[2024-07-28T14:14:43.153-0500] {processor.py:840} INFO - DAG(s) 'tutorial_taskflow_api' retrieved from /Users/alexkim/Desktop/Projects/ETL_Projects/redditviz/venv/lib/python3.12/site-packages/airflow/example_dags/tutorial_taskflow_api.py
[2024-07-28T14:14:43.191-0500] {logging_mixin.py:188} INFO - [2024-07-28T14:14:43.191-0500] {dag.py:3089} INFO - Sync 1 DAGs
[2024-07-28T14:14:43.194-0500] {logging_mixin.py:188} INFO - [2024-07-28T14:14:43.194-0500] {dag.py:3947} INFO - Setting next_dagrun for tutorial_taskflow_api to None, run_after=None
[2024-07-28T14:14:43.201-0500] {processor.py:183} INFO - Processing /Users/alexkim/Desktop/Projects/ETL_Projects/redditviz/venv/lib/python3.12/site-packages/airflow/example_dags/tutorial_taskflow_api.py took 0.066 seconds
[2024-07-28T14:34:51.284-0500] {processor.py:161} INFO - Started process (PID=1497) to work on /Users/alexkim/Desktop/Projects/ETL_Projects/redditviz/venv/lib/python3.12/site-packages/airflow/example_dags/tutorial_taskflow_api.py
[2024-07-28T14:34:51.285-0500] {processor.py:830} INFO - Processing file /Users/alexkim/Desktop/Projects/ETL_Projects/redditviz/venv/lib/python3.12/site-packages/airflow/example_dags/tutorial_taskflow_api.py for tasks to queue
[2024-07-28T14:34:51.286-0500] {logging_mixin.py:188} INFO - [2024-07-28T14:34:51.286-0500] {dagbag.py:545} INFO - Filling up the DagBag from /Users/alexkim/Desktop/Projects/ETL_Projects/redditviz/venv/lib/python3.12/site-packages/airflow/example_dags/tutorial_taskflow_api.py
[2024-07-28T14:34:51.298-0500] {processor.py:840} INFO - DAG(s) 'tutorial_taskflow_api' retrieved from /Users/alexkim/Desktop/Projects/ETL_Projects/redditviz/venv/lib/python3.12/site-packages/airflow/example_dags/tutorial_taskflow_api.py
[2024-07-28T14:34:51.361-0500] {logging_mixin.py:188} INFO - [2024-07-28T14:34:51.361-0500] {override.py:1858} INFO - Created Permission View: can delete on DAG:tutorial_taskflow_api
[2024-07-28T14:34:51.364-0500] {logging_mixin.py:188} INFO - [2024-07-28T14:34:51.363-0500] {override.py:1858} INFO - Created Permission View: can read on DAG:tutorial_taskflow_api
[2024-07-28T14:34:51.365-0500] {logging_mixin.py:188} INFO - [2024-07-28T14:34:51.365-0500] {override.py:1858} INFO - Created Permission View: can edit on DAG:tutorial_taskflow_api
[2024-07-28T14:34:51.366-0500] {logging_mixin.py:188} INFO - [2024-07-28T14:34:51.366-0500] {dag.py:3089} INFO - Sync 1 DAGs
[2024-07-28T14:34:51.369-0500] {logging_mixin.py:188} INFO - [2024-07-28T14:34:51.369-0500] {dag.py:3111} INFO - Creating ORM DAG for tutorial_taskflow_api
[2024-07-28T14:34:51.370-0500] {logging_mixin.py:188} INFO - [2024-07-28T14:34:51.370-0500] {dag.py:3947} INFO - Setting next_dagrun for tutorial_taskflow_api to None, run_after=None
[2024-07-28T14:34:51.375-0500] {processor.py:183} INFO - Processing /Users/alexkim/Desktop/Projects/ETL_Projects/redditviz/venv/lib/python3.12/site-packages/airflow/example_dags/tutorial_taskflow_api.py took 0.092 seconds
