[2024-07-28T14:00:01.788-0500] {processor.py:161} INFO - Started process (PID=33165) to work on /Users/alexkim/Desktop/Projects/ETL_Projects/redditviz/venv/lib/python3.12/site-packages/airflow/example_dags/tutorial_objectstorage.py
[2024-07-28T14:00:01.788-0500] {processor.py:830} INFO - Processing file /Users/alexkim/Desktop/Projects/ETL_Projects/redditviz/venv/lib/python3.12/site-packages/airflow/example_dags/tutorial_objectstorage.py for tasks to queue
[2024-07-28T14:00:01.788-0500] {logging_mixin.py:188} INFO - [2024-07-28T14:00:01.788-0500] {dagbag.py:545} INFO - Filling up the DagBag from /Users/alexkim/Desktop/Projects/ETL_Projects/redditviz/venv/lib/python3.12/site-packages/airflow/example_dags/tutorial_objectstorage.py
[2024-07-28T14:00:01.813-0500] {processor.py:840} INFO - DAG(s) 'tutorial_objectstorage' retrieved from /Users/alexkim/Desktop/Projects/ETL_Projects/redditviz/venv/lib/python3.12/site-packages/airflow/example_dags/tutorial_objectstorage.py
[2024-07-28T14:00:01.872-0500] {logging_mixin.py:188} INFO - [2024-07-28T14:00:01.872-0500] {override.py:1858} INFO - Created Permission View: can read on DAG:tutorial_objectstorage
[2024-07-28T14:00:01.875-0500] {logging_mixin.py:188} INFO - [2024-07-28T14:00:01.875-0500] {override.py:1858} INFO - Created Permission View: can edit on DAG:tutorial_objectstorage
[2024-07-28T14:00:01.877-0500] {logging_mixin.py:188} INFO - [2024-07-28T14:00:01.877-0500] {override.py:1858} INFO - Created Permission View: can delete on DAG:tutorial_objectstorage
[2024-07-28T14:00:01.877-0500] {logging_mixin.py:188} INFO - [2024-07-28T14:00:01.877-0500] {dag.py:3089} INFO - Sync 1 DAGs
[2024-07-28T14:00:01.880-0500] {logging_mixin.py:188} INFO - [2024-07-28T14:00:01.880-0500] {dag.py:3111} INFO - Creating ORM DAG for tutorial_objectstorage
[2024-07-28T14:00:01.880-0500] {logging_mixin.py:188} INFO - [2024-07-28T14:00:01.880-0500] {dag.py:3947} INFO - Setting next_dagrun for tutorial_objectstorage to None, run_after=None
[2024-07-28T14:00:01.885-0500] {processor.py:183} INFO - Processing /Users/alexkim/Desktop/Projects/ETL_Projects/redditviz/venv/lib/python3.12/site-packages/airflow/example_dags/tutorial_objectstorage.py took 0.099 seconds
[2024-07-28T14:01:31.440-0500] {processor.py:161} INFO - Started process (PID=33247) to work on /Users/alexkim/Desktop/Projects/ETL_Projects/redditviz/venv/lib/python3.12/site-packages/airflow/example_dags/tutorial_objectstorage.py
[2024-07-28T14:01:31.443-0500] {processor.py:830} INFO - Processing file /Users/alexkim/Desktop/Projects/ETL_Projects/redditviz/venv/lib/python3.12/site-packages/airflow/example_dags/tutorial_objectstorage.py for tasks to queue
[2024-07-28T14:01:31.444-0500] {logging_mixin.py:188} INFO - [2024-07-28T14:01:31.444-0500] {dagbag.py:545} INFO - Filling up the DagBag from /Users/alexkim/Desktop/Projects/ETL_Projects/redditviz/venv/lib/python3.12/site-packages/airflow/example_dags/tutorial_objectstorage.py
[2024-07-28T14:01:31.565-0500] {processor.py:840} INFO - DAG(s) 'tutorial_objectstorage' retrieved from /Users/alexkim/Desktop/Projects/ETL_Projects/redditviz/venv/lib/python3.12/site-packages/airflow/example_dags/tutorial_objectstorage.py
[2024-07-28T14:01:31.597-0500] {logging_mixin.py:188} INFO - [2024-07-28T14:01:31.596-0500] {dag.py:3089} INFO - Sync 1 DAGs
[2024-07-28T14:01:31.600-0500] {logging_mixin.py:188} INFO - [2024-07-28T14:01:31.600-0500] {dag.py:3947} INFO - Setting next_dagrun for tutorial_objectstorage to None, run_after=None
[2024-07-28T14:01:31.606-0500] {processor.py:183} INFO - Processing /Users/alexkim/Desktop/Projects/ETL_Projects/redditviz/venv/lib/python3.12/site-packages/airflow/example_dags/tutorial_objectstorage.py took 0.168 seconds
[2024-07-28T14:02:26.026-0500] {processor.py:161} INFO - Started process (PID=33299) to work on /Users/alexkim/Desktop/Projects/ETL_Projects/redditviz/venv/lib/python3.12/site-packages/airflow/example_dags/tutorial_objectstorage.py
[2024-07-28T14:02:26.027-0500] {processor.py:830} INFO - Processing file /Users/alexkim/Desktop/Projects/ETL_Projects/redditviz/venv/lib/python3.12/site-packages/airflow/example_dags/tutorial_objectstorage.py for tasks to queue
[2024-07-28T14:02:26.027-0500] {logging_mixin.py:188} INFO - [2024-07-28T14:02:26.027-0500] {dagbag.py:545} INFO - Filling up the DagBag from /Users/alexkim/Desktop/Projects/ETL_Projects/redditviz/venv/lib/python3.12/site-packages/airflow/example_dags/tutorial_objectstorage.py
[2024-07-28T14:02:26.056-0500] {processor.py:840} INFO - DAG(s) 'tutorial_objectstorage' retrieved from /Users/alexkim/Desktop/Projects/ETL_Projects/redditviz/venv/lib/python3.12/site-packages/airflow/example_dags/tutorial_objectstorage.py
[2024-07-28T14:02:26.086-0500] {logging_mixin.py:188} INFO - [2024-07-28T14:02:26.086-0500] {dag.py:3089} INFO - Sync 1 DAGs
[2024-07-28T14:02:26.089-0500] {logging_mixin.py:188} INFO - [2024-07-28T14:02:26.089-0500] {dag.py:3947} INFO - Setting next_dagrun for tutorial_objectstorage to None, run_after=None
[2024-07-28T14:02:26.095-0500] {processor.py:183} INFO - Processing /Users/alexkim/Desktop/Projects/ETL_Projects/redditviz/venv/lib/python3.12/site-packages/airflow/example_dags/tutorial_objectstorage.py took 0.069 seconds
[2024-07-28T14:03:14.067-0500] {processor.py:161} INFO - Started process (PID=33337) to work on /Users/alexkim/Desktop/Projects/ETL_Projects/redditviz/venv/lib/python3.12/site-packages/airflow/example_dags/tutorial_objectstorage.py
[2024-07-28T14:03:14.068-0500] {processor.py:830} INFO - Processing file /Users/alexkim/Desktop/Projects/ETL_Projects/redditviz/venv/lib/python3.12/site-packages/airflow/example_dags/tutorial_objectstorage.py for tasks to queue
[2024-07-28T14:03:14.068-0500] {logging_mixin.py:188} INFO - [2024-07-28T14:03:14.068-0500] {dagbag.py:545} INFO - Filling up the DagBag from /Users/alexkim/Desktop/Projects/ETL_Projects/redditviz/venv/lib/python3.12/site-packages/airflow/example_dags/tutorial_objectstorage.py
[2024-07-28T14:03:14.097-0500] {processor.py:840} INFO - DAG(s) 'tutorial_objectstorage' retrieved from /Users/alexkim/Desktop/Projects/ETL_Projects/redditviz/venv/lib/python3.12/site-packages/airflow/example_dags/tutorial_objectstorage.py
[2024-07-28T14:03:14.125-0500] {logging_mixin.py:188} INFO - [2024-07-28T14:03:14.125-0500] {dag.py:3089} INFO - Sync 1 DAGs
[2024-07-28T14:03:14.129-0500] {logging_mixin.py:188} INFO - [2024-07-28T14:03:14.129-0500] {dag.py:3947} INFO - Setting next_dagrun for tutorial_objectstorage to None, run_after=None
[2024-07-28T14:03:14.134-0500] {processor.py:183} INFO - Processing /Users/alexkim/Desktop/Projects/ETL_Projects/redditviz/venv/lib/python3.12/site-packages/airflow/example_dags/tutorial_objectstorage.py took 0.068 seconds
[2024-07-28T14:04:01.936-0500] {processor.py:161} INFO - Started process (PID=33387) to work on /Users/alexkim/Desktop/Projects/ETL_Projects/redditviz/venv/lib/python3.12/site-packages/airflow/example_dags/tutorial_objectstorage.py
[2024-07-28T14:04:01.937-0500] {processor.py:830} INFO - Processing file /Users/alexkim/Desktop/Projects/ETL_Projects/redditviz/venv/lib/python3.12/site-packages/airflow/example_dags/tutorial_objectstorage.py for tasks to queue
[2024-07-28T14:04:01.937-0500] {logging_mixin.py:188} INFO - [2024-07-28T14:04:01.937-0500] {dagbag.py:545} INFO - Filling up the DagBag from /Users/alexkim/Desktop/Projects/ETL_Projects/redditviz/venv/lib/python3.12/site-packages/airflow/example_dags/tutorial_objectstorage.py
[2024-07-28T14:04:01.967-0500] {processor.py:840} INFO - DAG(s) 'tutorial_objectstorage' retrieved from /Users/alexkim/Desktop/Projects/ETL_Projects/redditviz/venv/lib/python3.12/site-packages/airflow/example_dags/tutorial_objectstorage.py
[2024-07-28T14:04:01.996-0500] {logging_mixin.py:188} INFO - [2024-07-28T14:04:01.996-0500] {dag.py:3089} INFO - Sync 1 DAGs
[2024-07-28T14:04:02.000-0500] {logging_mixin.py:188} INFO - [2024-07-28T14:04:02.000-0500] {dag.py:3947} INFO - Setting next_dagrun for tutorial_objectstorage to None, run_after=None
[2024-07-28T14:04:02.005-0500] {processor.py:183} INFO - Processing /Users/alexkim/Desktop/Projects/ETL_Projects/redditviz/venv/lib/python3.12/site-packages/airflow/example_dags/tutorial_objectstorage.py took 0.070 seconds
[2024-07-28T14:04:51.886-0500] {processor.py:161} INFO - Started process (PID=33449) to work on /Users/alexkim/Desktop/Projects/ETL_Projects/redditviz/venv/lib/python3.12/site-packages/airflow/example_dags/tutorial_objectstorage.py
[2024-07-28T14:04:51.887-0500] {processor.py:830} INFO - Processing file /Users/alexkim/Desktop/Projects/ETL_Projects/redditviz/venv/lib/python3.12/site-packages/airflow/example_dags/tutorial_objectstorage.py for tasks to queue
[2024-07-28T14:04:51.887-0500] {logging_mixin.py:188} INFO - [2024-07-28T14:04:51.887-0500] {dagbag.py:545} INFO - Filling up the DagBag from /Users/alexkim/Desktop/Projects/ETL_Projects/redditviz/venv/lib/python3.12/site-packages/airflow/example_dags/tutorial_objectstorage.py
[2024-07-28T14:04:51.916-0500] {processor.py:840} INFO - DAG(s) 'tutorial_objectstorage' retrieved from /Users/alexkim/Desktop/Projects/ETL_Projects/redditviz/venv/lib/python3.12/site-packages/airflow/example_dags/tutorial_objectstorage.py
[2024-07-28T14:04:51.946-0500] {logging_mixin.py:188} INFO - [2024-07-28T14:04:51.946-0500] {dag.py:3089} INFO - Sync 1 DAGs
[2024-07-28T14:04:51.950-0500] {logging_mixin.py:188} INFO - [2024-07-28T14:04:51.950-0500] {dag.py:3947} INFO - Setting next_dagrun for tutorial_objectstorage to None, run_after=None
[2024-07-28T14:04:51.956-0500] {processor.py:183} INFO - Processing /Users/alexkim/Desktop/Projects/ETL_Projects/redditviz/venv/lib/python3.12/site-packages/airflow/example_dags/tutorial_objectstorage.py took 0.070 seconds
[2024-07-28T14:05:48.003-0500] {processor.py:161} INFO - Started process (PID=33557) to work on /Users/alexkim/Desktop/Projects/ETL_Projects/redditviz/venv/lib/python3.12/site-packages/airflow/example_dags/tutorial_objectstorage.py
[2024-07-28T14:05:48.004-0500] {processor.py:830} INFO - Processing file /Users/alexkim/Desktop/Projects/ETL_Projects/redditviz/venv/lib/python3.12/site-packages/airflow/example_dags/tutorial_objectstorage.py for tasks to queue
[2024-07-28T14:05:48.004-0500] {logging_mixin.py:188} INFO - [2024-07-28T14:05:48.004-0500] {dagbag.py:545} INFO - Filling up the DagBag from /Users/alexkim/Desktop/Projects/ETL_Projects/redditviz/venv/lib/python3.12/site-packages/airflow/example_dags/tutorial_objectstorage.py
[2024-07-28T14:05:48.039-0500] {processor.py:840} INFO - DAG(s) 'tutorial_objectstorage' retrieved from /Users/alexkim/Desktop/Projects/ETL_Projects/redditviz/venv/lib/python3.12/site-packages/airflow/example_dags/tutorial_objectstorage.py
[2024-07-28T14:05:48.070-0500] {logging_mixin.py:188} INFO - [2024-07-28T14:05:48.070-0500] {dag.py:3089} INFO - Sync 1 DAGs
[2024-07-28T14:05:48.074-0500] {logging_mixin.py:188} INFO - [2024-07-28T14:05:48.074-0500] {dag.py:3947} INFO - Setting next_dagrun for tutorial_objectstorage to None, run_after=None
[2024-07-28T14:05:48.080-0500] {processor.py:183} INFO - Processing /Users/alexkim/Desktop/Projects/ETL_Projects/redditviz/venv/lib/python3.12/site-packages/airflow/example_dags/tutorial_objectstorage.py took 0.078 seconds
[2024-07-28T14:06:46.467-0500] {processor.py:161} INFO - Started process (PID=33614) to work on /Users/alexkim/Desktop/Projects/ETL_Projects/redditviz/venv/lib/python3.12/site-packages/airflow/example_dags/tutorial_objectstorage.py
[2024-07-28T14:06:46.468-0500] {processor.py:830} INFO - Processing file /Users/alexkim/Desktop/Projects/ETL_Projects/redditviz/venv/lib/python3.12/site-packages/airflow/example_dags/tutorial_objectstorage.py for tasks to queue
[2024-07-28T14:06:46.468-0500] {logging_mixin.py:188} INFO - [2024-07-28T14:06:46.468-0500] {dagbag.py:545} INFO - Filling up the DagBag from /Users/alexkim/Desktop/Projects/ETL_Projects/redditviz/venv/lib/python3.12/site-packages/airflow/example_dags/tutorial_objectstorage.py
[2024-07-28T14:06:46.498-0500] {processor.py:840} INFO - DAG(s) 'tutorial_objectstorage' retrieved from /Users/alexkim/Desktop/Projects/ETL_Projects/redditviz/venv/lib/python3.12/site-packages/airflow/example_dags/tutorial_objectstorage.py
[2024-07-28T14:06:46.526-0500] {logging_mixin.py:188} INFO - [2024-07-28T14:06:46.526-0500] {dag.py:3089} INFO - Sync 1 DAGs
[2024-07-28T14:06:46.530-0500] {logging_mixin.py:188} INFO - [2024-07-28T14:06:46.530-0500] {dag.py:3947} INFO - Setting next_dagrun for tutorial_objectstorage to None, run_after=None
[2024-07-28T14:06:46.536-0500] {processor.py:183} INFO - Processing /Users/alexkim/Desktop/Projects/ETL_Projects/redditviz/venv/lib/python3.12/site-packages/airflow/example_dags/tutorial_objectstorage.py took 0.069 seconds
[2024-07-28T14:07:47.050-0500] {processor.py:161} INFO - Started process (PID=33701) to work on /Users/alexkim/Desktop/Projects/ETL_Projects/redditviz/venv/lib/python3.12/site-packages/airflow/example_dags/tutorial_objectstorage.py
[2024-07-28T14:07:47.050-0500] {processor.py:830} INFO - Processing file /Users/alexkim/Desktop/Projects/ETL_Projects/redditviz/venv/lib/python3.12/site-packages/airflow/example_dags/tutorial_objectstorage.py for tasks to queue
[2024-07-28T14:07:47.051-0500] {logging_mixin.py:188} INFO - [2024-07-28T14:07:47.050-0500] {dagbag.py:545} INFO - Filling up the DagBag from /Users/alexkim/Desktop/Projects/ETL_Projects/redditviz/venv/lib/python3.12/site-packages/airflow/example_dags/tutorial_objectstorage.py
[2024-07-28T14:07:47.084-0500] {processor.py:840} INFO - DAG(s) 'tutorial_objectstorage' retrieved from /Users/alexkim/Desktop/Projects/ETL_Projects/redditviz/venv/lib/python3.12/site-packages/airflow/example_dags/tutorial_objectstorage.py
[2024-07-28T14:07:47.117-0500] {logging_mixin.py:188} INFO - [2024-07-28T14:07:47.117-0500] {dag.py:3089} INFO - Sync 1 DAGs
[2024-07-28T14:07:47.121-0500] {logging_mixin.py:188} INFO - [2024-07-28T14:07:47.121-0500] {dag.py:3947} INFO - Setting next_dagrun for tutorial_objectstorage to None, run_after=None
[2024-07-28T14:07:47.128-0500] {processor.py:183} INFO - Processing /Users/alexkim/Desktop/Projects/ETL_Projects/redditviz/venv/lib/python3.12/site-packages/airflow/example_dags/tutorial_objectstorage.py took 0.079 seconds
[2024-07-28T14:08:47.104-0500] {processor.py:161} INFO - Started process (PID=33739) to work on /Users/alexkim/Desktop/Projects/ETL_Projects/redditviz/venv/lib/python3.12/site-packages/airflow/example_dags/tutorial_objectstorage.py
[2024-07-28T14:08:47.105-0500] {processor.py:830} INFO - Processing file /Users/alexkim/Desktop/Projects/ETL_Projects/redditviz/venv/lib/python3.12/site-packages/airflow/example_dags/tutorial_objectstorage.py for tasks to queue
[2024-07-28T14:08:47.105-0500] {logging_mixin.py:188} INFO - [2024-07-28T14:08:47.105-0500] {dagbag.py:545} INFO - Filling up the DagBag from /Users/alexkim/Desktop/Projects/ETL_Projects/redditviz/venv/lib/python3.12/site-packages/airflow/example_dags/tutorial_objectstorage.py
[2024-07-28T14:08:47.136-0500] {processor.py:840} INFO - DAG(s) 'tutorial_objectstorage' retrieved from /Users/alexkim/Desktop/Projects/ETL_Projects/redditviz/venv/lib/python3.12/site-packages/airflow/example_dags/tutorial_objectstorage.py
[2024-07-28T14:08:47.165-0500] {logging_mixin.py:188} INFO - [2024-07-28T14:08:47.165-0500] {dag.py:3089} INFO - Sync 1 DAGs
[2024-07-28T14:08:47.168-0500] {logging_mixin.py:188} INFO - [2024-07-28T14:08:47.168-0500] {dag.py:3947} INFO - Setting next_dagrun for tutorial_objectstorage to None, run_after=None
[2024-07-28T14:08:47.174-0500] {processor.py:183} INFO - Processing /Users/alexkim/Desktop/Projects/ETL_Projects/redditviz/venv/lib/python3.12/site-packages/airflow/example_dags/tutorial_objectstorage.py took 0.071 seconds
[2024-07-28T14:09:44.606-0500] {processor.py:161} INFO - Started process (PID=33828) to work on /Users/alexkim/Desktop/Projects/ETL_Projects/redditviz/venv/lib/python3.12/site-packages/airflow/example_dags/tutorial_objectstorage.py
[2024-07-28T14:09:44.607-0500] {processor.py:830} INFO - Processing file /Users/alexkim/Desktop/Projects/ETL_Projects/redditviz/venv/lib/python3.12/site-packages/airflow/example_dags/tutorial_objectstorage.py for tasks to queue
[2024-07-28T14:09:44.607-0500] {logging_mixin.py:188} INFO - [2024-07-28T14:09:44.607-0500] {dagbag.py:545} INFO - Filling up the DagBag from /Users/alexkim/Desktop/Projects/ETL_Projects/redditviz/venv/lib/python3.12/site-packages/airflow/example_dags/tutorial_objectstorage.py
[2024-07-28T14:09:44.640-0500] {processor.py:840} INFO - DAG(s) 'tutorial_objectstorage' retrieved from /Users/alexkim/Desktop/Projects/ETL_Projects/redditviz/venv/lib/python3.12/site-packages/airflow/example_dags/tutorial_objectstorage.py
[2024-07-28T14:09:44.671-0500] {logging_mixin.py:188} INFO - [2024-07-28T14:09:44.670-0500] {dag.py:3089} INFO - Sync 1 DAGs
[2024-07-28T14:09:44.674-0500] {logging_mixin.py:188} INFO - [2024-07-28T14:09:44.674-0500] {dag.py:3947} INFO - Setting next_dagrun for tutorial_objectstorage to None, run_after=None
[2024-07-28T14:09:44.680-0500] {processor.py:183} INFO - Processing /Users/alexkim/Desktop/Projects/ETL_Projects/redditviz/venv/lib/python3.12/site-packages/airflow/example_dags/tutorial_objectstorage.py took 0.075 seconds
[2024-07-28T14:10:44.823-0500] {processor.py:161} INFO - Started process (PID=33881) to work on /Users/alexkim/Desktop/Projects/ETL_Projects/redditviz/venv/lib/python3.12/site-packages/airflow/example_dags/tutorial_objectstorage.py
[2024-07-28T14:10:44.823-0500] {processor.py:830} INFO - Processing file /Users/alexkim/Desktop/Projects/ETL_Projects/redditviz/venv/lib/python3.12/site-packages/airflow/example_dags/tutorial_objectstorage.py for tasks to queue
[2024-07-28T14:10:44.823-0500] {logging_mixin.py:188} INFO - [2024-07-28T14:10:44.823-0500] {dagbag.py:545} INFO - Filling up the DagBag from /Users/alexkim/Desktop/Projects/ETL_Projects/redditviz/venv/lib/python3.12/site-packages/airflow/example_dags/tutorial_objectstorage.py
[2024-07-28T14:10:44.859-0500] {processor.py:840} INFO - DAG(s) 'tutorial_objectstorage' retrieved from /Users/alexkim/Desktop/Projects/ETL_Projects/redditviz/venv/lib/python3.12/site-packages/airflow/example_dags/tutorial_objectstorage.py
[2024-07-28T14:10:44.892-0500] {logging_mixin.py:188} INFO - [2024-07-28T14:10:44.891-0500] {dag.py:3089} INFO - Sync 1 DAGs
[2024-07-28T14:10:44.895-0500] {logging_mixin.py:188} INFO - [2024-07-28T14:10:44.895-0500] {dag.py:3947} INFO - Setting next_dagrun for tutorial_objectstorage to None, run_after=None
[2024-07-28T14:10:44.902-0500] {processor.py:183} INFO - Processing /Users/alexkim/Desktop/Projects/ETL_Projects/redditviz/venv/lib/python3.12/site-packages/airflow/example_dags/tutorial_objectstorage.py took 0.080 seconds
[2024-07-28T14:11:44.360-0500] {processor.py:161} INFO - Started process (PID=33940) to work on /Users/alexkim/Desktop/Projects/ETL_Projects/redditviz/venv/lib/python3.12/site-packages/airflow/example_dags/tutorial_objectstorage.py
[2024-07-28T14:11:44.361-0500] {processor.py:830} INFO - Processing file /Users/alexkim/Desktop/Projects/ETL_Projects/redditviz/venv/lib/python3.12/site-packages/airflow/example_dags/tutorial_objectstorage.py for tasks to queue
[2024-07-28T14:11:44.361-0500] {logging_mixin.py:188} INFO - [2024-07-28T14:11:44.361-0500] {dagbag.py:545} INFO - Filling up the DagBag from /Users/alexkim/Desktop/Projects/ETL_Projects/redditviz/venv/lib/python3.12/site-packages/airflow/example_dags/tutorial_objectstorage.py
[2024-07-28T14:11:44.394-0500] {processor.py:840} INFO - DAG(s) 'tutorial_objectstorage' retrieved from /Users/alexkim/Desktop/Projects/ETL_Projects/redditviz/venv/lib/python3.12/site-packages/airflow/example_dags/tutorial_objectstorage.py
[2024-07-28T14:11:44.423-0500] {logging_mixin.py:188} INFO - [2024-07-28T14:11:44.423-0500] {dag.py:3089} INFO - Sync 1 DAGs
[2024-07-28T14:11:44.426-0500] {logging_mixin.py:188} INFO - [2024-07-28T14:11:44.426-0500] {dag.py:3947} INFO - Setting next_dagrun for tutorial_objectstorage to None, run_after=None
[2024-07-28T14:11:44.432-0500] {processor.py:183} INFO - Processing /Users/alexkim/Desktop/Projects/ETL_Projects/redditviz/venv/lib/python3.12/site-packages/airflow/example_dags/tutorial_objectstorage.py took 0.072 seconds
[2024-07-28T14:12:43.562-0500] {processor.py:161} INFO - Started process (PID=34003) to work on /Users/alexkim/Desktop/Projects/ETL_Projects/redditviz/venv/lib/python3.12/site-packages/airflow/example_dags/tutorial_objectstorage.py
[2024-07-28T14:12:43.562-0500] {processor.py:830} INFO - Processing file /Users/alexkim/Desktop/Projects/ETL_Projects/redditviz/venv/lib/python3.12/site-packages/airflow/example_dags/tutorial_objectstorage.py for tasks to queue
[2024-07-28T14:12:43.563-0500] {logging_mixin.py:188} INFO - [2024-07-28T14:12:43.563-0500] {dagbag.py:545} INFO - Filling up the DagBag from /Users/alexkim/Desktop/Projects/ETL_Projects/redditviz/venv/lib/python3.12/site-packages/airflow/example_dags/tutorial_objectstorage.py
[2024-07-28T14:12:43.600-0500] {processor.py:840} INFO - DAG(s) 'tutorial_objectstorage' retrieved from /Users/alexkim/Desktop/Projects/ETL_Projects/redditviz/venv/lib/python3.12/site-packages/airflow/example_dags/tutorial_objectstorage.py
[2024-07-28T14:12:43.631-0500] {logging_mixin.py:188} INFO - [2024-07-28T14:12:43.631-0500] {dag.py:3089} INFO - Sync 1 DAGs
[2024-07-28T14:12:43.635-0500] {logging_mixin.py:188} INFO - [2024-07-28T14:12:43.634-0500] {dag.py:3947} INFO - Setting next_dagrun for tutorial_objectstorage to None, run_after=None
[2024-07-28T14:12:43.641-0500] {processor.py:183} INFO - Processing /Users/alexkim/Desktop/Projects/ETL_Projects/redditviz/venv/lib/python3.12/site-packages/airflow/example_dags/tutorial_objectstorage.py took 0.080 seconds
[2024-07-28T14:13:44.100-0500] {processor.py:161} INFO - Started process (PID=34084) to work on /Users/alexkim/Desktop/Projects/ETL_Projects/redditviz/venv/lib/python3.12/site-packages/airflow/example_dags/tutorial_objectstorage.py
[2024-07-28T14:13:44.102-0500] {processor.py:830} INFO - Processing file /Users/alexkim/Desktop/Projects/ETL_Projects/redditviz/venv/lib/python3.12/site-packages/airflow/example_dags/tutorial_objectstorage.py for tasks to queue
[2024-07-28T14:13:44.102-0500] {logging_mixin.py:188} INFO - [2024-07-28T14:13:44.102-0500] {dagbag.py:545} INFO - Filling up the DagBag from /Users/alexkim/Desktop/Projects/ETL_Projects/redditviz/venv/lib/python3.12/site-packages/airflow/example_dags/tutorial_objectstorage.py
[2024-07-28T14:13:44.141-0500] {processor.py:840} INFO - DAG(s) 'tutorial_objectstorage' retrieved from /Users/alexkim/Desktop/Projects/ETL_Projects/redditviz/venv/lib/python3.12/site-packages/airflow/example_dags/tutorial_objectstorage.py
[2024-07-28T14:13:44.179-0500] {logging_mixin.py:188} INFO - [2024-07-28T14:13:44.179-0500] {dag.py:3089} INFO - Sync 1 DAGs
[2024-07-28T14:13:44.183-0500] {logging_mixin.py:188} INFO - [2024-07-28T14:13:44.183-0500] {dag.py:3947} INFO - Setting next_dagrun for tutorial_objectstorage to None, run_after=None
[2024-07-28T14:13:44.190-0500] {processor.py:183} INFO - Processing /Users/alexkim/Desktop/Projects/ETL_Projects/redditviz/venv/lib/python3.12/site-packages/airflow/example_dags/tutorial_objectstorage.py took 0.092 seconds
[2024-07-28T14:14:44.937-0500] {processor.py:161} INFO - Started process (PID=34160) to work on /Users/alexkim/Desktop/Projects/ETL_Projects/redditviz/venv/lib/python3.12/site-packages/airflow/example_dags/tutorial_objectstorage.py
[2024-07-28T14:14:44.937-0500] {processor.py:830} INFO - Processing file /Users/alexkim/Desktop/Projects/ETL_Projects/redditviz/venv/lib/python3.12/site-packages/airflow/example_dags/tutorial_objectstorage.py for tasks to queue
[2024-07-28T14:14:44.937-0500] {logging_mixin.py:188} INFO - [2024-07-28T14:14:44.937-0500] {dagbag.py:545} INFO - Filling up the DagBag from /Users/alexkim/Desktop/Projects/ETL_Projects/redditviz/venv/lib/python3.12/site-packages/airflow/example_dags/tutorial_objectstorage.py
[2024-07-28T14:14:44.968-0500] {processor.py:840} INFO - DAG(s) 'tutorial_objectstorage' retrieved from /Users/alexkim/Desktop/Projects/ETL_Projects/redditviz/venv/lib/python3.12/site-packages/airflow/example_dags/tutorial_objectstorage.py
[2024-07-28T14:14:44.998-0500] {logging_mixin.py:188} INFO - [2024-07-28T14:14:44.998-0500] {dag.py:3089} INFO - Sync 1 DAGs
[2024-07-28T14:14:45.002-0500] {logging_mixin.py:188} INFO - [2024-07-28T14:14:45.002-0500] {dag.py:3947} INFO - Setting next_dagrun for tutorial_objectstorage to None, run_after=None
[2024-07-28T14:14:45.008-0500] {processor.py:183} INFO - Processing /Users/alexkim/Desktop/Projects/ETL_Projects/redditviz/venv/lib/python3.12/site-packages/airflow/example_dags/tutorial_objectstorage.py took 0.072 seconds
[2024-07-28T14:34:53.166-0500] {processor.py:161} INFO - Started process (PID=1498) to work on /Users/alexkim/Desktop/Projects/ETL_Projects/redditviz/venv/lib/python3.12/site-packages/airflow/example_dags/tutorial_objectstorage.py
[2024-07-28T14:34:53.166-0500] {processor.py:830} INFO - Processing file /Users/alexkim/Desktop/Projects/ETL_Projects/redditviz/venv/lib/python3.12/site-packages/airflow/example_dags/tutorial_objectstorage.py for tasks to queue
[2024-07-28T14:34:53.166-0500] {logging_mixin.py:188} INFO - [2024-07-28T14:34:53.166-0500] {dagbag.py:545} INFO - Filling up the DagBag from /Users/alexkim/Desktop/Projects/ETL_Projects/redditviz/venv/lib/python3.12/site-packages/airflow/example_dags/tutorial_objectstorage.py
[2024-07-28T14:34:53.194-0500] {processor.py:840} INFO - DAG(s) 'tutorial_objectstorage' retrieved from /Users/alexkim/Desktop/Projects/ETL_Projects/redditviz/venv/lib/python3.12/site-packages/airflow/example_dags/tutorial_objectstorage.py
[2024-07-28T14:34:53.258-0500] {logging_mixin.py:188} INFO - [2024-07-28T14:34:53.258-0500] {override.py:1858} INFO - Created Permission View: can read on DAG:tutorial_objectstorage
[2024-07-28T14:34:53.261-0500] {logging_mixin.py:188} INFO - [2024-07-28T14:34:53.261-0500] {override.py:1858} INFO - Created Permission View: can delete on DAG:tutorial_objectstorage
[2024-07-28T14:34:53.263-0500] {logging_mixin.py:188} INFO - [2024-07-28T14:34:53.263-0500] {override.py:1858} INFO - Created Permission View: can edit on DAG:tutorial_objectstorage
[2024-07-28T14:34:53.263-0500] {logging_mixin.py:188} INFO - [2024-07-28T14:34:53.263-0500] {dag.py:3089} INFO - Sync 1 DAGs
[2024-07-28T14:34:53.267-0500] {logging_mixin.py:188} INFO - [2024-07-28T14:34:53.267-0500] {dag.py:3111} INFO - Creating ORM DAG for tutorial_objectstorage
[2024-07-28T14:34:53.267-0500] {logging_mixin.py:188} INFO - [2024-07-28T14:34:53.267-0500] {dag.py:3947} INFO - Setting next_dagrun for tutorial_objectstorage to None, run_after=None
[2024-07-28T14:34:53.273-0500] {processor.py:183} INFO - Processing /Users/alexkim/Desktop/Projects/ETL_Projects/redditviz/venv/lib/python3.12/site-packages/airflow/example_dags/tutorial_objectstorage.py took 0.108 seconds
