[2024-07-28T14:00:03.552-0500] {processor.py:161} INFO - Started process (PID=33166) to work on /Users/alexkim/Desktop/Projects/ETL_Projects/redditviz/venv/lib/python3.12/site-packages/airflow/example_dags/tutorial_dag.py
[2024-07-28T14:00:03.552-0500] {processor.py:830} INFO - Processing file /Users/alexkim/Desktop/Projects/ETL_Projects/redditviz/venv/lib/python3.12/site-packages/airflow/example_dags/tutorial_dag.py for tasks to queue
[2024-07-28T14:00:03.552-0500] {logging_mixin.py:188} INFO - [2024-07-28T14:00:03.552-0500] {dagbag.py:545} INFO - Filling up the DagBag from /Users/alexkim/Desktop/Projects/ETL_Projects/redditviz/venv/lib/python3.12/site-packages/airflow/example_dags/tutorial_dag.py
[2024-07-28T14:00:03.562-0500] {processor.py:840} INFO - DAG(s) 'tutorial_dag' retrieved from /Users/alexkim/Desktop/Projects/ETL_Projects/redditviz/venv/lib/python3.12/site-packages/airflow/example_dags/tutorial_dag.py
[2024-07-28T14:00:03.621-0500] {logging_mixin.py:188} INFO - [2024-07-28T14:00:03.621-0500] {override.py:1858} INFO - Created Permission View: can delete on DAG:tutorial_dag
[2024-07-28T14:00:03.624-0500] {logging_mixin.py:188} INFO - [2024-07-28T14:00:03.624-0500] {override.py:1858} INFO - Created Permission View: can read on DAG:tutorial_dag
[2024-07-28T14:00:03.625-0500] {logging_mixin.py:188} INFO - [2024-07-28T14:00:03.625-0500] {override.py:1858} INFO - Created Permission View: can edit on DAG:tutorial_dag
[2024-07-28T14:00:03.626-0500] {logging_mixin.py:188} INFO - [2024-07-28T14:00:03.625-0500] {dag.py:3089} INFO - Sync 1 DAGs
[2024-07-28T14:00:03.629-0500] {logging_mixin.py:188} INFO - [2024-07-28T14:00:03.629-0500] {dag.py:3111} INFO - Creating ORM DAG for tutorial_dag
[2024-07-28T14:00:03.629-0500] {logging_mixin.py:188} INFO - [2024-07-28T14:00:03.629-0500] {dag.py:3947} INFO - Setting next_dagrun for tutorial_dag to None, run_after=None
[2024-07-28T14:00:03.635-0500] {processor.py:183} INFO - Processing /Users/alexkim/Desktop/Projects/ETL_Projects/redditviz/venv/lib/python3.12/site-packages/airflow/example_dags/tutorial_dag.py took 0.084 seconds
[2024-07-28T14:01:33.551-0500] {processor.py:161} INFO - Started process (PID=33249) to work on /Users/alexkim/Desktop/Projects/ETL_Projects/redditviz/venv/lib/python3.12/site-packages/airflow/example_dags/tutorial_dag.py
[2024-07-28T14:01:33.555-0500] {processor.py:830} INFO - Processing file /Users/alexkim/Desktop/Projects/ETL_Projects/redditviz/venv/lib/python3.12/site-packages/airflow/example_dags/tutorial_dag.py for tasks to queue
[2024-07-28T14:01:33.556-0500] {logging_mixin.py:188} INFO - [2024-07-28T14:01:33.556-0500] {dagbag.py:545} INFO - Filling up the DagBag from /Users/alexkim/Desktop/Projects/ETL_Projects/redditviz/venv/lib/python3.12/site-packages/airflow/example_dags/tutorial_dag.py
[2024-07-28T14:01:33.582-0500] {processor.py:840} INFO - DAG(s) 'tutorial_dag' retrieved from /Users/alexkim/Desktop/Projects/ETL_Projects/redditviz/venv/lib/python3.12/site-packages/airflow/example_dags/tutorial_dag.py
[2024-07-28T14:01:33.617-0500] {logging_mixin.py:188} INFO - [2024-07-28T14:01:33.617-0500] {dag.py:3089} INFO - Sync 1 DAGs
[2024-07-28T14:01:33.621-0500] {logging_mixin.py:188} INFO - [2024-07-28T14:01:33.621-0500] {dag.py:3947} INFO - Setting next_dagrun for tutorial_dag to None, run_after=None
[2024-07-28T14:01:33.628-0500] {processor.py:183} INFO - Processing /Users/alexkim/Desktop/Projects/ETL_Projects/redditviz/venv/lib/python3.12/site-packages/airflow/example_dags/tutorial_dag.py took 0.078 seconds
[2024-07-28T14:02:27.733-0500] {processor.py:161} INFO - Started process (PID=33301) to work on /Users/alexkim/Desktop/Projects/ETL_Projects/redditviz/venv/lib/python3.12/site-packages/airflow/example_dags/tutorial_dag.py
[2024-07-28T14:02:27.734-0500] {processor.py:830} INFO - Processing file /Users/alexkim/Desktop/Projects/ETL_Projects/redditviz/venv/lib/python3.12/site-packages/airflow/example_dags/tutorial_dag.py for tasks to queue
[2024-07-28T14:02:27.734-0500] {logging_mixin.py:188} INFO - [2024-07-28T14:02:27.734-0500] {dagbag.py:545} INFO - Filling up the DagBag from /Users/alexkim/Desktop/Projects/ETL_Projects/redditviz/venv/lib/python3.12/site-packages/airflow/example_dags/tutorial_dag.py
[2024-07-28T14:02:27.742-0500] {processor.py:840} INFO - DAG(s) 'tutorial_dag' retrieved from /Users/alexkim/Desktop/Projects/ETL_Projects/redditviz/venv/lib/python3.12/site-packages/airflow/example_dags/tutorial_dag.py
[2024-07-28T14:02:27.771-0500] {logging_mixin.py:188} INFO - [2024-07-28T14:02:27.771-0500] {dag.py:3089} INFO - Sync 1 DAGs
[2024-07-28T14:02:27.774-0500] {logging_mixin.py:188} INFO - [2024-07-28T14:02:27.774-0500] {dag.py:3947} INFO - Setting next_dagrun for tutorial_dag to None, run_after=None
[2024-07-28T14:02:27.779-0500] {processor.py:183} INFO - Processing /Users/alexkim/Desktop/Projects/ETL_Projects/redditviz/venv/lib/python3.12/site-packages/airflow/example_dags/tutorial_dag.py took 0.047 seconds
[2024-07-28T14:03:14.738-0500] {processor.py:161} INFO - Started process (PID=33338) to work on /Users/alexkim/Desktop/Projects/ETL_Projects/redditviz/venv/lib/python3.12/site-packages/airflow/example_dags/tutorial_dag.py
[2024-07-28T14:03:14.740-0500] {processor.py:830} INFO - Processing file /Users/alexkim/Desktop/Projects/ETL_Projects/redditviz/venv/lib/python3.12/site-packages/airflow/example_dags/tutorial_dag.py for tasks to queue
[2024-07-28T14:03:14.740-0500] {logging_mixin.py:188} INFO - [2024-07-28T14:03:14.740-0500] {dagbag.py:545} INFO - Filling up the DagBag from /Users/alexkim/Desktop/Projects/ETL_Projects/redditviz/venv/lib/python3.12/site-packages/airflow/example_dags/tutorial_dag.py
[2024-07-28T14:03:14.748-0500] {processor.py:840} INFO - DAG(s) 'tutorial_dag' retrieved from /Users/alexkim/Desktop/Projects/ETL_Projects/redditviz/venv/lib/python3.12/site-packages/airflow/example_dags/tutorial_dag.py
[2024-07-28T14:03:14.777-0500] {logging_mixin.py:188} INFO - [2024-07-28T14:03:14.776-0500] {dag.py:3089} INFO - Sync 1 DAGs
[2024-07-28T14:03:14.779-0500] {logging_mixin.py:188} INFO - [2024-07-28T14:03:14.779-0500] {dag.py:3947} INFO - Setting next_dagrun for tutorial_dag to None, run_after=None
[2024-07-28T14:03:14.785-0500] {processor.py:183} INFO - Processing /Users/alexkim/Desktop/Projects/ETL_Projects/redditviz/venv/lib/python3.12/site-packages/airflow/example_dags/tutorial_dag.py took 0.047 seconds
[2024-07-28T14:04:03.679-0500] {processor.py:161} INFO - Started process (PID=33389) to work on /Users/alexkim/Desktop/Projects/ETL_Projects/redditviz/venv/lib/python3.12/site-packages/airflow/example_dags/tutorial_dag.py
[2024-07-28T14:04:03.680-0500] {processor.py:830} INFO - Processing file /Users/alexkim/Desktop/Projects/ETL_Projects/redditviz/venv/lib/python3.12/site-packages/airflow/example_dags/tutorial_dag.py for tasks to queue
[2024-07-28T14:04:03.680-0500] {logging_mixin.py:188} INFO - [2024-07-28T14:04:03.680-0500] {dagbag.py:545} INFO - Filling up the DagBag from /Users/alexkim/Desktop/Projects/ETL_Projects/redditviz/venv/lib/python3.12/site-packages/airflow/example_dags/tutorial_dag.py
[2024-07-28T14:04:03.688-0500] {processor.py:840} INFO - DAG(s) 'tutorial_dag' retrieved from /Users/alexkim/Desktop/Projects/ETL_Projects/redditviz/venv/lib/python3.12/site-packages/airflow/example_dags/tutorial_dag.py
[2024-07-28T14:04:03.717-0500] {logging_mixin.py:188} INFO - [2024-07-28T14:04:03.717-0500] {dag.py:3089} INFO - Sync 1 DAGs
[2024-07-28T14:04:03.720-0500] {logging_mixin.py:188} INFO - [2024-07-28T14:04:03.720-0500] {dag.py:3947} INFO - Setting next_dagrun for tutorial_dag to None, run_after=None
[2024-07-28T14:04:03.725-0500] {processor.py:183} INFO - Processing /Users/alexkim/Desktop/Projects/ETL_Projects/redditviz/venv/lib/python3.12/site-packages/airflow/example_dags/tutorial_dag.py took 0.047 seconds
[2024-07-28T14:04:53.566-0500] {processor.py:161} INFO - Started process (PID=33450) to work on /Users/alexkim/Desktop/Projects/ETL_Projects/redditviz/venv/lib/python3.12/site-packages/airflow/example_dags/tutorial_dag.py
[2024-07-28T14:04:53.566-0500] {processor.py:830} INFO - Processing file /Users/alexkim/Desktop/Projects/ETL_Projects/redditviz/venv/lib/python3.12/site-packages/airflow/example_dags/tutorial_dag.py for tasks to queue
[2024-07-28T14:04:53.567-0500] {logging_mixin.py:188} INFO - [2024-07-28T14:04:53.567-0500] {dagbag.py:545} INFO - Filling up the DagBag from /Users/alexkim/Desktop/Projects/ETL_Projects/redditviz/venv/lib/python3.12/site-packages/airflow/example_dags/tutorial_dag.py
[2024-07-28T14:04:53.577-0500] {processor.py:840} INFO - DAG(s) 'tutorial_dag' retrieved from /Users/alexkim/Desktop/Projects/ETL_Projects/redditviz/venv/lib/python3.12/site-packages/airflow/example_dags/tutorial_dag.py
[2024-07-28T14:04:53.606-0500] {logging_mixin.py:188} INFO - [2024-07-28T14:04:53.606-0500] {dag.py:3089} INFO - Sync 1 DAGs
[2024-07-28T14:04:53.609-0500] {logging_mixin.py:188} INFO - [2024-07-28T14:04:53.609-0500] {dag.py:3947} INFO - Setting next_dagrun for tutorial_dag to None, run_after=None
[2024-07-28T14:04:53.615-0500] {processor.py:183} INFO - Processing /Users/alexkim/Desktop/Projects/ETL_Projects/redditviz/venv/lib/python3.12/site-packages/airflow/example_dags/tutorial_dag.py took 0.050 seconds
[2024-07-28T14:05:49.291-0500] {processor.py:161} INFO - Started process (PID=33558) to work on /Users/alexkim/Desktop/Projects/ETL_Projects/redditviz/venv/lib/python3.12/site-packages/airflow/example_dags/tutorial_dag.py
[2024-07-28T14:05:49.292-0500] {processor.py:830} INFO - Processing file /Users/alexkim/Desktop/Projects/ETL_Projects/redditviz/venv/lib/python3.12/site-packages/airflow/example_dags/tutorial_dag.py for tasks to queue
[2024-07-28T14:05:49.292-0500] {logging_mixin.py:188} INFO - [2024-07-28T14:05:49.292-0500] {dagbag.py:545} INFO - Filling up the DagBag from /Users/alexkim/Desktop/Projects/ETL_Projects/redditviz/venv/lib/python3.12/site-packages/airflow/example_dags/tutorial_dag.py
[2024-07-28T14:05:49.302-0500] {processor.py:840} INFO - DAG(s) 'tutorial_dag' retrieved from /Users/alexkim/Desktop/Projects/ETL_Projects/redditviz/venv/lib/python3.12/site-packages/airflow/example_dags/tutorial_dag.py
[2024-07-28T14:05:49.334-0500] {logging_mixin.py:188} INFO - [2024-07-28T14:05:49.334-0500] {dag.py:3089} INFO - Sync 1 DAGs
[2024-07-28T14:05:49.337-0500] {logging_mixin.py:188} INFO - [2024-07-28T14:05:49.337-0500] {dag.py:3947} INFO - Setting next_dagrun for tutorial_dag to None, run_after=None
[2024-07-28T14:05:49.343-0500] {processor.py:183} INFO - Processing /Users/alexkim/Desktop/Projects/ETL_Projects/redditviz/venv/lib/python3.12/site-packages/airflow/example_dags/tutorial_dag.py took 0.053 seconds
[2024-07-28T14:06:48.189-0500] {processor.py:161} INFO - Started process (PID=33616) to work on /Users/alexkim/Desktop/Projects/ETL_Projects/redditviz/venv/lib/python3.12/site-packages/airflow/example_dags/tutorial_dag.py
[2024-07-28T14:06:48.189-0500] {processor.py:830} INFO - Processing file /Users/alexkim/Desktop/Projects/ETL_Projects/redditviz/venv/lib/python3.12/site-packages/airflow/example_dags/tutorial_dag.py for tasks to queue
[2024-07-28T14:06:48.189-0500] {logging_mixin.py:188} INFO - [2024-07-28T14:06:48.189-0500] {dagbag.py:545} INFO - Filling up the DagBag from /Users/alexkim/Desktop/Projects/ETL_Projects/redditviz/venv/lib/python3.12/site-packages/airflow/example_dags/tutorial_dag.py
[2024-07-28T14:06:48.198-0500] {processor.py:840} INFO - DAG(s) 'tutorial_dag' retrieved from /Users/alexkim/Desktop/Projects/ETL_Projects/redditviz/venv/lib/python3.12/site-packages/airflow/example_dags/tutorial_dag.py
[2024-07-28T14:06:48.232-0500] {logging_mixin.py:188} INFO - [2024-07-28T14:06:48.232-0500] {dag.py:3089} INFO - Sync 1 DAGs
[2024-07-28T14:06:48.235-0500] {logging_mixin.py:188} INFO - [2024-07-28T14:06:48.235-0500] {dag.py:3947} INFO - Setting next_dagrun for tutorial_dag to None, run_after=None
[2024-07-28T14:06:48.241-0500] {processor.py:183} INFO - Processing /Users/alexkim/Desktop/Projects/ETL_Projects/redditviz/venv/lib/python3.12/site-packages/airflow/example_dags/tutorial_dag.py took 0.053 seconds
[2024-07-28T14:07:48.868-0500] {processor.py:161} INFO - Started process (PID=33703) to work on /Users/alexkim/Desktop/Projects/ETL_Projects/redditviz/venv/lib/python3.12/site-packages/airflow/example_dags/tutorial_dag.py
[2024-07-28T14:07:48.868-0500] {processor.py:830} INFO - Processing file /Users/alexkim/Desktop/Projects/ETL_Projects/redditviz/venv/lib/python3.12/site-packages/airflow/example_dags/tutorial_dag.py for tasks to queue
[2024-07-28T14:07:48.869-0500] {logging_mixin.py:188} INFO - [2024-07-28T14:07:48.869-0500] {dagbag.py:545} INFO - Filling up the DagBag from /Users/alexkim/Desktop/Projects/ETL_Projects/redditviz/venv/lib/python3.12/site-packages/airflow/example_dags/tutorial_dag.py
[2024-07-28T14:07:48.877-0500] {processor.py:840} INFO - DAG(s) 'tutorial_dag' retrieved from /Users/alexkim/Desktop/Projects/ETL_Projects/redditviz/venv/lib/python3.12/site-packages/airflow/example_dags/tutorial_dag.py
[2024-07-28T14:07:48.906-0500] {logging_mixin.py:188} INFO - [2024-07-28T14:07:48.906-0500] {dag.py:3089} INFO - Sync 1 DAGs
[2024-07-28T14:07:48.909-0500] {logging_mixin.py:188} INFO - [2024-07-28T14:07:48.909-0500] {dag.py:3947} INFO - Setting next_dagrun for tutorial_dag to None, run_after=None
[2024-07-28T14:07:48.916-0500] {processor.py:183} INFO - Processing /Users/alexkim/Desktop/Projects/ETL_Projects/redditviz/venv/lib/python3.12/site-packages/airflow/example_dags/tutorial_dag.py took 0.049 seconds
[2024-07-28T14:08:48.810-0500] {processor.py:161} INFO - Started process (PID=33742) to work on /Users/alexkim/Desktop/Projects/ETL_Projects/redditviz/venv/lib/python3.12/site-packages/airflow/example_dags/tutorial_dag.py
[2024-07-28T14:08:48.810-0500] {processor.py:830} INFO - Processing file /Users/alexkim/Desktop/Projects/ETL_Projects/redditviz/venv/lib/python3.12/site-packages/airflow/example_dags/tutorial_dag.py for tasks to queue
[2024-07-28T14:08:48.810-0500] {logging_mixin.py:188} INFO - [2024-07-28T14:08:48.810-0500] {dagbag.py:545} INFO - Filling up the DagBag from /Users/alexkim/Desktop/Projects/ETL_Projects/redditviz/venv/lib/python3.12/site-packages/airflow/example_dags/tutorial_dag.py
[2024-07-28T14:08:48.820-0500] {processor.py:840} INFO - DAG(s) 'tutorial_dag' retrieved from /Users/alexkim/Desktop/Projects/ETL_Projects/redditviz/venv/lib/python3.12/site-packages/airflow/example_dags/tutorial_dag.py
[2024-07-28T14:08:48.852-0500] {logging_mixin.py:188} INFO - [2024-07-28T14:08:48.852-0500] {dag.py:3089} INFO - Sync 1 DAGs
[2024-07-28T14:08:48.855-0500] {logging_mixin.py:188} INFO - [2024-07-28T14:08:48.855-0500] {dag.py:3947} INFO - Setting next_dagrun for tutorial_dag to None, run_after=None
[2024-07-28T14:08:48.865-0500] {processor.py:183} INFO - Processing /Users/alexkim/Desktop/Projects/ETL_Projects/redditviz/venv/lib/python3.12/site-packages/airflow/example_dags/tutorial_dag.py took 0.056 seconds
[2024-07-28T14:09:46.390-0500] {processor.py:161} INFO - Started process (PID=33829) to work on /Users/alexkim/Desktop/Projects/ETL_Projects/redditviz/venv/lib/python3.12/site-packages/airflow/example_dags/tutorial_dag.py
[2024-07-28T14:09:46.391-0500] {processor.py:830} INFO - Processing file /Users/alexkim/Desktop/Projects/ETL_Projects/redditviz/venv/lib/python3.12/site-packages/airflow/example_dags/tutorial_dag.py for tasks to queue
[2024-07-28T14:09:46.391-0500] {logging_mixin.py:188} INFO - [2024-07-28T14:09:46.391-0500] {dagbag.py:545} INFO - Filling up the DagBag from /Users/alexkim/Desktop/Projects/ETL_Projects/redditviz/venv/lib/python3.12/site-packages/airflow/example_dags/tutorial_dag.py
[2024-07-28T14:09:46.400-0500] {processor.py:840} INFO - DAG(s) 'tutorial_dag' retrieved from /Users/alexkim/Desktop/Projects/ETL_Projects/redditviz/venv/lib/python3.12/site-packages/airflow/example_dags/tutorial_dag.py
[2024-07-28T14:09:46.432-0500] {logging_mixin.py:188} INFO - [2024-07-28T14:09:46.432-0500] {dag.py:3089} INFO - Sync 1 DAGs
[2024-07-28T14:09:46.436-0500] {logging_mixin.py:188} INFO - [2024-07-28T14:09:46.436-0500] {dag.py:3947} INFO - Setting next_dagrun for tutorial_dag to None, run_after=None
[2024-07-28T14:09:46.442-0500] {processor.py:183} INFO - Processing /Users/alexkim/Desktop/Projects/ETL_Projects/redditviz/venv/lib/python3.12/site-packages/airflow/example_dags/tutorial_dag.py took 0.053 seconds
[2024-07-28T14:10:45.841-0500] {processor.py:161} INFO - Started process (PID=33882) to work on /Users/alexkim/Desktop/Projects/ETL_Projects/redditviz/venv/lib/python3.12/site-packages/airflow/example_dags/tutorial_dag.py
[2024-07-28T14:10:45.842-0500] {processor.py:830} INFO - Processing file /Users/alexkim/Desktop/Projects/ETL_Projects/redditviz/venv/lib/python3.12/site-packages/airflow/example_dags/tutorial_dag.py for tasks to queue
[2024-07-28T14:10:45.842-0500] {logging_mixin.py:188} INFO - [2024-07-28T14:10:45.842-0500] {dagbag.py:545} INFO - Filling up the DagBag from /Users/alexkim/Desktop/Projects/ETL_Projects/redditviz/venv/lib/python3.12/site-packages/airflow/example_dags/tutorial_dag.py
[2024-07-28T14:10:45.852-0500] {processor.py:840} INFO - DAG(s) 'tutorial_dag' retrieved from /Users/alexkim/Desktop/Projects/ETL_Projects/redditviz/venv/lib/python3.12/site-packages/airflow/example_dags/tutorial_dag.py
[2024-07-28T14:10:45.884-0500] {logging_mixin.py:188} INFO - [2024-07-28T14:10:45.884-0500] {dag.py:3089} INFO - Sync 1 DAGs
[2024-07-28T14:10:45.887-0500] {logging_mixin.py:188} INFO - [2024-07-28T14:10:45.887-0500] {dag.py:3947} INFO - Setting next_dagrun for tutorial_dag to None, run_after=None
[2024-07-28T14:10:45.893-0500] {processor.py:183} INFO - Processing /Users/alexkim/Desktop/Projects/ETL_Projects/redditviz/venv/lib/python3.12/site-packages/airflow/example_dags/tutorial_dag.py took 0.052 seconds
[2024-07-28T14:11:46.264-0500] {processor.py:161} INFO - Started process (PID=33946) to work on /Users/alexkim/Desktop/Projects/ETL_Projects/redditviz/venv/lib/python3.12/site-packages/airflow/example_dags/tutorial_dag.py
[2024-07-28T14:11:46.265-0500] {processor.py:830} INFO - Processing file /Users/alexkim/Desktop/Projects/ETL_Projects/redditviz/venv/lib/python3.12/site-packages/airflow/example_dags/tutorial_dag.py for tasks to queue
[2024-07-28T14:11:46.265-0500] {logging_mixin.py:188} INFO - [2024-07-28T14:11:46.265-0500] {dagbag.py:545} INFO - Filling up the DagBag from /Users/alexkim/Desktop/Projects/ETL_Projects/redditviz/venv/lib/python3.12/site-packages/airflow/example_dags/tutorial_dag.py
[2024-07-28T14:11:46.276-0500] {processor.py:840} INFO - DAG(s) 'tutorial_dag' retrieved from /Users/alexkim/Desktop/Projects/ETL_Projects/redditviz/venv/lib/python3.12/site-packages/airflow/example_dags/tutorial_dag.py
[2024-07-28T14:11:46.309-0500] {logging_mixin.py:188} INFO - [2024-07-28T14:11:46.309-0500] {dag.py:3089} INFO - Sync 1 DAGs
[2024-07-28T14:11:46.312-0500] {logging_mixin.py:188} INFO - [2024-07-28T14:11:46.312-0500] {dag.py:3947} INFO - Setting next_dagrun for tutorial_dag to None, run_after=None
[2024-07-28T14:11:46.318-0500] {processor.py:183} INFO - Processing /Users/alexkim/Desktop/Projects/ETL_Projects/redditviz/venv/lib/python3.12/site-packages/airflow/example_dags/tutorial_dag.py took 0.055 seconds
[2024-07-28T14:12:45.425-0500] {processor.py:161} INFO - Started process (PID=34004) to work on /Users/alexkim/Desktop/Projects/ETL_Projects/redditviz/venv/lib/python3.12/site-packages/airflow/example_dags/tutorial_dag.py
[2024-07-28T14:12:45.426-0500] {processor.py:830} INFO - Processing file /Users/alexkim/Desktop/Projects/ETL_Projects/redditviz/venv/lib/python3.12/site-packages/airflow/example_dags/tutorial_dag.py for tasks to queue
[2024-07-28T14:12:45.426-0500] {logging_mixin.py:188} INFO - [2024-07-28T14:12:45.426-0500] {dagbag.py:545} INFO - Filling up the DagBag from /Users/alexkim/Desktop/Projects/ETL_Projects/redditviz/venv/lib/python3.12/site-packages/airflow/example_dags/tutorial_dag.py
[2024-07-28T14:12:45.438-0500] {processor.py:840} INFO - DAG(s) 'tutorial_dag' retrieved from /Users/alexkim/Desktop/Projects/ETL_Projects/redditviz/venv/lib/python3.12/site-packages/airflow/example_dags/tutorial_dag.py
[2024-07-28T14:12:45.483-0500] {logging_mixin.py:188} INFO - [2024-07-28T14:12:45.483-0500] {dag.py:3089} INFO - Sync 1 DAGs
[2024-07-28T14:12:45.487-0500] {logging_mixin.py:188} INFO - [2024-07-28T14:12:45.487-0500] {dag.py:3947} INFO - Setting next_dagrun for tutorial_dag to None, run_after=None
[2024-07-28T14:12:45.494-0500] {processor.py:183} INFO - Processing /Users/alexkim/Desktop/Projects/ETL_Projects/redditviz/venv/lib/python3.12/site-packages/airflow/example_dags/tutorial_dag.py took 0.071 seconds
[2024-07-28T14:13:45.736-0500] {processor.py:161} INFO - Started process (PID=34085) to work on /Users/alexkim/Desktop/Projects/ETL_Projects/redditviz/venv/lib/python3.12/site-packages/airflow/example_dags/tutorial_dag.py
[2024-07-28T14:13:45.737-0500] {processor.py:830} INFO - Processing file /Users/alexkim/Desktop/Projects/ETL_Projects/redditviz/venv/lib/python3.12/site-packages/airflow/example_dags/tutorial_dag.py for tasks to queue
[2024-07-28T14:13:45.737-0500] {logging_mixin.py:188} INFO - [2024-07-28T14:13:45.737-0500] {dagbag.py:545} INFO - Filling up the DagBag from /Users/alexkim/Desktop/Projects/ETL_Projects/redditviz/venv/lib/python3.12/site-packages/airflow/example_dags/tutorial_dag.py
[2024-07-28T14:13:45.746-0500] {processor.py:840} INFO - DAG(s) 'tutorial_dag' retrieved from /Users/alexkim/Desktop/Projects/ETL_Projects/redditviz/venv/lib/python3.12/site-packages/airflow/example_dags/tutorial_dag.py
[2024-07-28T14:13:45.781-0500] {logging_mixin.py:188} INFO - [2024-07-28T14:13:45.781-0500] {dag.py:3089} INFO - Sync 1 DAGs
[2024-07-28T14:13:45.785-0500] {logging_mixin.py:188} INFO - [2024-07-28T14:13:45.785-0500] {dag.py:3947} INFO - Setting next_dagrun for tutorial_dag to None, run_after=None
[2024-07-28T14:13:45.792-0500] {processor.py:183} INFO - Processing /Users/alexkim/Desktop/Projects/ETL_Projects/redditviz/venv/lib/python3.12/site-packages/airflow/example_dags/tutorial_dag.py took 0.057 seconds
[2024-07-28T14:14:46.754-0500] {processor.py:161} INFO - Started process (PID=34161) to work on /Users/alexkim/Desktop/Projects/ETL_Projects/redditviz/venv/lib/python3.12/site-packages/airflow/example_dags/tutorial_dag.py
[2024-07-28T14:14:46.755-0500] {processor.py:830} INFO - Processing file /Users/alexkim/Desktop/Projects/ETL_Projects/redditviz/venv/lib/python3.12/site-packages/airflow/example_dags/tutorial_dag.py for tasks to queue
[2024-07-28T14:14:46.755-0500] {logging_mixin.py:188} INFO - [2024-07-28T14:14:46.755-0500] {dagbag.py:545} INFO - Filling up the DagBag from /Users/alexkim/Desktop/Projects/ETL_Projects/redditviz/venv/lib/python3.12/site-packages/airflow/example_dags/tutorial_dag.py
[2024-07-28T14:14:46.770-0500] {processor.py:840} INFO - DAG(s) 'tutorial_dag' retrieved from /Users/alexkim/Desktop/Projects/ETL_Projects/redditviz/venv/lib/python3.12/site-packages/airflow/example_dags/tutorial_dag.py
[2024-07-28T14:14:46.804-0500] {logging_mixin.py:188} INFO - [2024-07-28T14:14:46.804-0500] {dag.py:3089} INFO - Sync 1 DAGs
[2024-07-28T14:14:46.807-0500] {logging_mixin.py:188} INFO - [2024-07-28T14:14:46.807-0500] {dag.py:3947} INFO - Setting next_dagrun for tutorial_dag to None, run_after=None
[2024-07-28T14:14:46.813-0500] {processor.py:183} INFO - Processing /Users/alexkim/Desktop/Projects/ETL_Projects/redditviz/venv/lib/python3.12/site-packages/airflow/example_dags/tutorial_dag.py took 0.059 seconds
[2024-07-28T14:34:54.067-0500] {processor.py:161} INFO - Started process (PID=1499) to work on /Users/alexkim/Desktop/Projects/ETL_Projects/redditviz/venv/lib/python3.12/site-packages/airflow/example_dags/tutorial_dag.py
[2024-07-28T14:34:54.068-0500] {processor.py:830} INFO - Processing file /Users/alexkim/Desktop/Projects/ETL_Projects/redditviz/venv/lib/python3.12/site-packages/airflow/example_dags/tutorial_dag.py for tasks to queue
[2024-07-28T14:34:54.069-0500] {logging_mixin.py:188} INFO - [2024-07-28T14:34:54.069-0500] {dagbag.py:545} INFO - Filling up the DagBag from /Users/alexkim/Desktop/Projects/ETL_Projects/redditviz/venv/lib/python3.12/site-packages/airflow/example_dags/tutorial_dag.py
[2024-07-28T14:34:54.081-0500] {processor.py:840} INFO - DAG(s) 'tutorial_dag' retrieved from /Users/alexkim/Desktop/Projects/ETL_Projects/redditviz/venv/lib/python3.12/site-packages/airflow/example_dags/tutorial_dag.py
[2024-07-28T14:34:54.146-0500] {logging_mixin.py:188} INFO - [2024-07-28T14:34:54.146-0500] {override.py:1858} INFO - Created Permission View: can delete on DAG:tutorial_dag
[2024-07-28T14:34:54.149-0500] {logging_mixin.py:188} INFO - [2024-07-28T14:34:54.149-0500] {override.py:1858} INFO - Created Permission View: can edit on DAG:tutorial_dag
[2024-07-28T14:34:54.151-0500] {logging_mixin.py:188} INFO - [2024-07-28T14:34:54.151-0500] {override.py:1858} INFO - Created Permission View: can read on DAG:tutorial_dag
[2024-07-28T14:34:54.151-0500] {logging_mixin.py:188} INFO - [2024-07-28T14:34:54.151-0500] {dag.py:3089} INFO - Sync 1 DAGs
[2024-07-28T14:34:54.154-0500] {logging_mixin.py:188} INFO - [2024-07-28T14:34:54.154-0500] {dag.py:3111} INFO - Creating ORM DAG for tutorial_dag
[2024-07-28T14:34:54.154-0500] {logging_mixin.py:188} INFO - [2024-07-28T14:34:54.154-0500] {dag.py:3947} INFO - Setting next_dagrun for tutorial_dag to None, run_after=None
[2024-07-28T14:34:54.161-0500] {processor.py:183} INFO - Processing /Users/alexkim/Desktop/Projects/ETL_Projects/redditviz/venv/lib/python3.12/site-packages/airflow/example_dags/tutorial_dag.py took 0.094 seconds
