[2024-07-28T14:00:05.347-0500] {processor.py:161} INFO - Started process (PID=33167) to work on /Users/alexkim/Desktop/Projects/ETL_Projects/redditviz/venv/lib/python3.12/site-packages/airflow/example_dags/tutorial.py
[2024-07-28T14:00:05.348-0500] {processor.py:830} INFO - Processing file /Users/alexkim/Desktop/Projects/ETL_Projects/redditviz/venv/lib/python3.12/site-packages/airflow/example_dags/tutorial.py for tasks to queue
[2024-07-28T14:00:05.348-0500] {logging_mixin.py:188} INFO - [2024-07-28T14:00:05.348-0500] {dagbag.py:545} INFO - Filling up the DagBag from /Users/alexkim/Desktop/Projects/ETL_Projects/redditviz/venv/lib/python3.12/site-packages/airflow/example_dags/tutorial.py
[2024-07-28T14:00:05.353-0500] {processor.py:840} INFO - DAG(s) 'tutorial' retrieved from /Users/alexkim/Desktop/Projects/ETL_Projects/redditviz/venv/lib/python3.12/site-packages/airflow/example_dags/tutorial.py
[2024-07-28T14:00:05.421-0500] {logging_mixin.py:188} INFO - [2024-07-28T14:00:05.420-0500] {override.py:1858} INFO - Created Permission View: can read on DAG:tutorial
[2024-07-28T14:00:05.423-0500] {logging_mixin.py:188} INFO - [2024-07-28T14:00:05.423-0500] {override.py:1858} INFO - Created Permission View: can edit on DAG:tutorial
[2024-07-28T14:00:05.425-0500] {logging_mixin.py:188} INFO - [2024-07-28T14:00:05.425-0500] {override.py:1858} INFO - Created Permission View: can delete on DAG:tutorial
[2024-07-28T14:00:05.425-0500] {logging_mixin.py:188} INFO - [2024-07-28T14:00:05.425-0500] {dag.py:3089} INFO - Sync 1 DAGs
[2024-07-28T14:00:05.428-0500] {logging_mixin.py:188} INFO - [2024-07-28T14:00:05.428-0500] {dag.py:3111} INFO - Creating ORM DAG for tutorial
[2024-07-28T14:00:05.431-0500] {logging_mixin.py:188} INFO - [2024-07-28T14:00:05.431-0500] {dag.py:3947} INFO - Setting next_dagrun for tutorial to 2024-07-27 00:00:00+00:00, run_after=2024-07-28 00:00:00+00:00
[2024-07-28T14:00:05.436-0500] {processor.py:183} INFO - Processing /Users/alexkim/Desktop/Projects/ETL_Projects/redditviz/venv/lib/python3.12/site-packages/airflow/example_dags/tutorial.py took 0.090 seconds
[2024-07-28T14:01:35.390-0500] {processor.py:161} INFO - Started process (PID=33250) to work on /Users/alexkim/Desktop/Projects/ETL_Projects/redditviz/venv/lib/python3.12/site-packages/airflow/example_dags/tutorial.py
[2024-07-28T14:01:35.391-0500] {processor.py:830} INFO - Processing file /Users/alexkim/Desktop/Projects/ETL_Projects/redditviz/venv/lib/python3.12/site-packages/airflow/example_dags/tutorial.py for tasks to queue
[2024-07-28T14:01:35.391-0500] {logging_mixin.py:188} INFO - [2024-07-28T14:01:35.391-0500] {dagbag.py:545} INFO - Filling up the DagBag from /Users/alexkim/Desktop/Projects/ETL_Projects/redditviz/venv/lib/python3.12/site-packages/airflow/example_dags/tutorial.py
[2024-07-28T14:01:35.394-0500] {processor.py:840} INFO - DAG(s) 'tutorial' retrieved from /Users/alexkim/Desktop/Projects/ETL_Projects/redditviz/venv/lib/python3.12/site-packages/airflow/example_dags/tutorial.py
[2024-07-28T14:01:35.430-0500] {logging_mixin.py:188} INFO - [2024-07-28T14:01:35.430-0500] {dag.py:3089} INFO - Sync 1 DAGs
[2024-07-28T14:01:35.437-0500] {logging_mixin.py:188} INFO - [2024-07-28T14:01:35.437-0500] {dag.py:3947} INFO - Setting next_dagrun for tutorial to 2024-07-27 00:00:00+00:00, run_after=2024-07-28 00:00:00+00:00
[2024-07-28T14:01:35.443-0500] {processor.py:183} INFO - Processing /Users/alexkim/Desktop/Projects/ETL_Projects/redditviz/venv/lib/python3.12/site-packages/airflow/example_dags/tutorial.py took 0.054 seconds
[2024-07-28T14:02:29.402-0500] {processor.py:161} INFO - Started process (PID=33302) to work on /Users/alexkim/Desktop/Projects/ETL_Projects/redditviz/venv/lib/python3.12/site-packages/airflow/example_dags/tutorial.py
[2024-07-28T14:02:29.403-0500] {processor.py:830} INFO - Processing file /Users/alexkim/Desktop/Projects/ETL_Projects/redditviz/venv/lib/python3.12/site-packages/airflow/example_dags/tutorial.py for tasks to queue
[2024-07-28T14:02:29.404-0500] {logging_mixin.py:188} INFO - [2024-07-28T14:02:29.404-0500] {dagbag.py:545} INFO - Filling up the DagBag from /Users/alexkim/Desktop/Projects/ETL_Projects/redditviz/venv/lib/python3.12/site-packages/airflow/example_dags/tutorial.py
[2024-07-28T14:02:29.406-0500] {processor.py:840} INFO - DAG(s) 'tutorial' retrieved from /Users/alexkim/Desktop/Projects/ETL_Projects/redditviz/venv/lib/python3.12/site-packages/airflow/example_dags/tutorial.py
[2024-07-28T14:02:29.436-0500] {logging_mixin.py:188} INFO - [2024-07-28T14:02:29.436-0500] {dag.py:3089} INFO - Sync 1 DAGs
[2024-07-28T14:02:29.442-0500] {logging_mixin.py:188} INFO - [2024-07-28T14:02:29.441-0500] {dag.py:3947} INFO - Setting next_dagrun for tutorial to 2024-07-27 00:00:00+00:00, run_after=2024-07-28 00:00:00+00:00
[2024-07-28T14:02:29.447-0500] {processor.py:183} INFO - Processing /Users/alexkim/Desktop/Projects/ETL_Projects/redditviz/venv/lib/python3.12/site-packages/airflow/example_dags/tutorial.py took 0.046 seconds
[2024-07-28T14:03:16.377-0500] {processor.py:161} INFO - Started process (PID=33339) to work on /Users/alexkim/Desktop/Projects/ETL_Projects/redditviz/venv/lib/python3.12/site-packages/airflow/example_dags/tutorial.py
[2024-07-28T14:03:16.377-0500] {processor.py:830} INFO - Processing file /Users/alexkim/Desktop/Projects/ETL_Projects/redditviz/venv/lib/python3.12/site-packages/airflow/example_dags/tutorial.py for tasks to queue
[2024-07-28T14:03:16.378-0500] {logging_mixin.py:188} INFO - [2024-07-28T14:03:16.378-0500] {dagbag.py:545} INFO - Filling up the DagBag from /Users/alexkim/Desktop/Projects/ETL_Projects/redditviz/venv/lib/python3.12/site-packages/airflow/example_dags/tutorial.py
[2024-07-28T14:03:16.381-0500] {processor.py:840} INFO - DAG(s) 'tutorial' retrieved from /Users/alexkim/Desktop/Projects/ETL_Projects/redditviz/venv/lib/python3.12/site-packages/airflow/example_dags/tutorial.py
[2024-07-28T14:03:16.413-0500] {logging_mixin.py:188} INFO - [2024-07-28T14:03:16.413-0500] {dag.py:3089} INFO - Sync 1 DAGs
[2024-07-28T14:03:16.419-0500] {logging_mixin.py:188} INFO - [2024-07-28T14:03:16.419-0500] {dag.py:3947} INFO - Setting next_dagrun for tutorial to 2024-07-27 00:00:00+00:00, run_after=2024-07-28 00:00:00+00:00
[2024-07-28T14:03:16.424-0500] {processor.py:183} INFO - Processing /Users/alexkim/Desktop/Projects/ETL_Projects/redditviz/venv/lib/python3.12/site-packages/airflow/example_dags/tutorial.py took 0.049 seconds
[2024-07-28T14:04:04.522-0500] {processor.py:161} INFO - Started process (PID=33391) to work on /Users/alexkim/Desktop/Projects/ETL_Projects/redditviz/venv/lib/python3.12/site-packages/airflow/example_dags/tutorial.py
[2024-07-28T14:04:04.523-0500] {processor.py:830} INFO - Processing file /Users/alexkim/Desktop/Projects/ETL_Projects/redditviz/venv/lib/python3.12/site-packages/airflow/example_dags/tutorial.py for tasks to queue
[2024-07-28T14:04:04.523-0500] {logging_mixin.py:188} INFO - [2024-07-28T14:04:04.523-0500] {dagbag.py:545} INFO - Filling up the DagBag from /Users/alexkim/Desktop/Projects/ETL_Projects/redditviz/venv/lib/python3.12/site-packages/airflow/example_dags/tutorial.py
[2024-07-28T14:04:04.525-0500] {processor.py:840} INFO - DAG(s) 'tutorial' retrieved from /Users/alexkim/Desktop/Projects/ETL_Projects/redditviz/venv/lib/python3.12/site-packages/airflow/example_dags/tutorial.py
[2024-07-28T14:04:04.555-0500] {logging_mixin.py:188} INFO - [2024-07-28T14:04:04.555-0500] {dag.py:3089} INFO - Sync 1 DAGs
[2024-07-28T14:04:04.561-0500] {logging_mixin.py:188} INFO - [2024-07-28T14:04:04.561-0500] {dag.py:3947} INFO - Setting next_dagrun for tutorial to 2024-07-27 00:00:00+00:00, run_after=2024-07-28 00:00:00+00:00
[2024-07-28T14:04:04.567-0500] {processor.py:183} INFO - Processing /Users/alexkim/Desktop/Projects/ETL_Projects/redditviz/venv/lib/python3.12/site-packages/airflow/example_dags/tutorial.py took 0.045 seconds
[2024-07-28T14:04:55.221-0500] {processor.py:161} INFO - Started process (PID=33452) to work on /Users/alexkim/Desktop/Projects/ETL_Projects/redditviz/venv/lib/python3.12/site-packages/airflow/example_dags/tutorial.py
[2024-07-28T14:04:55.222-0500] {processor.py:830} INFO - Processing file /Users/alexkim/Desktop/Projects/ETL_Projects/redditviz/venv/lib/python3.12/site-packages/airflow/example_dags/tutorial.py for tasks to queue
[2024-07-28T14:04:55.222-0500] {logging_mixin.py:188} INFO - [2024-07-28T14:04:55.222-0500] {dagbag.py:545} INFO - Filling up the DagBag from /Users/alexkim/Desktop/Projects/ETL_Projects/redditviz/venv/lib/python3.12/site-packages/airflow/example_dags/tutorial.py
[2024-07-28T14:04:55.224-0500] {processor.py:840} INFO - DAG(s) 'tutorial' retrieved from /Users/alexkim/Desktop/Projects/ETL_Projects/redditviz/venv/lib/python3.12/site-packages/airflow/example_dags/tutorial.py
[2024-07-28T14:04:55.254-0500] {logging_mixin.py:188} INFO - [2024-07-28T14:04:55.254-0500] {dag.py:3089} INFO - Sync 1 DAGs
[2024-07-28T14:04:55.260-0500] {logging_mixin.py:188} INFO - [2024-07-28T14:04:55.260-0500] {dag.py:3947} INFO - Setting next_dagrun for tutorial to 2024-07-27 00:00:00+00:00, run_after=2024-07-28 00:00:00+00:00
[2024-07-28T14:04:55.266-0500] {processor.py:183} INFO - Processing /Users/alexkim/Desktop/Projects/ETL_Projects/redditviz/venv/lib/python3.12/site-packages/airflow/example_dags/tutorial.py took 0.046 seconds
[2024-07-28T14:05:50.848-0500] {processor.py:161} INFO - Started process (PID=33559) to work on /Users/alexkim/Desktop/Projects/ETL_Projects/redditviz/venv/lib/python3.12/site-packages/airflow/example_dags/tutorial.py
[2024-07-28T14:05:50.853-0500] {processor.py:830} INFO - Processing file /Users/alexkim/Desktop/Projects/ETL_Projects/redditviz/venv/lib/python3.12/site-packages/airflow/example_dags/tutorial.py for tasks to queue
[2024-07-28T14:05:50.853-0500] {logging_mixin.py:188} INFO - [2024-07-28T14:05:50.853-0500] {dagbag.py:545} INFO - Filling up the DagBag from /Users/alexkim/Desktop/Projects/ETL_Projects/redditviz/venv/lib/python3.12/site-packages/airflow/example_dags/tutorial.py
[2024-07-28T14:05:50.858-0500] {processor.py:840} INFO - DAG(s) 'tutorial' retrieved from /Users/alexkim/Desktop/Projects/ETL_Projects/redditviz/venv/lib/python3.12/site-packages/airflow/example_dags/tutorial.py
[2024-07-28T14:05:50.896-0500] {logging_mixin.py:188} INFO - [2024-07-28T14:05:50.896-0500] {dag.py:3089} INFO - Sync 1 DAGs
[2024-07-28T14:05:50.904-0500] {logging_mixin.py:188} INFO - [2024-07-28T14:05:50.904-0500] {dag.py:3947} INFO - Setting next_dagrun for tutorial to 2024-07-27 00:00:00+00:00, run_after=2024-07-28 00:00:00+00:00
[2024-07-28T14:05:50.911-0500] {processor.py:183} INFO - Processing /Users/alexkim/Desktop/Projects/ETL_Projects/redditviz/venv/lib/python3.12/site-packages/airflow/example_dags/tutorial.py took 0.064 seconds
[2024-07-28T14:06:49.918-0500] {processor.py:161} INFO - Started process (PID=33617) to work on /Users/alexkim/Desktop/Projects/ETL_Projects/redditviz/venv/lib/python3.12/site-packages/airflow/example_dags/tutorial.py
[2024-07-28T14:06:49.919-0500] {processor.py:830} INFO - Processing file /Users/alexkim/Desktop/Projects/ETL_Projects/redditviz/venv/lib/python3.12/site-packages/airflow/example_dags/tutorial.py for tasks to queue
[2024-07-28T14:06:49.919-0500] {logging_mixin.py:188} INFO - [2024-07-28T14:06:49.919-0500] {dagbag.py:545} INFO - Filling up the DagBag from /Users/alexkim/Desktop/Projects/ETL_Projects/redditviz/venv/lib/python3.12/site-packages/airflow/example_dags/tutorial.py
[2024-07-28T14:06:49.921-0500] {processor.py:840} INFO - DAG(s) 'tutorial' retrieved from /Users/alexkim/Desktop/Projects/ETL_Projects/redditviz/venv/lib/python3.12/site-packages/airflow/example_dags/tutorial.py
[2024-07-28T14:06:49.952-0500] {logging_mixin.py:188} INFO - [2024-07-28T14:06:49.952-0500] {dag.py:3089} INFO - Sync 1 DAGs
[2024-07-28T14:06:49.957-0500] {logging_mixin.py:188} INFO - [2024-07-28T14:06:49.957-0500] {dag.py:3947} INFO - Setting next_dagrun for tutorial to 2024-07-27 00:00:00+00:00, run_after=2024-07-28 00:00:00+00:00
[2024-07-28T14:06:49.963-0500] {processor.py:183} INFO - Processing /Users/alexkim/Desktop/Projects/ETL_Projects/redditviz/venv/lib/python3.12/site-packages/airflow/example_dags/tutorial.py took 0.047 seconds
[2024-07-28T14:07:50.689-0500] {processor.py:161} INFO - Started process (PID=33704) to work on /Users/alexkim/Desktop/Projects/ETL_Projects/redditviz/venv/lib/python3.12/site-packages/airflow/example_dags/tutorial.py
[2024-07-28T14:07:50.690-0500] {processor.py:830} INFO - Processing file /Users/alexkim/Desktop/Projects/ETL_Projects/redditviz/venv/lib/python3.12/site-packages/airflow/example_dags/tutorial.py for tasks to queue
[2024-07-28T14:07:50.690-0500] {logging_mixin.py:188} INFO - [2024-07-28T14:07:50.690-0500] {dagbag.py:545} INFO - Filling up the DagBag from /Users/alexkim/Desktop/Projects/ETL_Projects/redditviz/venv/lib/python3.12/site-packages/airflow/example_dags/tutorial.py
[2024-07-28T14:07:50.693-0500] {processor.py:840} INFO - DAG(s) 'tutorial' retrieved from /Users/alexkim/Desktop/Projects/ETL_Projects/redditviz/venv/lib/python3.12/site-packages/airflow/example_dags/tutorial.py
[2024-07-28T14:07:50.728-0500] {logging_mixin.py:188} INFO - [2024-07-28T14:07:50.728-0500] {dag.py:3089} INFO - Sync 1 DAGs
[2024-07-28T14:07:50.735-0500] {logging_mixin.py:188} INFO - [2024-07-28T14:07:50.735-0500] {dag.py:3947} INFO - Setting next_dagrun for tutorial to 2024-07-27 00:00:00+00:00, run_after=2024-07-28 00:00:00+00:00
[2024-07-28T14:07:50.743-0500] {processor.py:183} INFO - Processing /Users/alexkim/Desktop/Projects/ETL_Projects/redditviz/venv/lib/python3.12/site-packages/airflow/example_dags/tutorial.py took 0.055 seconds
[2024-07-28T14:08:49.866-0500] {processor.py:161} INFO - Started process (PID=33743) to work on /Users/alexkim/Desktop/Projects/ETL_Projects/redditviz/venv/lib/python3.12/site-packages/airflow/example_dags/tutorial.py
[2024-07-28T14:08:49.867-0500] {processor.py:830} INFO - Processing file /Users/alexkim/Desktop/Projects/ETL_Projects/redditviz/venv/lib/python3.12/site-packages/airflow/example_dags/tutorial.py for tasks to queue
[2024-07-28T14:08:49.867-0500] {logging_mixin.py:188} INFO - [2024-07-28T14:08:49.867-0500] {dagbag.py:545} INFO - Filling up the DagBag from /Users/alexkim/Desktop/Projects/ETL_Projects/redditviz/venv/lib/python3.12/site-packages/airflow/example_dags/tutorial.py
[2024-07-28T14:08:49.870-0500] {processor.py:840} INFO - DAG(s) 'tutorial' retrieved from /Users/alexkim/Desktop/Projects/ETL_Projects/redditviz/venv/lib/python3.12/site-packages/airflow/example_dags/tutorial.py
[2024-07-28T14:08:49.902-0500] {logging_mixin.py:188} INFO - [2024-07-28T14:08:49.902-0500] {dag.py:3089} INFO - Sync 1 DAGs
[2024-07-28T14:08:49.909-0500] {logging_mixin.py:188} INFO - [2024-07-28T14:08:49.909-0500] {dag.py:3947} INFO - Setting next_dagrun for tutorial to 2024-07-27 00:00:00+00:00, run_after=2024-07-28 00:00:00+00:00
[2024-07-28T14:08:49.915-0500] {processor.py:183} INFO - Processing /Users/alexkim/Desktop/Projects/ETL_Projects/redditviz/venv/lib/python3.12/site-packages/airflow/example_dags/tutorial.py took 0.050 seconds
[2024-07-28T14:09:47.870-0500] {processor.py:161} INFO - Started process (PID=33830) to work on /Users/alexkim/Desktop/Projects/ETL_Projects/redditviz/venv/lib/python3.12/site-packages/airflow/example_dags/tutorial.py
[2024-07-28T14:09:47.870-0500] {processor.py:830} INFO - Processing file /Users/alexkim/Desktop/Projects/ETL_Projects/redditviz/venv/lib/python3.12/site-packages/airflow/example_dags/tutorial.py for tasks to queue
[2024-07-28T14:09:47.871-0500] {logging_mixin.py:188} INFO - [2024-07-28T14:09:47.871-0500] {dagbag.py:545} INFO - Filling up the DagBag from /Users/alexkim/Desktop/Projects/ETL_Projects/redditviz/venv/lib/python3.12/site-packages/airflow/example_dags/tutorial.py
[2024-07-28T14:09:47.873-0500] {processor.py:840} INFO - DAG(s) 'tutorial' retrieved from /Users/alexkim/Desktop/Projects/ETL_Projects/redditviz/venv/lib/python3.12/site-packages/airflow/example_dags/tutorial.py
[2024-07-28T14:09:47.904-0500] {logging_mixin.py:188} INFO - [2024-07-28T14:09:47.904-0500] {dag.py:3089} INFO - Sync 1 DAGs
[2024-07-28T14:09:47.910-0500] {logging_mixin.py:188} INFO - [2024-07-28T14:09:47.910-0500] {dag.py:3947} INFO - Setting next_dagrun for tutorial to 2024-07-27 00:00:00+00:00, run_after=2024-07-28 00:00:00+00:00
[2024-07-28T14:09:47.916-0500] {processor.py:183} INFO - Processing /Users/alexkim/Desktop/Projects/ETL_Projects/redditviz/venv/lib/python3.12/site-packages/airflow/example_dags/tutorial.py took 0.047 seconds
[2024-07-28T14:10:47.529-0500] {processor.py:161} INFO - Started process (PID=33884) to work on /Users/alexkim/Desktop/Projects/ETL_Projects/redditviz/venv/lib/python3.12/site-packages/airflow/example_dags/tutorial.py
[2024-07-28T14:10:47.529-0500] {processor.py:830} INFO - Processing file /Users/alexkim/Desktop/Projects/ETL_Projects/redditviz/venv/lib/python3.12/site-packages/airflow/example_dags/tutorial.py for tasks to queue
[2024-07-28T14:10:47.529-0500] {logging_mixin.py:188} INFO - [2024-07-28T14:10:47.529-0500] {dagbag.py:545} INFO - Filling up the DagBag from /Users/alexkim/Desktop/Projects/ETL_Projects/redditviz/venv/lib/python3.12/site-packages/airflow/example_dags/tutorial.py
[2024-07-28T14:10:47.532-0500] {processor.py:840} INFO - DAG(s) 'tutorial' retrieved from /Users/alexkim/Desktop/Projects/ETL_Projects/redditviz/venv/lib/python3.12/site-packages/airflow/example_dags/tutorial.py
[2024-07-28T14:10:47.562-0500] {logging_mixin.py:188} INFO - [2024-07-28T14:10:47.562-0500] {dag.py:3089} INFO - Sync 1 DAGs
[2024-07-28T14:10:47.568-0500] {logging_mixin.py:188} INFO - [2024-07-28T14:10:47.568-0500] {dag.py:3947} INFO - Setting next_dagrun for tutorial to 2024-07-27 00:00:00+00:00, run_after=2024-07-28 00:00:00+00:00
[2024-07-28T14:10:47.573-0500] {processor.py:183} INFO - Processing /Users/alexkim/Desktop/Projects/ETL_Projects/redditviz/venv/lib/python3.12/site-packages/airflow/example_dags/tutorial.py took 0.045 seconds
[2024-07-28T14:11:48.004-0500] {processor.py:161} INFO - Started process (PID=33950) to work on /Users/alexkim/Desktop/Projects/ETL_Projects/redditviz/venv/lib/python3.12/site-packages/airflow/example_dags/tutorial.py
[2024-07-28T14:11:48.004-0500] {processor.py:830} INFO - Processing file /Users/alexkim/Desktop/Projects/ETL_Projects/redditviz/venv/lib/python3.12/site-packages/airflow/example_dags/tutorial.py for tasks to queue
[2024-07-28T14:11:48.005-0500] {logging_mixin.py:188} INFO - [2024-07-28T14:11:48.005-0500] {dagbag.py:545} INFO - Filling up the DagBag from /Users/alexkim/Desktop/Projects/ETL_Projects/redditviz/venv/lib/python3.12/site-packages/airflow/example_dags/tutorial.py
[2024-07-28T14:11:48.007-0500] {processor.py:840} INFO - DAG(s) 'tutorial' retrieved from /Users/alexkim/Desktop/Projects/ETL_Projects/redditviz/venv/lib/python3.12/site-packages/airflow/example_dags/tutorial.py
[2024-07-28T14:11:48.037-0500] {logging_mixin.py:188} INFO - [2024-07-28T14:11:48.037-0500] {dag.py:3089} INFO - Sync 1 DAGs
[2024-07-28T14:11:48.043-0500] {logging_mixin.py:188} INFO - [2024-07-28T14:11:48.043-0500] {dag.py:3947} INFO - Setting next_dagrun for tutorial to 2024-07-27 00:00:00+00:00, run_after=2024-07-28 00:00:00+00:00
[2024-07-28T14:11:48.049-0500] {processor.py:183} INFO - Processing /Users/alexkim/Desktop/Projects/ETL_Projects/redditviz/venv/lib/python3.12/site-packages/airflow/example_dags/tutorial.py took 0.046 seconds
[2024-07-28T14:12:47.207-0500] {processor.py:161} INFO - Started process (PID=34007) to work on /Users/alexkim/Desktop/Projects/ETL_Projects/redditviz/venv/lib/python3.12/site-packages/airflow/example_dags/tutorial.py
[2024-07-28T14:12:47.210-0500] {processor.py:830} INFO - Processing file /Users/alexkim/Desktop/Projects/ETL_Projects/redditviz/venv/lib/python3.12/site-packages/airflow/example_dags/tutorial.py for tasks to queue
[2024-07-28T14:12:47.210-0500] {logging_mixin.py:188} INFO - [2024-07-28T14:12:47.210-0500] {dagbag.py:545} INFO - Filling up the DagBag from /Users/alexkim/Desktop/Projects/ETL_Projects/redditviz/venv/lib/python3.12/site-packages/airflow/example_dags/tutorial.py
[2024-07-28T14:12:47.213-0500] {processor.py:840} INFO - DAG(s) 'tutorial' retrieved from /Users/alexkim/Desktop/Projects/ETL_Projects/redditviz/venv/lib/python3.12/site-packages/airflow/example_dags/tutorial.py
[2024-07-28T14:12:47.250-0500] {logging_mixin.py:188} INFO - [2024-07-28T14:12:47.250-0500] {dag.py:3089} INFO - Sync 1 DAGs
[2024-07-28T14:12:47.257-0500] {logging_mixin.py:188} INFO - [2024-07-28T14:12:47.257-0500] {dag.py:3947} INFO - Setting next_dagrun for tutorial to 2024-07-27 00:00:00+00:00, run_after=2024-07-28 00:00:00+00:00
[2024-07-28T14:12:47.262-0500] {processor.py:183} INFO - Processing /Users/alexkim/Desktop/Projects/ETL_Projects/redditviz/venv/lib/python3.12/site-packages/airflow/example_dags/tutorial.py took 0.056 seconds
[2024-07-28T14:13:47.548-0500] {processor.py:161} INFO - Started process (PID=34086) to work on /Users/alexkim/Desktop/Projects/ETL_Projects/redditviz/venv/lib/python3.12/site-packages/airflow/example_dags/tutorial.py
[2024-07-28T14:13:47.549-0500] {processor.py:830} INFO - Processing file /Users/alexkim/Desktop/Projects/ETL_Projects/redditviz/venv/lib/python3.12/site-packages/airflow/example_dags/tutorial.py for tasks to queue
[2024-07-28T14:13:47.549-0500] {logging_mixin.py:188} INFO - [2024-07-28T14:13:47.549-0500] {dagbag.py:545} INFO - Filling up the DagBag from /Users/alexkim/Desktop/Projects/ETL_Projects/redditviz/venv/lib/python3.12/site-packages/airflow/example_dags/tutorial.py
[2024-07-28T14:13:47.552-0500] {processor.py:840} INFO - DAG(s) 'tutorial' retrieved from /Users/alexkim/Desktop/Projects/ETL_Projects/redditviz/venv/lib/python3.12/site-packages/airflow/example_dags/tutorial.py
[2024-07-28T14:13:47.586-0500] {logging_mixin.py:188} INFO - [2024-07-28T14:13:47.586-0500] {dag.py:3089} INFO - Sync 1 DAGs
[2024-07-28T14:13:47.592-0500] {logging_mixin.py:188} INFO - [2024-07-28T14:13:47.592-0500] {dag.py:3947} INFO - Setting next_dagrun for tutorial to 2024-07-27 00:00:00+00:00, run_after=2024-07-28 00:00:00+00:00
[2024-07-28T14:13:47.599-0500] {processor.py:183} INFO - Processing /Users/alexkim/Desktop/Projects/ETL_Projects/redditviz/venv/lib/python3.12/site-packages/airflow/example_dags/tutorial.py took 0.051 seconds
[2024-07-28T14:14:48.208-0500] {processor.py:161} INFO - Started process (PID=34163) to work on /Users/alexkim/Desktop/Projects/ETL_Projects/redditviz/venv/lib/python3.12/site-packages/airflow/example_dags/tutorial.py
[2024-07-28T14:14:48.209-0500] {processor.py:830} INFO - Processing file /Users/alexkim/Desktop/Projects/ETL_Projects/redditviz/venv/lib/python3.12/site-packages/airflow/example_dags/tutorial.py for tasks to queue
[2024-07-28T14:14:48.209-0500] {logging_mixin.py:188} INFO - [2024-07-28T14:14:48.209-0500] {dagbag.py:545} INFO - Filling up the DagBag from /Users/alexkim/Desktop/Projects/ETL_Projects/redditviz/venv/lib/python3.12/site-packages/airflow/example_dags/tutorial.py
[2024-07-28T14:14:48.213-0500] {processor.py:840} INFO - DAG(s) 'tutorial' retrieved from /Users/alexkim/Desktop/Projects/ETL_Projects/redditviz/venv/lib/python3.12/site-packages/airflow/example_dags/tutorial.py
[2024-07-28T14:14:48.252-0500] {logging_mixin.py:188} INFO - [2024-07-28T14:14:48.252-0500] {dag.py:3089} INFO - Sync 1 DAGs
[2024-07-28T14:14:48.262-0500] {logging_mixin.py:188} INFO - [2024-07-28T14:14:48.262-0500] {dag.py:3947} INFO - Setting next_dagrun for tutorial to 2024-07-27 00:00:00+00:00, run_after=2024-07-28 00:00:00+00:00
[2024-07-28T14:14:48.269-0500] {processor.py:183} INFO - Processing /Users/alexkim/Desktop/Projects/ETL_Projects/redditviz/venv/lib/python3.12/site-packages/airflow/example_dags/tutorial.py took 0.063 seconds
[2024-07-28T14:34:55.325-0500] {processor.py:161} INFO - Started process (PID=1503) to work on /Users/alexkim/Desktop/Projects/ETL_Projects/redditviz/venv/lib/python3.12/site-packages/airflow/example_dags/tutorial.py
[2024-07-28T14:34:55.327-0500] {processor.py:830} INFO - Processing file /Users/alexkim/Desktop/Projects/ETL_Projects/redditviz/venv/lib/python3.12/site-packages/airflow/example_dags/tutorial.py for tasks to queue
[2024-07-28T14:34:55.327-0500] {logging_mixin.py:188} INFO - [2024-07-28T14:34:55.327-0500] {dagbag.py:545} INFO - Filling up the DagBag from /Users/alexkim/Desktop/Projects/ETL_Projects/redditviz/venv/lib/python3.12/site-packages/airflow/example_dags/tutorial.py
[2024-07-28T14:34:55.329-0500] {processor.py:840} INFO - DAG(s) 'tutorial' retrieved from /Users/alexkim/Desktop/Projects/ETL_Projects/redditviz/venv/lib/python3.12/site-packages/airflow/example_dags/tutorial.py
[2024-07-28T14:34:55.400-0500] {logging_mixin.py:188} INFO - [2024-07-28T14:34:55.400-0500] {override.py:1858} INFO - Created Permission View: can read on DAG:tutorial
[2024-07-28T14:34:55.403-0500] {logging_mixin.py:188} INFO - [2024-07-28T14:34:55.403-0500] {override.py:1858} INFO - Created Permission View: can delete on DAG:tutorial
[2024-07-28T14:34:55.405-0500] {logging_mixin.py:188} INFO - [2024-07-28T14:34:55.405-0500] {override.py:1858} INFO - Created Permission View: can edit on DAG:tutorial
[2024-07-28T14:34:55.405-0500] {logging_mixin.py:188} INFO - [2024-07-28T14:34:55.405-0500] {dag.py:3089} INFO - Sync 1 DAGs
[2024-07-28T14:34:55.408-0500] {logging_mixin.py:188} INFO - [2024-07-28T14:34:55.408-0500] {dag.py:3111} INFO - Creating ORM DAG for tutorial
[2024-07-28T14:34:55.411-0500] {logging_mixin.py:188} INFO - [2024-07-28T14:34:55.411-0500] {dag.py:3947} INFO - Setting next_dagrun for tutorial to 2024-07-27 00:00:00+00:00, run_after=2024-07-28 00:00:00+00:00
[2024-07-28T14:34:55.417-0500] {processor.py:183} INFO - Processing /Users/alexkim/Desktop/Projects/ETL_Projects/redditviz/venv/lib/python3.12/site-packages/airflow/example_dags/tutorial.py took 0.092 seconds
