[2024-07-28T13:59:46.662-0500] {processor.py:161} INFO - Started process (PID=33140) to work on /Users/alexkim/Desktop/Projects/ETL_Projects/redditviz/dags/reddit_etl_dag.py
[2024-07-28T13:59:46.666-0500] {processor.py:830} INFO - Processing file /Users/alexkim/Desktop/Projects/ETL_Projects/redditviz/dags/reddit_etl_dag.py for tasks to queue
[2024-07-28T13:59:46.666-0500] {logging_mixin.py:188} INFO - [2024-07-28T13:59:46.666-0500] {dagbag.py:545} INFO - Filling up the DagBag from /Users/alexkim/Desktop/Projects/ETL_Projects/redditviz/dags/reddit_etl_dag.py
[2024-07-28T13:59:46.667-0500] {logging_mixin.py:188} INFO - [2024-07-28T13:59:46.667-0500] {dagbag.py:355} ERROR - Failed to import: /Users/alexkim/Desktop/Projects/ETL_Projects/redditviz/dags/reddit_etl_dag.py
Traceback (most recent call last):
  File "/Users/alexkim/Desktop/Projects/ETL_Projects/redditviz/venv/lib/python3.12/site-packages/airflow/models/dagbag.py", line 351, in parse
    loader.exec_module(new_module)
  File "<frozen importlib._bootstrap_external>", line 995, in exec_module
  File "<frozen importlib._bootstrap>", line 488, in _call_with_frames_removed
  File "/Users/alexkim/Desktop/Projects/ETL_Projects/redditviz/dags/reddit_etl_dag.py", line 2, in <module>
    from src.extract import *
ModuleNotFoundError: No module named 'src'
[2024-07-28T13:59:46.668-0500] {processor.py:842} WARNING - No viable dags retrieved from /Users/alexkim/Desktop/Projects/ETL_Projects/redditviz/dags/reddit_etl_dag.py
[2024-07-28T13:59:46.695-0500] {processor.py:183} INFO - Processing /Users/alexkim/Desktop/Projects/ETL_Projects/redditviz/dags/reddit_etl_dag.py took 0.034 seconds
[2024-07-28T14:01:16.658-0500] {processor.py:161} INFO - Started process (PID=33233) to work on /Users/alexkim/Desktop/Projects/ETL_Projects/redditviz/dags/reddit_etl_dag.py
[2024-07-28T14:01:16.659-0500] {processor.py:830} INFO - Processing file /Users/alexkim/Desktop/Projects/ETL_Projects/redditviz/dags/reddit_etl_dag.py for tasks to queue
[2024-07-28T14:01:16.659-0500] {logging_mixin.py:188} INFO - [2024-07-28T14:01:16.659-0500] {dagbag.py:545} INFO - Filling up the DagBag from /Users/alexkim/Desktop/Projects/ETL_Projects/redditviz/dags/reddit_etl_dag.py
[2024-07-28T14:01:16.661-0500] {logging_mixin.py:188} INFO - [2024-07-28T14:01:16.661-0500] {dagbag.py:355} ERROR - Failed to import: /Users/alexkim/Desktop/Projects/ETL_Projects/redditviz/dags/reddit_etl_dag.py
Traceback (most recent call last):
  File "/Users/alexkim/Desktop/Projects/ETL_Projects/redditviz/venv/lib/python3.12/site-packages/airflow/models/dagbag.py", line 351, in parse
    loader.exec_module(new_module)
  File "<frozen importlib._bootstrap_external>", line 995, in exec_module
  File "<frozen importlib._bootstrap>", line 488, in _call_with_frames_removed
  File "/Users/alexkim/Desktop/Projects/ETL_Projects/redditviz/dags/reddit_etl_dag.py", line 2, in <module>
    from src.extract import *
ModuleNotFoundError: No module named 'src'
[2024-07-28T14:01:16.661-0500] {processor.py:842} WARNING - No viable dags retrieved from /Users/alexkim/Desktop/Projects/ETL_Projects/redditviz/dags/reddit_etl_dag.py
[2024-07-28T14:01:16.688-0500] {processor.py:183} INFO - Processing /Users/alexkim/Desktop/Projects/ETL_Projects/redditviz/dags/reddit_etl_dag.py took 0.031 seconds
[2024-07-28T14:02:13.939-0500] {processor.py:161} INFO - Started process (PID=33285) to work on /Users/alexkim/Desktop/Projects/ETL_Projects/redditviz/dags/reddit_etl_dag.py
[2024-07-28T14:02:13.939-0500] {processor.py:830} INFO - Processing file /Users/alexkim/Desktop/Projects/ETL_Projects/redditviz/dags/reddit_etl_dag.py for tasks to queue
[2024-07-28T14:02:13.940-0500] {logging_mixin.py:188} INFO - [2024-07-28T14:02:13.940-0500] {dagbag.py:545} INFO - Filling up the DagBag from /Users/alexkim/Desktop/Projects/ETL_Projects/redditviz/dags/reddit_etl_dag.py
[2024-07-28T14:02:13.941-0500] {logging_mixin.py:188} INFO - [2024-07-28T14:02:13.940-0500] {dagbag.py:355} ERROR - Failed to import: /Users/alexkim/Desktop/Projects/ETL_Projects/redditviz/dags/reddit_etl_dag.py
Traceback (most recent call last):
  File "/Users/alexkim/Desktop/Projects/ETL_Projects/redditviz/venv/lib/python3.12/site-packages/airflow/models/dagbag.py", line 351, in parse
    loader.exec_module(new_module)
  File "<frozen importlib._bootstrap_external>", line 995, in exec_module
  File "<frozen importlib._bootstrap>", line 488, in _call_with_frames_removed
  File "/Users/alexkim/Desktop/Projects/ETL_Projects/redditviz/dags/reddit_etl_dag.py", line 2, in <module>
    from src.extract import *
ModuleNotFoundError: No module named 'src'
[2024-07-28T14:02:13.941-0500] {processor.py:842} WARNING - No viable dags retrieved from /Users/alexkim/Desktop/Projects/ETL_Projects/redditviz/dags/reddit_etl_dag.py
[2024-07-28T14:02:13.967-0500] {processor.py:183} INFO - Processing /Users/alexkim/Desktop/Projects/ETL_Projects/redditviz/dags/reddit_etl_dag.py took 0.029 seconds
[2024-07-28T14:03:02.926-0500] {processor.py:161} INFO - Started process (PID=33327) to work on /Users/alexkim/Desktop/Projects/ETL_Projects/redditviz/dags/reddit_etl_dag.py
[2024-07-28T14:03:02.926-0500] {processor.py:830} INFO - Processing file /Users/alexkim/Desktop/Projects/ETL_Projects/redditviz/dags/reddit_etl_dag.py for tasks to queue
[2024-07-28T14:03:02.927-0500] {logging_mixin.py:188} INFO - [2024-07-28T14:03:02.927-0500] {dagbag.py:545} INFO - Filling up the DagBag from /Users/alexkim/Desktop/Projects/ETL_Projects/redditviz/dags/reddit_etl_dag.py
[2024-07-28T14:03:02.928-0500] {logging_mixin.py:188} INFO - [2024-07-28T14:03:02.927-0500] {dagbag.py:355} ERROR - Failed to import: /Users/alexkim/Desktop/Projects/ETL_Projects/redditviz/dags/reddit_etl_dag.py
Traceback (most recent call last):
  File "/Users/alexkim/Desktop/Projects/ETL_Projects/redditviz/venv/lib/python3.12/site-packages/airflow/models/dagbag.py", line 351, in parse
    loader.exec_module(new_module)
  File "<frozen importlib._bootstrap_external>", line 995, in exec_module
  File "<frozen importlib._bootstrap>", line 488, in _call_with_frames_removed
  File "/Users/alexkim/Desktop/Projects/ETL_Projects/redditviz/dags/reddit_etl_dag.py", line 2, in <module>
    from src.extract import *
ModuleNotFoundError: No module named 'src'
[2024-07-28T14:03:02.928-0500] {processor.py:842} WARNING - No viable dags retrieved from /Users/alexkim/Desktop/Projects/ETL_Projects/redditviz/dags/reddit_etl_dag.py
[2024-07-28T14:03:02.954-0500] {processor.py:183} INFO - Processing /Users/alexkim/Desktop/Projects/ETL_Projects/redditviz/dags/reddit_etl_dag.py took 0.029 seconds
[2024-07-28T14:03:48.379-0500] {processor.py:161} INFO - Started process (PID=33370) to work on /Users/alexkim/Desktop/Projects/ETL_Projects/redditviz/dags/reddit_etl_dag.py
[2024-07-28T14:03:48.379-0500] {processor.py:830} INFO - Processing file /Users/alexkim/Desktop/Projects/ETL_Projects/redditviz/dags/reddit_etl_dag.py for tasks to queue
[2024-07-28T14:03:48.379-0500] {logging_mixin.py:188} INFO - [2024-07-28T14:03:48.379-0500] {dagbag.py:545} INFO - Filling up the DagBag from /Users/alexkim/Desktop/Projects/ETL_Projects/redditviz/dags/reddit_etl_dag.py
[2024-07-28T14:03:48.381-0500] {logging_mixin.py:188} INFO - [2024-07-28T14:03:48.380-0500] {dagbag.py:355} ERROR - Failed to import: /Users/alexkim/Desktop/Projects/ETL_Projects/redditviz/dags/reddit_etl_dag.py
Traceback (most recent call last):
  File "/Users/alexkim/Desktop/Projects/ETL_Projects/redditviz/venv/lib/python3.12/site-packages/airflow/models/dagbag.py", line 351, in parse
    loader.exec_module(new_module)
  File "<frozen importlib._bootstrap_external>", line 995, in exec_module
  File "<frozen importlib._bootstrap>", line 488, in _call_with_frames_removed
  File "/Users/alexkim/Desktop/Projects/ETL_Projects/redditviz/dags/reddit_etl_dag.py", line 2, in <module>
    from src.extract import *
ModuleNotFoundError: No module named 'src'
[2024-07-28T14:03:48.381-0500] {processor.py:842} WARNING - No viable dags retrieved from /Users/alexkim/Desktop/Projects/ETL_Projects/redditviz/dags/reddit_etl_dag.py
[2024-07-28T14:03:48.407-0500] {processor.py:183} INFO - Processing /Users/alexkim/Desktop/Projects/ETL_Projects/redditviz/dags/reddit_etl_dag.py took 0.029 seconds
[2024-07-28T14:04:40.032-0500] {processor.py:161} INFO - Started process (PID=33423) to work on /Users/alexkim/Desktop/Projects/ETL_Projects/redditviz/dags/reddit_etl_dag.py
[2024-07-28T14:04:40.033-0500] {processor.py:830} INFO - Processing file /Users/alexkim/Desktop/Projects/ETL_Projects/redditviz/dags/reddit_etl_dag.py for tasks to queue
[2024-07-28T14:04:40.033-0500] {logging_mixin.py:188} INFO - [2024-07-28T14:04:40.033-0500] {dagbag.py:545} INFO - Filling up the DagBag from /Users/alexkim/Desktop/Projects/ETL_Projects/redditviz/dags/reddit_etl_dag.py
[2024-07-28T14:04:40.034-0500] {logging_mixin.py:188} INFO - [2024-07-28T14:04:40.034-0500] {dagbag.py:355} ERROR - Failed to import: /Users/alexkim/Desktop/Projects/ETL_Projects/redditviz/dags/reddit_etl_dag.py
Traceback (most recent call last):
  File "/Users/alexkim/Desktop/Projects/ETL_Projects/redditviz/venv/lib/python3.12/site-packages/airflow/models/dagbag.py", line 351, in parse
    loader.exec_module(new_module)
  File "<frozen importlib._bootstrap_external>", line 995, in exec_module
  File "<frozen importlib._bootstrap>", line 488, in _call_with_frames_removed
  File "/Users/alexkim/Desktop/Projects/ETL_Projects/redditviz/dags/reddit_etl_dag.py", line 2, in <module>
    from src.extract import *
ModuleNotFoundError: No module named 'src'
[2024-07-28T14:04:40.034-0500] {processor.py:842} WARNING - No viable dags retrieved from /Users/alexkim/Desktop/Projects/ETL_Projects/redditviz/dags/reddit_etl_dag.py
[2024-07-28T14:04:40.065-0500] {processor.py:183} INFO - Processing /Users/alexkim/Desktop/Projects/ETL_Projects/redditviz/dags/reddit_etl_dag.py took 0.034 seconds
[2024-07-28T14:05:35.769-0500] {processor.py:161} INFO - Started process (PID=33497) to work on /Users/alexkim/Desktop/Projects/ETL_Projects/redditviz/dags/reddit_etl_dag.py
[2024-07-28T14:05:35.769-0500] {processor.py:830} INFO - Processing file /Users/alexkim/Desktop/Projects/ETL_Projects/redditviz/dags/reddit_etl_dag.py for tasks to queue
[2024-07-28T14:05:35.769-0500] {logging_mixin.py:188} INFO - [2024-07-28T14:05:35.769-0500] {dagbag.py:545} INFO - Filling up the DagBag from /Users/alexkim/Desktop/Projects/ETL_Projects/redditviz/dags/reddit_etl_dag.py
[2024-07-28T14:05:35.771-0500] {logging_mixin.py:188} INFO - [2024-07-28T14:05:35.771-0500] {dagbag.py:355} ERROR - Failed to import: /Users/alexkim/Desktop/Projects/ETL_Projects/redditviz/dags/reddit_etl_dag.py
Traceback (most recent call last):
  File "/Users/alexkim/Desktop/Projects/ETL_Projects/redditviz/venv/lib/python3.12/site-packages/airflow/models/dagbag.py", line 351, in parse
    loader.exec_module(new_module)
  File "<frozen importlib._bootstrap_external>", line 995, in exec_module
  File "<frozen importlib._bootstrap>", line 488, in _call_with_frames_removed
  File "/Users/alexkim/Desktop/Projects/ETL_Projects/redditviz/dags/reddit_etl_dag.py", line 2, in <module>
    from src.extract import *
ModuleNotFoundError: No module named 'src'
[2024-07-28T14:05:35.771-0500] {processor.py:842} WARNING - No viable dags retrieved from /Users/alexkim/Desktop/Projects/ETL_Projects/redditviz/dags/reddit_etl_dag.py
[2024-07-28T14:05:35.798-0500] {processor.py:183} INFO - Processing /Users/alexkim/Desktop/Projects/ETL_Projects/redditviz/dags/reddit_etl_dag.py took 0.030 seconds
[2024-07-28T14:06:33.582-0500] {processor.py:161} INFO - Started process (PID=33590) to work on /Users/alexkim/Desktop/Projects/ETL_Projects/redditviz/dags/reddit_etl_dag.py
[2024-07-28T14:06:33.582-0500] {processor.py:830} INFO - Processing file /Users/alexkim/Desktop/Projects/ETL_Projects/redditviz/dags/reddit_etl_dag.py for tasks to queue
[2024-07-28T14:06:33.582-0500] {logging_mixin.py:188} INFO - [2024-07-28T14:06:33.582-0500] {dagbag.py:545} INFO - Filling up the DagBag from /Users/alexkim/Desktop/Projects/ETL_Projects/redditviz/dags/reddit_etl_dag.py
[2024-07-28T14:06:33.584-0500] {logging_mixin.py:188} INFO - [2024-07-28T14:06:33.583-0500] {dagbag.py:355} ERROR - Failed to import: /Users/alexkim/Desktop/Projects/ETL_Projects/redditviz/dags/reddit_etl_dag.py
Traceback (most recent call last):
  File "/Users/alexkim/Desktop/Projects/ETL_Projects/redditviz/venv/lib/python3.12/site-packages/airflow/models/dagbag.py", line 351, in parse
    loader.exec_module(new_module)
  File "<frozen importlib._bootstrap_external>", line 995, in exec_module
  File "<frozen importlib._bootstrap>", line 488, in _call_with_frames_removed
  File "/Users/alexkim/Desktop/Projects/ETL_Projects/redditviz/dags/reddit_etl_dag.py", line 2, in <module>
    from src.extract import *
ModuleNotFoundError: No module named 'src'
[2024-07-28T14:06:33.584-0500] {processor.py:842} WARNING - No viable dags retrieved from /Users/alexkim/Desktop/Projects/ETL_Projects/redditviz/dags/reddit_etl_dag.py
[2024-07-28T14:06:33.614-0500] {processor.py:183} INFO - Processing /Users/alexkim/Desktop/Projects/ETL_Projects/redditviz/dags/reddit_etl_dag.py took 0.033 seconds
[2024-07-28T14:07:32.158-0500] {processor.py:161} INFO - Started process (PID=33692) to work on /Users/alexkim/Desktop/Projects/ETL_Projects/redditviz/dags/reddit_etl_dag.py
[2024-07-28T14:07:32.159-0500] {processor.py:830} INFO - Processing file /Users/alexkim/Desktop/Projects/ETL_Projects/redditviz/dags/reddit_etl_dag.py for tasks to queue
[2024-07-28T14:07:32.159-0500] {logging_mixin.py:188} INFO - [2024-07-28T14:07:32.159-0500] {dagbag.py:545} INFO - Filling up the DagBag from /Users/alexkim/Desktop/Projects/ETL_Projects/redditviz/dags/reddit_etl_dag.py
[2024-07-28T14:07:32.161-0500] {logging_mixin.py:188} INFO - [2024-07-28T14:07:32.160-0500] {dagbag.py:355} ERROR - Failed to import: /Users/alexkim/Desktop/Projects/ETL_Projects/redditviz/dags/reddit_etl_dag.py
Traceback (most recent call last):
  File "/Users/alexkim/Desktop/Projects/ETL_Projects/redditviz/venv/lib/python3.12/site-packages/airflow/models/dagbag.py", line 351, in parse
    loader.exec_module(new_module)
  File "<frozen importlib._bootstrap_external>", line 995, in exec_module
  File "<frozen importlib._bootstrap>", line 488, in _call_with_frames_removed
  File "/Users/alexkim/Desktop/Projects/ETL_Projects/redditviz/dags/reddit_etl_dag.py", line 2, in <module>
    from src.extract import *
ModuleNotFoundError: No module named 'src'
[2024-07-28T14:07:32.161-0500] {processor.py:842} WARNING - No viable dags retrieved from /Users/alexkim/Desktop/Projects/ETL_Projects/redditviz/dags/reddit_etl_dag.py
[2024-07-28T14:07:32.192-0500] {processor.py:183} INFO - Processing /Users/alexkim/Desktop/Projects/ETL_Projects/redditviz/dags/reddit_etl_dag.py took 0.034 seconds
[2024-07-28T14:08:34.670-0500] {processor.py:161} INFO - Started process (PID=33731) to work on /Users/alexkim/Desktop/Projects/ETL_Projects/redditviz/dags/reddit_etl_dag.py
[2024-07-28T14:08:34.671-0500] {processor.py:830} INFO - Processing file /Users/alexkim/Desktop/Projects/ETL_Projects/redditviz/dags/reddit_etl_dag.py for tasks to queue
[2024-07-28T14:08:34.671-0500] {logging_mixin.py:188} INFO - [2024-07-28T14:08:34.671-0500] {dagbag.py:545} INFO - Filling up the DagBag from /Users/alexkim/Desktop/Projects/ETL_Projects/redditviz/dags/reddit_etl_dag.py
[2024-07-28T14:08:34.672-0500] {logging_mixin.py:188} INFO - [2024-07-28T14:08:34.672-0500] {dagbag.py:355} ERROR - Failed to import: /Users/alexkim/Desktop/Projects/ETL_Projects/redditviz/dags/reddit_etl_dag.py
Traceback (most recent call last):
  File "/Users/alexkim/Desktop/Projects/ETL_Projects/redditviz/venv/lib/python3.12/site-packages/airflow/models/dagbag.py", line 351, in parse
    loader.exec_module(new_module)
  File "<frozen importlib._bootstrap_external>", line 995, in exec_module
  File "<frozen importlib._bootstrap>", line 488, in _call_with_frames_removed
  File "/Users/alexkim/Desktop/Projects/ETL_Projects/redditviz/dags/reddit_etl_dag.py", line 2, in <module>
    from src.extract import *
ModuleNotFoundError: No module named 'src'
[2024-07-28T14:08:34.672-0500] {processor.py:842} WARNING - No viable dags retrieved from /Users/alexkim/Desktop/Projects/ETL_Projects/redditviz/dags/reddit_etl_dag.py
[2024-07-28T14:08:34.698-0500] {processor.py:183} INFO - Processing /Users/alexkim/Desktop/Projects/ETL_Projects/redditviz/dags/reddit_etl_dag.py took 0.029 seconds
[2024-07-28T14:09:29.535-0500] {processor.py:161} INFO - Started process (PID=33817) to work on /Users/alexkim/Desktop/Projects/ETL_Projects/redditviz/dags/reddit_etl_dag.py
[2024-07-28T14:09:29.535-0500] {processor.py:830} INFO - Processing file /Users/alexkim/Desktop/Projects/ETL_Projects/redditviz/dags/reddit_etl_dag.py for tasks to queue
[2024-07-28T14:09:29.536-0500] {logging_mixin.py:188} INFO - [2024-07-28T14:09:29.535-0500] {dagbag.py:545} INFO - Filling up the DagBag from /Users/alexkim/Desktop/Projects/ETL_Projects/redditviz/dags/reddit_etl_dag.py
[2024-07-28T14:09:29.537-0500] {logging_mixin.py:188} INFO - [2024-07-28T14:09:29.536-0500] {dagbag.py:355} ERROR - Failed to import: /Users/alexkim/Desktop/Projects/ETL_Projects/redditviz/dags/reddit_etl_dag.py
Traceback (most recent call last):
  File "/Users/alexkim/Desktop/Projects/ETL_Projects/redditviz/venv/lib/python3.12/site-packages/airflow/models/dagbag.py", line 351, in parse
    loader.exec_module(new_module)
  File "<frozen importlib._bootstrap_external>", line 995, in exec_module
  File "<frozen importlib._bootstrap>", line 488, in _call_with_frames_removed
  File "/Users/alexkim/Desktop/Projects/ETL_Projects/redditviz/dags/reddit_etl_dag.py", line 2, in <module>
    from src.extract import *
ModuleNotFoundError: No module named 'src'
[2024-07-28T14:09:29.537-0500] {processor.py:842} WARNING - No viable dags retrieved from /Users/alexkim/Desktop/Projects/ETL_Projects/redditviz/dags/reddit_etl_dag.py
[2024-07-28T14:09:29.564-0500] {processor.py:183} INFO - Processing /Users/alexkim/Desktop/Projects/ETL_Projects/redditviz/dags/reddit_etl_dag.py took 0.031 seconds
[2024-07-28T14:10:30.052-0500] {processor.py:161} INFO - Started process (PID=33872) to work on /Users/alexkim/Desktop/Projects/ETL_Projects/redditviz/dags/reddit_etl_dag.py
[2024-07-28T14:10:30.052-0500] {processor.py:830} INFO - Processing file /Users/alexkim/Desktop/Projects/ETL_Projects/redditviz/dags/reddit_etl_dag.py for tasks to queue
[2024-07-28T14:10:30.053-0500] {logging_mixin.py:188} INFO - [2024-07-28T14:10:30.053-0500] {dagbag.py:545} INFO - Filling up the DagBag from /Users/alexkim/Desktop/Projects/ETL_Projects/redditviz/dags/reddit_etl_dag.py
[2024-07-28T14:10:30.058-0500] {logging_mixin.py:188} INFO - [2024-07-28T14:10:30.056-0500] {dagbag.py:355} ERROR - Failed to import: /Users/alexkim/Desktop/Projects/ETL_Projects/redditviz/dags/reddit_etl_dag.py
Traceback (most recent call last):
  File "/Users/alexkim/Desktop/Projects/ETL_Projects/redditviz/venv/lib/python3.12/site-packages/airflow/models/dagbag.py", line 351, in parse
    loader.exec_module(new_module)
  File "<frozen importlib._bootstrap_external>", line 995, in exec_module
  File "<frozen importlib._bootstrap>", line 488, in _call_with_frames_removed
  File "/Users/alexkim/Desktop/Projects/ETL_Projects/redditviz/dags/reddit_etl_dag.py", line 2, in <module>
    from extract import *
ModuleNotFoundError: No module named 'extract'
[2024-07-28T14:10:30.058-0500] {processor.py:842} WARNING - No viable dags retrieved from /Users/alexkim/Desktop/Projects/ETL_Projects/redditviz/dags/reddit_etl_dag.py
[2024-07-28T14:10:30.085-0500] {processor.py:183} INFO - Processing /Users/alexkim/Desktop/Projects/ETL_Projects/redditviz/dags/reddit_etl_dag.py took 0.033 seconds
[2024-07-28T14:11:31.957-0500] {processor.py:161} INFO - Started process (PID=33927) to work on /Users/alexkim/Desktop/Projects/ETL_Projects/redditviz/dags/reddit_etl_dag.py
[2024-07-28T14:11:31.958-0500] {processor.py:830} INFO - Processing file /Users/alexkim/Desktop/Projects/ETL_Projects/redditviz/dags/reddit_etl_dag.py for tasks to queue
[2024-07-28T14:11:31.958-0500] {logging_mixin.py:188} INFO - [2024-07-28T14:11:31.958-0500] {dagbag.py:545} INFO - Filling up the DagBag from /Users/alexkim/Desktop/Projects/ETL_Projects/redditviz/dags/reddit_etl_dag.py
[2024-07-28T14:11:31.960-0500] {logging_mixin.py:188} INFO - [2024-07-28T14:11:31.959-0500] {dagbag.py:355} ERROR - Failed to import: /Users/alexkim/Desktop/Projects/ETL_Projects/redditviz/dags/reddit_etl_dag.py
Traceback (most recent call last):
  File "/Users/alexkim/Desktop/Projects/ETL_Projects/redditviz/venv/lib/python3.12/site-packages/airflow/models/dagbag.py", line 351, in parse
    loader.exec_module(new_module)
  File "<frozen importlib._bootstrap_external>", line 995, in exec_module
  File "<frozen importlib._bootstrap>", line 488, in _call_with_frames_removed
  File "/Users/alexkim/Desktop/Projects/ETL_Projects/redditviz/dags/reddit_etl_dag.py", line 2, in <module>
    from extract import *
ModuleNotFoundError: No module named 'extract'
[2024-07-28T14:11:31.960-0500] {processor.py:842} WARNING - No viable dags retrieved from /Users/alexkim/Desktop/Projects/ETL_Projects/redditviz/dags/reddit_etl_dag.py
[2024-07-28T14:11:31.991-0500] {processor.py:183} INFO - Processing /Users/alexkim/Desktop/Projects/ETL_Projects/redditviz/dags/reddit_etl_dag.py took 0.035 seconds
[2024-07-28T14:12:28.192-0500] {processor.py:161} INFO - Started process (PID=33981) to work on /Users/alexkim/Desktop/Projects/ETL_Projects/redditviz/dags/reddit_etl_dag.py
[2024-07-28T14:12:28.193-0500] {processor.py:830} INFO - Processing file /Users/alexkim/Desktop/Projects/ETL_Projects/redditviz/dags/reddit_etl_dag.py for tasks to queue
[2024-07-28T14:12:28.193-0500] {logging_mixin.py:188} INFO - [2024-07-28T14:12:28.193-0500] {dagbag.py:545} INFO - Filling up the DagBag from /Users/alexkim/Desktop/Projects/ETL_Projects/redditviz/dags/reddit_etl_dag.py
[2024-07-28T14:12:29.433-0500] {processor.py:840} INFO - DAG(s) 'reddit_etl' retrieved from /Users/alexkim/Desktop/Projects/ETL_Projects/redditviz/dags/reddit_etl_dag.py
[2024-07-28T14:12:29.506-0500] {logging_mixin.py:188} INFO - [2024-07-28T14:12:29.505-0500] {override.py:1858} INFO - Created Permission View: can delete on DAG:reddit_etl
[2024-07-28T14:12:29.509-0500] {logging_mixin.py:188} INFO - [2024-07-28T14:12:29.509-0500] {override.py:1858} INFO - Created Permission View: can read on DAG:reddit_etl
[2024-07-28T14:12:29.511-0500] {logging_mixin.py:188} INFO - [2024-07-28T14:12:29.511-0500] {override.py:1858} INFO - Created Permission View: can edit on DAG:reddit_etl
[2024-07-28T14:12:29.511-0500] {logging_mixin.py:188} INFO - [2024-07-28T14:12:29.511-0500] {dag.py:3089} INFO - Sync 1 DAGs
[2024-07-28T14:12:29.515-0500] {logging_mixin.py:188} INFO - [2024-07-28T14:12:29.515-0500] {dag.py:3111} INFO - Creating ORM DAG for reddit_etl
[2024-07-28T14:12:29.518-0500] {logging_mixin.py:188} INFO - [2024-07-28T14:12:29.518-0500] {dag.py:3947} INFO - Setting next_dagrun for reddit_etl to 2023-01-01 00:00:00+00:00, run_after=2023-01-02 00:00:00+00:00
[2024-07-28T14:12:29.524-0500] {processor.py:183} INFO - Processing /Users/alexkim/Desktop/Projects/ETL_Projects/redditviz/dags/reddit_etl_dag.py took 1.334 seconds
[2024-07-28T14:13:29.113-0500] {processor.py:161} INFO - Started process (PID=34064) to work on /Users/alexkim/Desktop/Projects/ETL_Projects/redditviz/dags/reddit_etl_dag.py
[2024-07-28T14:13:29.114-0500] {processor.py:830} INFO - Processing file /Users/alexkim/Desktop/Projects/ETL_Projects/redditviz/dags/reddit_etl_dag.py for tasks to queue
[2024-07-28T14:13:29.114-0500] {logging_mixin.py:188} INFO - [2024-07-28T14:13:29.114-0500] {dagbag.py:545} INFO - Filling up the DagBag from /Users/alexkim/Desktop/Projects/ETL_Projects/redditviz/dags/reddit_etl_dag.py
[2024-07-28T14:13:29.866-0500] {processor.py:840} INFO - DAG(s) 'reddit_etl' retrieved from /Users/alexkim/Desktop/Projects/ETL_Projects/redditviz/dags/reddit_etl_dag.py
[2024-07-28T14:13:29.901-0500] {logging_mixin.py:188} INFO - [2024-07-28T14:13:29.900-0500] {dag.py:3089} INFO - Sync 1 DAGs
[2024-07-28T14:13:29.909-0500] {logging_mixin.py:188} INFO - [2024-07-28T14:13:29.909-0500] {dag.py:3947} INFO - Setting next_dagrun for reddit_etl to 2023-01-01 00:00:00+00:00, run_after=2023-01-02 00:00:00+00:00
[2024-07-28T14:13:29.918-0500] {processor.py:183} INFO - Processing /Users/alexkim/Desktop/Projects/ETL_Projects/redditviz/dags/reddit_etl_dag.py took 0.806 seconds
[2024-07-28T14:14:30.856-0500] {processor.py:161} INFO - Started process (PID=34146) to work on /Users/alexkim/Desktop/Projects/ETL_Projects/redditviz/dags/reddit_etl_dag.py
[2024-07-28T14:14:30.857-0500] {processor.py:830} INFO - Processing file /Users/alexkim/Desktop/Projects/ETL_Projects/redditviz/dags/reddit_etl_dag.py for tasks to queue
[2024-07-28T14:14:30.857-0500] {logging_mixin.py:188} INFO - [2024-07-28T14:14:30.857-0500] {dagbag.py:545} INFO - Filling up the DagBag from /Users/alexkim/Desktop/Projects/ETL_Projects/redditviz/dags/reddit_etl_dag.py
[2024-07-28T14:14:31.343-0500] {processor.py:840} INFO - DAG(s) 'reddit_etl' retrieved from /Users/alexkim/Desktop/Projects/ETL_Projects/redditviz/dags/reddit_etl_dag.py
[2024-07-28T14:14:31.375-0500] {logging_mixin.py:188} INFO - [2024-07-28T14:14:31.374-0500] {dag.py:3089} INFO - Sync 1 DAGs
[2024-07-28T14:14:31.381-0500] {logging_mixin.py:188} INFO - [2024-07-28T14:14:31.381-0500] {dag.py:3947} INFO - Setting next_dagrun for reddit_etl to 2023-01-01 00:00:00+00:00, run_after=2023-01-02 00:00:00+00:00
[2024-07-28T14:14:31.387-0500] {processor.py:183} INFO - Processing /Users/alexkim/Desktop/Projects/ETL_Projects/redditviz/dags/reddit_etl_dag.py took 0.532 seconds
[2024-07-28T14:16:58.095-0500] {processor.py:161} INFO - Started process (PID=34236) to work on /Users/alexkim/Desktop/Projects/ETL_Projects/redditviz/dags/reddit_etl_dag.py
[2024-07-28T14:16:58.095-0500] {processor.py:830} INFO - Processing file /Users/alexkim/Desktop/Projects/ETL_Projects/redditviz/dags/reddit_etl_dag.py for tasks to queue
[2024-07-28T14:16:58.095-0500] {logging_mixin.py:188} INFO - [2024-07-28T14:16:58.095-0500] {dagbag.py:545} INFO - Filling up the DagBag from /Users/alexkim/Desktop/Projects/ETL_Projects/redditviz/dags/reddit_etl_dag.py
[2024-07-28T14:17:00.171-0500] {logging_mixin.py:188} INFO - [2024-07-28T14:17:00.171-0500] {utils.py:160} INFO - NumExpr defaulting to 8 threads.
[2024-07-28T14:17:00.726-0500] {processor.py:840} INFO - DAG(s) 'reddit_etl' retrieved from /Users/alexkim/Desktop/Projects/ETL_Projects/redditviz/dags/reddit_etl_dag.py
[2024-07-28T14:17:00.771-0500] {logging_mixin.py:188} INFO - [2024-07-28T14:17:00.770-0500] {dag.py:3089} INFO - Sync 1 DAGs
[2024-07-28T14:17:00.778-0500] {logging_mixin.py:188} INFO - [2024-07-28T14:17:00.778-0500] {dag.py:3947} INFO - Setting next_dagrun for reddit_etl to 2023-01-02 00:00:00+00:00, run_after=2023-01-03 00:00:00+00:00
[2024-07-28T14:17:00.785-0500] {processor.py:183} INFO - Processing /Users/alexkim/Desktop/Projects/ETL_Projects/redditviz/dags/reddit_etl_dag.py took 2.691 seconds
[2024-07-28T14:18:50.234-0500] {processor.py:161} INFO - Started process (PID=34291) to work on /Users/alexkim/Desktop/Projects/ETL_Projects/redditviz/dags/reddit_etl_dag.py
[2024-07-28T14:18:50.234-0500] {processor.py:830} INFO - Processing file /Users/alexkim/Desktop/Projects/ETL_Projects/redditviz/dags/reddit_etl_dag.py for tasks to queue
[2024-07-28T14:18:50.234-0500] {logging_mixin.py:188} INFO - [2024-07-28T14:18:50.234-0500] {dagbag.py:545} INFO - Filling up the DagBag from /Users/alexkim/Desktop/Projects/ETL_Projects/redditviz/dags/reddit_etl_dag.py
[2024-07-28T14:18:50.756-0500] {processor.py:840} INFO - DAG(s) 'reddit_etl' retrieved from /Users/alexkim/Desktop/Projects/ETL_Projects/redditviz/dags/reddit_etl_dag.py
[2024-07-28T14:18:50.791-0500] {logging_mixin.py:188} INFO - [2024-07-28T14:18:50.790-0500] {dag.py:3089} INFO - Sync 1 DAGs
[2024-07-28T14:18:50.797-0500] {logging_mixin.py:188} INFO - [2024-07-28T14:18:50.797-0500] {dag.py:3947} INFO - Setting next_dagrun for reddit_etl to 2023-01-03 00:00:00+00:00, run_after=2023-01-04 00:00:00+00:00
[2024-07-28T14:18:50.803-0500] {processor.py:183} INFO - Processing /Users/alexkim/Desktop/Projects/ETL_Projects/redditviz/dags/reddit_etl_dag.py took 0.571 seconds
[2024-07-28T14:28:20.680-0500] {processor.py:161} INFO - Started process (PID=1285) to work on /Users/alexkim/Desktop/Projects/ETL_Projects/redditviz/dags/reddit_etl_dag.py
[2024-07-28T14:28:20.681-0500] {processor.py:830} INFO - Processing file /Users/alexkim/Desktop/Projects/ETL_Projects/redditviz/dags/reddit_etl_dag.py for tasks to queue
[2024-07-28T14:28:20.682-0500] {logging_mixin.py:188} INFO - [2024-07-28T14:28:20.682-0500] {dagbag.py:545} INFO - Filling up the DagBag from /Users/alexkim/Desktop/Projects/ETL_Projects/redditviz/dags/reddit_etl_dag.py
[2024-07-28T14:28:21.299-0500] {processor.py:840} INFO - DAG(s) 'reddit_etl' retrieved from /Users/alexkim/Desktop/Projects/ETL_Projects/redditviz/dags/reddit_etl_dag.py
[2024-07-28T14:28:21.329-0500] {logging_mixin.py:188} INFO - [2024-07-28T14:28:21.329-0500] {dag.py:3089} INFO - Sync 1 DAGs
[2024-07-28T14:28:21.335-0500] {logging_mixin.py:188} INFO - [2024-07-28T14:28:21.335-0500] {dag.py:3947} INFO - Setting next_dagrun for reddit_etl to 2023-01-04 00:00:00+00:00, run_after=2023-01-05 00:00:00+00:00
[2024-07-28T14:28:21.341-0500] {processor.py:183} INFO - Processing /Users/alexkim/Desktop/Projects/ETL_Projects/redditviz/dags/reddit_etl_dag.py took 0.661 seconds
[2024-07-28T14:34:39.542-0500] {processor.py:161} INFO - Started process (PID=1478) to work on /Users/alexkim/desktop/projects/ETL_Projects/redditviz/dags/reddit_etl_dag.py
[2024-07-28T14:34:39.543-0500] {processor.py:830} INFO - Processing file /Users/alexkim/desktop/projects/ETL_Projects/redditviz/dags/reddit_etl_dag.py for tasks to queue
[2024-07-28T14:34:39.543-0500] {logging_mixin.py:188} INFO - [2024-07-28T14:34:39.543-0500] {dagbag.py:545} INFO - Filling up the DagBag from /Users/alexkim/desktop/projects/ETL_Projects/redditviz/dags/reddit_etl_dag.py
[2024-07-28T14:34:39.885-0500] {processor.py:840} INFO - DAG(s) 'reddit_etl' retrieved from /Users/alexkim/desktop/projects/ETL_Projects/redditviz/dags/reddit_etl_dag.py
[2024-07-28T14:34:39.955-0500] {logging_mixin.py:188} INFO - [2024-07-28T14:34:39.954-0500] {override.py:1858} INFO - Created Permission View: can delete on DAG:reddit_etl
[2024-07-28T14:34:39.958-0500] {logging_mixin.py:188} INFO - [2024-07-28T14:34:39.958-0500] {override.py:1858} INFO - Created Permission View: can read on DAG:reddit_etl
[2024-07-28T14:34:39.960-0500] {logging_mixin.py:188} INFO - [2024-07-28T14:34:39.960-0500] {override.py:1858} INFO - Created Permission View: can edit on DAG:reddit_etl
[2024-07-28T14:34:39.960-0500] {logging_mixin.py:188} INFO - [2024-07-28T14:34:39.960-0500] {dag.py:3089} INFO - Sync 1 DAGs
[2024-07-28T14:34:39.964-0500] {logging_mixin.py:188} INFO - [2024-07-28T14:34:39.963-0500] {dag.py:3111} INFO - Creating ORM DAG for reddit_etl
[2024-07-28T14:34:39.966-0500] {logging_mixin.py:188} INFO - [2024-07-28T14:34:39.966-0500] {dag.py:3947} INFO - Setting next_dagrun for reddit_etl to 2023-01-01 00:00:00+00:00, run_after=2023-01-02 00:00:00+00:00
[2024-07-28T14:34:39.972-0500] {processor.py:183} INFO - Processing /Users/alexkim/desktop/projects/ETL_Projects/redditviz/dags/reddit_etl_dag.py took 0.430 seconds
