[2024-07-28T13:59:56.023-0500] {processor.py:161} INFO - Started process (PID=33150) to work on /Users/alexkim/Desktop/Projects/ETL_Projects/redditviz/venv/lib/python3.12/site-packages/airflow/example_dags/plugins/decreasing_priority_weight_strategy.py
[2024-07-28T13:59:56.023-0500] {processor.py:830} INFO - Processing file /Users/alexkim/Desktop/Projects/ETL_Projects/redditviz/venv/lib/python3.12/site-packages/airflow/example_dags/plugins/decreasing_priority_weight_strategy.py for tasks to queue
[2024-07-28T13:59:56.024-0500] {logging_mixin.py:188} INFO - [2024-07-28T13:59:56.023-0500] {dagbag.py:545} INFO - Filling up the DagBag from /Users/alexkim/Desktop/Projects/ETL_Projects/redditviz/venv/lib/python3.12/site-packages/airflow/example_dags/plugins/decreasing_priority_weight_strategy.py
[2024-07-28T13:59:56.024-0500] {processor.py:842} WARNING - No viable dags retrieved from /Users/alexkim/Desktop/Projects/ETL_Projects/redditviz/venv/lib/python3.12/site-packages/airflow/example_dags/plugins/decreasing_priority_weight_strategy.py
[2024-07-28T13:59:56.053-0500] {processor.py:183} INFO - Processing /Users/alexkim/Desktop/Projects/ETL_Projects/redditviz/venv/lib/python3.12/site-packages/airflow/example_dags/plugins/decreasing_priority_weight_strategy.py took 0.031 seconds
[2024-07-28T14:01:25.586-0500] {processor.py:161} INFO - Started process (PID=33242) to work on /Users/alexkim/Desktop/Projects/ETL_Projects/redditviz/venv/lib/python3.12/site-packages/airflow/example_dags/plugins/decreasing_priority_weight_strategy.py
[2024-07-28T14:01:25.587-0500] {processor.py:830} INFO - Processing file /Users/alexkim/Desktop/Projects/ETL_Projects/redditviz/venv/lib/python3.12/site-packages/airflow/example_dags/plugins/decreasing_priority_weight_strategy.py for tasks to queue
[2024-07-28T14:01:25.587-0500] {logging_mixin.py:188} INFO - [2024-07-28T14:01:25.587-0500] {dagbag.py:545} INFO - Filling up the DagBag from /Users/alexkim/Desktop/Projects/ETL_Projects/redditviz/venv/lib/python3.12/site-packages/airflow/example_dags/plugins/decreasing_priority_weight_strategy.py
[2024-07-28T14:01:25.590-0500] {processor.py:842} WARNING - No viable dags retrieved from /Users/alexkim/Desktop/Projects/ETL_Projects/redditviz/venv/lib/python3.12/site-packages/airflow/example_dags/plugins/decreasing_priority_weight_strategy.py
[2024-07-28T14:01:25.624-0500] {processor.py:183} INFO - Processing /Users/alexkim/Desktop/Projects/ETL_Projects/redditviz/venv/lib/python3.12/site-packages/airflow/example_dags/plugins/decreasing_priority_weight_strategy.py took 0.039 seconds
[2024-07-28T14:02:22.053-0500] {processor.py:161} INFO - Started process (PID=33295) to work on /Users/alexkim/Desktop/Projects/ETL_Projects/redditviz/venv/lib/python3.12/site-packages/airflow/example_dags/plugins/decreasing_priority_weight_strategy.py
[2024-07-28T14:02:22.054-0500] {processor.py:830} INFO - Processing file /Users/alexkim/Desktop/Projects/ETL_Projects/redditviz/venv/lib/python3.12/site-packages/airflow/example_dags/plugins/decreasing_priority_weight_strategy.py for tasks to queue
[2024-07-28T14:02:22.054-0500] {logging_mixin.py:188} INFO - [2024-07-28T14:02:22.054-0500] {dagbag.py:545} INFO - Filling up the DagBag from /Users/alexkim/Desktop/Projects/ETL_Projects/redditviz/venv/lib/python3.12/site-packages/airflow/example_dags/plugins/decreasing_priority_weight_strategy.py
[2024-07-28T14:02:22.054-0500] {processor.py:842} WARNING - No viable dags retrieved from /Users/alexkim/Desktop/Projects/ETL_Projects/redditviz/venv/lib/python3.12/site-packages/airflow/example_dags/plugins/decreasing_priority_weight_strategy.py
[2024-07-28T14:02:22.079-0500] {processor.py:183} INFO - Processing /Users/alexkim/Desktop/Projects/ETL_Projects/redditviz/venv/lib/python3.12/site-packages/airflow/example_dags/plugins/decreasing_priority_weight_strategy.py took 0.026 seconds
[2024-07-28T14:03:09.152-0500] {processor.py:161} INFO - Started process (PID=33333) to work on /Users/alexkim/Desktop/Projects/ETL_Projects/redditviz/venv/lib/python3.12/site-packages/airflow/example_dags/plugins/decreasing_priority_weight_strategy.py
[2024-07-28T14:03:09.152-0500] {processor.py:830} INFO - Processing file /Users/alexkim/Desktop/Projects/ETL_Projects/redditviz/venv/lib/python3.12/site-packages/airflow/example_dags/plugins/decreasing_priority_weight_strategy.py for tasks to queue
[2024-07-28T14:03:09.153-0500] {logging_mixin.py:188} INFO - [2024-07-28T14:03:09.153-0500] {dagbag.py:545} INFO - Filling up the DagBag from /Users/alexkim/Desktop/Projects/ETL_Projects/redditviz/venv/lib/python3.12/site-packages/airflow/example_dags/plugins/decreasing_priority_weight_strategy.py
[2024-07-28T14:03:09.153-0500] {processor.py:842} WARNING - No viable dags retrieved from /Users/alexkim/Desktop/Projects/ETL_Projects/redditviz/venv/lib/python3.12/site-packages/airflow/example_dags/plugins/decreasing_priority_weight_strategy.py
[2024-07-28T14:03:09.177-0500] {processor.py:183} INFO - Processing /Users/alexkim/Desktop/Projects/ETL_Projects/redditviz/venv/lib/python3.12/site-packages/airflow/example_dags/plugins/decreasing_priority_weight_strategy.py took 0.026 seconds
[2024-07-28T14:03:56.470-0500] {processor.py:161} INFO - Started process (PID=33377) to work on /Users/alexkim/Desktop/Projects/ETL_Projects/redditviz/venv/lib/python3.12/site-packages/airflow/example_dags/plugins/decreasing_priority_weight_strategy.py
[2024-07-28T14:03:56.470-0500] {processor.py:830} INFO - Processing file /Users/alexkim/Desktop/Projects/ETL_Projects/redditviz/venv/lib/python3.12/site-packages/airflow/example_dags/plugins/decreasing_priority_weight_strategy.py for tasks to queue
[2024-07-28T14:03:56.470-0500] {logging_mixin.py:188} INFO - [2024-07-28T14:03:56.470-0500] {dagbag.py:545} INFO - Filling up the DagBag from /Users/alexkim/Desktop/Projects/ETL_Projects/redditviz/venv/lib/python3.12/site-packages/airflow/example_dags/plugins/decreasing_priority_weight_strategy.py
[2024-07-28T14:03:56.471-0500] {processor.py:842} WARNING - No viable dags retrieved from /Users/alexkim/Desktop/Projects/ETL_Projects/redditviz/venv/lib/python3.12/site-packages/airflow/example_dags/plugins/decreasing_priority_weight_strategy.py
[2024-07-28T14:03:56.495-0500] {processor.py:183} INFO - Processing /Users/alexkim/Desktop/Projects/ETL_Projects/redditviz/venv/lib/python3.12/site-packages/airflow/example_dags/plugins/decreasing_priority_weight_strategy.py took 0.027 seconds
[2024-07-28T14:04:47.797-0500] {processor.py:161} INFO - Started process (PID=33433) to work on /Users/alexkim/Desktop/Projects/ETL_Projects/redditviz/venv/lib/python3.12/site-packages/airflow/example_dags/plugins/decreasing_priority_weight_strategy.py
[2024-07-28T14:04:47.799-0500] {processor.py:830} INFO - Processing file /Users/alexkim/Desktop/Projects/ETL_Projects/redditviz/venv/lib/python3.12/site-packages/airflow/example_dags/plugins/decreasing_priority_weight_strategy.py for tasks to queue
[2024-07-28T14:04:47.799-0500] {logging_mixin.py:188} INFO - [2024-07-28T14:04:47.799-0500] {dagbag.py:545} INFO - Filling up the DagBag from /Users/alexkim/Desktop/Projects/ETL_Projects/redditviz/venv/lib/python3.12/site-packages/airflow/example_dags/plugins/decreasing_priority_weight_strategy.py
[2024-07-28T14:04:47.799-0500] {processor.py:842} WARNING - No viable dags retrieved from /Users/alexkim/Desktop/Projects/ETL_Projects/redditviz/venv/lib/python3.12/site-packages/airflow/example_dags/plugins/decreasing_priority_weight_strategy.py
[2024-07-28T14:04:47.824-0500] {processor.py:183} INFO - Processing /Users/alexkim/Desktop/Projects/ETL_Projects/redditviz/venv/lib/python3.12/site-packages/airflow/example_dags/plugins/decreasing_priority_weight_strategy.py took 0.027 seconds
[2024-07-28T14:05:43.555-0500] {processor.py:161} INFO - Started process (PID=33550) to work on /Users/alexkim/Desktop/Projects/ETL_Projects/redditviz/venv/lib/python3.12/site-packages/airflow/example_dags/plugins/decreasing_priority_weight_strategy.py
[2024-07-28T14:05:43.556-0500] {processor.py:830} INFO - Processing file /Users/alexkim/Desktop/Projects/ETL_Projects/redditviz/venv/lib/python3.12/site-packages/airflow/example_dags/plugins/decreasing_priority_weight_strategy.py for tasks to queue
[2024-07-28T14:05:43.556-0500] {logging_mixin.py:188} INFO - [2024-07-28T14:05:43.556-0500] {dagbag.py:545} INFO - Filling up the DagBag from /Users/alexkim/Desktop/Projects/ETL_Projects/redditviz/venv/lib/python3.12/site-packages/airflow/example_dags/plugins/decreasing_priority_weight_strategy.py
[2024-07-28T14:05:43.557-0500] {processor.py:842} WARNING - No viable dags retrieved from /Users/alexkim/Desktop/Projects/ETL_Projects/redditviz/venv/lib/python3.12/site-packages/airflow/example_dags/plugins/decreasing_priority_weight_strategy.py
[2024-07-28T14:05:43.585-0500] {processor.py:183} INFO - Processing /Users/alexkim/Desktop/Projects/ETL_Projects/redditviz/venv/lib/python3.12/site-packages/airflow/example_dags/plugins/decreasing_priority_weight_strategy.py took 0.030 seconds
[2024-07-28T14:06:42.420-0500] {processor.py:161} INFO - Started process (PID=33604) to work on /Users/alexkim/Desktop/Projects/ETL_Projects/redditviz/venv/lib/python3.12/site-packages/airflow/example_dags/plugins/decreasing_priority_weight_strategy.py
[2024-07-28T14:06:42.421-0500] {processor.py:830} INFO - Processing file /Users/alexkim/Desktop/Projects/ETL_Projects/redditviz/venv/lib/python3.12/site-packages/airflow/example_dags/plugins/decreasing_priority_weight_strategy.py for tasks to queue
[2024-07-28T14:06:42.421-0500] {logging_mixin.py:188} INFO - [2024-07-28T14:06:42.421-0500] {dagbag.py:545} INFO - Filling up the DagBag from /Users/alexkim/Desktop/Projects/ETL_Projects/redditviz/venv/lib/python3.12/site-packages/airflow/example_dags/plugins/decreasing_priority_weight_strategy.py
[2024-07-28T14:06:42.421-0500] {processor.py:842} WARNING - No viable dags retrieved from /Users/alexkim/Desktop/Projects/ETL_Projects/redditviz/venv/lib/python3.12/site-packages/airflow/example_dags/plugins/decreasing_priority_weight_strategy.py
[2024-07-28T14:06:42.447-0500] {processor.py:183} INFO - Processing /Users/alexkim/Desktop/Projects/ETL_Projects/redditviz/venv/lib/python3.12/site-packages/airflow/example_dags/plugins/decreasing_priority_weight_strategy.py took 0.028 seconds
[2024-07-28T14:07:44.037-0500] {processor.py:161} INFO - Started process (PID=33698) to work on /Users/alexkim/Desktop/Projects/ETL_Projects/redditviz/venv/lib/python3.12/site-packages/airflow/example_dags/plugins/decreasing_priority_weight_strategy.py
[2024-07-28T14:07:44.038-0500] {processor.py:830} INFO - Processing file /Users/alexkim/Desktop/Projects/ETL_Projects/redditviz/venv/lib/python3.12/site-packages/airflow/example_dags/plugins/decreasing_priority_weight_strategy.py for tasks to queue
[2024-07-28T14:07:44.038-0500] {logging_mixin.py:188} INFO - [2024-07-28T14:07:44.038-0500] {dagbag.py:545} INFO - Filling up the DagBag from /Users/alexkim/Desktop/Projects/ETL_Projects/redditviz/venv/lib/python3.12/site-packages/airflow/example_dags/plugins/decreasing_priority_weight_strategy.py
[2024-07-28T14:07:44.038-0500] {processor.py:842} WARNING - No viable dags retrieved from /Users/alexkim/Desktop/Projects/ETL_Projects/redditviz/venv/lib/python3.12/site-packages/airflow/example_dags/plugins/decreasing_priority_weight_strategy.py
[2024-07-28T14:07:44.064-0500] {processor.py:183} INFO - Processing /Users/alexkim/Desktop/Projects/ETL_Projects/redditviz/venv/lib/python3.12/site-packages/airflow/example_dags/plugins/decreasing_priority_weight_strategy.py took 0.027 seconds
[2024-07-28T14:08:42.509-0500] {processor.py:161} INFO - Started process (PID=33736) to work on /Users/alexkim/Desktop/Projects/ETL_Projects/redditviz/venv/lib/python3.12/site-packages/airflow/example_dags/plugins/decreasing_priority_weight_strategy.py
[2024-07-28T14:08:42.510-0500] {processor.py:830} INFO - Processing file /Users/alexkim/Desktop/Projects/ETL_Projects/redditviz/venv/lib/python3.12/site-packages/airflow/example_dags/plugins/decreasing_priority_weight_strategy.py for tasks to queue
[2024-07-28T14:08:42.510-0500] {logging_mixin.py:188} INFO - [2024-07-28T14:08:42.510-0500] {dagbag.py:545} INFO - Filling up the DagBag from /Users/alexkim/Desktop/Projects/ETL_Projects/redditviz/venv/lib/python3.12/site-packages/airflow/example_dags/plugins/decreasing_priority_weight_strategy.py
[2024-07-28T14:08:42.510-0500] {processor.py:842} WARNING - No viable dags retrieved from /Users/alexkim/Desktop/Projects/ETL_Projects/redditviz/venv/lib/python3.12/site-packages/airflow/example_dags/plugins/decreasing_priority_weight_strategy.py
[2024-07-28T14:08:42.536-0500] {processor.py:183} INFO - Processing /Users/alexkim/Desktop/Projects/ETL_Projects/redditviz/venv/lib/python3.12/site-packages/airflow/example_dags/plugins/decreasing_priority_weight_strategy.py took 0.027 seconds
[2024-07-28T14:09:39.421-0500] {processor.py:161} INFO - Started process (PID=33825) to work on /Users/alexkim/Desktop/Projects/ETL_Projects/redditviz/venv/lib/python3.12/site-packages/airflow/example_dags/plugins/decreasing_priority_weight_strategy.py
[2024-07-28T14:09:39.421-0500] {processor.py:830} INFO - Processing file /Users/alexkim/Desktop/Projects/ETL_Projects/redditviz/venv/lib/python3.12/site-packages/airflow/example_dags/plugins/decreasing_priority_weight_strategy.py for tasks to queue
[2024-07-28T14:09:39.422-0500] {logging_mixin.py:188} INFO - [2024-07-28T14:09:39.422-0500] {dagbag.py:545} INFO - Filling up the DagBag from /Users/alexkim/Desktop/Projects/ETL_Projects/redditviz/venv/lib/python3.12/site-packages/airflow/example_dags/plugins/decreasing_priority_weight_strategy.py
[2024-07-28T14:09:39.422-0500] {processor.py:842} WARNING - No viable dags retrieved from /Users/alexkim/Desktop/Projects/ETL_Projects/redditviz/venv/lib/python3.12/site-packages/airflow/example_dags/plugins/decreasing_priority_weight_strategy.py
[2024-07-28T14:09:39.448-0500] {processor.py:183} INFO - Processing /Users/alexkim/Desktop/Projects/ETL_Projects/redditviz/venv/lib/python3.12/site-packages/airflow/example_dags/plugins/decreasing_priority_weight_strategy.py took 0.028 seconds
[2024-07-28T14:10:38.825-0500] {processor.py:161} INFO - Started process (PID=33877) to work on /Users/alexkim/Desktop/Projects/ETL_Projects/redditviz/venv/lib/python3.12/site-packages/airflow/example_dags/plugins/decreasing_priority_weight_strategy.py
[2024-07-28T14:10:38.825-0500] {processor.py:830} INFO - Processing file /Users/alexkim/Desktop/Projects/ETL_Projects/redditviz/venv/lib/python3.12/site-packages/airflow/example_dags/plugins/decreasing_priority_weight_strategy.py for tasks to queue
[2024-07-28T14:10:38.825-0500] {logging_mixin.py:188} INFO - [2024-07-28T14:10:38.825-0500] {dagbag.py:545} INFO - Filling up the DagBag from /Users/alexkim/Desktop/Projects/ETL_Projects/redditviz/venv/lib/python3.12/site-packages/airflow/example_dags/plugins/decreasing_priority_weight_strategy.py
[2024-07-28T14:10:38.826-0500] {processor.py:842} WARNING - No viable dags retrieved from /Users/alexkim/Desktop/Projects/ETL_Projects/redditviz/venv/lib/python3.12/site-packages/airflow/example_dags/plugins/decreasing_priority_weight_strategy.py
[2024-07-28T14:10:38.852-0500] {processor.py:183} INFO - Processing /Users/alexkim/Desktop/Projects/ETL_Projects/redditviz/venv/lib/python3.12/site-packages/airflow/example_dags/plugins/decreasing_priority_weight_strategy.py took 0.028 seconds
[2024-07-28T14:11:39.340-0500] {processor.py:161} INFO - Started process (PID=33932) to work on /Users/alexkim/Desktop/Projects/ETL_Projects/redditviz/venv/lib/python3.12/site-packages/airflow/example_dags/plugins/decreasing_priority_weight_strategy.py
[2024-07-28T14:11:39.341-0500] {processor.py:830} INFO - Processing file /Users/alexkim/Desktop/Projects/ETL_Projects/redditviz/venv/lib/python3.12/site-packages/airflow/example_dags/plugins/decreasing_priority_weight_strategy.py for tasks to queue
[2024-07-28T14:11:39.341-0500] {logging_mixin.py:188} INFO - [2024-07-28T14:11:39.341-0500] {dagbag.py:545} INFO - Filling up the DagBag from /Users/alexkim/Desktop/Projects/ETL_Projects/redditviz/venv/lib/python3.12/site-packages/airflow/example_dags/plugins/decreasing_priority_weight_strategy.py
[2024-07-28T14:11:39.341-0500] {processor.py:842} WARNING - No viable dags retrieved from /Users/alexkim/Desktop/Projects/ETL_Projects/redditviz/venv/lib/python3.12/site-packages/airflow/example_dags/plugins/decreasing_priority_weight_strategy.py
[2024-07-28T14:11:39.366-0500] {processor.py:183} INFO - Processing /Users/alexkim/Desktop/Projects/ETL_Projects/redditviz/venv/lib/python3.12/site-packages/airflow/example_dags/plugins/decreasing_priority_weight_strategy.py took 0.028 seconds
[2024-07-28T14:12:38.466-0500] {processor.py:161} INFO - Started process (PID=33995) to work on /Users/alexkim/Desktop/Projects/ETL_Projects/redditviz/venv/lib/python3.12/site-packages/airflow/example_dags/plugins/decreasing_priority_weight_strategy.py
[2024-07-28T14:12:38.466-0500] {processor.py:830} INFO - Processing file /Users/alexkim/Desktop/Projects/ETL_Projects/redditviz/venv/lib/python3.12/site-packages/airflow/example_dags/plugins/decreasing_priority_weight_strategy.py for tasks to queue
[2024-07-28T14:12:38.466-0500] {logging_mixin.py:188} INFO - [2024-07-28T14:12:38.466-0500] {dagbag.py:545} INFO - Filling up the DagBag from /Users/alexkim/Desktop/Projects/ETL_Projects/redditviz/venv/lib/python3.12/site-packages/airflow/example_dags/plugins/decreasing_priority_weight_strategy.py
[2024-07-28T14:12:38.467-0500] {processor.py:842} WARNING - No viable dags retrieved from /Users/alexkim/Desktop/Projects/ETL_Projects/redditviz/venv/lib/python3.12/site-packages/airflow/example_dags/plugins/decreasing_priority_weight_strategy.py
[2024-07-28T14:12:38.494-0500] {processor.py:183} INFO - Processing /Users/alexkim/Desktop/Projects/ETL_Projects/redditviz/venv/lib/python3.12/site-packages/airflow/example_dags/plugins/decreasing_priority_weight_strategy.py took 0.029 seconds
[2024-07-28T14:13:38.713-0500] {processor.py:161} INFO - Started process (PID=34074) to work on /Users/alexkim/Desktop/Projects/ETL_Projects/redditviz/venv/lib/python3.12/site-packages/airflow/example_dags/plugins/decreasing_priority_weight_strategy.py
[2024-07-28T14:13:38.713-0500] {processor.py:830} INFO - Processing file /Users/alexkim/Desktop/Projects/ETL_Projects/redditviz/venv/lib/python3.12/site-packages/airflow/example_dags/plugins/decreasing_priority_weight_strategy.py for tasks to queue
[2024-07-28T14:13:38.713-0500] {logging_mixin.py:188} INFO - [2024-07-28T14:13:38.713-0500] {dagbag.py:545} INFO - Filling up the DagBag from /Users/alexkim/Desktop/Projects/ETL_Projects/redditviz/venv/lib/python3.12/site-packages/airflow/example_dags/plugins/decreasing_priority_weight_strategy.py
[2024-07-28T14:13:38.714-0500] {processor.py:842} WARNING - No viable dags retrieved from /Users/alexkim/Desktop/Projects/ETL_Projects/redditviz/venv/lib/python3.12/site-packages/airflow/example_dags/plugins/decreasing_priority_weight_strategy.py
[2024-07-28T14:13:38.742-0500] {processor.py:183} INFO - Processing /Users/alexkim/Desktop/Projects/ETL_Projects/redditviz/venv/lib/python3.12/site-packages/airflow/example_dags/plugins/decreasing_priority_weight_strategy.py took 0.031 seconds
[2024-07-28T14:14:39.607-0500] {processor.py:161} INFO - Started process (PID=34153) to work on /Users/alexkim/Desktop/Projects/ETL_Projects/redditviz/venv/lib/python3.12/site-packages/airflow/example_dags/plugins/decreasing_priority_weight_strategy.py
[2024-07-28T14:14:39.608-0500] {processor.py:830} INFO - Processing file /Users/alexkim/Desktop/Projects/ETL_Projects/redditviz/venv/lib/python3.12/site-packages/airflow/example_dags/plugins/decreasing_priority_weight_strategy.py for tasks to queue
[2024-07-28T14:14:39.608-0500] {logging_mixin.py:188} INFO - [2024-07-28T14:14:39.608-0500] {dagbag.py:545} INFO - Filling up the DagBag from /Users/alexkim/Desktop/Projects/ETL_Projects/redditviz/venv/lib/python3.12/site-packages/airflow/example_dags/plugins/decreasing_priority_weight_strategy.py
[2024-07-28T14:14:39.608-0500] {processor.py:842} WARNING - No viable dags retrieved from /Users/alexkim/Desktop/Projects/ETL_Projects/redditviz/venv/lib/python3.12/site-packages/airflow/example_dags/plugins/decreasing_priority_weight_strategy.py
[2024-07-28T14:14:39.639-0500] {processor.py:183} INFO - Processing /Users/alexkim/Desktop/Projects/ETL_Projects/redditviz/venv/lib/python3.12/site-packages/airflow/example_dags/plugins/decreasing_priority_weight_strategy.py took 0.032 seconds
[2024-07-28T14:34:48.920-0500] {processor.py:161} INFO - Started process (PID=1493) to work on /Users/alexkim/Desktop/Projects/ETL_Projects/redditviz/venv/lib/python3.12/site-packages/airflow/example_dags/plugins/decreasing_priority_weight_strategy.py
[2024-07-28T14:34:48.921-0500] {processor.py:830} INFO - Processing file /Users/alexkim/Desktop/Projects/ETL_Projects/redditviz/venv/lib/python3.12/site-packages/airflow/example_dags/plugins/decreasing_priority_weight_strategy.py for tasks to queue
[2024-07-28T14:34:48.922-0500] {logging_mixin.py:188} INFO - [2024-07-28T14:34:48.922-0500] {dagbag.py:545} INFO - Filling up the DagBag from /Users/alexkim/Desktop/Projects/ETL_Projects/redditviz/venv/lib/python3.12/site-packages/airflow/example_dags/plugins/decreasing_priority_weight_strategy.py
[2024-07-28T14:34:48.922-0500] {processor.py:842} WARNING - No viable dags retrieved from /Users/alexkim/Desktop/Projects/ETL_Projects/redditviz/venv/lib/python3.12/site-packages/airflow/example_dags/plugins/decreasing_priority_weight_strategy.py
[2024-07-28T14:34:48.950-0500] {processor.py:183} INFO - Processing /Users/alexkim/Desktop/Projects/ETL_Projects/redditviz/venv/lib/python3.12/site-packages/airflow/example_dags/plugins/decreasing_priority_weight_strategy.py took 0.030 seconds
