[2024-07-28T13:59:50.126-0500] {processor.py:161} INFO - Started process (PID=33147) to work on /Users/alexkim/Desktop/Projects/ETL_Projects/redditviz/venv/lib/python3.12/site-packages/airflow/example_dags/plugins/workday.py
[2024-07-28T13:59:50.127-0500] {processor.py:830} INFO - Processing file /Users/alexkim/Desktop/Projects/ETL_Projects/redditviz/venv/lib/python3.12/site-packages/airflow/example_dags/plugins/workday.py for tasks to queue
[2024-07-28T13:59:50.127-0500] {logging_mixin.py:188} INFO - [2024-07-28T13:59:50.127-0500] {dagbag.py:545} INFO - Filling up the DagBag from /Users/alexkim/Desktop/Projects/ETL_Projects/redditviz/venv/lib/python3.12/site-packages/airflow/example_dags/plugins/workday.py
[2024-07-28T13:59:50.860-0500] {processor.py:842} WARNING - No viable dags retrieved from /Users/alexkim/Desktop/Projects/ETL_Projects/redditviz/venv/lib/python3.12/site-packages/airflow/example_dags/plugins/workday.py
[2024-07-28T13:59:50.889-0500] {processor.py:183} INFO - Processing /Users/alexkim/Desktop/Projects/ETL_Projects/redditviz/venv/lib/python3.12/site-packages/airflow/example_dags/plugins/workday.py took 0.764 seconds
[2024-07-28T14:01:19.964-0500] {processor.py:161} INFO - Started process (PID=33239) to work on /Users/alexkim/Desktop/Projects/ETL_Projects/redditviz/venv/lib/python3.12/site-packages/airflow/example_dags/plugins/workday.py
[2024-07-28T14:01:19.965-0500] {processor.py:830} INFO - Processing file /Users/alexkim/Desktop/Projects/ETL_Projects/redditviz/venv/lib/python3.12/site-packages/airflow/example_dags/plugins/workday.py for tasks to queue
[2024-07-28T14:01:19.965-0500] {logging_mixin.py:188} INFO - [2024-07-28T14:01:19.965-0500] {dagbag.py:545} INFO - Filling up the DagBag from /Users/alexkim/Desktop/Projects/ETL_Projects/redditviz/venv/lib/python3.12/site-packages/airflow/example_dags/plugins/workday.py
[2024-07-28T14:01:20.423-0500] {processor.py:842} WARNING - No viable dags retrieved from /Users/alexkim/Desktop/Projects/ETL_Projects/redditviz/venv/lib/python3.12/site-packages/airflow/example_dags/plugins/workday.py
[2024-07-28T14:01:20.461-0500] {processor.py:183} INFO - Processing /Users/alexkim/Desktop/Projects/ETL_Projects/redditviz/venv/lib/python3.12/site-packages/airflow/example_dags/plugins/workday.py took 0.497 seconds
[2024-07-28T14:02:16.954-0500] {processor.py:161} INFO - Started process (PID=33290) to work on /Users/alexkim/Desktop/Projects/ETL_Projects/redditviz/venv/lib/python3.12/site-packages/airflow/example_dags/plugins/workday.py
[2024-07-28T14:02:16.954-0500] {processor.py:830} INFO - Processing file /Users/alexkim/Desktop/Projects/ETL_Projects/redditviz/venv/lib/python3.12/site-packages/airflow/example_dags/plugins/workday.py for tasks to queue
[2024-07-28T14:02:16.954-0500] {logging_mixin.py:188} INFO - [2024-07-28T14:02:16.954-0500] {dagbag.py:545} INFO - Filling up the DagBag from /Users/alexkim/Desktop/Projects/ETL_Projects/redditviz/venv/lib/python3.12/site-packages/airflow/example_dags/plugins/workday.py
[2024-07-28T14:02:17.282-0500] {processor.py:842} WARNING - No viable dags retrieved from /Users/alexkim/Desktop/Projects/ETL_Projects/redditviz/venv/lib/python3.12/site-packages/airflow/example_dags/plugins/workday.py
[2024-07-28T14:02:17.309-0500] {processor.py:183} INFO - Processing /Users/alexkim/Desktop/Projects/ETL_Projects/redditviz/venv/lib/python3.12/site-packages/airflow/example_dags/plugins/workday.py took 0.356 seconds
[2024-07-28T14:03:05.146-0500] {processor.py:161} INFO - Started process (PID=33330) to work on /Users/alexkim/Desktop/Projects/ETL_Projects/redditviz/venv/lib/python3.12/site-packages/airflow/example_dags/plugins/workday.py
[2024-07-28T14:03:05.147-0500] {processor.py:830} INFO - Processing file /Users/alexkim/Desktop/Projects/ETL_Projects/redditviz/venv/lib/python3.12/site-packages/airflow/example_dags/plugins/workday.py for tasks to queue
[2024-07-28T14:03:05.147-0500] {logging_mixin.py:188} INFO - [2024-07-28T14:03:05.147-0500] {dagbag.py:545} INFO - Filling up the DagBag from /Users/alexkim/Desktop/Projects/ETL_Projects/redditviz/venv/lib/python3.12/site-packages/airflow/example_dags/plugins/workday.py
[2024-07-28T14:03:05.456-0500] {processor.py:842} WARNING - No viable dags retrieved from /Users/alexkim/Desktop/Projects/ETL_Projects/redditviz/venv/lib/python3.12/site-packages/airflow/example_dags/plugins/workday.py
[2024-07-28T14:03:05.481-0500] {processor.py:183} INFO - Processing /Users/alexkim/Desktop/Projects/ETL_Projects/redditviz/venv/lib/python3.12/site-packages/airflow/example_dags/plugins/workday.py took 0.336 seconds
[2024-07-28T14:03:51.036-0500] {processor.py:161} INFO - Started process (PID=33372) to work on /Users/alexkim/Desktop/Projects/ETL_Projects/redditviz/venv/lib/python3.12/site-packages/airflow/example_dags/plugins/workday.py
[2024-07-28T14:03:51.036-0500] {processor.py:830} INFO - Processing file /Users/alexkim/Desktop/Projects/ETL_Projects/redditviz/venv/lib/python3.12/site-packages/airflow/example_dags/plugins/workday.py for tasks to queue
[2024-07-28T14:03:51.037-0500] {logging_mixin.py:188} INFO - [2024-07-28T14:03:51.037-0500] {dagbag.py:545} INFO - Filling up the DagBag from /Users/alexkim/Desktop/Projects/ETL_Projects/redditviz/venv/lib/python3.12/site-packages/airflow/example_dags/plugins/workday.py
[2024-07-28T14:03:51.389-0500] {processor.py:842} WARNING - No viable dags retrieved from /Users/alexkim/Desktop/Projects/ETL_Projects/redditviz/venv/lib/python3.12/site-packages/airflow/example_dags/plugins/workday.py
[2024-07-28T14:03:51.414-0500] {processor.py:183} INFO - Processing /Users/alexkim/Desktop/Projects/ETL_Projects/redditviz/venv/lib/python3.12/site-packages/airflow/example_dags/plugins/workday.py took 0.379 seconds
[2024-07-28T14:04:42.481-0500] {processor.py:161} INFO - Started process (PID=33425) to work on /Users/alexkim/Desktop/Projects/ETL_Projects/redditviz/venv/lib/python3.12/site-packages/airflow/example_dags/plugins/workday.py
[2024-07-28T14:04:42.482-0500] {processor.py:830} INFO - Processing file /Users/alexkim/Desktop/Projects/ETL_Projects/redditviz/venv/lib/python3.12/site-packages/airflow/example_dags/plugins/workday.py for tasks to queue
[2024-07-28T14:04:42.482-0500] {logging_mixin.py:188} INFO - [2024-07-28T14:04:42.482-0500] {dagbag.py:545} INFO - Filling up the DagBag from /Users/alexkim/Desktop/Projects/ETL_Projects/redditviz/venv/lib/python3.12/site-packages/airflow/example_dags/plugins/workday.py
[2024-07-28T14:04:42.851-0500] {processor.py:842} WARNING - No viable dags retrieved from /Users/alexkim/Desktop/Projects/ETL_Projects/redditviz/venv/lib/python3.12/site-packages/airflow/example_dags/plugins/workday.py
[2024-07-28T14:04:42.878-0500] {processor.py:183} INFO - Processing /Users/alexkim/Desktop/Projects/ETL_Projects/redditviz/venv/lib/python3.12/site-packages/airflow/example_dags/plugins/workday.py took 0.398 seconds
[2024-07-28T14:05:38.308-0500] {processor.py:161} INFO - Started process (PID=33499) to work on /Users/alexkim/Desktop/Projects/ETL_Projects/redditviz/venv/lib/python3.12/site-packages/airflow/example_dags/plugins/workday.py
[2024-07-28T14:05:38.309-0500] {processor.py:830} INFO - Processing file /Users/alexkim/Desktop/Projects/ETL_Projects/redditviz/venv/lib/python3.12/site-packages/airflow/example_dags/plugins/workday.py for tasks to queue
[2024-07-28T14:05:38.309-0500] {logging_mixin.py:188} INFO - [2024-07-28T14:05:38.309-0500] {dagbag.py:545} INFO - Filling up the DagBag from /Users/alexkim/Desktop/Projects/ETL_Projects/redditviz/venv/lib/python3.12/site-packages/airflow/example_dags/plugins/workday.py
[2024-07-28T14:05:38.720-0500] {processor.py:842} WARNING - No viable dags retrieved from /Users/alexkim/Desktop/Projects/ETL_Projects/redditviz/venv/lib/python3.12/site-packages/airflow/example_dags/plugins/workday.py
[2024-07-28T14:05:38.745-0500] {processor.py:183} INFO - Processing /Users/alexkim/Desktop/Projects/ETL_Projects/redditviz/venv/lib/python3.12/site-packages/airflow/example_dags/plugins/workday.py took 0.438 seconds
[2024-07-28T14:06:36.972-0500] {processor.py:161} INFO - Started process (PID=33595) to work on /Users/alexkim/Desktop/Projects/ETL_Projects/redditviz/venv/lib/python3.12/site-packages/airflow/example_dags/plugins/workday.py
[2024-07-28T14:06:36.972-0500] {processor.py:830} INFO - Processing file /Users/alexkim/Desktop/Projects/ETL_Projects/redditviz/venv/lib/python3.12/site-packages/airflow/example_dags/plugins/workday.py for tasks to queue
[2024-07-28T14:06:36.973-0500] {logging_mixin.py:188} INFO - [2024-07-28T14:06:36.973-0500] {dagbag.py:545} INFO - Filling up the DagBag from /Users/alexkim/Desktop/Projects/ETL_Projects/redditviz/venv/lib/python3.12/site-packages/airflow/example_dags/plugins/workday.py
[2024-07-28T14:06:37.437-0500] {processor.py:842} WARNING - No viable dags retrieved from /Users/alexkim/Desktop/Projects/ETL_Projects/redditviz/venv/lib/python3.12/site-packages/airflow/example_dags/plugins/workday.py
[2024-07-28T14:06:37.464-0500] {processor.py:183} INFO - Processing /Users/alexkim/Desktop/Projects/ETL_Projects/redditviz/venv/lib/python3.12/site-packages/airflow/example_dags/plugins/workday.py took 0.493 seconds
[2024-07-28T14:07:35.690-0500] {processor.py:161} INFO - Started process (PID=33694) to work on /Users/alexkim/Desktop/Projects/ETL_Projects/redditviz/venv/lib/python3.12/site-packages/airflow/example_dags/plugins/workday.py
[2024-07-28T14:07:35.691-0500] {processor.py:830} INFO - Processing file /Users/alexkim/Desktop/Projects/ETL_Projects/redditviz/venv/lib/python3.12/site-packages/airflow/example_dags/plugins/workday.py for tasks to queue
[2024-07-28T14:07:35.691-0500] {logging_mixin.py:188} INFO - [2024-07-28T14:07:35.691-0500] {dagbag.py:545} INFO - Filling up the DagBag from /Users/alexkim/Desktop/Projects/ETL_Projects/redditviz/venv/lib/python3.12/site-packages/airflow/example_dags/plugins/workday.py
[2024-07-28T14:07:36.040-0500] {processor.py:842} WARNING - No viable dags retrieved from /Users/alexkim/Desktop/Projects/ETL_Projects/redditviz/venv/lib/python3.12/site-packages/airflow/example_dags/plugins/workday.py
[2024-07-28T14:07:36.066-0500] {processor.py:183} INFO - Processing /Users/alexkim/Desktop/Projects/ETL_Projects/redditviz/venv/lib/python3.12/site-packages/airflow/example_dags/plugins/workday.py took 0.376 seconds
[2024-07-28T14:08:38.051-0500] {processor.py:161} INFO - Started process (PID=33733) to work on /Users/alexkim/Desktop/Projects/ETL_Projects/redditviz/venv/lib/python3.12/site-packages/airflow/example_dags/plugins/workday.py
[2024-07-28T14:08:38.052-0500] {processor.py:830} INFO - Processing file /Users/alexkim/Desktop/Projects/ETL_Projects/redditviz/venv/lib/python3.12/site-packages/airflow/example_dags/plugins/workday.py for tasks to queue
[2024-07-28T14:08:38.052-0500] {logging_mixin.py:188} INFO - [2024-07-28T14:08:38.052-0500] {dagbag.py:545} INFO - Filling up the DagBag from /Users/alexkim/Desktop/Projects/ETL_Projects/redditviz/venv/lib/python3.12/site-packages/airflow/example_dags/plugins/workday.py
[2024-07-28T14:08:38.414-0500] {processor.py:842} WARNING - No viable dags retrieved from /Users/alexkim/Desktop/Projects/ETL_Projects/redditviz/venv/lib/python3.12/site-packages/airflow/example_dags/plugins/workday.py
[2024-07-28T14:08:38.442-0500] {processor.py:183} INFO - Processing /Users/alexkim/Desktop/Projects/ETL_Projects/redditviz/venv/lib/python3.12/site-packages/airflow/example_dags/plugins/workday.py took 0.392 seconds
[2024-07-28T14:09:32.881-0500] {processor.py:161} INFO - Started process (PID=33819) to work on /Users/alexkim/Desktop/Projects/ETL_Projects/redditviz/venv/lib/python3.12/site-packages/airflow/example_dags/plugins/workday.py
[2024-07-28T14:09:32.882-0500] {processor.py:830} INFO - Processing file /Users/alexkim/Desktop/Projects/ETL_Projects/redditviz/venv/lib/python3.12/site-packages/airflow/example_dags/plugins/workday.py for tasks to queue
[2024-07-28T14:09:32.882-0500] {logging_mixin.py:188} INFO - [2024-07-28T14:09:32.882-0500] {dagbag.py:545} INFO - Filling up the DagBag from /Users/alexkim/Desktop/Projects/ETL_Projects/redditviz/venv/lib/python3.12/site-packages/airflow/example_dags/plugins/workday.py
[2024-07-28T14:09:33.119-0500] {processor.py:842} WARNING - No viable dags retrieved from /Users/alexkim/Desktop/Projects/ETL_Projects/redditviz/venv/lib/python3.12/site-packages/airflow/example_dags/plugins/workday.py
[2024-07-28T14:09:33.159-0500] {processor.py:183} INFO - Processing /Users/alexkim/Desktop/Projects/ETL_Projects/redditviz/venv/lib/python3.12/site-packages/airflow/example_dags/plugins/workday.py took 0.278 seconds
[2024-07-28T14:10:33.746-0500] {processor.py:161} INFO - Started process (PID=33874) to work on /Users/alexkim/Desktop/Projects/ETL_Projects/redditviz/venv/lib/python3.12/site-packages/airflow/example_dags/plugins/workday.py
[2024-07-28T14:10:33.746-0500] {processor.py:830} INFO - Processing file /Users/alexkim/Desktop/Projects/ETL_Projects/redditviz/venv/lib/python3.12/site-packages/airflow/example_dags/plugins/workday.py for tasks to queue
[2024-07-28T14:10:33.747-0500] {logging_mixin.py:188} INFO - [2024-07-28T14:10:33.746-0500] {dagbag.py:545} INFO - Filling up the DagBag from /Users/alexkim/Desktop/Projects/ETL_Projects/redditviz/venv/lib/python3.12/site-packages/airflow/example_dags/plugins/workday.py
[2024-07-28T14:10:34.266-0500] {processor.py:842} WARNING - No viable dags retrieved from /Users/alexkim/Desktop/Projects/ETL_Projects/redditviz/venv/lib/python3.12/site-packages/airflow/example_dags/plugins/workday.py
[2024-07-28T14:10:34.297-0500] {processor.py:183} INFO - Processing /Users/alexkim/Desktop/Projects/ETL_Projects/redditviz/venv/lib/python3.12/site-packages/airflow/example_dags/plugins/workday.py took 0.553 seconds
[2024-07-28T14:11:35.465-0500] {processor.py:161} INFO - Started process (PID=33929) to work on /Users/alexkim/Desktop/Projects/ETL_Projects/redditviz/venv/lib/python3.12/site-packages/airflow/example_dags/plugins/workday.py
[2024-07-28T14:11:35.466-0500] {processor.py:830} INFO - Processing file /Users/alexkim/Desktop/Projects/ETL_Projects/redditviz/venv/lib/python3.12/site-packages/airflow/example_dags/plugins/workday.py for tasks to queue
[2024-07-28T14:11:35.466-0500] {logging_mixin.py:188} INFO - [2024-07-28T14:11:35.466-0500] {dagbag.py:545} INFO - Filling up the DagBag from /Users/alexkim/Desktop/Projects/ETL_Projects/redditviz/venv/lib/python3.12/site-packages/airflow/example_dags/plugins/workday.py
[2024-07-28T14:11:35.847-0500] {processor.py:842} WARNING - No viable dags retrieved from /Users/alexkim/Desktop/Projects/ETL_Projects/redditviz/venv/lib/python3.12/site-packages/airflow/example_dags/plugins/workday.py
[2024-07-28T14:11:35.876-0500] {processor.py:183} INFO - Processing /Users/alexkim/Desktop/Projects/ETL_Projects/redditviz/venv/lib/python3.12/site-packages/airflow/example_dags/plugins/workday.py took 0.411 seconds
[2024-07-28T14:12:33.104-0500] {processor.py:161} INFO - Started process (PID=33989) to work on /Users/alexkim/Desktop/Projects/ETL_Projects/redditviz/venv/lib/python3.12/site-packages/airflow/example_dags/plugins/workday.py
[2024-07-28T14:12:33.104-0500] {processor.py:830} INFO - Processing file /Users/alexkim/Desktop/Projects/ETL_Projects/redditviz/venv/lib/python3.12/site-packages/airflow/example_dags/plugins/workday.py for tasks to queue
[2024-07-28T14:12:33.104-0500] {logging_mixin.py:188} INFO - [2024-07-28T14:12:33.104-0500] {dagbag.py:545} INFO - Filling up the DagBag from /Users/alexkim/Desktop/Projects/ETL_Projects/redditviz/venv/lib/python3.12/site-packages/airflow/example_dags/plugins/workday.py
[2024-07-28T14:12:33.307-0500] {processor.py:842} WARNING - No viable dags retrieved from /Users/alexkim/Desktop/Projects/ETL_Projects/redditviz/venv/lib/python3.12/site-packages/airflow/example_dags/plugins/workday.py
[2024-07-28T14:12:33.360-0500] {processor.py:183} INFO - Processing /Users/alexkim/Desktop/Projects/ETL_Projects/redditviz/venv/lib/python3.12/site-packages/airflow/example_dags/plugins/workday.py took 0.257 seconds
[2024-07-28T14:13:33.339-0500] {processor.py:161} INFO - Started process (PID=34069) to work on /Users/alexkim/Desktop/Projects/ETL_Projects/redditviz/venv/lib/python3.12/site-packages/airflow/example_dags/plugins/workday.py
[2024-07-28T14:13:33.339-0500] {processor.py:830} INFO - Processing file /Users/alexkim/Desktop/Projects/ETL_Projects/redditviz/venv/lib/python3.12/site-packages/airflow/example_dags/plugins/workday.py for tasks to queue
[2024-07-28T14:13:33.339-0500] {logging_mixin.py:188} INFO - [2024-07-28T14:13:33.339-0500] {dagbag.py:545} INFO - Filling up the DagBag from /Users/alexkim/Desktop/Projects/ETL_Projects/redditviz/venv/lib/python3.12/site-packages/airflow/example_dags/plugins/workday.py
[2024-07-28T14:13:33.613-0500] {processor.py:842} WARNING - No viable dags retrieved from /Users/alexkim/Desktop/Projects/ETL_Projects/redditviz/venv/lib/python3.12/site-packages/airflow/example_dags/plugins/workday.py
[2024-07-28T14:13:33.642-0500] {processor.py:183} INFO - Processing /Users/alexkim/Desktop/Projects/ETL_Projects/redditviz/venv/lib/python3.12/site-packages/airflow/example_dags/plugins/workday.py took 0.304 seconds
[2024-07-28T14:14:34.248-0500] {processor.py:161} INFO - Started process (PID=34150) to work on /Users/alexkim/Desktop/Projects/ETL_Projects/redditviz/venv/lib/python3.12/site-packages/airflow/example_dags/plugins/workday.py
[2024-07-28T14:14:34.249-0500] {processor.py:830} INFO - Processing file /Users/alexkim/Desktop/Projects/ETL_Projects/redditviz/venv/lib/python3.12/site-packages/airflow/example_dags/plugins/workday.py for tasks to queue
[2024-07-28T14:14:34.249-0500] {logging_mixin.py:188} INFO - [2024-07-28T14:14:34.249-0500] {dagbag.py:545} INFO - Filling up the DagBag from /Users/alexkim/Desktop/Projects/ETL_Projects/redditviz/venv/lib/python3.12/site-packages/airflow/example_dags/plugins/workday.py
[2024-07-28T14:14:34.464-0500] {processor.py:842} WARNING - No viable dags retrieved from /Users/alexkim/Desktop/Projects/ETL_Projects/redditviz/venv/lib/python3.12/site-packages/airflow/example_dags/plugins/workday.py
[2024-07-28T14:14:34.509-0500] {processor.py:183} INFO - Processing /Users/alexkim/Desktop/Projects/ETL_Projects/redditviz/venv/lib/python3.12/site-packages/airflow/example_dags/plugins/workday.py took 0.262 seconds
[2024-07-28T14:34:43.588-0500] {processor.py:161} INFO - Started process (PID=1480) to work on /Users/alexkim/Desktop/Projects/ETL_Projects/redditviz/venv/lib/python3.12/site-packages/airflow/example_dags/plugins/workday.py
[2024-07-28T14:34:43.589-0500] {processor.py:830} INFO - Processing file /Users/alexkim/Desktop/Projects/ETL_Projects/redditviz/venv/lib/python3.12/site-packages/airflow/example_dags/plugins/workday.py for tasks to queue
[2024-07-28T14:34:43.589-0500] {logging_mixin.py:188} INFO - [2024-07-28T14:34:43.589-0500] {dagbag.py:545} INFO - Filling up the DagBag from /Users/alexkim/Desktop/Projects/ETL_Projects/redditviz/venv/lib/python3.12/site-packages/airflow/example_dags/plugins/workday.py
[2024-07-28T14:34:43.909-0500] {processor.py:842} WARNING - No viable dags retrieved from /Users/alexkim/Desktop/Projects/ETL_Projects/redditviz/venv/lib/python3.12/site-packages/airflow/example_dags/plugins/workday.py
[2024-07-28T14:34:43.938-0500] {processor.py:183} INFO - Processing /Users/alexkim/Desktop/Projects/ETL_Projects/redditviz/venv/lib/python3.12/site-packages/airflow/example_dags/plugins/workday.py took 0.352 seconds
