[2024-07-28T14:15:08.376-0500] {local_task_job_runner.py:120} INFO - ::group::Pre task execution logs
[2024-07-28T14:15:08.383-0500] {taskinstance.py:2076} INFO - Dependencies all met for dep_context=non-requeueable deps ti=<TaskInstance: reddit_etl.fetch_and_upload scheduled__2023-01-01T00:00:00+00:00 [queued]>
[2024-07-28T14:15:08.385-0500] {taskinstance.py:2076} INFO - Dependencies all met for dep_context=requeueable deps ti=<TaskInstance: reddit_etl.fetch_and_upload scheduled__2023-01-01T00:00:00+00:00 [queued]>
[2024-07-28T14:15:08.385-0500] {taskinstance.py:2306} INFO - Starting attempt 1 of 2
[2024-07-28T14:15:08.389-0500] {taskinstance.py:2330} INFO - Executing <Task(PythonOperator): fetch_and_upload> on 2023-01-01 00:00:00+00:00
[2024-07-28T14:15:08.394-0500] {logging_mixin.py:188} WARNING - /Users/alexkim/Desktop/Projects/ETL_Projects/redditviz/venv/lib/python3.12/site-packages/airflow/task/task_runner/standard_task_runner.py:62 DeprecationWarning: This process (pid=34187) is multi-threaded, use of fork() may lead to deadlocks in the child.
[2024-07-28T14:15:08.394-0500] {standard_task_runner.py:64} INFO - Started process 34188 to run task
[2024-07-28T14:15:08.393-0500] {standard_task_runner.py:90} INFO - Running: ['airflow', 'tasks', 'run', 'reddit_etl', 'fetch_and_upload', 'scheduled__2023-01-01T00:00:00+00:00', '--job-id', '2', '--raw', '--subdir', 'DAGS_FOLDER/reddit_etl_dag.py', '--cfg-path', '/var/folders/z8/j0nmjgpn6nd9jdg1n9p6cqv00000gn/T/tmpst8_nydc']
[2024-07-28T14:15:08.397-0500] {standard_task_runner.py:91} INFO - Job 2: Subtask fetch_and_upload
[2024-07-28T14:15:08.415-0500] {task_command.py:426} INFO - Running <TaskInstance: reddit_etl.fetch_and_upload scheduled__2023-01-01T00:00:00+00:00 [running]> on host alexs-macbook-pro.local
[2024-07-28T14:15:08.439-0500] {taskinstance.py:2648} INFO - Exporting env vars: AIRFLOW_CTX_DAG_OWNER='airflow' AIRFLOW_CTX_DAG_ID='reddit_etl' AIRFLOW_CTX_TASK_ID='fetch_and_upload' AIRFLOW_CTX_EXECUTION_DATE='2023-01-01T00:00:00+00:00' AIRFLOW_CTX_TRY_NUMBER='1' AIRFLOW_CTX_DAG_RUN_ID='scheduled__2023-01-01T00:00:00+00:00'
[2024-07-28T14:15:08.439-0500] {taskinstance.py:430} INFO - ::endgroup::
[2024-07-28T14:35:12.987-0500] {local_task_job_runner.py:120} INFO - ::group::Pre task execution logs
[2024-07-28T14:35:12.995-0500] {taskinstance.py:2076} INFO - Dependencies all met for dep_context=non-requeueable deps ti=<TaskInstance: reddit_etl.fetch_and_upload scheduled__2023-01-01T00:00:00+00:00 [queued]>
[2024-07-28T14:35:12.997-0500] {taskinstance.py:2076} INFO - Dependencies all met for dep_context=requeueable deps ti=<TaskInstance: reddit_etl.fetch_and_upload scheduled__2023-01-01T00:00:00+00:00 [queued]>
[2024-07-28T14:35:12.998-0500] {taskinstance.py:2306} INFO - Starting attempt 1 of 2
[2024-07-28T14:35:13.002-0500] {taskinstance.py:2330} INFO - Executing <Task(PythonOperator): fetch_and_upload> on 2023-01-01 00:00:00+00:00
[2024-07-28T14:35:13.007-0500] {logging_mixin.py:188} WARNING - /Users/alexkim/Desktop/Projects/ETL_Projects/redditviz/venv/lib/python3.12/site-packages/airflow/task/task_runner/standard_task_runner.py:62 DeprecationWarning: This process (pid=1517) is multi-threaded, use of fork() may lead to deadlocks in the child.
[2024-07-28T14:35:13.007-0500] {standard_task_runner.py:64} INFO - Started process 1518 to run task
[2024-07-28T14:35:13.009-0500] {standard_task_runner.py:90} INFO - Running: ['airflow', 'tasks', 'run', 'reddit_etl', 'fetch_and_upload', 'scheduled__2023-01-01T00:00:00+00:00', '--job-id', '2', '--raw', '--subdir', 'DAGS_FOLDER/reddit_etl_dag.py', '--cfg-path', '/var/folders/z8/j0nmjgpn6nd9jdg1n9p6cqv00000gn/T/tmp77ymhjus']
[2024-07-28T14:35:13.010-0500] {standard_task_runner.py:91} INFO - Job 2: Subtask fetch_and_upload
[2024-07-28T14:35:13.029-0500] {task_command.py:426} INFO - Running <TaskInstance: reddit_etl.fetch_and_upload scheduled__2023-01-01T00:00:00+00:00 [running]> on host alexs-macbook-pro.local
[2024-07-28T14:35:13.050-0500] {taskinstance.py:2648} INFO - Exporting env vars: AIRFLOW_CTX_DAG_OWNER='airflow' AIRFLOW_CTX_DAG_ID='reddit_etl' AIRFLOW_CTX_TASK_ID='fetch_and_upload' AIRFLOW_CTX_EXECUTION_DATE='2023-01-01T00:00:00+00:00' AIRFLOW_CTX_TRY_NUMBER='1' AIRFLOW_CTX_DAG_RUN_ID='scheduled__2023-01-01T00:00:00+00:00'
[2024-07-28T14:35:13.050-0500] {taskinstance.py:430} INFO - ::endgroup::
